[0.089s] Invoking command in '/home/adi/hum_rob_ws/build/six_dof': CMAKE_PREFIX_PATH=${CMAKE_PREFIX_PATH}:/opt/ros/humble /usr/bin/cmake /home/adi/hum_rob_ws/src/six_dof -DCMAKE_INSTALL_PREFIX=/home/adi/hum_rob_ws/install/six_dof
[0.231s] -- The C compiler identification is GNU 11.4.0
[0.308s] -- The CXX compiler identification is GNU 11.4.0
[0.321s] -- Detecting C compiler ABI info
[0.422s] -- Detecting C compiler ABI info - done
[0.428s] -- Check for working C compiler: /usr/bin/cc - skipped
[0.428s] -- Detecting C compile features
[0.429s] -- Detecting C compile features - done
[0.432s] -- Detecting CXX compiler ABI info
[0.584s] -- Detecting CXX compiler ABI info - done
[0.604s] -- Check for working CXX compiler: /usr/bin/c++ - skipped
[0.604s] -- Detecting CXX compile features
[0.605s] -- Detecting CXX compile features - done
[0.616s] -- Found ament_cmake: 1.3.7 (/opt/ros/humble/share/ament_cmake/cmake)
[1.301s] -- Found Python3: /usr/bin/python3.10 (found version "3.10.12") found components: Interpreter 
[1.439s] -- Found rclcpp: 16.0.8 (/opt/ros/humble/share/rclcpp/cmake)
[1.493s] -- Found rosidl_generator_c: 3.1.5 (/opt/ros/humble/share/rosidl_generator_c/cmake)
[1.500s] -- Found rosidl_adapter: 3.1.5 (/opt/ros/humble/share/rosidl_adapter/cmake)
[1.510s] -- Found rosidl_generator_cpp: 3.1.5 (/opt/ros/humble/share/rosidl_generator_cpp/cmake)
[1.527s] -- Using all available rosidl_typesupport_c: rosidl_typesupport_fastrtps_c;rosidl_typesupport_introspection_c
[1.549s] -- Using all available rosidl_typesupport_cpp: rosidl_typesupport_fastrtps_cpp;rosidl_typesupport_introspection_cpp
[1.624s] -- Found rmw_implementation_cmake: 6.1.1 (/opt/ros/humble/share/rmw_implementation_cmake/cmake)
[1.628s] -- Found rmw_fastrtps_cpp: 6.2.6 (/opt/ros/humble/share/rmw_fastrtps_cpp/cmake)
[1.802s] -- Found OpenSSL: /usr/lib/x86_64-linux-gnu/libcrypto.so (found version "3.0.2")  
[1.855s] -- Found FastRTPS: /opt/ros/humble/include  
[1.920s] -- Using RMW implementation 'rmw_fastrtps_cpp' as default
[1.932s] -- Looking for pthread.h
[2.055s] -- Looking for pthread.h - found
[2.056s] -- Performing Test CMAKE_HAVE_LIBC_PTHREAD
[2.225s] -- Performing Test CMAKE_HAVE_LIBC_PTHREAD - Success
[2.228s] -- Found Threads: TRUE  
[2.427s] -- Found rclpy: 3.3.11 (/opt/ros/humble/share/rclpy/cmake)
[2.429s] -- Found ament_lint_auto: 0.12.10 (/opt/ros/humble/share/ament_lint_auto/cmake)
[2.535s] -- Added test 'flake8' to check Python code syntax and style conventions
[2.536s] -- Added test 'lint_cmake' to check CMake code style
[2.536s] -- Added test 'pep257' to check Python code against some of the docstring style conventions in PEP 257
[2.538s] -- Added test 'xmllint' to check XML markup files
[2.540s] -- Configuring done
[2.545s] -- Generating done
[2.545s] -- Build files have been written to: /home/adi/hum_rob_ws/build/six_dof
[2.555s] Invoked command in '/home/adi/hum_rob_ws/build/six_dof' returned '0': CMAKE_PREFIX_PATH=${CMAKE_PREFIX_PATH}:/opt/ros/humble /usr/bin/cmake /home/adi/hum_rob_ws/src/six_dof -DCMAKE_INSTALL_PREFIX=/home/adi/hum_rob_ws/install/six_dof
[2.558s] Invoking command in '/home/adi/hum_rob_ws/build/six_dof': CMAKE_PREFIX_PATH=${CMAKE_PREFIX_PATH}:/opt/ros/humble /usr/bin/cmake --build /home/adi/hum_rob_ws/build/six_dof -- -j16 -l16
[2.602s] Invoked command in '/home/adi/hum_rob_ws/build/six_dof' returned '0': CMAKE_PREFIX_PATH=${CMAKE_PREFIX_PATH}:/opt/ros/humble /usr/bin/cmake --build /home/adi/hum_rob_ws/build/six_dof -- -j16 -l16
[2.667s] Invoking command in '/home/adi/hum_rob_ws/build/six_dof': CMAKE_PREFIX_PATH=${CMAKE_PREFIX_PATH}:/opt/ros/humble /usr/bin/cmake --install /home/adi/hum_rob_ws/build/six_dof
[2.685s] -- Install configuration: ""
[2.685s] -- Installing: /home/adi/hum_rob_ws/install/six_dof/share/six_dof//urdf
[2.685s] -- Installing: /home/adi/hum_rob_ws/install/six_dof/share/six_dof//urdf/6dof.urdf
[2.685s] -- Installing: /home/adi/hum_rob_ws/install/six_dof/share/six_dof//launch
[2.686s] -- Installing: /home/adi/hum_rob_ws/install/six_dof/share/six_dof//launch/urdf_vis.launch.py
[2.686s] -- Installing: /home/adi/hum_rob_ws/install/six_dof/share/six_dof//meshes
[2.686s] -- Installing: /home/adi/hum_rob_ws/install/six_dof/share/six_dof//meshes/leftfoot.stl
[2.696s] -- Installing: /home/adi/hum_rob_ws/install/six_dof/share/six_dof//meshes/RightThighURDF.stl
[2.746s] -- Installing: /home/adi/hum_rob_ws/install/six_dof/share/six_dof//meshes/leftknee.stl
[2.754s] -- Installing: /home/adi/hum_rob_ws/install/six_dof/share/six_dof//meshes/rightfoot.stl
[2.758s] -- Installing: /home/adi/hum_rob_ws/install/six_dof/share/six_dof//meshes/rightknee.stl
[2.767s] -- Installing: /home/adi/hum_rob_ws/install/six_dof/share/six_dof//meshes/LeftThighForURDF.stl
[2.783s] -- Installing: /home/adi/hum_rob_ws/install/six_dof/share/six_dof//meshes/Chassis.stl
[2.783s] -- Installing: /home/adi/hum_rob_ws/install/six_dof/share/ament_index/resource_index/package_run_dependencies/six_dof
[2.783s] -- Installing: /home/adi/hum_rob_ws/install/six_dof/share/ament_index/resource_index/parent_prefix_path/six_dof
[2.784s] -- Installing: /home/adi/hum_rob_ws/install/six_dof/share/six_dof/environment/ament_prefix_path.sh
[2.784s] -- Installing: /home/adi/hum_rob_ws/install/six_dof/share/six_dof/environment/ament_prefix_path.dsv
[2.784s] -- Installing: /home/adi/hum_rob_ws/install/six_dof/share/six_dof/environment/path.sh
[2.784s] -- Installing: /home/adi/hum_rob_ws/install/six_dof/share/six_dof/environment/path.dsv
[2.784s] -- Installing: /home/adi/hum_rob_ws/install/six_dof/share/six_dof/local_setup.bash
[2.784s] -- Installing: /home/adi/hum_rob_ws/install/six_dof/share/six_dof/local_setup.sh
[2.784s] -- Installing: /home/adi/hum_rob_ws/install/six_dof/share/six_dof/local_setup.zsh
[2.784s] -- Installing: /home/adi/hum_rob_ws/install/six_dof/share/six_dof/local_setup.dsv
[2.785s] -- Installing: /home/adi/hum_rob_ws/install/six_dof/share/six_dof/package.dsv
[2.785s] -- Installing: /home/adi/hum_rob_ws/install/six_dof/share/ament_index/resource_index/packages/six_dof
[2.785s] -- Installing: /home/adi/hum_rob_ws/install/six_dof/share/six_dof/cmake/six_dofConfig.cmake
[2.785s] -- Installing: /home/adi/hum_rob_ws/install/six_dof/share/six_dof/cmake/six_dofConfig-version.cmake
[2.785s] -- Installing: /home/adi/hum_rob_ws/install/six_dof/share/six_dof/package.xml
[2.788s] Invoked command in '/home/adi/hum_rob_ws/build/six_dof' returned '0': CMAKE_PREFIX_PATH=${CMAKE_PREFIX_PATH}:/opt/ros/humble /usr/bin/cmake --install /home/adi/hum_rob_ws/build/six_dof
