[0.115s] Invoking command in '/home/adi/hum_rob_ws/src/build/six_dof': CMAKE_PREFIX_PATH=${CMAKE_PREFIX_PATH}:/opt/ros/humble /usr/bin/cmake --build /home/adi/hum_rob_ws/src/build/six_dof -- -j16 -l16
[0.192s] Invoked command in '/home/adi/hum_rob_ws/src/build/six_dof' returned '0': CMAKE_PREFIX_PATH=${CMAKE_PREFIX_PATH}:/opt/ros/humble /usr/bin/cmake --build /home/adi/hum_rob_ws/src/build/six_dof -- -j16 -l16
[0.259s] Invoking command in '/home/adi/hum_rob_ws/src/build/six_dof': CMAKE_PREFIX_PATH=${CMAKE_PREFIX_PATH}:/opt/ros/humble /usr/bin/cmake --install /home/adi/hum_rob_ws/src/build/six_dof
[0.278s] -- Install configuration: ""
[0.278s] -- Up-to-date: /home/adi/hum_rob_ws/src/install/six_dof/share/six_dof//urdf
[0.278s] -- Installing: /home/adi/hum_rob_ws/src/install/six_dof/share/six_dof//urdf/6dof.urdf
[0.278s] -- Up-to-date: /home/adi/hum_rob_ws/src/install/six_dof/share/six_dof//launch
[0.278s] -- Up-to-date: /home/adi/hum_rob_ws/src/install/six_dof/share/six_dof//launch/urdf_vis.launch.py
[0.278s] -- Up-to-date: /home/adi/hum_rob_ws/src/install/six_dof/share/six_dof//meshes
[0.279s] -- Up-to-date: /home/adi/hum_rob_ws/src/install/six_dof/share/six_dof//meshes/leftfoot.stl
[0.279s] -- Up-to-date: /home/adi/hum_rob_ws/src/install/six_dof/share/six_dof//meshes/RightThighURDF.stl
[0.279s] -- Up-to-date: /home/adi/hum_rob_ws/src/install/six_dof/share/six_dof//meshes/leftknee.stl
[0.279s] -- Up-to-date: /home/adi/hum_rob_ws/src/install/six_dof/share/six_dof//meshes/rightfoot.stl
[0.280s] -- Up-to-date: /home/adi/hum_rob_ws/src/install/six_dof/share/six_dof//meshes/rightknee.stl
[0.280s] -- Up-to-date: /home/adi/hum_rob_ws/src/install/six_dof/share/six_dof//meshes/LeftThighForURDF.stl
[0.280s] -- Up-to-date: /home/adi/hum_rob_ws/src/install/six_dof/share/six_dof//meshes/Chassis.stl
[0.280s] -- Up-to-date: /home/adi/hum_rob_ws/src/install/six_dof/share/ament_index/resource_index/package_run_dependencies/six_dof
[0.280s] -- Up-to-date: /home/adi/hum_rob_ws/src/install/six_dof/share/ament_index/resource_index/parent_prefix_path/six_dof
[0.280s] -- Up-to-date: /home/adi/hum_rob_ws/src/install/six_dof/share/six_dof/environment/ament_prefix_path.sh
[0.280s] -- Up-to-date: /home/adi/hum_rob_ws/src/install/six_dof/share/six_dof/environment/ament_prefix_path.dsv
[0.281s] -- Up-to-date: /home/adi/hum_rob_ws/src/install/six_dof/share/six_dof/environment/path.sh
[0.281s] -- Up-to-date: /home/adi/hum_rob_ws/src/install/six_dof/share/six_dof/environment/path.dsv
[0.281s] -- Up-to-date: /home/adi/hum_rob_ws/src/install/six_dof/share/six_dof/local_setup.bash
[0.281s] -- Up-to-date: /home/adi/hum_rob_ws/src/install/six_dof/share/six_dof/local_setup.sh
[0.281s] -- Up-to-date: /home/adi/hum_rob_ws/src/install/six_dof/share/six_dof/local_setup.zsh
[0.281s] -- Up-to-date: /home/adi/hum_rob_ws/src/install/six_dof/share/six_dof/local_setup.dsv
[0.282s] -- Installing: /home/adi/hum_rob_ws/src/install/six_dof/share/six_dof/package.dsv
[0.282s] -- Up-to-date: /home/adi/hum_rob_ws/src/install/six_dof/share/ament_index/resource_index/packages/six_dof
[0.282s] -- Up-to-date: /home/adi/hum_rob_ws/src/install/six_dof/share/six_dof/cmake/six_dofConfig.cmake
[0.282s] -- Up-to-date: /home/adi/hum_rob_ws/src/install/six_dof/share/six_dof/cmake/six_dofConfig-version.cmake
[0.282s] -- Up-to-date: /home/adi/hum_rob_ws/src/install/six_dof/share/six_dof/package.xml
[0.284s] Invoked command in '/home/adi/hum_rob_ws/src/build/six_dof' returned '0': CMAKE_PREFIX_PATH=${CMAKE_PREFIX_PATH}:/opt/ros/humble /usr/bin/cmake --install /home/adi/hum_rob_ws/src/build/six_dof
