[0.095s] Invoking command in '/home/adi/hum_rob_ws/build/six_dof': CMAKE_PREFIX_PATH=${CMAKE_PREFIX_PATH}:/opt/ros/humble /usr/bin/cmake /home/adi/hum_rob_ws/src/six_dof -DAMENT_CMAKE_SYMLINK_INSTALL=1 -DCMAKE_INSTALL_PREFIX=/home/adi/hum_rob_ws/install/six_dof
[0.125s] -- Found ament_cmake: 1.3.7 (/opt/ros/humble/share/ament_cmake/cmake)
[0.411s] -- Found Python3: /usr/bin/python3.10 (found version "3.10.12") found components: Interpreter 
[0.484s] -- Override CMake install command with custom implementation using symlinks instead of copying resources
[0.491s] -- Found rclcpp: 16.0.8 (/opt/ros/humble/share/rclcpp/cmake)
[0.518s] -- Found rosidl_generator_c: 3.1.5 (/opt/ros/humble/share/rosidl_generator_c/cmake)
[0.520s] -- Found rosidl_adapter: 3.1.5 (/opt/ros/humble/share/rosidl_adapter/cmake)
[0.525s] -- Found rosidl_generator_cpp: 3.1.5 (/opt/ros/humble/share/rosidl_generator_cpp/cmake)
[0.534s] -- Using all available rosidl_typesupport_c: rosidl_typesupport_fastrtps_c;rosidl_typesupport_introspection_c
[0.548s] -- Using all available rosidl_typesupport_cpp: rosidl_typesupport_fastrtps_cpp;rosidl_typesupport_introspection_cpp
[0.597s] -- Found rmw_implementation_cmake: 6.1.1 (/opt/ros/humble/share/rmw_implementation_cmake/cmake)
[0.598s] -- Found rmw_fastrtps_cpp: 6.2.6 (/opt/ros/humble/share/rmw_fastrtps_cpp/cmake)
[0.744s] -- Using RMW implementation 'rmw_fastrtps_cpp' as default
[0.881s] -- Found rclpy: 3.3.11 (/opt/ros/humble/share/rclpy/cmake)
[0.882s] -- pinocchio FOUND. pinocchio at /opt/ros/humble/lib/x86_64-linux-gnu/libpinocchio.so
[0.882s] -- boost_filesystem FOUND. boost_filesystem at /lib/x86_64-linux-gnu/libboost_filesystem.so
[0.883s] -- boost_serialization FOUND. boost_serialization at /lib/x86_64-linux-gnu/libboost_serialization.so
[0.883s] -- boost_system FOUND. boost_system at /lib/x86_64-linux-gnu/libboost_system.so
[0.890s] -- Found Boost: /usr/include (found version "1.74.0") found components: filesystem serialization system 
[0.891s] -- eigenpy FOUND. eigenpy at /opt/ros/humble/lib/x86_64-linux-gnu/libeigenpy.so
[1.403s] -- Found Python3: /usr/bin/python3.10 (found version "3.10.12") found components: Interpreter Development.Module NumPy 
[1.403s] -- PythonLibraryDirs: 
[1.403s] -- PythonLibVersionString: 3.10.12
[1.481s] -- Python site lib: lib/python3.10/dist-packages
[1.481s] -- Python include dirs: /usr/include/python3.10
[1.662s] -- Checking for NumPy
[1.809s] --   NUMPY_INCLUDE_DIRS=/usr/lib/python3/dist-packages/numpy/core/include
[1.933s] --   NUMPY_VERSION=1.21.5
[1.933s] -- NumPy include dir: /usr/lib/python3/dist-packages/numpy/core/include
[1.943s] [33mCMake Warning at /usr/share/cmake-3.22/Modules/FindBoost.cmake:2201 (message):
[1.943s]   No header defined for python310; skipping header check (note: header-only
[1.943s]   libraries have no designated component)
[1.943s] Call Stack (most recent call first):
[1.943s]   /opt/ros/humble/lib/x86_64-linux-gnu/cmake/eigenpy/boost.cmake:144 (find_package)
[1.943s]   /opt/ros/humble/lib/x86_64-linux-gnu/cmake/eigenpy/eigenpyConfig.cmake:149 (SEARCH_FOR_BOOST_PYTHON)
[1.944s]   /usr/share/cmake-3.22/Modules/CMakeFindDependencyMacro.cmake:47 (find_package)
[1.944s]   /opt/ros/humble/lib/x86_64-linux-gnu/cmake/pinocchio/pinocchioConfig.cmake:160 (find_dependency)
[1.944s]   CMakeLists.txt:12 (find_package)
[1.944s] 
[1.944s] [0m
[1.945s] -- Found Boost: /usr/include (found version "1.74.0") found components: python310 
[1.945s] -- Boost_PYTHON_LIBRARY: /usr/lib/x86_64-linux-gnu/libboost_python310.so
[2.314s] -- Default C++ standard: 201703
[2.314s] -- C++ standard sufficient: Minimal required 11, currently defined: 17
[2.314s] -- CMAKE_CXX_STANDARD was not set: automatically set to currently defined standard 17
[2.317s] -- hpp-fcl FOUND. hpp-fcl at /opt/ros/humble/lib/x86_64-linux-gnu/libhpp-fcl.so
[2.330s] -- Found Boost: /usr/include (found version "1.74.0") found components: chrono serialization 
[2.334s] -- C++ standard sufficient: Minimal required 11, currently defined: 17
[2.334s] -- C++ standard sufficient: Minimal required 11, currently defined: 17
[2.336s] -- Found ament_lint_auto: 0.12.10 (/opt/ros/humble/share/ament_lint_auto/cmake)
[2.460s] -- Added test 'cppcheck' to perform static code analysis on C / C++ code
[2.460s] -- Configured cppcheck include dirs: 
[2.460s] -- Configured cppcheck exclude dirs and/or files: 
[2.461s] -- Added test 'flake8' to check Python code syntax and style conventions
[2.462s] -- Added test 'lint_cmake' to check CMake code style
[2.464s] -- Added test 'pep257' to check Python code against some of the docstring style conventions in PEP 257
[2.470s] -- Added test 'uncrustify' to check C / C++ code style
[2.470s] -- Configured uncrustify additional arguments: 
[2.471s] -- Added test 'xmllint' to check XML markup files
[2.473s] -- Configuring done
[2.497s] -- Generating done
[2.502s] -- Build files have been written to: /home/adi/hum_rob_ws/build/six_dof
[2.514s] Invoked command in '/home/adi/hum_rob_ws/build/six_dof' returned '0': CMAKE_PREFIX_PATH=${CMAKE_PREFIX_PATH}:/opt/ros/humble /usr/bin/cmake /home/adi/hum_rob_ws/src/six_dof -DAMENT_CMAKE_SYMLINK_INSTALL=1 -DCMAKE_INSTALL_PREFIX=/home/adi/hum_rob_ws/install/six_dof
[2.517s] Invoking command in '/home/adi/hum_rob_ws/build/six_dof': CMAKE_PREFIX_PATH=${CMAKE_PREFIX_PATH}:/opt/ros/humble /usr/bin/cmake --build /home/adi/hum_rob_ws/build/six_dof -- -j16 -l16
[2.568s] [35m[1mConsolidate compiler generated dependencies of target test_node[0m
[2.632s] [ 50%] [32m[1mLinking CXX executable test_node[0m
[3.700s] [100%] Built target test_node
[3.727s] Invoked command in '/home/adi/hum_rob_ws/build/six_dof' returned '0': CMAKE_PREFIX_PATH=${CMAKE_PREFIX_PATH}:/opt/ros/humble /usr/bin/cmake --build /home/adi/hum_rob_ws/build/six_dof -- -j16 -l16
[3.785s] Invoking command in '/home/adi/hum_rob_ws/build/six_dof': CMAKE_PREFIX_PATH=${CMAKE_PREFIX_PATH}:/opt/ros/humble /usr/bin/cmake --install /home/adi/hum_rob_ws/build/six_dof
[3.792s] -- Install configuration: ""
[3.792s] -- Execute custom install script
[3.793s] -- Symlinking: /home/adi/hum_rob_ws/install/six_dof/share/six_dof//urdf/6_dof_col_simplified.urdf
[3.804s] -- Symlinking: /home/adi/hum_rob_ws/install/six_dof/share/six_dof//urdf/6dof_from_foot.urdf
[3.815s] -- Symlinking: /home/adi/hum_rob_ws/install/six_dof/share/six_dof//urdf/6dof_from_hip.urdf
[3.826s] -- Symlinking: /home/adi/hum_rob_ws/install/six_dof/share/six_dof//urdf/6dof_test.urdf
[3.838s] -- Symlinking: /home/adi/hum_rob_ws/install/six_dof/share/six_dof//rviz/six_dof.rviz
[3.848s] -- Symlinking: /home/adi/hum_rob_ws/install/six_dof/share/six_dof//rviz/six_dof_fixed.rviz
[3.871s] -- Symlinking: /home/adi/hum_rob_ws/install/six_dof/share/six_dof//launch/urdf_vis.launch.py
[3.882s] -- Symlinking: /home/adi/hum_rob_ws/install/six_dof/share/six_dof//meshes/chassisv2.stl
[3.906s] -- Symlinking: /home/adi/hum_rob_ws/install/six_dof/share/six_dof//meshes/foot_fixedv2.stl
[3.916s] -- Symlinking: /home/adi/hum_rob_ws/install/six_dof/share/six_dof//meshes/footfixedv3.stl
[3.926s] -- Symlinking: /home/adi/hum_rob_ws/install/six_dof/share/six_dof//meshes/leftfootfixed.stl
[3.951s] -- Symlinking: /home/adi/hum_rob_ws/install/six_dof/share/six_dof//meshes/leftthighfixedv1.stl
[3.979s] -- Symlinking: /home/adi/hum_rob_ws/install/six_dof/share/six_dof//meshes/rightshinfixedv2.stl
[4.006s] -- Symlinking: /home/adi/hum_rob_ws/install/six_dof/share/six_dof//meshes/rightshinv3.stl
[4.033s] -- Symlinking: /home/adi/hum_rob_ws/install/six_dof/share/six_dof//meshes/rightthighfixedv2.stl
[4.062s] -- Symlinking: /home/adi/hum_rob_ws/install/six_dof/share/six_dof//meshes/unused/Chassis.stl
[4.089s] -- Symlinking: /home/adi/hum_rob_ws/install/six_dof/share/six_dof//meshes/unused/leftfoot.stl
[4.115s] -- Symlinking: /home/adi/hum_rob_ws/install/six_dof/share/six_dof//meshes/unused/leftshin.stl
[4.142s] -- Symlinking: /home/adi/hum_rob_ws/install/six_dof/share/six_dof//meshes/unused/leftthighv3.stl
[4.169s] -- Symlinking: /home/adi/hum_rob_ws/install/six_dof/share/six_dof//meshes/unused/leftthighv4.stl
[4.195s] -- Symlinking: /home/adi/hum_rob_ws/install/six_dof/share/six_dof//meshes/unused/leftthighv5.stl
[4.222s] -- Symlinking: /home/adi/hum_rob_ws/install/six_dof/share/six_dof//meshes/unused/leftthighv6.stl
[4.249s] -- Symlinking: /home/adi/hum_rob_ws/install/six_dof/share/six_dof//meshes/unused/rightfoot.stl
[4.262s] -- Symlinking: /home/adi/hum_rob_ws/install/six_dof/share/six_dof//meshes/unused/rightshinv4.stl
[4.273s] -- Symlinking: /home/adi/hum_rob_ws/install/six_dof/share/six_dof//meshes/unused/rightthighfixedv1.stl
[4.285s] -- Symlinking: /home/adi/hum_rob_ws/install/six_dof/share/six_dof//meshes/unused/rightthighv3.stl
[4.311s] -- Symlinking: /home/adi/hum_rob_ws/install/six_dof/share/six_dof//meshes/unused/rightthighv4.stl
[4.333s] -- Symlinking: /home/adi/hum_rob_ws/install/six_dof/share/six_dof//meshes/unused/rightthighv5.stl
[4.346s] -- Symlinking: /home/adi/hum_rob_ws/install/six_dof/share/six_dof//meshes/unused/rightthighv7.stl
[4.369s] -- Symlinking: /home/adi/hum_rob_ws/install/six_dof/share/six_dof//meshes/unused/rightthighv8.stl
[4.395s] -- Symlinking: /home/adi/hum_rob_ws/install/six_dof/lib/six_dof/test_node
[4.425s] -- Symlinking: /home/adi/hum_rob_ws/install/six_dof/share/ament_index/resource_index/package_run_dependencies/six_dof
[4.451s] -- Symlinking: /home/adi/hum_rob_ws/install/six_dof/share/ament_index/resource_index/parent_prefix_path/six_dof
[4.478s] -- Symlinking: /home/adi/hum_rob_ws/install/six_dof/share/six_dof/environment/ament_prefix_path.sh
[4.503s] -- Symlinking: /home/adi/hum_rob_ws/install/six_dof/share/six_dof/environment/ament_prefix_path.dsv
[4.513s] -- Symlinking: /home/adi/hum_rob_ws/install/six_dof/share/six_dof/environment/path.sh
[4.526s] -- Symlinking: /home/adi/hum_rob_ws/install/six_dof/share/six_dof/environment/path.dsv
[4.539s] -- Symlinking: /home/adi/hum_rob_ws/install/six_dof/share/six_dof/local_setup.bash
[4.564s] -- Symlinking: /home/adi/hum_rob_ws/install/six_dof/share/six_dof/local_setup.sh
[4.590s] -- Symlinking: /home/adi/hum_rob_ws/install/six_dof/share/six_dof/local_setup.zsh
[4.603s] -- Symlinking: /home/adi/hum_rob_ws/install/six_dof/share/six_dof/local_setup.dsv
[4.630s] -- Symlinking: /home/adi/hum_rob_ws/install/six_dof/share/six_dof/package.dsv
[4.645s] -- Symlinking: /home/adi/hum_rob_ws/install/six_dof/share/ament_index/resource_index/packages/six_dof
[4.669s] -- Symlinking: /home/adi/hum_rob_ws/install/six_dof/share/six_dof/cmake/six_dofConfig.cmake
[4.698s] -- Symlinking: /home/adi/hum_rob_ws/install/six_dof/share/six_dof/cmake/six_dofConfig-version.cmake
[4.723s] -- Symlinking: /home/adi/hum_rob_ws/install/six_dof/share/six_dof/package.xml
[4.740s] Invoked command in '/home/adi/hum_rob_ws/build/six_dof' returned '0': CMAKE_PREFIX_PATH=${CMAKE_PREFIX_PATH}:/opt/ros/humble /usr/bin/cmake --install /home/adi/hum_rob_ws/build/six_dof
