[0.018s] Invoking command in '/home/adi/hum_rob_ws/build/four_dof_bringup': CMAKE_PREFIX_PATH=/opt/ros/humble /usr/bin/cmake /home/adi/hum_rob_ws/src/four_dof_bringup -DCMAKE_INSTALL_PREFIX=/home/adi/hum_rob_ws/install/four_dof_bringup
[0.118s] -- The C compiler identification is GNU 11.4.0
[0.196s] -- The CXX compiler identification is GNU 11.4.0
[0.204s] -- Detecting C compiler ABI info
[0.286s] -- Detecting C compiler ABI info - done
[0.294s] -- Check for working C compiler: /usr/bin/cc - skipped
[0.294s] -- Detecting C compile features
[0.295s] -- Detecting C compile features - done
[0.298s] -- Detecting CXX compiler ABI info
[0.394s] -- Detecting CXX compiler ABI info - done
[0.400s] -- Check for working CXX compiler: /usr/bin/c++ - skipped
[0.401s] -- Detecting CXX compile features
[0.401s] -- Detecting CXX compile features - done
[0.404s] -- Found ament_cmake: 1.3.8 (/opt/ros/humble/share/ament_cmake/cmake)
[1.041s] -- Found Python3: /usr/bin/python3 (found version "3.10.12") found components: Interpreter 
[1.198s] -- Found urdf: 2.6.0 (/opt/ros/humble/share/urdf/cmake)
[1.275s] -- Found robot_state_publisher: 3.0.3 (/opt/ros/humble/share/robot_state_publisher/cmake)
[1.301s] -- Found rosidl_generator_c: 3.1.5 (/opt/ros/humble/share/rosidl_generator_c/cmake)
[1.307s] -- Found rosidl_adapter: 3.1.5 (/opt/ros/humble/share/rosidl_adapter/cmake)
[1.316s] -- Found rosidl_generator_cpp: 3.1.5 (/opt/ros/humble/share/rosidl_generator_cpp/cmake)
[1.331s] -- Using all available rosidl_typesupport_c: rosidl_typesupport_fastrtps_c;rosidl_typesupport_introspection_c
[1.348s] -- Using all available rosidl_typesupport_cpp: rosidl_typesupport_fastrtps_cpp;rosidl_typesupport_introspection_cpp
[1.543s] -- Found eigen3_cmake_module: 0.1.1 (/opt/ros/humble/share/eigen3_cmake_module/cmake)
[1.544s] -- Found Eigen3: TRUE (found version "3.4.0") 
[1.544s] -- Ensuring Eigen3 include directory is part of orocos-kdl CMake target
[1.623s] -- Found rmw_implementation_cmake: 6.1.1 (/opt/ros/humble/share/rmw_implementation_cmake/cmake)
[1.627s] -- Found rmw_fastrtps_cpp: 6.2.6 (/opt/ros/humble/share/rmw_fastrtps_cpp/cmake)
[1.675s] -- Found TinyXML2 via Config file: TinyXML2_DIR-NOTFOUND
[1.750s] -- Found OpenSSL: /usr/lib/x86_64-linux-gnu/libcrypto.so (found version "3.0.2")  
[1.752s] -- Found TinyXML2 via Config file: TinyXML2_DIR-NOTFOUND
[1.773s] -- Found FastRTPS: /opt/ros/humble/include  
[1.783s] -- Found TinyXML2 via Config file: TinyXML2_DIR-NOTFOUND
[1.793s] -- Found TinyXML2 via Config file: TinyXML2_DIR-NOTFOUND
[1.807s] -- Using RMW implementation 'rmw_fastrtps_cpp' as default
[1.819s] -- Looking for pthread.h
[1.902s] -- Looking for pthread.h - found
[1.902s] -- Performing Test CMAKE_HAVE_LIBC_PTHREAD
[1.986s] -- Performing Test CMAKE_HAVE_LIBC_PTHREAD - Success
[1.987s] -- Found Threads: TRUE  
[2.603s] -- Found ament_lint_auto: 0.12.10 (/opt/ros/humble/share/ament_lint_auto/cmake)
[2.733s] -- Added test 'flake8' to check Python code syntax and style conventions
[2.734s] -- Added test 'lint_cmake' to check CMake code style
[2.734s] -- Added test 'pep257' to check Python code against some of the docstring style conventions in PEP 257
[2.735s] -- Added test 'xmllint' to check XML markup files
[2.737s] -- Configuring done
[2.745s] -- Generating done
[2.747s] -- Build files have been written to: /home/adi/hum_rob_ws/build/four_dof_bringup
[2.764s] Invoked command in '/home/adi/hum_rob_ws/build/four_dof_bringup' returned '0': CMAKE_PREFIX_PATH=/opt/ros/humble /usr/bin/cmake /home/adi/hum_rob_ws/src/four_dof_bringup -DCMAKE_INSTALL_PREFIX=/home/adi/hum_rob_ws/install/four_dof_bringup
[2.766s] Invoking command in '/home/adi/hum_rob_ws/build/four_dof_bringup': CMAKE_PREFIX_PATH=/opt/ros/humble /usr/bin/cmake --build /home/adi/hum_rob_ws/build/four_dof_bringup -- -j16 -l16
[2.817s] Invoked command in '/home/adi/hum_rob_ws/build/four_dof_bringup' returned '0': CMAKE_PREFIX_PATH=/opt/ros/humble /usr/bin/cmake --build /home/adi/hum_rob_ws/build/four_dof_bringup -- -j16 -l16
[2.849s] Invoking command in '/home/adi/hum_rob_ws/build/four_dof_bringup': CMAKE_PREFIX_PATH=/opt/ros/humble /usr/bin/cmake --install /home/adi/hum_rob_ws/build/four_dof_bringup
[2.858s] -- Install configuration: ""
[2.858s] -- Up-to-date: /home/adi/hum_rob_ws/install/four_dof_bringup/share/four_dof_bringup//launch
[2.858s] -- Up-to-date: /home/adi/hum_rob_ws/install/four_dof_bringup/share/four_dof_bringup//launch/four_dof.launch.py
[2.858s] -- Up-to-date: /home/adi/hum_rob_ws/install/four_dof_bringup/share/four_dof_bringup//config
[2.858s] -- Up-to-date: /home/adi/hum_rob_ws/install/four_dof_bringup/share/four_dof_bringup//config/controller_configuration.yaml
[2.858s] -- Installing: /home/adi/hum_rob_ws/install/four_dof_bringup/share/ament_index/resource_index/package_run_dependencies/four_dof_bringup
[2.858s] -- Installing: /home/adi/hum_rob_ws/install/four_dof_bringup/share/ament_index/resource_index/parent_prefix_path/four_dof_bringup
[2.858s] -- Installing: /home/adi/hum_rob_ws/install/four_dof_bringup/share/four_dof_bringup/environment/ament_prefix_path.sh
[2.859s] -- Installing: /home/adi/hum_rob_ws/install/four_dof_bringup/share/four_dof_bringup/environment/ament_prefix_path.dsv
[2.859s] -- Installing: /home/adi/hum_rob_ws/install/four_dof_bringup/share/four_dof_bringup/environment/path.sh
[2.859s] -- Installing: /home/adi/hum_rob_ws/install/four_dof_bringup/share/four_dof_bringup/environment/path.dsv
[2.859s] -- Installing: /home/adi/hum_rob_ws/install/four_dof_bringup/share/four_dof_bringup/local_setup.bash
[2.859s] -- Installing: /home/adi/hum_rob_ws/install/four_dof_bringup/share/four_dof_bringup/local_setup.sh
[2.860s] -- Installing: /home/adi/hum_rob_ws/install/four_dof_bringup/share/four_dof_bringup/local_setup.zsh
[2.860s] -- Installing: /home/adi/hum_rob_ws/install/four_dof_bringup/share/four_dof_bringup/local_setup.dsv
[2.860s] -- Installing: /home/adi/hum_rob_ws/install/four_dof_bringup/share/four_dof_bringup/package.dsv
[2.860s] -- Installing: /home/adi/hum_rob_ws/install/four_dof_bringup/share/ament_index/resource_index/packages/four_dof_bringup
[2.861s] -- Installing: /home/adi/hum_rob_ws/install/four_dof_bringup/share/four_dof_bringup/cmake/four_dof_bringupConfig.cmake
[2.861s] -- Installing: /home/adi/hum_rob_ws/install/four_dof_bringup/share/four_dof_bringup/cmake/four_dof_bringupConfig-version.cmake
[2.861s] -- Up-to-date: /home/adi/hum_rob_ws/install/four_dof_bringup/share/four_dof_bringup/package.xml
[2.864s] Invoked command in '/home/adi/hum_rob_ws/build/four_dof_bringup' returned '0': CMAKE_PREFIX_PATH=/opt/ros/humble /usr/bin/cmake --install /home/adi/hum_rob_ws/build/four_dof_bringup
