[0.892s] Invoking command in '/home/adi/hum_rob_ws/src/pin_tut': PYTHONPATH=/home/adi/hum_rob_ws/build/pin_tut/prefix_override:/home/adi/hum_rob_ws/install/pin_tut/lib/python3.10/site-packages:${PYTHONPATH} /usr/bin/python3 setup.py egg_info --egg-base ../../build/pin_tut build --build-base /home/adi/hum_rob_ws/build/pin_tut/build install --record /home/adi/hum_rob_ws/build/pin_tut/install.log --single-version-externally-managed
[1.153s] running egg_info
[1.154s] writing ../../build/pin_tut/pin_tut.egg-info/PKG-INFO
[1.154s] writing dependency_links to ../../build/pin_tut/pin_tut.egg-info/dependency_links.txt
[1.154s] writing entry points to ../../build/pin_tut/pin_tut.egg-info/entry_points.txt
[1.154s] writing requirements to ../../build/pin_tut/pin_tut.egg-info/requires.txt
[1.154s] writing top-level names to ../../build/pin_tut/pin_tut.egg-info/top_level.txt
[1.156s] reading manifest file '../../build/pin_tut/pin_tut.egg-info/SOURCES.txt'
[1.157s] writing manifest file '../../build/pin_tut/pin_tut.egg-info/SOURCES.txt'
[1.157s] running build
[1.157s] running build_py
[1.157s] running install
[1.158s] /usr/lib/python3/dist-packages/setuptools/command/install.py:34: SetuptoolsDeprecationWarning: setup.py install is deprecated. Use build and pip and other standards-based tools.
[1.158s]   warnings.warn(
[1.158s] running install_lib
[1.158s] running install_data
[1.159s] running install_egg_info
[1.160s] removing '/home/adi/hum_rob_ws/install/pin_tut/lib/python3.10/site-packages/pin_tut-0.0.0-py3.10.egg-info' (and everything under it)
[1.160s] Copying ../../build/pin_tut/pin_tut.egg-info to /home/adi/hum_rob_ws/install/pin_tut/lib/python3.10/site-packages/pin_tut-0.0.0-py3.10.egg-info
[1.161s] running install_scripts
[1.178s] writing list of installed files to '/home/adi/hum_rob_ws/build/pin_tut/install.log'
[1.209s] Invoked command in '/home/adi/hum_rob_ws/src/pin_tut' returned '0': PYTHONPATH=/home/adi/hum_rob_ws/build/pin_tut/prefix_override:/home/adi/hum_rob_ws/install/pin_tut/lib/python3.10/site-packages:${PYTHONPATH} /usr/bin/python3 setup.py egg_info --egg-base ../../build/pin_tut build --build-base /home/adi/hum_rob_ws/build/pin_tut/build install --record /home/adi/hum_rob_ws/build/pin_tut/install.log --single-version-externally-managed
