[0.081s] Invoking command in '/home/adi/hum_rob_ws/build/four_dof': CMAKE_PREFIX_PATH=${CMAKE_PREFIX_PATH}:/opt/ros/humble /usr/bin/cmake --build /home/adi/hum_rob_ws/build/four_dof -- -j16 -l16
[0.120s] -- Found ament_cmake: 1.3.5 (/opt/ros/humble/share/ament_cmake/cmake)
[0.335s] -- Found geometry_msgs: 4.2.3 (/opt/ros/humble/share/geometry_msgs/cmake)
[0.401s] -- Found rosidl_generator_c: 3.1.5 (/opt/ros/humble/share/rosidl_generator_c/cmake)
[0.403s] -- Found rosidl_adapter: 3.1.5 (/opt/ros/humble/share/rosidl_adapter/cmake)
[0.408s] -- Found rosidl_generator_cpp: 3.1.5 (/opt/ros/humble/share/rosidl_generator_cpp/cmake)
[0.418s] -- Using all available rosidl_typesupport_c: rosidl_typesupport_fastrtps_c;rosidl_typesupport_introspection_c
[0.432s] -- Using all available rosidl_typesupport_cpp: rosidl_typesupport_fastrtps_cpp;rosidl_typesupport_introspection_cpp
[0.527s] -- Found rclcpp: 16.0.6 (/opt/ros/humble/share/rclcpp/cmake)
[0.567s] -- Found rmw_implementation_cmake: 6.1.1 (/opt/ros/humble/share/rmw_implementation_cmake/cmake)
[0.568s] -- Found rmw_fastrtps_cpp: 6.2.4 (/opt/ros/humble/share/rmw_fastrtps_cpp/cmake)
[0.707s] -- Using RMW implementation 'rmw_fastrtps_cpp' as default
[0.818s] -- Found ament_lint_auto: 0.12.8 (/opt/ros/humble/share/ament_lint_auto/cmake)
[0.905s] -- Added test 'flake8' to check Python code syntax and style conventions
[0.906s] -- Added test 'lint_cmake' to check CMake code style
[0.906s] -- Added test 'pep257' to check Python code against some of the docstring style conventions in PEP 257
[0.907s] -- Added test 'xmllint' to check XML markup files
[0.908s] -- Configuring done
[0.914s] -- Generating done
[0.915s] -- Build files have been written to: /home/adi/hum_rob_ws/build/four_dof
[0.958s] Invoked command in '/home/adi/hum_rob_ws/build/four_dof' returned '0': CMAKE_PREFIX_PATH=${CMAKE_PREFIX_PATH}:/opt/ros/humble /usr/bin/cmake --build /home/adi/hum_rob_ws/build/four_dof -- -j16 -l16
[1.019s] Invoking command in '/home/adi/hum_rob_ws/build/four_dof': CMAKE_PREFIX_PATH=${CMAKE_PREFIX_PATH}:/opt/ros/humble /usr/bin/cmake --install /home/adi/hum_rob_ws/build/four_dof
[1.026s] -- Install configuration: ""
[1.027s] -- Installing: /home/adi/hum_rob_ws/install/four_dof/share/four_dof//urdf
[1.027s] -- Installing: /home/adi/hum_rob_ws/install/four_dof/share/four_dof//urdf/draft.urdf
[1.027s] -- Installing: /home/adi/hum_rob_ws/install/four_dof/share/four_dof//rviz
[1.027s] -- Installing: /home/adi/hum_rob_ws/install/four_dof/share/four_dof//rviz/placeholder.txt
[1.027s] -- Installing: /home/adi/hum_rob_ws/install/four_dof/share/four_dof//launch
[1.027s] -- Installing: /home/adi/hum_rob_ws/install/four_dof/share/four_dof//launch/urdf_viz.launch.py
[1.028s] -- Installing: /home/adi/hum_rob_ws/install/four_dof/share/four_dof//meshes
[1.028s] -- Installing: /home/adi/hum_rob_ws/install/four_dof/share/four_dof//meshes/placeholder.txt
[1.028s] -- Installing: /home/adi/hum_rob_ws/install/four_dof/share/four_dof//meshes/body_for_Sym.stl
[1.028s] -- Up-to-date: /home/adi/hum_rob_ws/install/four_dof/share/ament_index/resource_index/package_run_dependencies/four_dof
[1.028s] -- Up-to-date: /home/adi/hum_rob_ws/install/four_dof/share/ament_index/resource_index/parent_prefix_path/four_dof
[1.028s] -- Up-to-date: /home/adi/hum_rob_ws/install/four_dof/share/four_dof/environment/ament_prefix_path.sh
[1.028s] -- Installing: /home/adi/hum_rob_ws/install/four_dof/share/four_dof/environment/ament_prefix_path.dsv
[1.028s] -- Up-to-date: /home/adi/hum_rob_ws/install/four_dof/share/four_dof/environment/path.sh
[1.029s] -- Installing: /home/adi/hum_rob_ws/install/four_dof/share/four_dof/environment/path.dsv
[1.029s] -- Up-to-date: /home/adi/hum_rob_ws/install/four_dof/share/four_dof/local_setup.bash
[1.029s] -- Up-to-date: /home/adi/hum_rob_ws/install/four_dof/share/four_dof/local_setup.sh
[1.029s] -- Up-to-date: /home/adi/hum_rob_ws/install/four_dof/share/four_dof/local_setup.zsh
[1.029s] -- Installing: /home/adi/hum_rob_ws/install/four_dof/share/four_dof/local_setup.dsv
[1.029s] -- Installing: /home/adi/hum_rob_ws/install/four_dof/share/four_dof/package.dsv
[1.029s] -- Up-to-date: /home/adi/hum_rob_ws/install/four_dof/share/ament_index/resource_index/packages/four_dof
[1.029s] -- Up-to-date: /home/adi/hum_rob_ws/install/four_dof/share/four_dof/cmake/four_dofConfig.cmake
[1.029s] -- Up-to-date: /home/adi/hum_rob_ws/install/four_dof/share/four_dof/cmake/four_dofConfig-version.cmake
[1.030s] -- Up-to-date: /home/adi/hum_rob_ws/install/four_dof/share/four_dof/package.xml
[1.031s] Invoked command in '/home/adi/hum_rob_ws/build/four_dof' returned '0': CMAKE_PREFIX_PATH=${CMAKE_PREFIX_PATH}:/opt/ros/humble /usr/bin/cmake --install /home/adi/hum_rob_ws/build/four_dof
