[1.256s] DEBUG:colcon:Command line arguments: ['/usr/bin/colcon', 'build']
[1.256s] DEBUG:colcon:Parsed command line arguments: Namespace(log_base=None, log_level=None, verb_name='build', build_base='build', install_base='install', merge_install=False, symlink_install=False, test_result_base=None, continue_on_error=False, executor='parallel', parallel_workers=16, event_handlers=None, ignore_user_meta=False, metas=['./colcon.meta'], base_paths=['.'], packages_ignore=None, packages_ignore_regex=None, paths=None, packages_up_to=None, packages_up_to_regex=None, packages_above=None, packages_above_and_dependencies=None, packages_above_depth=None, packages_select_by_dep=None, packages_skip_by_dep=None, packages_skip_up_to=None, packages_select_build_failed=False, packages_skip_build_finished=False, packages_select_test_failures=False, packages_skip_test_passed=False, packages_select=None, packages_skip=None, packages_select_regex=None, packages_skip_regex=None, packages_start=None, packages_end=None, allow_overriding=[], cmake_args=None, cmake_target=None, cmake_target_skip_unavailable=False, cmake_clean_cache=False, cmake_clean_first=False, cmake_force_configure=False, ament_cmake_args=None, catkin_cmake_args=None, catkin_skip_building_tests=False, verb_parser=<colcon_defaults.argument_parser.defaults.DefaultArgumentsDecorator object at 0x7f3b5ede1db0>, verb_extension=<colcon_core.verb.build.BuildVerb object at 0x7f3b5ede15a0>, main=<bound method BuildVerb.main of <colcon_core.verb.build.BuildVerb object at 0x7f3b5ede15a0>>)
[1.314s] Level 1:colcon.colcon_core.package_discovery:discover_packages(colcon_meta) check parameters
[1.314s] Level 1:colcon.colcon_core.package_discovery:discover_packages(recursive) check parameters
[1.315s] Level 1:colcon.colcon_core.package_discovery:discover_packages(ignore) check parameters
[1.315s] Level 1:colcon.colcon_core.package_discovery:discover_packages(path) check parameters
[1.315s] Level 1:colcon.colcon_core.package_discovery:discover_packages(colcon_meta) discover
[1.315s] Level 1:colcon.colcon_core.package_discovery:discover_packages(recursive) discover
[1.315s] INFO:colcon.colcon_core.package_discovery:Crawling recursively for packages in '/home/adi/hum_rob_ws'
[1.315s] Level 1:colcon.colcon_core.package_identification:_identify(.) by extensions ['ignore', 'ignore_ament_install']
[1.315s] Level 1:colcon.colcon_core.package_identification:_identify(.) by extension 'ignore'
[1.315s] Level 1:colcon.colcon_core.package_identification:_identify(.) by extension 'ignore_ament_install'
[1.315s] Level 1:colcon.colcon_core.package_identification:_identify(.) by extensions ['colcon_pkg']
[1.315s] Level 1:colcon.colcon_core.package_identification:_identify(.) by extension 'colcon_pkg'
[1.315s] Level 1:colcon.colcon_core.package_identification:_identify(.) by extensions ['colcon_meta']
[1.315s] Level 1:colcon.colcon_core.package_identification:_identify(.) by extension 'colcon_meta'
[1.315s] Level 1:colcon.colcon_core.package_identification:_identify(.) by extensions ['ros']
[1.315s] Level 1:colcon.colcon_core.package_identification:_identify(.) by extension 'ros'
[1.326s] Level 1:colcon.colcon_core.package_identification:_identify(.) by extensions ['cmake', 'python']
[1.326s] Level 1:colcon.colcon_core.package_identification:_identify(.) by extension 'cmake'
[1.326s] Level 1:colcon.colcon_core.package_identification:_identify(.) by extension 'python'
[1.326s] Level 1:colcon.colcon_core.package_identification:_identify(.) by extensions ['python_setup_py']
[1.326s] Level 1:colcon.colcon_core.package_identification:_identify(.) by extension 'python_setup_py'
[1.326s] Level 1:colcon.colcon_core.package_identification:_identify(build) by extensions ['ignore', 'ignore_ament_install']
[1.326s] Level 1:colcon.colcon_core.package_identification:_identify(build) by extension 'ignore'
[1.326s] Level 1:colcon.colcon_core.package_identification:_identify(build) ignored
[1.327s] Level 1:colcon.colcon_core.package_identification:_identify(install) by extensions ['ignore', 'ignore_ament_install']
[1.327s] Level 1:colcon.colcon_core.package_identification:_identify(install) by extension 'ignore'
[1.327s] Level 1:colcon.colcon_core.package_identification:_identify(install) ignored
[1.327s] Level 1:colcon.colcon_core.package_identification:_identify(log) by extensions ['ignore', 'ignore_ament_install']
[1.327s] Level 1:colcon.colcon_core.package_identification:_identify(log) by extension 'ignore'
[1.327s] Level 1:colcon.colcon_core.package_identification:_identify(log) ignored
[1.327s] Level 1:colcon.colcon_core.package_identification:_identify(src) by extensions ['ignore', 'ignore_ament_install']
[1.327s] Level 1:colcon.colcon_core.package_identification:_identify(src) by extension 'ignore'
[1.327s] Level 1:colcon.colcon_core.package_identification:_identify(src) by extension 'ignore_ament_install'
[1.327s] Level 1:colcon.colcon_core.package_identification:_identify(src) by extensions ['colcon_pkg']
[1.327s] Level 1:colcon.colcon_core.package_identification:_identify(src) by extension 'colcon_pkg'
[1.327s] Level 1:colcon.colcon_core.package_identification:_identify(src) by extensions ['colcon_meta']
[1.327s] Level 1:colcon.colcon_core.package_identification:_identify(src) by extension 'colcon_meta'
[1.327s] Level 1:colcon.colcon_core.package_identification:_identify(src) by extensions ['ros']
[1.327s] Level 1:colcon.colcon_core.package_identification:_identify(src) by extension 'ros'
[1.328s] Level 1:colcon.colcon_core.package_identification:_identify(src) by extensions ['cmake', 'python']
[1.328s] Level 1:colcon.colcon_core.package_identification:_identify(src) by extension 'cmake'
[1.328s] Level 1:colcon.colcon_core.package_identification:_identify(src) by extension 'python'
[1.328s] Level 1:colcon.colcon_core.package_identification:_identify(src) by extensions ['python_setup_py']
[1.328s] Level 1:colcon.colcon_core.package_identification:_identify(src) by extension 'python_setup_py'
[1.328s] Level 1:colcon.colcon_core.package_identification:_identify(src/build) by extensions ['ignore', 'ignore_ament_install']
[1.328s] Level 1:colcon.colcon_core.package_identification:_identify(src/build) by extension 'ignore'
[1.328s] Level 1:colcon.colcon_core.package_identification:_identify(src/build) ignored
[1.328s] Level 1:colcon.colcon_core.package_identification:_identify(src/four_dof) by extensions ['ignore', 'ignore_ament_install']
[1.328s] Level 1:colcon.colcon_core.package_identification:_identify(src/four_dof) by extension 'ignore'
[1.328s] Level 1:colcon.colcon_core.package_identification:_identify(src/four_dof) by extension 'ignore_ament_install'
[1.328s] Level 1:colcon.colcon_core.package_identification:_identify(src/four_dof) by extensions ['colcon_pkg']
[1.328s] Level 1:colcon.colcon_core.package_identification:_identify(src/four_dof) by extension 'colcon_pkg'
[1.328s] Level 1:colcon.colcon_core.package_identification:_identify(src/four_dof) by extensions ['colcon_meta']
[1.328s] Level 1:colcon.colcon_core.package_identification:_identify(src/four_dof) by extension 'colcon_meta'
[1.328s] Level 1:colcon.colcon_core.package_identification:_identify(src/four_dof) by extensions ['ros']
[1.328s] Level 1:colcon.colcon_core.package_identification:_identify(src/four_dof) by extension 'ros'
[1.330s] DEBUG:colcon.colcon_core.package_identification:Package 'src/four_dof' with type 'ros.ament_cmake' and name 'four_dof'
[1.330s] Level 1:colcon.colcon_core.package_identification:_identify(src/four_dof_bringup) by extensions ['ignore', 'ignore_ament_install']
[1.330s] Level 1:colcon.colcon_core.package_identification:_identify(src/four_dof_bringup) by extension 'ignore'
[1.330s] Level 1:colcon.colcon_core.package_identification:_identify(src/four_dof_bringup) by extension 'ignore_ament_install'
[1.330s] Level 1:colcon.colcon_core.package_identification:_identify(src/four_dof_bringup) by extensions ['colcon_pkg']
[1.330s] Level 1:colcon.colcon_core.package_identification:_identify(src/four_dof_bringup) by extension 'colcon_pkg'
[1.330s] Level 1:colcon.colcon_core.package_identification:_identify(src/four_dof_bringup) by extensions ['colcon_meta']
[1.330s] Level 1:colcon.colcon_core.package_identification:_identify(src/four_dof_bringup) by extension 'colcon_meta'
[1.331s] Level 1:colcon.colcon_core.package_identification:_identify(src/four_dof_bringup) by extensions ['ros']
[1.331s] Level 1:colcon.colcon_core.package_identification:_identify(src/four_dof_bringup) by extension 'ros'
[1.331s] DEBUG:colcon.colcon_core.package_identification:Package 'src/four_dof_bringup' with type 'ros.ament_cmake' and name 'four_dof_bringup'
[1.331s] Level 1:colcon.colcon_core.package_identification:_identify(src/install) by extensions ['ignore', 'ignore_ament_install']
[1.331s] Level 1:colcon.colcon_core.package_identification:_identify(src/install) by extension 'ignore'
[1.331s] Level 1:colcon.colcon_core.package_identification:_identify(src/install) ignored
[1.331s] Level 1:colcon.colcon_core.package_identification:_identify(src/log) by extensions ['ignore', 'ignore_ament_install']
[1.332s] Level 1:colcon.colcon_core.package_identification:_identify(src/log) by extension 'ignore'
[1.332s] Level 1:colcon.colcon_core.package_identification:_identify(src/log) ignored
[1.332s] Level 1:colcon.colcon_core.package_identification:_identify(src/six_dof) by extensions ['ignore', 'ignore_ament_install']
[1.332s] Level 1:colcon.colcon_core.package_identification:_identify(src/six_dof) by extension 'ignore'
[1.332s] Level 1:colcon.colcon_core.package_identification:_identify(src/six_dof) by extension 'ignore_ament_install'
[1.332s] Level 1:colcon.colcon_core.package_identification:_identify(src/six_dof) by extensions ['colcon_pkg']
[1.332s] Level 1:colcon.colcon_core.package_identification:_identify(src/six_dof) by extension 'colcon_pkg'
[1.332s] Level 1:colcon.colcon_core.package_identification:_identify(src/six_dof) by extensions ['colcon_meta']
[1.332s] Level 1:colcon.colcon_core.package_identification:_identify(src/six_dof) by extension 'colcon_meta'
[1.332s] Level 1:colcon.colcon_core.package_identification:_identify(src/six_dof) by extensions ['ros']
[1.332s] Level 1:colcon.colcon_core.package_identification:_identify(src/six_dof) by extension 'ros'
[1.332s] DEBUG:colcon.colcon_core.package_identification:Package 'src/six_dof' with type 'ros.ament_cmake' and name 'six_dof'
[1.332s] Level 1:colcon.colcon_core.package_discovery:discover_packages(recursive) using defaults
[1.332s] Level 1:colcon.colcon_core.package_discovery:discover_packages(ignore) discover
[1.333s] Level 1:colcon.colcon_core.package_discovery:discover_packages(ignore) using defaults
[1.333s] Level 1:colcon.colcon_core.package_discovery:discover_packages(path) discover
[1.333s] Level 1:colcon.colcon_core.package_discovery:discover_packages(path) using defaults
[1.441s] Level 1:colcon.colcon_core.package_discovery:discover_packages(prefix_path) check parameters
[1.442s] Level 1:colcon.colcon_core.package_discovery:discover_packages(prefix_path) discover
[1.480s] DEBUG:colcon.colcon_installed_package_information.package_discovery:Found 3 installed packages in /home/adi/hum_rob_ws/install
[1.500s] DEBUG:colcon.colcon_installed_package_information.package_discovery:Found 382 installed packages in /opt/ros/humble
[1.501s] Level 1:colcon.colcon_core.package_discovery:discover_packages(prefix_path) using defaults
[1.594s] Level 5:colcon.colcon_core.verb:set package 'four_dof' build argument 'cmake_args' from command line to 'None'
[1.595s] Level 5:colcon.colcon_core.verb:set package 'four_dof' build argument 'cmake_target' from command line to 'None'
[1.595s] Level 5:colcon.colcon_core.verb:set package 'four_dof' build argument 'cmake_target_skip_unavailable' from command line to 'False'
[1.595s] Level 5:colcon.colcon_core.verb:set package 'four_dof' build argument 'cmake_clean_cache' from command line to 'False'
[1.595s] Level 5:colcon.colcon_core.verb:set package 'four_dof' build argument 'cmake_clean_first' from command line to 'False'
[1.595s] Level 5:colcon.colcon_core.verb:set package 'four_dof' build argument 'cmake_force_configure' from command line to 'False'
[1.595s] Level 5:colcon.colcon_core.verb:set package 'four_dof' build argument 'ament_cmake_args' from command line to 'None'
[1.595s] Level 5:colcon.colcon_core.verb:set package 'four_dof' build argument 'catkin_cmake_args' from command line to 'None'
[1.595s] Level 5:colcon.colcon_core.verb:set package 'four_dof' build argument 'catkin_skip_building_tests' from command line to 'False'
[1.595s] DEBUG:colcon.colcon_core.verb:Building package 'four_dof' with the following arguments: {'ament_cmake_args': None, 'build_base': '/home/adi/hum_rob_ws/build/four_dof', 'catkin_cmake_args': None, 'catkin_skip_building_tests': False, 'cmake_args': None, 'cmake_clean_cache': False, 'cmake_clean_first': False, 'cmake_force_configure': False, 'cmake_target': None, 'cmake_target_skip_unavailable': False, 'install_base': '/home/adi/hum_rob_ws/install/four_dof', 'merge_install': False, 'path': '/home/adi/hum_rob_ws/src/four_dof', 'symlink_install': False, 'test_result_base': None}
[1.614s] Level 5:colcon.colcon_core.verb:set package 'four_dof_bringup' build argument 'cmake_args' from command line to 'None'
[1.614s] Level 5:colcon.colcon_core.verb:set package 'four_dof_bringup' build argument 'cmake_target' from command line to 'None'
[1.614s] Level 5:colcon.colcon_core.verb:set package 'four_dof_bringup' build argument 'cmake_target_skip_unavailable' from command line to 'False'
[1.614s] Level 5:colcon.colcon_core.verb:set package 'four_dof_bringup' build argument 'cmake_clean_cache' from command line to 'False'
[1.614s] Level 5:colcon.colcon_core.verb:set package 'four_dof_bringup' build argument 'cmake_clean_first' from command line to 'False'
[1.614s] Level 5:colcon.colcon_core.verb:set package 'four_dof_bringup' build argument 'cmake_force_configure' from command line to 'False'
[1.614s] Level 5:colcon.colcon_core.verb:set package 'four_dof_bringup' build argument 'ament_cmake_args' from command line to 'None'
[1.614s] Level 5:colcon.colcon_core.verb:set package 'four_dof_bringup' build argument 'catkin_cmake_args' from command line to 'None'
[1.614s] Level 5:colcon.colcon_core.verb:set package 'four_dof_bringup' build argument 'catkin_skip_building_tests' from command line to 'False'
[1.614s] DEBUG:colcon.colcon_core.verb:Building package 'four_dof_bringup' with the following arguments: {'ament_cmake_args': None, 'build_base': '/home/adi/hum_rob_ws/build/four_dof_bringup', 'catkin_cmake_args': None, 'catkin_skip_building_tests': False, 'cmake_args': None, 'cmake_clean_cache': False, 'cmake_clean_first': False, 'cmake_force_configure': False, 'cmake_target': None, 'cmake_target_skip_unavailable': False, 'install_base': '/home/adi/hum_rob_ws/install/four_dof_bringup', 'merge_install': False, 'path': '/home/adi/hum_rob_ws/src/four_dof_bringup', 'symlink_install': False, 'test_result_base': None}
[1.633s] Level 5:colcon.colcon_core.verb:set package 'six_dof' build argument 'cmake_args' from command line to 'None'
[1.633s] Level 5:colcon.colcon_core.verb:set package 'six_dof' build argument 'cmake_target' from command line to 'None'
[1.633s] Level 5:colcon.colcon_core.verb:set package 'six_dof' build argument 'cmake_target_skip_unavailable' from command line to 'False'
[1.633s] Level 5:colcon.colcon_core.verb:set package 'six_dof' build argument 'cmake_clean_cache' from command line to 'False'
[1.633s] Level 5:colcon.colcon_core.verb:set package 'six_dof' build argument 'cmake_clean_first' from command line to 'False'
[1.633s] Level 5:colcon.colcon_core.verb:set package 'six_dof' build argument 'cmake_force_configure' from command line to 'False'
[1.633s] Level 5:colcon.colcon_core.verb:set package 'six_dof' build argument 'ament_cmake_args' from command line to 'None'
[1.633s] Level 5:colcon.colcon_core.verb:set package 'six_dof' build argument 'catkin_cmake_args' from command line to 'None'
[1.633s] Level 5:colcon.colcon_core.verb:set package 'six_dof' build argument 'catkin_skip_building_tests' from command line to 'False'
[1.633s] DEBUG:colcon.colcon_core.verb:Building package 'six_dof' with the following arguments: {'ament_cmake_args': None, 'build_base': '/home/adi/hum_rob_ws/build/six_dof', 'catkin_cmake_args': None, 'catkin_skip_building_tests': False, 'cmake_args': None, 'cmake_clean_cache': False, 'cmake_clean_first': False, 'cmake_force_configure': False, 'cmake_target': None, 'cmake_target_skip_unavailable': False, 'install_base': '/home/adi/hum_rob_ws/install/six_dof', 'merge_install': False, 'path': '/home/adi/hum_rob_ws/src/six_dof', 'symlink_install': False, 'test_result_base': None}
[1.651s] INFO:colcon.colcon_core.executor:Executing jobs using 'parallel' executor
[1.671s] DEBUG:colcon.colcon_parallel_executor.executor.parallel:run_until_complete
[1.671s] INFO:colcon.colcon_ros.task.ament_cmake.build:Building ROS package in '/home/adi/hum_rob_ws/src/four_dof' with build type 'ament_cmake'
[1.672s] INFO:colcon.colcon_cmake.task.cmake.build:Building CMake package in '/home/adi/hum_rob_ws/src/four_dof'
[1.693s] INFO:colcon.colcon_core.plugin_system:Skipping extension 'colcon_core.shell.bat': Not used on non-Windows systems
[1.693s] INFO:colcon.colcon_core.shell:Skip shell extension 'powershell' for command environment: Not usable outside of PowerShell
[1.693s] DEBUG:colcon.colcon_core.shell:Skip shell extension 'dsv' for command environment
[1.756s] INFO:colcon.colcon_ros.task.ament_cmake.build:Building ROS package in '/home/adi/hum_rob_ws/src/four_dof_bringup' with build type 'ament_cmake'
[1.756s] INFO:colcon.colcon_cmake.task.cmake.build:Building CMake package in '/home/adi/hum_rob_ws/src/four_dof_bringup'
[1.776s] INFO:colcon.colcon_core.shell:Skip shell extension 'powershell' for command environment: Not usable outside of PowerShell
[1.777s] DEBUG:colcon.colcon_core.shell:Skip shell extension 'dsv' for command environment
[1.838s] INFO:colcon.colcon_ros.task.ament_cmake.build:Building ROS package in '/home/adi/hum_rob_ws/src/six_dof' with build type 'ament_cmake'
[1.838s] INFO:colcon.colcon_cmake.task.cmake.build:Building CMake package in '/home/adi/hum_rob_ws/src/six_dof'
[1.859s] INFO:colcon.colcon_core.shell:Skip shell extension 'powershell' for command environment: Not usable outside of PowerShell
[1.859s] DEBUG:colcon.colcon_core.shell:Skip shell extension 'dsv' for command environment
[1.934s] DEBUG:colcon.colcon_core.event_handler.log_command:Invoking command in '/home/adi/hum_rob_ws/build/four_dof': CMAKE_PREFIX_PATH=${CMAKE_PREFIX_PATH}:/opt/ros/humble /usr/bin/cmake --build /home/adi/hum_rob_ws/build/four_dof -- -j16 -l16
[1.940s] DEBUG:colcon.colcon_core.event_handler.log_command:Invoking command in '/home/adi/hum_rob_ws/build/four_dof_bringup': CMAKE_PREFIX_PATH=${CMAKE_PREFIX_PATH}:/opt/ros/humble /usr/bin/cmake --build /home/adi/hum_rob_ws/build/four_dof_bringup -- -j16 -l16
[1.944s] DEBUG:colcon.colcon_core.event_handler.log_command:Invoking command in '/home/adi/hum_rob_ws/build/six_dof': CMAKE_PREFIX_PATH=${CMAKE_PREFIX_PATH}:/opt/ros/humble /usr/bin/cmake --build /home/adi/hum_rob_ws/build/six_dof -- -j16 -l16
[1.986s] DEBUG:colcon.colcon_core.event_handler.log_command:Invoked command in '/home/adi/hum_rob_ws/build/six_dof' returned '0': CMAKE_PREFIX_PATH=${CMAKE_PREFIX_PATH}:/opt/ros/humble /usr/bin/cmake --build /home/adi/hum_rob_ws/build/six_dof -- -j16 -l16
[2.026s] DEBUG:colcon.colcon_core.event_handler.log_command:Invoking command in '/home/adi/hum_rob_ws/build/six_dof': CMAKE_PREFIX_PATH=${CMAKE_PREFIX_PATH}:/opt/ros/humble /usr/bin/cmake --install /home/adi/hum_rob_ws/build/six_dof
[2.037s] Level 1:colcon.colcon_core.environment:create_environment_scripts_only(six_dof)
[2.037s] DEBUG:colcon.colcon_core.event_handler.log_command:Invoked command in '/home/adi/hum_rob_ws/build/six_dof' returned '0': CMAKE_PREFIX_PATH=${CMAKE_PREFIX_PATH}:/opt/ros/humble /usr/bin/cmake --install /home/adi/hum_rob_ws/build/six_dof
[2.060s] Level 1:colcon.colcon_core.environment:checking '/home/adi/hum_rob_ws/install/six_dof' for CMake module files
[2.060s] Level 1:colcon.colcon_core.environment:checking '/home/adi/hum_rob_ws/install/six_dof' for CMake config files
[2.061s] Level 1:colcon.colcon_core.shell:create_environment_hook('six_dof', 'cmake_prefix_path')
[2.081s] INFO:colcon.colcon_core.shell:Creating environment hook '/home/adi/hum_rob_ws/install/six_dof/share/six_dof/hook/cmake_prefix_path.ps1'
[2.082s] INFO:colcon.colcon_core.shell:Creating environment descriptor '/home/adi/hum_rob_ws/install/six_dof/share/six_dof/hook/cmake_prefix_path.dsv'
[2.082s] INFO:colcon.colcon_core.shell:Creating environment hook '/home/adi/hum_rob_ws/install/six_dof/share/six_dof/hook/cmake_prefix_path.sh'
[2.083s] Level 1:colcon.colcon_core.environment:checking '/home/adi/hum_rob_ws/install/six_dof/bin'
[2.083s] Level 1:colcon.colcon_core.environment:checking '/home/adi/hum_rob_ws/install/six_dof/lib/pkgconfig/six_dof.pc'
[2.083s] Level 1:colcon.colcon_core.environment:checking '/home/adi/hum_rob_ws/install/six_dof/lib/python3.10/site-packages'
[2.083s] Level 1:colcon.colcon_core.environment:checking '/home/adi/hum_rob_ws/install/six_dof/bin'
[2.104s] INFO:colcon.colcon_core.shell:Creating package script '/home/adi/hum_rob_ws/install/six_dof/share/six_dof/package.ps1'
[2.105s] INFO:colcon.colcon_core.shell:Creating package descriptor '/home/adi/hum_rob_ws/install/six_dof/share/six_dof/package.dsv'
[2.106s] INFO:colcon.colcon_core.shell:Creating package script '/home/adi/hum_rob_ws/install/six_dof/share/six_dof/package.sh'
[2.107s] INFO:colcon.colcon_core.shell:Creating package script '/home/adi/hum_rob_ws/install/six_dof/share/six_dof/package.bash'
[2.107s] INFO:colcon.colcon_core.shell:Creating package script '/home/adi/hum_rob_ws/install/six_dof/share/six_dof/package.zsh'
[2.108s] Level 1:colcon.colcon_core.environment:create_file_with_runtime_dependencies(/home/adi/hum_rob_ws/install/six_dof/share/colcon-core/packages/six_dof)
[2.159s] Level 1:colcon.colcon_core.environment:create_environment_scripts_only(six_dof)
[2.179s] Level 1:colcon.colcon_core.environment:checking '/home/adi/hum_rob_ws/install/six_dof' for CMake module files
[2.179s] Level 1:colcon.colcon_core.environment:checking '/home/adi/hum_rob_ws/install/six_dof' for CMake config files
[2.179s] Level 1:colcon.colcon_core.shell:create_environment_hook('six_dof', 'cmake_prefix_path')
[2.198s] INFO:colcon.colcon_core.shell:Creating environment hook '/home/adi/hum_rob_ws/install/six_dof/share/six_dof/hook/cmake_prefix_path.ps1'
[2.199s] INFO:colcon.colcon_core.shell:Creating environment descriptor '/home/adi/hum_rob_ws/install/six_dof/share/six_dof/hook/cmake_prefix_path.dsv'
[2.199s] INFO:colcon.colcon_core.shell:Creating environment hook '/home/adi/hum_rob_ws/install/six_dof/share/six_dof/hook/cmake_prefix_path.sh'
[2.200s] Level 1:colcon.colcon_core.environment:checking '/home/adi/hum_rob_ws/install/six_dof/bin'
[2.200s] Level 1:colcon.colcon_core.environment:checking '/home/adi/hum_rob_ws/install/six_dof/lib/pkgconfig/six_dof.pc'
[2.200s] Level 1:colcon.colcon_core.environment:checking '/home/adi/hum_rob_ws/install/six_dof/lib/python3.10/site-packages'
[2.200s] Level 1:colcon.colcon_core.environment:checking '/home/adi/hum_rob_ws/install/six_dof/bin'
[2.219s] INFO:colcon.colcon_core.shell:Creating package script '/home/adi/hum_rob_ws/install/six_dof/share/six_dof/package.ps1'
[2.219s] INFO:colcon.colcon_core.shell:Creating package descriptor '/home/adi/hum_rob_ws/install/six_dof/share/six_dof/package.dsv'
[2.220s] INFO:colcon.colcon_core.shell:Creating package script '/home/adi/hum_rob_ws/install/six_dof/share/six_dof/package.sh'
[2.220s] INFO:colcon.colcon_core.shell:Creating package script '/home/adi/hum_rob_ws/install/six_dof/share/six_dof/package.bash'
[2.220s] INFO:colcon.colcon_core.shell:Creating package script '/home/adi/hum_rob_ws/install/six_dof/share/six_dof/package.zsh'
[2.221s] Level 1:colcon.colcon_core.environment:create_file_with_runtime_dependencies(/home/adi/hum_rob_ws/install/six_dof/share/colcon-core/packages/six_dof)
[4.084s] DEBUG:colcon.colcon_core.event_handler.log_command:Invoked command in '/home/adi/hum_rob_ws/build/four_dof_bringup' returned '0': CMAKE_PREFIX_PATH=${CMAKE_PREFIX_PATH}:/opt/ros/humble /usr/bin/cmake --build /home/adi/hum_rob_ws/build/four_dof_bringup -- -j16 -l16
[4.148s] DEBUG:colcon.colcon_core.event_handler.log_command:Invoking command in '/home/adi/hum_rob_ws/build/four_dof_bringup': CMAKE_PREFIX_PATH=${CMAKE_PREFIX_PATH}:/opt/ros/humble /usr/bin/cmake --install /home/adi/hum_rob_ws/build/four_dof_bringup
[4.176s] Level 1:colcon.colcon_core.environment:create_environment_scripts_only(four_dof_bringup)
[4.177s] DEBUG:colcon.colcon_core.event_handler.log_command:Invoked command in '/home/adi/hum_rob_ws/build/four_dof_bringup' returned '0': CMAKE_PREFIX_PATH=${CMAKE_PREFIX_PATH}:/opt/ros/humble /usr/bin/cmake --install /home/adi/hum_rob_ws/build/four_dof_bringup
[4.234s] Level 1:colcon.colcon_core.environment:checking '/home/adi/hum_rob_ws/install/four_dof_bringup' for CMake module files
[4.236s] Level 1:colcon.colcon_core.environment:checking '/home/adi/hum_rob_ws/install/four_dof_bringup' for CMake config files
[4.237s] Level 1:colcon.colcon_core.shell:create_environment_hook('four_dof_bringup', 'cmake_prefix_path')
[4.262s] INFO:colcon.colcon_core.shell:Creating environment hook '/home/adi/hum_rob_ws/install/four_dof_bringup/share/four_dof_bringup/hook/cmake_prefix_path.ps1'
[4.262s] INFO:colcon.colcon_core.shell:Creating environment descriptor '/home/adi/hum_rob_ws/install/four_dof_bringup/share/four_dof_bringup/hook/cmake_prefix_path.dsv'
[4.263s] INFO:colcon.colcon_core.shell:Creating environment hook '/home/adi/hum_rob_ws/install/four_dof_bringup/share/four_dof_bringup/hook/cmake_prefix_path.sh'
[4.263s] Level 1:colcon.colcon_core.environment:checking '/home/adi/hum_rob_ws/install/four_dof_bringup/bin'
[4.263s] Level 1:colcon.colcon_core.environment:checking '/home/adi/hum_rob_ws/install/four_dof_bringup/lib/pkgconfig/four_dof_bringup.pc'
[4.263s] Level 1:colcon.colcon_core.environment:checking '/home/adi/hum_rob_ws/install/four_dof_bringup/lib/python3.10/site-packages'
[4.263s] Level 1:colcon.colcon_core.environment:checking '/home/adi/hum_rob_ws/install/four_dof_bringup/bin'
[4.284s] INFO:colcon.colcon_core.shell:Creating package script '/home/adi/hum_rob_ws/install/four_dof_bringup/share/four_dof_bringup/package.ps1'
[4.284s] INFO:colcon.colcon_core.shell:Creating package descriptor '/home/adi/hum_rob_ws/install/four_dof_bringup/share/four_dof_bringup/package.dsv'
[4.285s] INFO:colcon.colcon_core.shell:Creating package script '/home/adi/hum_rob_ws/install/four_dof_bringup/share/four_dof_bringup/package.sh'
[4.285s] INFO:colcon.colcon_core.shell:Creating package script '/home/adi/hum_rob_ws/install/four_dof_bringup/share/four_dof_bringup/package.bash'
[4.285s] INFO:colcon.colcon_core.shell:Creating package script '/home/adi/hum_rob_ws/install/four_dof_bringup/share/four_dof_bringup/package.zsh'
[4.285s] Level 1:colcon.colcon_core.environment:create_file_with_runtime_dependencies(/home/adi/hum_rob_ws/install/four_dof_bringup/share/colcon-core/packages/four_dof_bringup)
[4.350s] Level 1:colcon.colcon_core.environment:create_environment_scripts_only(four_dof_bringup)
[4.369s] Level 1:colcon.colcon_core.environment:checking '/home/adi/hum_rob_ws/install/four_dof_bringup' for CMake module files
[4.369s] Level 1:colcon.colcon_core.environment:checking '/home/adi/hum_rob_ws/install/four_dof_bringup' for CMake config files
[4.369s] Level 1:colcon.colcon_core.shell:create_environment_hook('four_dof_bringup', 'cmake_prefix_path')
[4.388s] INFO:colcon.colcon_core.shell:Creating environment hook '/home/adi/hum_rob_ws/install/four_dof_bringup/share/four_dof_bringup/hook/cmake_prefix_path.ps1'
[4.389s] INFO:colcon.colcon_core.shell:Creating environment descriptor '/home/adi/hum_rob_ws/install/four_dof_bringup/share/four_dof_bringup/hook/cmake_prefix_path.dsv'
[4.389s] INFO:colcon.colcon_core.shell:Creating environment hook '/home/adi/hum_rob_ws/install/four_dof_bringup/share/four_dof_bringup/hook/cmake_prefix_path.sh'
[4.389s] Level 1:colcon.colcon_core.environment:checking '/home/adi/hum_rob_ws/install/four_dof_bringup/bin'
[4.390s] Level 1:colcon.colcon_core.environment:checking '/home/adi/hum_rob_ws/install/four_dof_bringup/lib/pkgconfig/four_dof_bringup.pc'
[4.390s] Level 1:colcon.colcon_core.environment:checking '/home/adi/hum_rob_ws/install/four_dof_bringup/lib/python3.10/site-packages'
[4.390s] Level 1:colcon.colcon_core.environment:checking '/home/adi/hum_rob_ws/install/four_dof_bringup/bin'
[4.409s] INFO:colcon.colcon_core.shell:Creating package script '/home/adi/hum_rob_ws/install/four_dof_bringup/share/four_dof_bringup/package.ps1'
[4.409s] INFO:colcon.colcon_core.shell:Creating package descriptor '/home/adi/hum_rob_ws/install/four_dof_bringup/share/four_dof_bringup/package.dsv'
[4.410s] INFO:colcon.colcon_core.shell:Creating package script '/home/adi/hum_rob_ws/install/four_dof_bringup/share/four_dof_bringup/package.sh'
[4.410s] INFO:colcon.colcon_core.shell:Creating package script '/home/adi/hum_rob_ws/install/four_dof_bringup/share/four_dof_bringup/package.bash'
[4.410s] INFO:colcon.colcon_core.shell:Creating package script '/home/adi/hum_rob_ws/install/four_dof_bringup/share/four_dof_bringup/package.zsh'
[4.410s] Level 1:colcon.colcon_core.environment:create_file_with_runtime_dependencies(/home/adi/hum_rob_ws/install/four_dof_bringup/share/colcon-core/packages/four_dof_bringup)
[7.735s] DEBUG:colcon.colcon_core.event_handler.log_command:Invoked command in '/home/adi/hum_rob_ws/build/four_dof' returned '0': CMAKE_PREFIX_PATH=${CMAKE_PREFIX_PATH}:/opt/ros/humble /usr/bin/cmake --build /home/adi/hum_rob_ws/build/four_dof -- -j16 -l16
[7.802s] DEBUG:colcon.colcon_core.event_handler.log_command:Invoking command in '/home/adi/hum_rob_ws/build/four_dof': CMAKE_PREFIX_PATH=${CMAKE_PREFIX_PATH}:/opt/ros/humble /usr/bin/cmake --install /home/adi/hum_rob_ws/build/four_dof
[7.834s] Level 1:colcon.colcon_core.environment:create_environment_scripts_only(four_dof)
[7.835s] DEBUG:colcon.colcon_core.event_handler.log_command:Invoked command in '/home/adi/hum_rob_ws/build/four_dof' returned '0': CMAKE_PREFIX_PATH=${CMAKE_PREFIX_PATH}:/opt/ros/humble /usr/bin/cmake --install /home/adi/hum_rob_ws/build/four_dof
[7.894s] Level 1:colcon.colcon_core.environment:checking '/home/adi/hum_rob_ws/install/four_dof' for CMake module files
[7.896s] Level 1:colcon.colcon_core.environment:checking '/home/adi/hum_rob_ws/install/four_dof' for CMake config files
[7.897s] Level 1:colcon.colcon_core.shell:create_environment_hook('four_dof', 'cmake_prefix_path')
[7.929s] INFO:colcon.colcon_core.shell:Creating environment hook '/home/adi/hum_rob_ws/install/four_dof/share/four_dof/hook/cmake_prefix_path.ps1'
[7.930s] INFO:colcon.colcon_core.shell:Creating environment descriptor '/home/adi/hum_rob_ws/install/four_dof/share/four_dof/hook/cmake_prefix_path.dsv'
[7.930s] INFO:colcon.colcon_core.shell:Creating environment hook '/home/adi/hum_rob_ws/install/four_dof/share/four_dof/hook/cmake_prefix_path.sh'
[7.930s] Level 1:colcon.colcon_core.environment:checking '/home/adi/hum_rob_ws/install/four_dof/lib'
[7.930s] Level 1:colcon.colcon_core.environment:checking '/home/adi/hum_rob_ws/install/four_dof/bin'
[7.930s] Level 1:colcon.colcon_core.environment:checking '/home/adi/hum_rob_ws/install/four_dof/lib/pkgconfig/four_dof.pc'
[7.931s] Level 1:colcon.colcon_core.environment:checking '/home/adi/hum_rob_ws/install/four_dof/lib/python3.10/site-packages'
[7.931s] Level 1:colcon.colcon_core.environment:checking '/home/adi/hum_rob_ws/install/four_dof/bin'
[7.949s] INFO:colcon.colcon_core.shell:Creating package script '/home/adi/hum_rob_ws/install/four_dof/share/four_dof/package.ps1'
[7.950s] INFO:colcon.colcon_core.shell:Creating package descriptor '/home/adi/hum_rob_ws/install/four_dof/share/four_dof/package.dsv'
[7.950s] INFO:colcon.colcon_core.shell:Creating package script '/home/adi/hum_rob_ws/install/four_dof/share/four_dof/package.sh'
[7.950s] INFO:colcon.colcon_core.shell:Creating package script '/home/adi/hum_rob_ws/install/four_dof/share/four_dof/package.bash'
[7.950s] INFO:colcon.colcon_core.shell:Creating package script '/home/adi/hum_rob_ws/install/four_dof/share/four_dof/package.zsh'
[7.951s] Level 1:colcon.colcon_core.environment:create_file_with_runtime_dependencies(/home/adi/hum_rob_ws/install/four_dof/share/colcon-core/packages/four_dof)
[8.000s] Level 1:colcon.colcon_core.environment:create_environment_scripts_only(four_dof)
[8.019s] Level 1:colcon.colcon_core.environment:checking '/home/adi/hum_rob_ws/install/four_dof' for CMake module files
[8.019s] Level 1:colcon.colcon_core.environment:checking '/home/adi/hum_rob_ws/install/four_dof' for CMake config files
[8.019s] Level 1:colcon.colcon_core.shell:create_environment_hook('four_dof', 'cmake_prefix_path')
[8.038s] INFO:colcon.colcon_core.shell:Creating environment hook '/home/adi/hum_rob_ws/install/four_dof/share/four_dof/hook/cmake_prefix_path.ps1'
[8.038s] INFO:colcon.colcon_core.shell:Creating environment descriptor '/home/adi/hum_rob_ws/install/four_dof/share/four_dof/hook/cmake_prefix_path.dsv'
[8.039s] INFO:colcon.colcon_core.shell:Creating environment hook '/home/adi/hum_rob_ws/install/four_dof/share/four_dof/hook/cmake_prefix_path.sh'
[8.039s] Level 1:colcon.colcon_core.environment:checking '/home/adi/hum_rob_ws/install/four_dof/lib'
[8.039s] Level 1:colcon.colcon_core.environment:checking '/home/adi/hum_rob_ws/install/four_dof/bin'
[8.039s] Level 1:colcon.colcon_core.environment:checking '/home/adi/hum_rob_ws/install/four_dof/lib/pkgconfig/four_dof.pc'
[8.039s] Level 1:colcon.colcon_core.environment:checking '/home/adi/hum_rob_ws/install/four_dof/lib/python3.10/site-packages'
[8.039s] Level 1:colcon.colcon_core.environment:checking '/home/adi/hum_rob_ws/install/four_dof/bin'
[8.058s] INFO:colcon.colcon_core.shell:Creating package script '/home/adi/hum_rob_ws/install/four_dof/share/four_dof/package.ps1'
[8.058s] INFO:colcon.colcon_core.shell:Creating package descriptor '/home/adi/hum_rob_ws/install/four_dof/share/four_dof/package.dsv'
[8.059s] INFO:colcon.colcon_core.shell:Creating package script '/home/adi/hum_rob_ws/install/four_dof/share/four_dof/package.sh'
[8.059s] INFO:colcon.colcon_core.shell:Creating package script '/home/adi/hum_rob_ws/install/four_dof/share/four_dof/package.bash'
[8.059s] INFO:colcon.colcon_core.shell:Creating package script '/home/adi/hum_rob_ws/install/four_dof/share/four_dof/package.zsh'
[8.059s] Level 1:colcon.colcon_core.environment:create_file_with_runtime_dependencies(/home/adi/hum_rob_ws/install/four_dof/share/colcon-core/packages/four_dof)
[8.060s] DEBUG:colcon.colcon_parallel_executor.executor.parallel:closing loop
[8.060s] DEBUG:colcon.colcon_parallel_executor.executor.parallel:loop closed
[8.060s] DEBUG:colcon.colcon_parallel_executor.executor.parallel:run_until_complete finished with '0'
[8.060s] DEBUG:colcon.colcon_core.event_reactor:joining thread
[8.123s] INFO:colcon.colcon_core.plugin_system:Skipping extension 'colcon_notification.desktop_notification.terminal_notifier': Not used on non-Darwin systems
[8.123s] INFO:colcon.colcon_core.plugin_system:Skipping extension 'colcon_notification.desktop_notification.win32': Not used on non-Windows systems
[8.123s] INFO:colcon.colcon_notification.desktop_notification:Sending desktop notification using 'notify2'
[8.136s] DEBUG:colcon.colcon_core.event_reactor:joined thread
[8.156s] INFO:colcon.colcon_core.shell:Creating prefix script '/home/adi/hum_rob_ws/install/local_setup.ps1'
[8.156s] INFO:colcon.colcon_core.shell:Creating prefix util module '/home/adi/hum_rob_ws/install/_local_setup_util_ps1.py'
[8.157s] INFO:colcon.colcon_core.shell:Creating prefix chain script '/home/adi/hum_rob_ws/install/setup.ps1'
[8.177s] INFO:colcon.colcon_core.shell:Creating prefix script '/home/adi/hum_rob_ws/install/local_setup.sh'
[8.177s] INFO:colcon.colcon_core.shell:Creating prefix util module '/home/adi/hum_rob_ws/install/_local_setup_util_sh.py'
[8.177s] INFO:colcon.colcon_core.shell:Creating prefix chain script '/home/adi/hum_rob_ws/install/setup.sh'
[8.197s] INFO:colcon.colcon_core.shell:Creating prefix script '/home/adi/hum_rob_ws/install/local_setup.bash'
[8.197s] INFO:colcon.colcon_core.shell:Creating prefix chain script '/home/adi/hum_rob_ws/install/setup.bash'
[8.217s] INFO:colcon.colcon_core.shell:Creating prefix script '/home/adi/hum_rob_ws/install/local_setup.zsh'
[8.217s] INFO:colcon.colcon_core.shell:Creating prefix chain script '/home/adi/hum_rob_ws/install/setup.zsh'
