running egg_info
creating ../../build/pin_tut/pin_tut.egg-info
writing ../../build/pin_tut/pin_tut.egg-info/PKG-INFO
writing dependency_links to ../../build/pin_tut/pin_tut.egg-info/dependency_links.txt
writing entry points to ../../build/pin_tut/pin_tut.egg-info/entry_points.txt
writing requirements to ../../build/pin_tut/pin_tut.egg-info/requires.txt
writing top-level names to ../../build/pin_tut/pin_tut.egg-info/top_level.txt
writing manifest file '../../build/pin_tut/pin_tut.egg-info/SOURCES.txt'
reading manifest file '../../build/pin_tut/pin_tut.egg-info/SOURCES.txt'
writing manifest file '../../build/pin_tut/pin_tut.egg-info/SOURCES.txt'
running build
running build_py
creating /home/adi/hum_rob_ws/build/pin_tut/build
creating /home/adi/hum_rob_ws/build/pin_tut/build/lib
creating /home/adi/hum_rob_ws/build/pin_tut/build/lib/pin_tut
copying pin_tut/__init__.py -> /home/adi/hum_rob_ws/build/pin_tut/build/lib/pin_tut
running install
/usr/lib/python3/dist-packages/setuptools/command/install.py:34: SetuptoolsDeprecationWarning: setup.py install is deprecated. Use build and pip and other standards-based tools.
  warnings.warn(
running install_lib
creating /home/adi/hum_rob_ws/install/pin_tut/lib/python3.10/site-packages/pin_tut
copying /home/adi/hum_rob_ws/build/pin_tut/build/lib/pin_tut/__init__.py -> /home/adi/hum_rob_ws/install/pin_tut/lib/python3.10/site-packages/pin_tut
byte-compiling /home/adi/hum_rob_ws/install/pin_tut/lib/python3.10/site-packages/pin_tut/__init__.py to __init__.cpython-310.pyc
running install_data
creating /home/adi/hum_rob_ws/install/pin_tut/share/ament_index
creating /home/adi/hum_rob_ws/install/pin_tut/share/ament_index/resource_index
creating /home/adi/hum_rob_ws/install/pin_tut/share/ament_index/resource_index/packages
copying resource/pin_tut -> /home/adi/hum_rob_ws/install/pin_tut/share/ament_index/resource_index/packages
copying package.xml -> /home/adi/hum_rob_ws/install/pin_tut/share/pin_tut
running install_egg_info
Copying ../../build/pin_tut/pin_tut.egg-info to /home/adi/hum_rob_ws/install/pin_tut/lib/python3.10/site-packages/pin_tut-0.0.0-py3.10.egg-info
running install_scripts
writing list of installed files to '/home/adi/hum_rob_ws/build/pin_tut/install.log'
