[0.967s] Invoking command in '/home/adi/hum_rob_ws/src/pin_tut': PYTHONPATH=/home/adi/hum_rob_ws/build/pin_tut/prefix_override:/home/adi/hum_rob_ws/install/pin_tut/lib/python3.10/site-packages:${PYTHONPATH} /usr/bin/python3 setup.py egg_info --egg-base ../../build/pin_tut build --build-base /home/adi/hum_rob_ws/build/pin_tut/build install --record /home/adi/hum_rob_ws/build/pin_tut/install.log --single-version-externally-managed
[1.269s] running egg_info
[1.269s] creating ../../build/pin_tut/pin_tut.egg-info
[1.270s] writing ../../build/pin_tut/pin_tut.egg-info/PKG-INFO
[1.270s] writing dependency_links to ../../build/pin_tut/pin_tut.egg-info/dependency_links.txt
[1.270s] writing entry points to ../../build/pin_tut/pin_tut.egg-info/entry_points.txt
[1.270s] writing requirements to ../../build/pin_tut/pin_tut.egg-info/requires.txt
[1.270s] writing top-level names to ../../build/pin_tut/pin_tut.egg-info/top_level.txt
[1.271s] writing manifest file '../../build/pin_tut/pin_tut.egg-info/SOURCES.txt'
[1.272s] reading manifest file '../../build/pin_tut/pin_tut.egg-info/SOURCES.txt'
[1.273s] writing manifest file '../../build/pin_tut/pin_tut.egg-info/SOURCES.txt'
[1.273s] running build
[1.273s] running build_py
[1.273s] creating /home/adi/hum_rob_ws/build/pin_tut/build
[1.273s] creating /home/adi/hum_rob_ws/build/pin_tut/build/lib
[1.274s] creating /home/adi/hum_rob_ws/build/pin_tut/build/lib/pin_tut
[1.274s] copying pin_tut/__init__.py -> /home/adi/hum_rob_ws/build/pin_tut/build/lib/pin_tut
[1.274s] running install
[1.274s] /usr/lib/python3/dist-packages/setuptools/command/install.py:34: SetuptoolsDeprecationWarning: setup.py install is deprecated. Use build and pip and other standards-based tools.
[1.274s]   warnings.warn(
[1.274s] running install_lib
[1.276s] creating /home/adi/hum_rob_ws/install/pin_tut/lib/python3.10/site-packages/pin_tut
[1.276s] copying /home/adi/hum_rob_ws/build/pin_tut/build/lib/pin_tut/__init__.py -> /home/adi/hum_rob_ws/install/pin_tut/lib/python3.10/site-packages/pin_tut
[1.276s] byte-compiling /home/adi/hum_rob_ws/install/pin_tut/lib/python3.10/site-packages/pin_tut/__init__.py to __init__.cpython-310.pyc
[1.277s] running install_data
[1.278s] creating /home/adi/hum_rob_ws/install/pin_tut/share/ament_index
[1.278s] creating /home/adi/hum_rob_ws/install/pin_tut/share/ament_index/resource_index
[1.278s] creating /home/adi/hum_rob_ws/install/pin_tut/share/ament_index/resource_index/packages
[1.278s] copying resource/pin_tut -> /home/adi/hum_rob_ws/install/pin_tut/share/ament_index/resource_index/packages
[1.278s] copying package.xml -> /home/adi/hum_rob_ws/install/pin_tut/share/pin_tut
[1.278s] running install_egg_info
[1.279s] Copying ../../build/pin_tut/pin_tut.egg-info to /home/adi/hum_rob_ws/install/pin_tut/lib/python3.10/site-packages/pin_tut-0.0.0-py3.10.egg-info
[1.280s] running install_scripts
[1.297s] writing list of installed files to '/home/adi/hum_rob_ws/build/pin_tut/install.log'
[1.333s] Invoked command in '/home/adi/hum_rob_ws/src/pin_tut' returned '0': PYTHONPATH=/home/adi/hum_rob_ws/build/pin_tut/prefix_override:/home/adi/hum_rob_ws/install/pin_tut/lib/python3.10/site-packages:${PYTHONPATH} /usr/bin/python3 setup.py egg_info --egg-base ../../build/pin_tut build --build-base /home/adi/hum_rob_ws/build/pin_tut/build install --record /home/adi/hum_rob_ws/build/pin_tut/install.log --single-version-externally-managed
