-- Install configuration: ""
-- Up-to-date: /home/adi/hum_rob_ws/install/six_dof/share/six_dof//urdf
-- Up-to-date: /home/adi/hum_rob_ws/install/six_dof/share/six_dof//urdf/6dof.urdf
-- Up-to-date: /home/adi/hum_rob_ws/install/six_dof/share/six_dof//launch
-- Up-to-date: /home/adi/hum_rob_ws/install/six_dof/share/six_dof//launch/urdf_vis.launch.py
-- Up-to-date: /home/adi/hum_rob_ws/install/six_dof/share/six_dof//meshes
-- Up-to-date: /home/adi/hum_rob_ws/install/six_dof/share/six_dof//meshes/leftfoot.stl
-- Up-to-date: /home/adi/hum_rob_ws/install/six_dof/share/six_dof//meshes/RightThighURDF.stl
-- Up-to-date: /home/adi/hum_rob_ws/install/six_dof/share/six_dof//meshes/leftknee.stl
-- Up-to-date: /home/adi/hum_rob_ws/install/six_dof/share/six_dof//meshes/rightfoot.stl
-- Installing: /home/adi/hum_rob_ws/install/six_dof/share/six_dof//meshes/rightknee.stl
-- Up-to-date: /home/adi/hum_rob_ws/install/six_dof/share/six_dof//meshes/LeftThighForURDF.stl
-- Up-to-date: /home/adi/hum_rob_ws/install/six_dof/share/six_dof//meshes/Chassis.stl
-- Up-to-date: /home/adi/hum_rob_ws/install/six_dof/share/ament_index/resource_index/package_run_dependencies/six_dof
-- Up-to-date: /home/adi/hum_rob_ws/install/six_dof/share/ament_index/resource_index/parent_prefix_path/six_dof
-- Up-to-date: /home/adi/hum_rob_ws/install/six_dof/share/six_dof/environment/ament_prefix_path.sh
-- Up-to-date: /home/adi/hum_rob_ws/install/six_dof/share/six_dof/environment/ament_prefix_path.dsv
-- Up-to-date: /home/adi/hum_rob_ws/install/six_dof/share/six_dof/environment/path.sh
-- Up-to-date: /home/adi/hum_rob_ws/install/six_dof/share/six_dof/environment/path.dsv
-- Up-to-date: /home/adi/hum_rob_ws/install/six_dof/share/six_dof/local_setup.bash
-- Up-to-date: /home/adi/hum_rob_ws/install/six_dof/share/six_dof/local_setup.sh
-- Up-to-date: /home/adi/hum_rob_ws/install/six_dof/share/six_dof/local_setup.zsh
-- Up-to-date: /home/adi/hum_rob_ws/install/six_dof/share/six_dof/local_setup.dsv
-- Installing: /home/adi/hum_rob_ws/install/six_dof/share/six_dof/package.dsv
-- Up-to-date: /home/adi/hum_rob_ws/install/six_dof/share/ament_index/resource_index/packages/six_dof
-- Up-to-date: /home/adi/hum_rob_ws/install/six_dof/share/six_dof/cmake/six_dofConfig.cmake
-- Up-to-date: /home/adi/hum_rob_ws/install/six_dof/share/six_dof/cmake/six_dofConfig-version.cmake
-- Up-to-date: /home/adi/hum_rob_ws/install/six_dof/share/six_dof/package.xml
