[0.193s] Invoking command in '/home/adi/hum_rob_ws/build/four_dof': CMAKE_PREFIX_PATH=/opt/ros/humble /usr/bin/cmake --build /home/adi/hum_rob_ws/build/four_dof -- -j16 -l16
[0.262s] -- Found ament_cmake: 1.3.7 (/opt/ros/humble/share/ament_cmake/cmake)
[0.551s] -- Found geometry_msgs: 4.2.3 (/opt/ros/humble/share/geometry_msgs/cmake)
[0.582s] -- Found rosidl_generator_c: 3.1.5 (/opt/ros/humble/share/rosidl_generator_c/cmake)
[0.584s] -- Found rosidl_adapter: 3.1.5 (/opt/ros/humble/share/rosidl_adapter/cmake)
[0.591s] -- Found rosidl_generator_cpp: 3.1.5 (/opt/ros/humble/share/rosidl_generator_cpp/cmake)
[0.608s] -- Using all available rosidl_typesupport_c: rosidl_typesupport_fastrtps_c;rosidl_typesupport_introspection_c
[0.644s] -- Using all available rosidl_typesupport_cpp: rosidl_typesupport_fastrtps_cpp;rosidl_typesupport_introspection_cpp
[0.749s] -- Found rclcpp: 16.0.8 (/opt/ros/humble/share/rclcpp/cmake)
[0.795s] -- Found rmw_implementation_cmake: 6.1.1 (/opt/ros/humble/share/rmw_implementation_cmake/cmake)
[0.797s] -- Found rmw_fastrtps_cpp: 6.2.6 (/opt/ros/humble/share/rmw_fastrtps_cpp/cmake)
[0.941s] -- Using RMW implementation 'rmw_fastrtps_cpp' as default
[1.048s] -- Found gazebo_ros: 3.7.0 (/opt/ros/humble/share/gazebo_ros/cmake)
[1.091s] -- Found DART: /usr/include (Required is at least version "6.6") found components: dart 
[1.124s] -- Found Protobuf: /usr/lib/x86_64-linux-gnu/libprotobuf.so (found version "3.12.4") 
[1.126s] -- Looking for ignition-math6 -- found version 6.15.1
[1.132s] -- Searching for dependencies of ignition-math6
[1.134s] -- Looking for OGRE...
[1.141s] -- Found Ogre Ghadamon (1.9.0)
[1.141s] -- Found OGRE: optimized;/usr/lib/x86_64-linux-gnu/libOgreMain.so;debug;/usr/lib/x86_64-linux-gnu/libOgreMain.so
[1.149s] -- Looking for OGRE_Paging...
[1.149s] -- Found OGRE_Paging: optimized;/usr/lib/x86_64-linux-gnu/libOgrePaging.so;debug;/usr/lib/x86_64-linux-gnu/libOgrePaging.so
[1.149s] -- Looking for OGRE_Terrain...
[1.149s] -- Found OGRE_Terrain: optimized;/usr/lib/x86_64-linux-gnu/libOgreTerrain.so;debug;/usr/lib/x86_64-linux-gnu/libOgreTerrain.so
[1.150s] -- Looking for OGRE_Property...
[1.150s] -- Found OGRE_Property: optimized;/usr/lib/x86_64-linux-gnu/libOgreProperty.so;debug;/usr/lib/x86_64-linux-gnu/libOgreProperty.so
[1.150s] -- Looking for OGRE_RTShaderSystem...
[1.150s] -- Found OGRE_RTShaderSystem: optimized;/usr/lib/x86_64-linux-gnu/libOgreRTShaderSystem.so;debug;/usr/lib/x86_64-linux-gnu/libOgreRTShaderSystem.so
[1.150s] -- Looking for OGRE_Volume...
[1.150s] -- Found OGRE_Volume: optimized;/usr/lib/x86_64-linux-gnu/libOgreVolume.so;debug;/usr/lib/x86_64-linux-gnu/libOgreVolume.so
[1.150s] -- Looking for OGRE_Overlay...
[1.150s] -- Found OGRE_Overlay: optimized;/usr/lib/x86_64-linux-gnu/libOgreOverlay.so;debug;/usr/lib/x86_64-linux-gnu/libOgreOverlay.so
[1.249s] -- Looking for ignition-math6 -- found version 6.15.1
[1.250s] -- Looking for ignition-transport8 -- found version 8.2.1
[1.250s] -- Searching for dependencies of ignition-transport8
[1.277s] -- Found Protobuf: /usr/lib/x86_64-linux-gnu/libprotobuf.so (found suitable version "3.12.4", minimum required is "3") 
[1.291s] -- Config-file not installed for ZeroMQ -- checking for pkg-config
[1.299s] -- Checking for module 'libzmq >= 4'
[1.323s] --   Found libzmq , version 4.3.4
[1.417s] -- Checking for module 'uuid'
[1.438s] --   Found uuid, version 2.37.2
[1.504s] -- Looking for ignition-msgs5 -- found version 5.8.1
[1.505s] -- Searching for dependencies of ignition-msgs5
[1.529s] -- Looking for ignition-math6 -- found version 6.15.1
[1.535s] -- Checking for module 'tinyxml2'
[1.553s] --   Found tinyxml2, version 9.0.0
[1.614s] -- Looking for ignition-msgs5 -- found version 5.8.1
[1.616s] -- Looking for ignition-common3 -- found version 3.14.0
[1.617s] -- Searching for dependencies of ignition-common3
[1.617s] -- Looking for dlfcn.h - found
[1.617s] -- Looking for libdl - found
[1.634s] -- Searching for <ignition-common3> component [graphics]
[1.634s] -- Looking for ignition-common3-graphics -- found version 3.14.0
[1.635s] -- Searching for dependencies of ignition-common3-graphics
[1.635s] -- Looking for ignition-math6 -- found version 6.15.1
[1.636s] -- Looking for ignition-fuel_tools4 -- found version 4.4.0
[1.637s] -- Searching for dependencies of ignition-fuel_tools4
[1.686s] -- Checking for module 'jsoncpp'
[1.705s] --   Found jsoncpp, version 1.9.5
[1.763s] -- Checking for module 'libzip'
[1.784s] --   Found libzip, version 1.7.3
[1.833s] -- Looking for ignition-common3 -- found version 3.14.0
[1.833s] -- Looking for ignition-math6 -- found version 6.15.1
[1.834s] -- Looking for ignition-msgs5 -- found version 5.8.1
[1.836s] -- Gazebo version: 11.10
[1.840s] -- Found sensor_msgs: 4.2.3 (/opt/ros/humble/share/sensor_msgs/cmake)
[1.910s] -- Found ament_lint_auto: 0.12.10 (/opt/ros/humble/share/ament_lint_auto/cmake)
[2.019s] -- Added test 'cppcheck' to perform static code analysis on C / C++ code
[2.020s] -- Configured cppcheck include dirs: 
[2.020s] -- Configured cppcheck exclude dirs and/or files: 
[2.020s] -- Added test 'flake8' to check Python code syntax and style conventions
[2.020s] -- Added test 'lint_cmake' to check CMake code style
[2.021s] -- Added test 'pep257' to check Python code against some of the docstring style conventions in PEP 257
[2.023s] -- Added test 'uncrustify' to check C / C++ code style
[2.023s] -- Configured uncrustify additional arguments: 
[2.023s] -- Added test 'xmllint' to check XML markup files
[2.025s] -- Configuring done
[2.038s] -- Generating done
[2.040s] -- Build files have been written to: /home/adi/hum_rob_ws/build/four_dof
[2.070s] [35m[1mConsolidate compiler generated dependencies of target joint_state_pub_node[0m
[2.091s] [100%] Built target joint_state_pub_node
[2.103s] Invoked command in '/home/adi/hum_rob_ws/build/four_dof' returned '0': CMAKE_PREFIX_PATH=/opt/ros/humble /usr/bin/cmake --build /home/adi/hum_rob_ws/build/four_dof -- -j16 -l16
[2.140s] Invoking command in '/home/adi/hum_rob_ws/build/four_dof': CMAKE_PREFIX_PATH=/opt/ros/humble /usr/bin/cmake --install /home/adi/hum_rob_ws/build/four_dof
[2.148s] -- Install configuration: ""
[2.148s] -- Up-to-date: /home/adi/hum_rob_ws/install/four_dof/share/four_dof//urdf
[2.148s] -- Up-to-date: /home/adi/hum_rob_ws/install/four_dof/share/four_dof//urdf/draft2.urdf
[2.148s] -- Up-to-date: /home/adi/hum_rob_ws/install/four_dof/share/four_dof//urdf/rrbot.gazebo
[2.148s] -- Up-to-date: /home/adi/hum_rob_ws/install/four_dof/share/four_dof//rviz
[2.148s] -- Up-to-date: /home/adi/hum_rob_ws/install/four_dof/share/four_dof//rviz/placeholder.txt
[2.148s] -- Up-to-date: /home/adi/hum_rob_ws/install/four_dof/share/four_dof//rviz/modified_4_dof.rviz
[2.149s] -- Up-to-date: /home/adi/hum_rob_ws/install/four_dof/share/four_dof//launch
[2.149s] -- Up-to-date: /home/adi/hum_rob_ws/install/four_dof/share/four_dof//launch/urdf_viz.launch.py
[2.149s] -- Up-to-date: /home/adi/hum_rob_ws/install/four_dof/share/four_dof//launch/spawn.launch.py
[2.149s] -- Up-to-date: /home/adi/hum_rob_ws/install/four_dof/share/four_dof//launch/empty_world.launch.py
[2.149s] -- Up-to-date: /home/adi/hum_rob_ws/install/four_dof/share/four_dof//meshes
[2.149s] -- Up-to-date: /home/adi/hum_rob_ws/install/four_dof/share/four_dof//meshes/draft1
[2.149s] -- Up-to-date: /home/adi/hum_rob_ws/install/four_dof/share/four_dof//meshes/draft1/right_front_knee_link.stl
[2.149s] -- Up-to-date: /home/adi/hum_rob_ws/install/four_dof/share/four_dof//meshes/draft1/right_front_thigh_link.stl
[2.149s] -- Up-to-date: /home/adi/hum_rob_ws/install/four_dof/share/four_dof//meshes/draft1/left_foot.stl
[2.149s] -- Up-to-date: /home/adi/hum_rob_ws/install/four_dof/share/four_dof//meshes/draft1/left_front_knee_link.stl
[2.150s] -- Up-to-date: /home/adi/hum_rob_ws/install/four_dof/share/four_dof//meshes/draft1/body_for_Sym.stl
[2.150s] -- Up-to-date: /home/adi/hum_rob_ws/install/four_dof/share/four_dof//meshes/draft1/right_foot.stl
[2.150s] -- Up-to-date: /home/adi/hum_rob_ws/install/four_dof/share/four_dof//meshes/draft2
[2.150s] -- Up-to-date: /home/adi/hum_rob_ws/install/four_dof/share/four_dof//meshes/draft2/right_front_knee_link.stl
[2.150s] -- Up-to-date: /home/adi/hum_rob_ws/install/four_dof/share/four_dof//meshes/draft2/left_front_thigh_link.stl
[2.150s] -- Up-to-date: /home/adi/hum_rob_ws/install/four_dof/share/four_dof//meshes/draft2/right_front_thigh_link.stl
[2.150s] -- Up-to-date: /home/adi/hum_rob_ws/install/four_dof/share/four_dof//meshes/draft2/left_foot.stl
[2.150s] -- Up-to-date: /home/adi/hum_rob_ws/install/four_dof/share/four_dof//meshes/draft2/left_front_knee_link.stl
[2.150s] -- Up-to-date: /home/adi/hum_rob_ws/install/four_dof/share/four_dof//meshes/draft2/body_for_Sym.stl
[2.150s] -- Up-to-date: /home/adi/hum_rob_ws/install/four_dof/share/four_dof//meshes/draft2/right_foot.stl
[2.150s] -- Up-to-date: /home/adi/hum_rob_ws/install/four_dof/lib/four_dof/joint_state_pub_node
[2.150s] -- Up-to-date: /home/adi/hum_rob_ws/install/four_dof/share/ament_index/resource_index/package_run_dependencies/four_dof
[2.150s] -- Installing: /home/adi/hum_rob_ws/install/four_dof/share/ament_index/resource_index/parent_prefix_path/four_dof
[2.150s] -- Up-to-date: /home/adi/hum_rob_ws/install/four_dof/share/four_dof/environment/ament_prefix_path.sh
[2.150s] -- Installing: /home/adi/hum_rob_ws/install/four_dof/share/four_dof/environment/ament_prefix_path.dsv
[2.150s] -- Up-to-date: /home/adi/hum_rob_ws/install/four_dof/share/four_dof/environment/path.sh
[2.151s] -- Installing: /home/adi/hum_rob_ws/install/four_dof/share/four_dof/environment/path.dsv
[2.151s] -- Up-to-date: /home/adi/hum_rob_ws/install/four_dof/share/four_dof/local_setup.bash
[2.151s] -- Up-to-date: /home/adi/hum_rob_ws/install/four_dof/share/four_dof/local_setup.sh
[2.151s] -- Up-to-date: /home/adi/hum_rob_ws/install/four_dof/share/four_dof/local_setup.zsh
[2.151s] -- Installing: /home/adi/hum_rob_ws/install/four_dof/share/four_dof/local_setup.dsv
[2.151s] -- Installing: /home/adi/hum_rob_ws/install/four_dof/share/four_dof/package.dsv
[2.151s] -- Up-to-date: /home/adi/hum_rob_ws/install/four_dof/share/ament_index/resource_index/packages/four_dof
[2.151s] -- Up-to-date: /home/adi/hum_rob_ws/install/four_dof/share/four_dof/cmake/four_dofConfig.cmake
[2.151s] -- Up-to-date: /home/adi/hum_rob_ws/install/four_dof/share/four_dof/cmake/four_dofConfig-version.cmake
[2.151s] -- Up-to-date: /home/adi/hum_rob_ws/install/four_dof/share/four_dof/package.xml
[2.153s] Invoked command in '/home/adi/hum_rob_ws/build/four_dof' returned '0': CMAKE_PREFIX_PATH=/opt/ros/humble /usr/bin/cmake --install /home/adi/hum_rob_ws/build/four_dof
