[0.069s] Invoking command in '/home/adi/hum_rob_ws/build/four_dof': CMAKE_PREFIX_PATH=/opt/ros/humble /usr/bin/cmake --build /home/adi/hum_rob_ws/build/four_dof -- -j16 -l16
[0.108s] -- Found ament_cmake: 1.3.5 (/opt/ros/humble/share/ament_cmake/cmake)
[0.267s] -- Found geometry_msgs: 4.2.3 (/opt/ros/humble/share/geometry_msgs/cmake)
[0.296s] -- Found rosidl_generator_c: 3.1.5 (/opt/ros/humble/share/rosidl_generator_c/cmake)
[0.298s] -- Found rosidl_adapter: 3.1.5 (/opt/ros/humble/share/rosidl_adapter/cmake)
[0.303s] -- Found rosidl_generator_cpp: 3.1.5 (/opt/ros/humble/share/rosidl_generator_cpp/cmake)
[0.312s] -- Using all available rosidl_typesupport_c: rosidl_typesupport_fastrtps_c;rosidl_typesupport_introspection_c
[0.325s] -- Using all available rosidl_typesupport_cpp: rosidl_typesupport_fastrtps_cpp;rosidl_typesupport_introspection_cpp
[0.423s] -- Found rclcpp: 16.0.6 (/opt/ros/humble/share/rclcpp/cmake)
[0.463s] -- Found rmw_implementation_cmake: 6.1.1 (/opt/ros/humble/share/rmw_implementation_cmake/cmake)
[0.464s] -- Found rmw_fastrtps_cpp: 6.2.4 (/opt/ros/humble/share/rmw_fastrtps_cpp/cmake)
[0.602s] -- Using RMW implementation 'rmw_fastrtps_cpp' as default
[0.710s] -- Found xacro: 2.0.8 (/opt/ros/humble/share/xacro/cmake)
[0.710s] -- Found gazebo_ros: 3.7.0 (/opt/ros/humble/share/gazebo_ros/cmake)
[0.746s] -- Found DART: /usr/include (Required is at least version "6.6") found components: dart 
[0.779s] -- Found Protobuf: /usr/lib/x86_64-linux-gnu/libprotobuf.so (found version "3.12.4") 
[0.781s] -- Looking for ignition-math6 -- found version 6.15.0
[0.785s] -- Searching for dependencies of ignition-math6
[0.786s] -- Looking for OGRE...
[0.794s] -- Found Ogre Ghadamon (1.9.0)
[0.794s] -- Found OGRE: optimized;/usr/lib/x86_64-linux-gnu/libOgreMain.so;debug;/usr/lib/x86_64-linux-gnu/libOgreMain.so
[0.802s] -- Looking for OGRE_Paging...
[0.802s] -- Found OGRE_Paging: optimized;/usr/lib/x86_64-linux-gnu/libOgrePaging.so;debug;/usr/lib/x86_64-linux-gnu/libOgrePaging.so
[0.802s] -- Looking for OGRE_Terrain...
[0.802s] -- Found OGRE_Terrain: optimized;/usr/lib/x86_64-linux-gnu/libOgreTerrain.so;debug;/usr/lib/x86_64-linux-gnu/libOgreTerrain.so
[0.802s] -- Looking for OGRE_Property...
[0.802s] -- Found OGRE_Property: optimized;/usr/lib/x86_64-linux-gnu/libOgreProperty.so;debug;/usr/lib/x86_64-linux-gnu/libOgreProperty.so
[0.802s] -- Looking for OGRE_RTShaderSystem...
[0.802s] -- Found OGRE_RTShaderSystem: optimized;/usr/lib/x86_64-linux-gnu/libOgreRTShaderSystem.so;debug;/usr/lib/x86_64-linux-gnu/libOgreRTShaderSystem.so
[0.803s] -- Looking for OGRE_Volume...
[0.803s] -- Found OGRE_Volume: optimized;/usr/lib/x86_64-linux-gnu/libOgreVolume.so;debug;/usr/lib/x86_64-linux-gnu/libOgreVolume.so
[0.803s] -- Looking for OGRE_Overlay...
[0.803s] -- Found OGRE_Overlay: optimized;/usr/lib/x86_64-linux-gnu/libOgreOverlay.so;debug;/usr/lib/x86_64-linux-gnu/libOgreOverlay.so
[0.918s] -- Looking for ignition-math6 -- found version 6.15.0
[0.918s] -- Looking for ignition-transport8 -- found version 8.2.1
[0.918s] -- Searching for dependencies of ignition-transport8
[0.945s] -- Found Protobuf: /usr/lib/x86_64-linux-gnu/libprotobuf.so (found suitable version "3.12.4", minimum required is "3") 
[0.959s] -- Config-file not installed for ZeroMQ -- checking for pkg-config
[0.966s] -- Checking for module 'libzmq >= 4'
[0.988s] --   Found libzmq , version 4.3.4
[1.053s] -- Checking for module 'uuid'
[1.074s] --   Found uuid, version 2.37.2
[1.127s] -- Looking for ignition-msgs5 -- found version 5.8.1
[1.127s] -- Searching for dependencies of ignition-msgs5
[1.152s] -- Looking for ignition-math6 -- found version 6.15.0
[1.163s] -- Checking for module 'tinyxml2'
[1.187s] --   Found tinyxml2, version 9.0.0
[1.261s] -- Looking for ignition-msgs5 -- found version 5.8.1
[1.261s] -- Looking for ignition-common3 -- found version 3.14.0
[1.261s] -- Searching for dependencies of ignition-common3
[1.261s] -- Looking for dlfcn.h - found
[1.261s] -- Looking for libdl - found
[1.278s] -- Searching for <ignition-common3> component [graphics]
[1.278s] -- Looking for ignition-common3-graphics -- found version 3.14.0
[1.279s] -- Searching for dependencies of ignition-common3-graphics
[1.279s] -- Looking for ignition-math6 -- found version 6.15.0
[1.281s] -- Looking for ignition-fuel_tools4 -- found version 4.4.0
[1.281s] -- Searching for dependencies of ignition-fuel_tools4
[1.339s] -- Checking for module 'jsoncpp'
[1.361s] --   Found jsoncpp, version 1.9.5
[1.435s] -- Checking for module 'libzip'
[1.462s] --   Found libzip, version 1.7.3
[1.521s] -- Looking for ignition-common3 -- found version 3.14.0
[1.521s] -- Looking for ignition-math6 -- found version 6.15.0
[1.521s] -- Looking for ignition-msgs5 -- found version 5.8.1
[1.523s] -- Gazebo version: 11.10
[1.527s] -- Found ament_lint_auto: 0.12.8 (/opt/ros/humble/share/ament_lint_auto/cmake)
[1.587s] -- Added test 'flake8' to check Python code syntax and style conventions
[1.587s] -- Added test 'lint_cmake' to check CMake code style
[1.588s] -- Added test 'pep257' to check Python code against some of the docstring style conventions in PEP 257
[1.590s] -- Added test 'xmllint' to check XML markup files
[1.590s] -- Configuring done
[1.597s] -- Generating done
[1.599s] -- Build files have been written to: /home/adi/hum_rob_ws/build/four_dof
[1.632s] Invoked command in '/home/adi/hum_rob_ws/build/four_dof' returned '0': CMAKE_PREFIX_PATH=/opt/ros/humble /usr/bin/cmake --build /home/adi/hum_rob_ws/build/four_dof -- -j16 -l16
[1.667s] Invoking command in '/home/adi/hum_rob_ws/build/four_dof': CMAKE_PREFIX_PATH=/opt/ros/humble /usr/bin/cmake --install /home/adi/hum_rob_ws/build/four_dof
[1.674s] -- Install configuration: ""
[1.674s] -- Up-to-date: /home/adi/hum_rob_ws/install/four_dof/share/four_dof//urdf
[1.675s] -- Up-to-date: /home/adi/hum_rob_ws/install/four_dof/share/four_dof//urdf/draft2.urdf
[1.675s] -- Up-to-date: /home/adi/hum_rob_ws/install/four_dof/share/four_dof//urdf/draft.urdf
[1.675s] -- Up-to-date: /home/adi/hum_rob_ws/install/four_dof/share/four_dof//rviz
[1.675s] -- Up-to-date: /home/adi/hum_rob_ws/install/four_dof/share/four_dof//rviz/placeholder.txt
[1.675s] -- Up-to-date: /home/adi/hum_rob_ws/install/four_dof/share/four_dof//rviz/modified_4_dof.rviz
[1.675s] -- Up-to-date: /home/adi/hum_rob_ws/install/four_dof/share/four_dof//launch
[1.675s] -- Up-to-date: /home/adi/hum_rob_ws/install/four_dof/share/four_dof//launch/urdf_viz.launch.py
[1.675s] -- Up-to-date: /home/adi/hum_rob_ws/install/four_dof/share/four_dof//launch/spawn.launch.py
[1.675s] -- Up-to-date: /home/adi/hum_rob_ws/install/four_dof/share/four_dof//launch/empty_world.launch.py
[1.676s] -- Up-to-date: /home/adi/hum_rob_ws/install/four_dof/share/four_dof//meshes
[1.676s] -- Up-to-date: /home/adi/hum_rob_ws/install/four_dof/share/four_dof//meshes/draft1
[1.676s] -- Up-to-date: /home/adi/hum_rob_ws/install/four_dof/share/four_dof//meshes/draft1/right_front_knee_link.stl
[1.676s] -- Up-to-date: /home/adi/hum_rob_ws/install/four_dof/share/four_dof//meshes/draft1/right_front_thigh_link.stl
[1.676s] -- Up-to-date: /home/adi/hum_rob_ws/install/four_dof/share/four_dof//meshes/draft1/left_foot.stl
[1.676s] -- Up-to-date: /home/adi/hum_rob_ws/install/four_dof/share/four_dof//meshes/draft1/left_front_knee_link.stl
[1.676s] -- Up-to-date: /home/adi/hum_rob_ws/install/four_dof/share/four_dof//meshes/draft1/body_for_Sym.stl
[1.676s] -- Up-to-date: /home/adi/hum_rob_ws/install/four_dof/share/four_dof//meshes/draft1/right_foot.stl
[1.676s] -- Up-to-date: /home/adi/hum_rob_ws/install/four_dof/share/four_dof//meshes/draft2
[1.676s] -- Up-to-date: /home/adi/hum_rob_ws/install/four_dof/share/four_dof//meshes/draft2/right_front_knee_link.stl
[1.676s] -- Up-to-date: /home/adi/hum_rob_ws/install/four_dof/share/four_dof//meshes/draft2/left_front_thigh_link.stl
[1.676s] -- Up-to-date: /home/adi/hum_rob_ws/install/four_dof/share/four_dof//meshes/draft2/right_front_thigh_link.stl
[1.676s] -- Up-to-date: /home/adi/hum_rob_ws/install/four_dof/share/four_dof//meshes/draft2/left_foot.stl
[1.676s] -- Up-to-date: /home/adi/hum_rob_ws/install/four_dof/share/four_dof//meshes/draft2/left_front_knee_link.stl
[1.676s] -- Up-to-date: /home/adi/hum_rob_ws/install/four_dof/share/four_dof//meshes/draft2/body_for_Sym.stl
[1.676s] -- Up-to-date: /home/adi/hum_rob_ws/install/four_dof/share/four_dof//meshes/draft2/right_foot.stl
[1.676s] -- Up-to-date: /home/adi/hum_rob_ws/install/four_dof/share/ament_index/resource_index/package_run_dependencies/four_dof
[1.676s] -- Up-to-date: /home/adi/hum_rob_ws/install/four_dof/share/ament_index/resource_index/parent_prefix_path/four_dof
[1.677s] -- Up-to-date: /home/adi/hum_rob_ws/install/four_dof/share/four_dof/environment/ament_prefix_path.sh
[1.677s] -- Installing: /home/adi/hum_rob_ws/install/four_dof/share/four_dof/environment/ament_prefix_path.dsv
[1.677s] -- Up-to-date: /home/adi/hum_rob_ws/install/four_dof/share/four_dof/environment/path.sh
[1.677s] -- Installing: /home/adi/hum_rob_ws/install/four_dof/share/four_dof/environment/path.dsv
[1.677s] -- Up-to-date: /home/adi/hum_rob_ws/install/four_dof/share/four_dof/local_setup.bash
[1.677s] -- Up-to-date: /home/adi/hum_rob_ws/install/four_dof/share/four_dof/local_setup.sh
[1.677s] -- Up-to-date: /home/adi/hum_rob_ws/install/four_dof/share/four_dof/local_setup.zsh
[1.677s] -- Installing: /home/adi/hum_rob_ws/install/four_dof/share/four_dof/local_setup.dsv
[1.677s] -- Installing: /home/adi/hum_rob_ws/install/four_dof/share/four_dof/package.dsv
[1.677s] -- Up-to-date: /home/adi/hum_rob_ws/install/four_dof/share/ament_index/resource_index/packages/four_dof
[1.677s] -- Up-to-date: /home/adi/hum_rob_ws/install/four_dof/share/four_dof/cmake/four_dofConfig.cmake
[1.677s] -- Up-to-date: /home/adi/hum_rob_ws/install/four_dof/share/four_dof/cmake/four_dofConfig-version.cmake
[1.677s] -- Up-to-date: /home/adi/hum_rob_ws/install/four_dof/share/four_dof/package.xml
[1.678s] Invoked command in '/home/adi/hum_rob_ws/build/four_dof' returned '0': CMAKE_PREFIX_PATH=/opt/ros/humble /usr/bin/cmake --install /home/adi/hum_rob_ws/build/four_dof
