[0.163s] DEBUG:colcon:Command line arguments: ['/usr/bin/colcon', 'build']
[0.163s] DEBUG:colcon:Parsed command line arguments: Namespace(log_base=None, log_level=None, verb_name='build', build_base='build', install_base='install', merge_install=False, symlink_install=False, test_result_base=None, continue_on_error=False, executor='parallel', parallel_workers=16, event_handlers=None, ignore_user_meta=False, metas=['./colcon.meta'], base_paths=['.'], packages_ignore=None, packages_ignore_regex=None, paths=None, packages_up_to=None, packages_up_to_regex=None, packages_above=None, packages_above_and_dependencies=None, packages_above_depth=None, packages_select_by_dep=None, packages_skip_by_dep=None, packages_skip_up_to=None, packages_select_build_failed=False, packages_skip_build_finished=False, packages_select_test_failures=False, packages_skip_test_passed=False, packages_select=None, packages_skip=None, packages_select_regex=None, packages_skip_regex=None, packages_start=None, packages_end=None, allow_overriding=[], cmake_args=None, cmake_target=None, cmake_target_skip_unavailable=False, cmake_clean_cache=False, cmake_clean_first=False, cmake_force_configure=False, ament_cmake_args=None, catkin_cmake_args=None, catkin_skip_building_tests=False, verb_parser=<colcon_defaults.argument_parser.defaults.DefaultArgumentsDecorator object at 0x7299fd2f1150>, verb_extension=<colcon_core.verb.build.BuildVerb object at 0x7299fd2b4400>, main=<bound method BuildVerb.main of <colcon_core.verb.build.BuildVerb object at 0x7299fd2b4400>>)
[0.204s] Level 1:colcon.colcon_core.package_discovery:discover_packages(colcon_meta) check parameters
[0.204s] Level 1:colcon.colcon_core.package_discovery:discover_packages(recursive) check parameters
[0.204s] Level 1:colcon.colcon_core.package_discovery:discover_packages(ignore) check parameters
[0.204s] Level 1:colcon.colcon_core.package_discovery:discover_packages(path) check parameters
[0.204s] Level 1:colcon.colcon_core.package_discovery:discover_packages(colcon_meta) discover
[0.204s] Level 1:colcon.colcon_core.package_discovery:discover_packages(recursive) discover
[0.204s] INFO:colcon.colcon_core.package_discovery:Crawling recursively for packages in '/home/adi/hum_rob_ws'
[0.204s] Level 1:colcon.colcon_core.package_identification:_identify(.) by extensions ['ignore', 'ignore_ament_install']
[0.204s] Level 1:colcon.colcon_core.package_identification:_identify(.) by extension 'ignore'
[0.204s] Level 1:colcon.colcon_core.package_identification:_identify(.) by extension 'ignore_ament_install'
[0.204s] Level 1:colcon.colcon_core.package_identification:_identify(.) by extensions ['colcon_pkg']
[0.204s] Level 1:colcon.colcon_core.package_identification:_identify(.) by extension 'colcon_pkg'
[0.204s] Level 1:colcon.colcon_core.package_identification:_identify(.) by extensions ['colcon_meta']
[0.204s] Level 1:colcon.colcon_core.package_identification:_identify(.) by extension 'colcon_meta'
[0.204s] Level 1:colcon.colcon_core.package_identification:_identify(.) by extensions ['ros']
[0.204s] Level 1:colcon.colcon_core.package_identification:_identify(.) by extension 'ros'
[0.220s] Level 1:colcon.colcon_core.package_identification:_identify(.) by extensions ['cmake', 'python']
[0.220s] Level 1:colcon.colcon_core.package_identification:_identify(.) by extension 'cmake'
[0.220s] Level 1:colcon.colcon_core.package_identification:_identify(.) by extension 'python'
[0.220s] Level 1:colcon.colcon_core.package_identification:_identify(.) by extensions ['python_setup_py']
[0.220s] Level 1:colcon.colcon_core.package_identification:_identify(.) by extension 'python_setup_py'
[0.220s] Level 1:colcon.colcon_core.package_identification:_identify(build) by extensions ['ignore', 'ignore_ament_install']
[0.220s] Level 1:colcon.colcon_core.package_identification:_identify(build) by extension 'ignore'
[0.220s] Level 1:colcon.colcon_core.package_identification:_identify(build) ignored
[0.220s] Level 1:colcon.colcon_core.package_identification:_identify(install) by extensions ['ignore', 'ignore_ament_install']
[0.220s] Level 1:colcon.colcon_core.package_identification:_identify(install) by extension 'ignore'
[0.220s] Level 1:colcon.colcon_core.package_identification:_identify(install) ignored
[0.221s] Level 1:colcon.colcon_core.package_identification:_identify(log) by extensions ['ignore', 'ignore_ament_install']
[0.221s] Level 1:colcon.colcon_core.package_identification:_identify(log) by extension 'ignore'
[0.221s] Level 1:colcon.colcon_core.package_identification:_identify(log) ignored
[0.222s] Level 1:colcon.colcon_core.package_identification:_identify(src) by extensions ['ignore', 'ignore_ament_install']
[0.222s] Level 1:colcon.colcon_core.package_identification:_identify(src) by extension 'ignore'
[0.222s] Level 1:colcon.colcon_core.package_identification:_identify(src) by extension 'ignore_ament_install'
[0.222s] Level 1:colcon.colcon_core.package_identification:_identify(src) by extensions ['colcon_pkg']
[0.222s] Level 1:colcon.colcon_core.package_identification:_identify(src) by extension 'colcon_pkg'
[0.222s] Level 1:colcon.colcon_core.package_identification:_identify(src) by extensions ['colcon_meta']
[0.222s] Level 1:colcon.colcon_core.package_identification:_identify(src) by extension 'colcon_meta'
[0.222s] Level 1:colcon.colcon_core.package_identification:_identify(src) by extensions ['ros']
[0.222s] Level 1:colcon.colcon_core.package_identification:_identify(src) by extension 'ros'
[0.222s] Level 1:colcon.colcon_core.package_identification:_identify(src) by extensions ['cmake', 'python']
[0.222s] Level 1:colcon.colcon_core.package_identification:_identify(src) by extension 'cmake'
[0.222s] Level 1:colcon.colcon_core.package_identification:_identify(src) by extension 'python'
[0.222s] Level 1:colcon.colcon_core.package_identification:_identify(src) by extensions ['python_setup_py']
[0.222s] Level 1:colcon.colcon_core.package_identification:_identify(src) by extension 'python_setup_py'
[0.222s] Level 1:colcon.colcon_core.package_identification:_identify(src/build) by extensions ['ignore', 'ignore_ament_install']
[0.222s] Level 1:colcon.colcon_core.package_identification:_identify(src/build) by extension 'ignore'
[0.222s] Level 1:colcon.colcon_core.package_identification:_identify(src/build) ignored
[0.222s] Level 1:colcon.colcon_core.package_identification:_identify(src/four_dof) by extensions ['ignore', 'ignore_ament_install']
[0.223s] Level 1:colcon.colcon_core.package_identification:_identify(src/four_dof) by extension 'ignore'
[0.223s] Level 1:colcon.colcon_core.package_identification:_identify(src/four_dof) by extension 'ignore_ament_install'
[0.223s] Level 1:colcon.colcon_core.package_identification:_identify(src/four_dof) by extensions ['colcon_pkg']
[0.223s] Level 1:colcon.colcon_core.package_identification:_identify(src/four_dof) by extension 'colcon_pkg'
[0.223s] Level 1:colcon.colcon_core.package_identification:_identify(src/four_dof) by extensions ['colcon_meta']
[0.223s] Level 1:colcon.colcon_core.package_identification:_identify(src/four_dof) by extension 'colcon_meta'
[0.223s] Level 1:colcon.colcon_core.package_identification:_identify(src/four_dof) by extensions ['ros']
[0.223s] Level 1:colcon.colcon_core.package_identification:_identify(src/four_dof) by extension 'ros'
[0.226s] DEBUG:colcon.colcon_core.package_identification:Package 'src/four_dof' with type 'ros.ament_cmake' and name 'four_dof'
[0.226s] Level 1:colcon.colcon_core.package_identification:_identify(src/four_dof_bringup) by extensions ['ignore', 'ignore_ament_install']
[0.226s] Level 1:colcon.colcon_core.package_identification:_identify(src/four_dof_bringup) by extension 'ignore'
[0.226s] Level 1:colcon.colcon_core.package_identification:_identify(src/four_dof_bringup) by extension 'ignore_ament_install'
[0.226s] Level 1:colcon.colcon_core.package_identification:_identify(src/four_dof_bringup) by extensions ['colcon_pkg']
[0.226s] Level 1:colcon.colcon_core.package_identification:_identify(src/four_dof_bringup) by extension 'colcon_pkg'
[0.226s] Level 1:colcon.colcon_core.package_identification:_identify(src/four_dof_bringup) by extensions ['colcon_meta']
[0.226s] Level 1:colcon.colcon_core.package_identification:_identify(src/four_dof_bringup) by extension 'colcon_meta'
[0.226s] Level 1:colcon.colcon_core.package_identification:_identify(src/four_dof_bringup) by extensions ['ros']
[0.226s] Level 1:colcon.colcon_core.package_identification:_identify(src/four_dof_bringup) by extension 'ros'
[0.227s] DEBUG:colcon.colcon_core.package_identification:Package 'src/four_dof_bringup' with type 'ros.ament_cmake' and name 'four_dof_bringup'
[0.227s] Level 1:colcon.colcon_core.package_identification:_identify(src/install) by extensions ['ignore', 'ignore_ament_install']
[0.227s] Level 1:colcon.colcon_core.package_identification:_identify(src/install) by extension 'ignore'
[0.227s] Level 1:colcon.colcon_core.package_identification:_identify(src/install) ignored
[0.227s] Level 1:colcon.colcon_core.package_identification:_identify(src/log) by extensions ['ignore', 'ignore_ament_install']
[0.227s] Level 1:colcon.colcon_core.package_identification:_identify(src/log) by extension 'ignore'
[0.227s] Level 1:colcon.colcon_core.package_identification:_identify(src/log) ignored
[0.228s] Level 1:colcon.colcon_core.package_identification:_identify(src/six_dof) by extensions ['ignore', 'ignore_ament_install']
[0.228s] Level 1:colcon.colcon_core.package_identification:_identify(src/six_dof) by extension 'ignore'
[0.228s] Level 1:colcon.colcon_core.package_identification:_identify(src/six_dof) by extension 'ignore_ament_install'
[0.228s] Level 1:colcon.colcon_core.package_identification:_identify(src/six_dof) by extensions ['colcon_pkg']
[0.228s] Level 1:colcon.colcon_core.package_identification:_identify(src/six_dof) by extension 'colcon_pkg'
[0.228s] Level 1:colcon.colcon_core.package_identification:_identify(src/six_dof) by extensions ['colcon_meta']
[0.228s] Level 1:colcon.colcon_core.package_identification:_identify(src/six_dof) by extension 'colcon_meta'
[0.228s] Level 1:colcon.colcon_core.package_identification:_identify(src/six_dof) by extensions ['ros']
[0.228s] Level 1:colcon.colcon_core.package_identification:_identify(src/six_dof) by extension 'ros'
[0.229s] DEBUG:colcon.colcon_core.package_identification:Package 'src/six_dof' with type 'ros.ament_cmake' and name 'six_dof'
[0.229s] Level 1:colcon.colcon_core.package_identification:_identify(src/six_dof_bringup) by extensions ['ignore', 'ignore_ament_install']
[0.229s] Level 1:colcon.colcon_core.package_identification:_identify(src/six_dof_bringup) by extension 'ignore'
[0.229s] Level 1:colcon.colcon_core.package_identification:_identify(src/six_dof_bringup) by extension 'ignore_ament_install'
[0.229s] Level 1:colcon.colcon_core.package_identification:_identify(src/six_dof_bringup) by extensions ['colcon_pkg']
[0.229s] Level 1:colcon.colcon_core.package_identification:_identify(src/six_dof_bringup) by extension 'colcon_pkg'
[0.229s] Level 1:colcon.colcon_core.package_identification:_identify(src/six_dof_bringup) by extensions ['colcon_meta']
[0.229s] Level 1:colcon.colcon_core.package_identification:_identify(src/six_dof_bringup) by extension 'colcon_meta'
[0.229s] Level 1:colcon.colcon_core.package_identification:_identify(src/six_dof_bringup) by extensions ['ros']
[0.229s] Level 1:colcon.colcon_core.package_identification:_identify(src/six_dof_bringup) by extension 'ros'
[0.230s] DEBUG:colcon.colcon_core.package_identification:Package 'src/six_dof_bringup' with type 'ros.ament_cmake' and name 'six_dof_bringup'
[0.230s] Level 1:colcon.colcon_core.package_discovery:discover_packages(recursive) using defaults
[0.230s] Level 1:colcon.colcon_core.package_discovery:discover_packages(ignore) discover
[0.230s] Level 1:colcon.colcon_core.package_discovery:discover_packages(ignore) using defaults
[0.230s] Level 1:colcon.colcon_core.package_discovery:discover_packages(path) discover
[0.230s] Level 1:colcon.colcon_core.package_discovery:discover_packages(path) using defaults
[0.252s] Level 1:colcon.colcon_core.package_discovery:discover_packages(prefix_path) check parameters
[0.252s] Level 1:colcon.colcon_core.package_discovery:discover_packages(prefix_path) discover
[0.254s] DEBUG:colcon.colcon_installed_package_information.package_discovery:Found 4 installed packages in /home/adi/hum_rob_ws/install
[0.256s] DEBUG:colcon.colcon_installed_package_information.package_discovery:Found 384 installed packages in /opt/ros/humble
[0.258s] Level 1:colcon.colcon_core.package_discovery:discover_packages(prefix_path) using defaults
[0.306s] Level 5:colcon.colcon_core.verb:set package 'four_dof' build argument 'cmake_args' from command line to 'None'
[0.306s] Level 5:colcon.colcon_core.verb:set package 'four_dof' build argument 'cmake_target' from command line to 'None'
[0.306s] Level 5:colcon.colcon_core.verb:set package 'four_dof' build argument 'cmake_target_skip_unavailable' from command line to 'False'
[0.306s] Level 5:colcon.colcon_core.verb:set package 'four_dof' build argument 'cmake_clean_cache' from command line to 'False'
[0.306s] Level 5:colcon.colcon_core.verb:set package 'four_dof' build argument 'cmake_clean_first' from command line to 'False'
[0.306s] Level 5:colcon.colcon_core.verb:set package 'four_dof' build argument 'cmake_force_configure' from command line to 'False'
[0.306s] Level 5:colcon.colcon_core.verb:set package 'four_dof' build argument 'ament_cmake_args' from command line to 'None'
[0.306s] Level 5:colcon.colcon_core.verb:set package 'four_dof' build argument 'catkin_cmake_args' from command line to 'None'
[0.306s] Level 5:colcon.colcon_core.verb:set package 'four_dof' build argument 'catkin_skip_building_tests' from command line to 'False'
[0.306s] DEBUG:colcon.colcon_core.verb:Building package 'four_dof' with the following arguments: {'ament_cmake_args': None, 'build_base': '/home/adi/hum_rob_ws/build/four_dof', 'catkin_cmake_args': None, 'catkin_skip_building_tests': False, 'cmake_args': None, 'cmake_clean_cache': False, 'cmake_clean_first': False, 'cmake_force_configure': False, 'cmake_target': None, 'cmake_target_skip_unavailable': False, 'install_base': '/home/adi/hum_rob_ws/install/four_dof', 'merge_install': False, 'path': '/home/adi/hum_rob_ws/src/four_dof', 'symlink_install': False, 'test_result_base': None}
[0.307s] Level 5:colcon.colcon_core.verb:set package 'four_dof_bringup' build argument 'cmake_args' from command line to 'None'
[0.307s] Level 5:colcon.colcon_core.verb:set package 'four_dof_bringup' build argument 'cmake_target' from command line to 'None'
[0.307s] Level 5:colcon.colcon_core.verb:set package 'four_dof_bringup' build argument 'cmake_target_skip_unavailable' from command line to 'False'
[0.307s] Level 5:colcon.colcon_core.verb:set package 'four_dof_bringup' build argument 'cmake_clean_cache' from command line to 'False'
[0.307s] Level 5:colcon.colcon_core.verb:set package 'four_dof_bringup' build argument 'cmake_clean_first' from command line to 'False'
[0.307s] Level 5:colcon.colcon_core.verb:set package 'four_dof_bringup' build argument 'cmake_force_configure' from command line to 'False'
[0.307s] Level 5:colcon.colcon_core.verb:set package 'four_dof_bringup' build argument 'ament_cmake_args' from command line to 'None'
[0.307s] Level 5:colcon.colcon_core.verb:set package 'four_dof_bringup' build argument 'catkin_cmake_args' from command line to 'None'
[0.307s] Level 5:colcon.colcon_core.verb:set package 'four_dof_bringup' build argument 'catkin_skip_building_tests' from command line to 'False'
[0.307s] DEBUG:colcon.colcon_core.verb:Building package 'four_dof_bringup' with the following arguments: {'ament_cmake_args': None, 'build_base': '/home/adi/hum_rob_ws/build/four_dof_bringup', 'catkin_cmake_args': None, 'catkin_skip_building_tests': False, 'cmake_args': None, 'cmake_clean_cache': False, 'cmake_clean_first': False, 'cmake_force_configure': False, 'cmake_target': None, 'cmake_target_skip_unavailable': False, 'install_base': '/home/adi/hum_rob_ws/install/four_dof_bringup', 'merge_install': False, 'path': '/home/adi/hum_rob_ws/src/four_dof_bringup', 'symlink_install': False, 'test_result_base': None}
[0.307s] Level 5:colcon.colcon_core.verb:set package 'six_dof' build argument 'cmake_args' from command line to 'None'
[0.307s] Level 5:colcon.colcon_core.verb:set package 'six_dof' build argument 'cmake_target' from command line to 'None'
[0.307s] Level 5:colcon.colcon_core.verb:set package 'six_dof' build argument 'cmake_target_skip_unavailable' from command line to 'False'
[0.307s] Level 5:colcon.colcon_core.verb:set package 'six_dof' build argument 'cmake_clean_cache' from command line to 'False'
[0.307s] Level 5:colcon.colcon_core.verb:set package 'six_dof' build argument 'cmake_clean_first' from command line to 'False'
[0.307s] Level 5:colcon.colcon_core.verb:set package 'six_dof' build argument 'cmake_force_configure' from command line to 'False'
[0.307s] Level 5:colcon.colcon_core.verb:set package 'six_dof' build argument 'ament_cmake_args' from command line to 'None'
[0.307s] Level 5:colcon.colcon_core.verb:set package 'six_dof' build argument 'catkin_cmake_args' from command line to 'None'
[0.308s] Level 5:colcon.colcon_core.verb:set package 'six_dof' build argument 'catkin_skip_building_tests' from command line to 'False'
[0.308s] DEBUG:colcon.colcon_core.verb:Building package 'six_dof' with the following arguments: {'ament_cmake_args': None, 'build_base': '/home/adi/hum_rob_ws/build/six_dof', 'catkin_cmake_args': None, 'catkin_skip_building_tests': False, 'cmake_args': None, 'cmake_clean_cache': False, 'cmake_clean_first': False, 'cmake_force_configure': False, 'cmake_target': None, 'cmake_target_skip_unavailable': False, 'install_base': '/home/adi/hum_rob_ws/install/six_dof', 'merge_install': False, 'path': '/home/adi/hum_rob_ws/src/six_dof', 'symlink_install': False, 'test_result_base': None}
[0.308s] Level 5:colcon.colcon_core.verb:set package 'six_dof_bringup' build argument 'cmake_args' from command line to 'None'
[0.308s] Level 5:colcon.colcon_core.verb:set package 'six_dof_bringup' build argument 'cmake_target' from command line to 'None'
[0.308s] Level 5:colcon.colcon_core.verb:set package 'six_dof_bringup' build argument 'cmake_target_skip_unavailable' from command line to 'False'
[0.308s] Level 5:colcon.colcon_core.verb:set package 'six_dof_bringup' build argument 'cmake_clean_cache' from command line to 'False'
[0.308s] Level 5:colcon.colcon_core.verb:set package 'six_dof_bringup' build argument 'cmake_clean_first' from command line to 'False'
[0.308s] Level 5:colcon.colcon_core.verb:set package 'six_dof_bringup' build argument 'cmake_force_configure' from command line to 'False'
[0.308s] Level 5:colcon.colcon_core.verb:set package 'six_dof_bringup' build argument 'ament_cmake_args' from command line to 'None'
[0.308s] Level 5:colcon.colcon_core.verb:set package 'six_dof_bringup' build argument 'catkin_cmake_args' from command line to 'None'
[0.308s] Level 5:colcon.colcon_core.verb:set package 'six_dof_bringup' build argument 'catkin_skip_building_tests' from command line to 'False'
[0.308s] DEBUG:colcon.colcon_core.verb:Building package 'six_dof_bringup' with the following arguments: {'ament_cmake_args': None, 'build_base': '/home/adi/hum_rob_ws/build/six_dof_bringup', 'catkin_cmake_args': None, 'catkin_skip_building_tests': False, 'cmake_args': None, 'cmake_clean_cache': False, 'cmake_clean_first': False, 'cmake_force_configure': False, 'cmake_target': None, 'cmake_target_skip_unavailable': False, 'install_base': '/home/adi/hum_rob_ws/install/six_dof_bringup', 'merge_install': False, 'path': '/home/adi/hum_rob_ws/src/six_dof_bringup', 'symlink_install': False, 'test_result_base': None}
[0.308s] INFO:colcon.colcon_core.executor:Executing jobs using 'parallel' executor
[0.309s] DEBUG:colcon.colcon_parallel_executor.executor.parallel:run_until_complete
[0.309s] INFO:colcon.colcon_ros.task.ament_cmake.build:Building ROS package in '/home/adi/hum_rob_ws/src/four_dof' with build type 'ament_cmake'
[0.309s] INFO:colcon.colcon_cmake.task.cmake.build:Building CMake package in '/home/adi/hum_rob_ws/src/four_dof'
[0.312s] INFO:colcon.colcon_core.plugin_system:Skipping extension 'colcon_core.shell.bat': Not used on non-Windows systems
[0.312s] INFO:colcon.colcon_core.shell:Skip shell extension 'powershell' for command environment: Not usable outside of PowerShell
[0.312s] DEBUG:colcon.colcon_core.shell:Skip shell extension 'dsv' for command environment
[0.317s] INFO:colcon.colcon_ros.task.ament_cmake.build:Building ROS package in '/home/adi/hum_rob_ws/src/four_dof_bringup' with build type 'ament_cmake'
[0.317s] INFO:colcon.colcon_cmake.task.cmake.build:Building CMake package in '/home/adi/hum_rob_ws/src/four_dof_bringup'
[0.317s] INFO:colcon.colcon_core.shell:Skip shell extension 'powershell' for command environment: Not usable outside of PowerShell
[0.317s] DEBUG:colcon.colcon_core.shell:Skip shell extension 'dsv' for command environment
[0.321s] INFO:colcon.colcon_ros.task.ament_cmake.build:Building ROS package in '/home/adi/hum_rob_ws/src/six_dof' with build type 'ament_cmake'
[0.322s] INFO:colcon.colcon_cmake.task.cmake.build:Building CMake package in '/home/adi/hum_rob_ws/src/six_dof'
[0.322s] INFO:colcon.colcon_core.shell:Skip shell extension 'powershell' for command environment: Not usable outside of PowerShell
[0.322s] DEBUG:colcon.colcon_core.shell:Skip shell extension 'dsv' for command environment
[0.326s] INFO:colcon.colcon_ros.task.ament_cmake.build:Building ROS package in '/home/adi/hum_rob_ws/src/six_dof_bringup' with build type 'ament_cmake'
[0.326s] INFO:colcon.colcon_cmake.task.cmake.build:Building CMake package in '/home/adi/hum_rob_ws/src/six_dof_bringup'
[0.326s] INFO:colcon.colcon_core.shell:Skip shell extension 'powershell' for command environment: Not usable outside of PowerShell
[0.326s] DEBUG:colcon.colcon_core.shell:Skip shell extension 'dsv' for command environment
[0.336s] DEBUG:colcon.colcon_core.event_handler.log_command:Invoking command in '/home/adi/hum_rob_ws/build/four_dof': CMAKE_PREFIX_PATH=${CMAKE_PREFIX_PATH}:/opt/ros/humble /usr/bin/cmake --build /home/adi/hum_rob_ws/build/four_dof -- -j16 -l16
[0.340s] DEBUG:colcon.colcon_core.event_handler.log_command:Invoking command in '/home/adi/hum_rob_ws/build/four_dof_bringup': CMAKE_PREFIX_PATH=${CMAKE_PREFIX_PATH}:/opt/ros/humble /usr/bin/cmake --build /home/adi/hum_rob_ws/build/four_dof_bringup -- -j16 -l16
[0.345s] DEBUG:colcon.colcon_core.event_handler.log_command:Invoking command in '/home/adi/hum_rob_ws/build/six_dof': CMAKE_PREFIX_PATH=${CMAKE_PREFIX_PATH}:/opt/ros/humble /usr/bin/cmake --build /home/adi/hum_rob_ws/build/six_dof -- -j16 -l16
[0.351s] DEBUG:colcon.colcon_core.event_handler.log_command:Invoking command in '/home/adi/hum_rob_ws/build/six_dof_bringup': CMAKE_PREFIX_PATH=${CMAKE_PREFIX_PATH}:/opt/ros/humble /usr/bin/cmake --build /home/adi/hum_rob_ws/build/six_dof_bringup -- -j16 -l16
[0.393s] DEBUG:colcon.colcon_core.event_handler.log_command:Invoked command in '/home/adi/hum_rob_ws/build/four_dof_bringup' returned '0': CMAKE_PREFIX_PATH=${CMAKE_PREFIX_PATH}:/opt/ros/humble /usr/bin/cmake --build /home/adi/hum_rob_ws/build/four_dof_bringup -- -j16 -l16
[0.424s] DEBUG:colcon.colcon_core.event_handler.log_command:Invoked command in '/home/adi/hum_rob_ws/build/four_dof' returned '0': CMAKE_PREFIX_PATH=${CMAKE_PREFIX_PATH}:/opt/ros/humble /usr/bin/cmake --build /home/adi/hum_rob_ws/build/four_dof -- -j16 -l16
[0.440s] DEBUG:colcon.colcon_core.event_handler.log_command:Invoking command in '/home/adi/hum_rob_ws/build/four_dof_bringup': CMAKE_PREFIX_PATH=${CMAKE_PREFIX_PATH}:/opt/ros/humble /usr/bin/cmake --install /home/adi/hum_rob_ws/build/four_dof_bringup
[0.442s] DEBUG:colcon.colcon_core.event_handler.log_command:Invoked command in '/home/adi/hum_rob_ws/build/six_dof' returned '0': CMAKE_PREFIX_PATH=${CMAKE_PREFIX_PATH}:/opt/ros/humble /usr/bin/cmake --build /home/adi/hum_rob_ws/build/six_dof -- -j16 -l16
[0.453s] Level 1:colcon.colcon_core.environment:create_environment_scripts_only(four_dof_bringup)
[0.454s] DEBUG:colcon.colcon_core.event_handler.log_command:Invoked command in '/home/adi/hum_rob_ws/build/four_dof_bringup' returned '0': CMAKE_PREFIX_PATH=${CMAKE_PREFIX_PATH}:/opt/ros/humble /usr/bin/cmake --install /home/adi/hum_rob_ws/build/four_dof_bringup
[0.456s] Level 1:colcon.colcon_core.environment:checking '/home/adi/hum_rob_ws/install/four_dof_bringup' for CMake module files
[0.457s] Level 1:colcon.colcon_core.environment:checking '/home/adi/hum_rob_ws/install/four_dof_bringup' for CMake config files
[0.457s] Level 1:colcon.colcon_core.shell:create_environment_hook('four_dof_bringup', 'cmake_prefix_path')
[0.458s] INFO:colcon.colcon_core.shell:Creating environment hook '/home/adi/hum_rob_ws/install/four_dof_bringup/share/four_dof_bringup/hook/cmake_prefix_path.ps1'
[0.458s] INFO:colcon.colcon_core.shell:Creating environment descriptor '/home/adi/hum_rob_ws/install/four_dof_bringup/share/four_dof_bringup/hook/cmake_prefix_path.dsv'
[0.459s] INFO:colcon.colcon_core.shell:Creating environment hook '/home/adi/hum_rob_ws/install/four_dof_bringup/share/four_dof_bringup/hook/cmake_prefix_path.sh'
[0.460s] Level 1:colcon.colcon_core.environment:checking '/home/adi/hum_rob_ws/install/four_dof_bringup/bin'
[0.460s] Level 1:colcon.colcon_core.environment:checking '/home/adi/hum_rob_ws/install/four_dof_bringup/lib/pkgconfig/four_dof_bringup.pc'
[0.461s] Level 1:colcon.colcon_core.environment:checking '/home/adi/hum_rob_ws/install/four_dof_bringup/lib/python3.10/site-packages'
[0.461s] Level 1:colcon.colcon_core.environment:checking '/home/adi/hum_rob_ws/install/four_dof_bringup/bin'
[0.461s] INFO:colcon.colcon_core.shell:Creating package script '/home/adi/hum_rob_ws/install/four_dof_bringup/share/four_dof_bringup/package.ps1'
[0.462s] INFO:colcon.colcon_core.shell:Creating package descriptor '/home/adi/hum_rob_ws/install/four_dof_bringup/share/four_dof_bringup/package.dsv'
[0.463s] INFO:colcon.colcon_core.shell:Creating package script '/home/adi/hum_rob_ws/install/four_dof_bringup/share/four_dof_bringup/package.sh'
[0.464s] INFO:colcon.colcon_core.shell:Creating package script '/home/adi/hum_rob_ws/install/four_dof_bringup/share/four_dof_bringup/package.bash'
[0.466s] INFO:colcon.colcon_core.shell:Creating package script '/home/adi/hum_rob_ws/install/four_dof_bringup/share/four_dof_bringup/package.zsh'
[0.467s] Level 1:colcon.colcon_core.environment:create_file_with_runtime_dependencies(/home/adi/hum_rob_ws/install/four_dof_bringup/share/colcon-core/packages/four_dof_bringup)
[0.470s] DEBUG:colcon.colcon_core.event_handler.log_command:Invoking command in '/home/adi/hum_rob_ws/build/four_dof': CMAKE_PREFIX_PATH=${CMAKE_PREFIX_PATH}:/opt/ros/humble /usr/bin/cmake --install /home/adi/hum_rob_ws/build/four_dof
[0.482s] DEBUG:colcon.colcon_core.event_handler.log_command:Invoking command in '/home/adi/hum_rob_ws/build/six_dof': CMAKE_PREFIX_PATH=${CMAKE_PREFIX_PATH}:/opt/ros/humble /usr/bin/cmake --install /home/adi/hum_rob_ws/build/six_dof
[0.489s] Level 1:colcon.colcon_core.environment:create_environment_scripts_only(four_dof)
[0.489s] Level 1:colcon.colcon_core.environment:checking '/home/adi/hum_rob_ws/install/four_dof' for CMake module files
[0.490s] DEBUG:colcon.colcon_core.event_handler.log_command:Invoked command in '/home/adi/hum_rob_ws/build/four_dof' returned '0': CMAKE_PREFIX_PATH=${CMAKE_PREFIX_PATH}:/opt/ros/humble /usr/bin/cmake --install /home/adi/hum_rob_ws/build/four_dof
[0.491s] Level 1:colcon.colcon_core.environment:checking '/home/adi/hum_rob_ws/install/four_dof' for CMake config files
[0.491s] Level 1:colcon.colcon_core.shell:create_environment_hook('four_dof', 'cmake_prefix_path')
[0.491s] INFO:colcon.colcon_core.shell:Creating environment hook '/home/adi/hum_rob_ws/install/four_dof/share/four_dof/hook/cmake_prefix_path.ps1'
[0.493s] INFO:colcon.colcon_core.shell:Creating environment descriptor '/home/adi/hum_rob_ws/install/four_dof/share/four_dof/hook/cmake_prefix_path.dsv'
[0.496s] INFO:colcon.colcon_core.shell:Creating environment hook '/home/adi/hum_rob_ws/install/four_dof/share/four_dof/hook/cmake_prefix_path.sh'
[0.501s] Level 1:colcon.colcon_core.environment:checking '/home/adi/hum_rob_ws/install/four_dof/lib'
[0.501s] Level 1:colcon.colcon_core.environment:checking '/home/adi/hum_rob_ws/install/four_dof/bin'
[0.501s] Level 1:colcon.colcon_core.environment:checking '/home/adi/hum_rob_ws/install/four_dof/lib/pkgconfig/four_dof.pc'
[0.501s] Level 1:colcon.colcon_core.environment:checking '/home/adi/hum_rob_ws/install/four_dof/lib/python3.10/site-packages'
[0.501s] Level 1:colcon.colcon_core.environment:checking '/home/adi/hum_rob_ws/install/four_dof/bin'
[0.502s] INFO:colcon.colcon_core.shell:Creating package script '/home/adi/hum_rob_ws/install/four_dof/share/four_dof/package.ps1'
[0.502s] INFO:colcon.colcon_core.shell:Creating package descriptor '/home/adi/hum_rob_ws/install/four_dof/share/four_dof/package.dsv'
[0.503s] INFO:colcon.colcon_core.shell:Creating package script '/home/adi/hum_rob_ws/install/four_dof/share/four_dof/package.sh'
[0.503s] INFO:colcon.colcon_core.shell:Creating package script '/home/adi/hum_rob_ws/install/four_dof/share/four_dof/package.bash'
[0.504s] INFO:colcon.colcon_core.shell:Creating package script '/home/adi/hum_rob_ws/install/four_dof/share/four_dof/package.zsh'
[0.504s] Level 1:colcon.colcon_core.environment:create_file_with_runtime_dependencies(/home/adi/hum_rob_ws/install/four_dof/share/colcon-core/packages/four_dof)
[0.506s] Level 1:colcon.colcon_core.environment:create_environment_scripts_only(four_dof_bringup)
[0.506s] Level 1:colcon.colcon_core.environment:checking '/home/adi/hum_rob_ws/install/four_dof_bringup' for CMake module files
[0.506s] Level 1:colcon.colcon_core.environment:checking '/home/adi/hum_rob_ws/install/four_dof_bringup' for CMake config files
[0.507s] Level 1:colcon.colcon_core.shell:create_environment_hook('four_dof_bringup', 'cmake_prefix_path')
[0.507s] INFO:colcon.colcon_core.shell:Creating environment hook '/home/adi/hum_rob_ws/install/four_dof_bringup/share/four_dof_bringup/hook/cmake_prefix_path.ps1'
[0.507s] INFO:colcon.colcon_core.shell:Creating environment descriptor '/home/adi/hum_rob_ws/install/four_dof_bringup/share/four_dof_bringup/hook/cmake_prefix_path.dsv'
[0.508s] INFO:colcon.colcon_core.shell:Creating environment hook '/home/adi/hum_rob_ws/install/four_dof_bringup/share/four_dof_bringup/hook/cmake_prefix_path.sh'
[0.508s] Level 1:colcon.colcon_core.environment:checking '/home/adi/hum_rob_ws/install/four_dof_bringup/bin'
[0.508s] Level 1:colcon.colcon_core.environment:checking '/home/adi/hum_rob_ws/install/four_dof_bringup/lib/pkgconfig/four_dof_bringup.pc'
[0.509s] Level 1:colcon.colcon_core.environment:checking '/home/adi/hum_rob_ws/install/four_dof_bringup/lib/python3.10/site-packages'
[0.509s] Level 1:colcon.colcon_core.environment:checking '/home/adi/hum_rob_ws/install/four_dof_bringup/bin'
[0.509s] INFO:colcon.colcon_core.shell:Creating package script '/home/adi/hum_rob_ws/install/four_dof_bringup/share/four_dof_bringup/package.ps1'
[0.510s] INFO:colcon.colcon_core.shell:Creating package descriptor '/home/adi/hum_rob_ws/install/four_dof_bringup/share/four_dof_bringup/package.dsv'
[0.511s] INFO:colcon.colcon_core.shell:Creating package script '/home/adi/hum_rob_ws/install/four_dof_bringup/share/four_dof_bringup/package.sh'
[0.511s] INFO:colcon.colcon_core.shell:Creating package script '/home/adi/hum_rob_ws/install/four_dof_bringup/share/four_dof_bringup/package.bash'
[0.512s] INFO:colcon.colcon_core.shell:Creating package script '/home/adi/hum_rob_ws/install/four_dof_bringup/share/four_dof_bringup/package.zsh'
[0.512s] Level 1:colcon.colcon_core.environment:create_file_with_runtime_dependencies(/home/adi/hum_rob_ws/install/four_dof_bringup/share/colcon-core/packages/four_dof_bringup)
[0.517s] Level 1:colcon.colcon_core.environment:create_environment_scripts_only(six_dof)
[0.517s] Level 1:colcon.colcon_core.environment:checking '/home/adi/hum_rob_ws/install/six_dof' for CMake module files
[0.518s] DEBUG:colcon.colcon_core.event_handler.log_command:Invoked command in '/home/adi/hum_rob_ws/build/six_dof' returned '0': CMAKE_PREFIX_PATH=${CMAKE_PREFIX_PATH}:/opt/ros/humble /usr/bin/cmake --install /home/adi/hum_rob_ws/build/six_dof
[0.519s] Level 1:colcon.colcon_core.environment:checking '/home/adi/hum_rob_ws/install/six_dof' for CMake config files
[0.519s] Level 1:colcon.colcon_core.shell:create_environment_hook('six_dof', 'cmake_prefix_path')
[0.520s] INFO:colcon.colcon_core.shell:Creating environment hook '/home/adi/hum_rob_ws/install/six_dof/share/six_dof/hook/cmake_prefix_path.ps1'
[0.521s] INFO:colcon.colcon_core.shell:Creating environment descriptor '/home/adi/hum_rob_ws/install/six_dof/share/six_dof/hook/cmake_prefix_path.dsv'
[0.521s] INFO:colcon.colcon_core.shell:Creating environment hook '/home/adi/hum_rob_ws/install/six_dof/share/six_dof/hook/cmake_prefix_path.sh'
[0.522s] Level 1:colcon.colcon_core.environment:checking '/home/adi/hum_rob_ws/install/six_dof/lib'
[0.523s] Level 1:colcon.colcon_core.environment:checking '/home/adi/hum_rob_ws/install/six_dof/bin'
[0.523s] Level 1:colcon.colcon_core.environment:checking '/home/adi/hum_rob_ws/install/six_dof/lib/pkgconfig/six_dof.pc'
[0.523s] Level 1:colcon.colcon_core.environment:checking '/home/adi/hum_rob_ws/install/six_dof/lib/python3.10/site-packages'
[0.523s] Level 1:colcon.colcon_core.environment:checking '/home/adi/hum_rob_ws/install/six_dof/bin'
[0.524s] INFO:colcon.colcon_core.shell:Creating package script '/home/adi/hum_rob_ws/install/six_dof/share/six_dof/package.ps1'
[0.524s] INFO:colcon.colcon_core.shell:Creating package descriptor '/home/adi/hum_rob_ws/install/six_dof/share/six_dof/package.dsv'
[0.525s] INFO:colcon.colcon_core.shell:Creating package script '/home/adi/hum_rob_ws/install/six_dof/share/six_dof/package.sh'
[0.526s] INFO:colcon.colcon_core.shell:Creating package script '/home/adi/hum_rob_ws/install/six_dof/share/six_dof/package.bash'
[0.527s] INFO:colcon.colcon_core.shell:Creating package script '/home/adi/hum_rob_ws/install/six_dof/share/six_dof/package.zsh'
[0.527s] Level 1:colcon.colcon_core.environment:create_file_with_runtime_dependencies(/home/adi/hum_rob_ws/install/six_dof/share/colcon-core/packages/six_dof)
[0.543s] Level 1:colcon.colcon_core.environment:create_environment_scripts_only(four_dof)
[0.544s] Level 1:colcon.colcon_core.environment:checking '/home/adi/hum_rob_ws/install/four_dof' for CMake module files
[0.544s] Level 1:colcon.colcon_core.environment:checking '/home/adi/hum_rob_ws/install/four_dof' for CMake config files
[0.545s] Level 1:colcon.colcon_core.shell:create_environment_hook('four_dof', 'cmake_prefix_path')
[0.545s] INFO:colcon.colcon_core.shell:Creating environment hook '/home/adi/hum_rob_ws/install/four_dof/share/four_dof/hook/cmake_prefix_path.ps1'
[0.546s] INFO:colcon.colcon_core.shell:Creating environment descriptor '/home/adi/hum_rob_ws/install/four_dof/share/four_dof/hook/cmake_prefix_path.dsv'
[0.546s] INFO:colcon.colcon_core.shell:Creating environment hook '/home/adi/hum_rob_ws/install/four_dof/share/four_dof/hook/cmake_prefix_path.sh'
[0.547s] Level 1:colcon.colcon_core.environment:checking '/home/adi/hum_rob_ws/install/four_dof/lib'
[0.547s] Level 1:colcon.colcon_core.environment:checking '/home/adi/hum_rob_ws/install/four_dof/bin'
[0.547s] Level 1:colcon.colcon_core.environment:checking '/home/adi/hum_rob_ws/install/four_dof/lib/pkgconfig/four_dof.pc'
[0.548s] Level 1:colcon.colcon_core.environment:checking '/home/adi/hum_rob_ws/install/four_dof/lib/python3.10/site-packages'
[0.548s] Level 1:colcon.colcon_core.environment:checking '/home/adi/hum_rob_ws/install/four_dof/bin'
[0.548s] INFO:colcon.colcon_core.shell:Creating package script '/home/adi/hum_rob_ws/install/four_dof/share/four_dof/package.ps1'
[0.549s] INFO:colcon.colcon_core.shell:Creating package descriptor '/home/adi/hum_rob_ws/install/four_dof/share/four_dof/package.dsv'
[0.550s] INFO:colcon.colcon_core.shell:Creating package script '/home/adi/hum_rob_ws/install/four_dof/share/four_dof/package.sh'
[0.550s] INFO:colcon.colcon_core.shell:Creating package script '/home/adi/hum_rob_ws/install/four_dof/share/four_dof/package.bash'
[0.551s] INFO:colcon.colcon_core.shell:Creating package script '/home/adi/hum_rob_ws/install/four_dof/share/four_dof/package.zsh'
[0.552s] Level 1:colcon.colcon_core.environment:create_file_with_runtime_dependencies(/home/adi/hum_rob_ws/install/four_dof/share/colcon-core/packages/four_dof)
[0.565s] Level 1:colcon.colcon_core.environment:create_environment_scripts_only(six_dof)
[0.565s] Level 1:colcon.colcon_core.environment:checking '/home/adi/hum_rob_ws/install/six_dof' for CMake module files
[0.566s] Level 1:colcon.colcon_core.environment:checking '/home/adi/hum_rob_ws/install/six_dof' for CMake config files
[0.566s] Level 1:colcon.colcon_core.shell:create_environment_hook('six_dof', 'cmake_prefix_path')
[0.567s] INFO:colcon.colcon_core.shell:Creating environment hook '/home/adi/hum_rob_ws/install/six_dof/share/six_dof/hook/cmake_prefix_path.ps1'
[0.567s] INFO:colcon.colcon_core.shell:Creating environment descriptor '/home/adi/hum_rob_ws/install/six_dof/share/six_dof/hook/cmake_prefix_path.dsv'
[0.568s] INFO:colcon.colcon_core.shell:Creating environment hook '/home/adi/hum_rob_ws/install/six_dof/share/six_dof/hook/cmake_prefix_path.sh'
[0.569s] Level 1:colcon.colcon_core.environment:checking '/home/adi/hum_rob_ws/install/six_dof/lib'
[0.569s] Level 1:colcon.colcon_core.environment:checking '/home/adi/hum_rob_ws/install/six_dof/bin'
[0.569s] Level 1:colcon.colcon_core.environment:checking '/home/adi/hum_rob_ws/install/six_dof/lib/pkgconfig/six_dof.pc'
[0.569s] Level 1:colcon.colcon_core.environment:checking '/home/adi/hum_rob_ws/install/six_dof/lib/python3.10/site-packages'
[0.569s] Level 1:colcon.colcon_core.environment:checking '/home/adi/hum_rob_ws/install/six_dof/bin'
[0.570s] INFO:colcon.colcon_core.shell:Creating package script '/home/adi/hum_rob_ws/install/six_dof/share/six_dof/package.ps1'
[0.570s] INFO:colcon.colcon_core.shell:Creating package descriptor '/home/adi/hum_rob_ws/install/six_dof/share/six_dof/package.dsv'
[0.571s] INFO:colcon.colcon_core.shell:Creating package script '/home/adi/hum_rob_ws/install/six_dof/share/six_dof/package.sh'
[0.571s] INFO:colcon.colcon_core.shell:Creating package script '/home/adi/hum_rob_ws/install/six_dof/share/six_dof/package.bash'
[0.572s] INFO:colcon.colcon_core.shell:Creating package script '/home/adi/hum_rob_ws/install/six_dof/share/six_dof/package.zsh'
[0.573s] Level 1:colcon.colcon_core.environment:create_file_with_runtime_dependencies(/home/adi/hum_rob_ws/install/six_dof/share/colcon-core/packages/six_dof)
[5.384s] DEBUG:colcon.colcon_core.event_handler.log_command:Invoked command in '/home/adi/hum_rob_ws/build/six_dof_bringup' returned '0': CMAKE_PREFIX_PATH=${CMAKE_PREFIX_PATH}:/opt/ros/humble /usr/bin/cmake --build /home/adi/hum_rob_ws/build/six_dof_bringup -- -j16 -l16
[5.423s] DEBUG:colcon.colcon_core.event_handler.log_command:Invoking command in '/home/adi/hum_rob_ws/build/six_dof_bringup': CMAKE_PREFIX_PATH=${CMAKE_PREFIX_PATH}:/opt/ros/humble /usr/bin/cmake --install /home/adi/hum_rob_ws/build/six_dof_bringup
[5.437s] Level 1:colcon.colcon_core.environment:create_environment_scripts_only(six_dof_bringup)
[5.437s] Level 1:colcon.colcon_core.environment:checking '/home/adi/hum_rob_ws/install/six_dof_bringup' for CMake module files
[5.438s] DEBUG:colcon.colcon_core.event_handler.log_command:Invoked command in '/home/adi/hum_rob_ws/build/six_dof_bringup' returned '0': CMAKE_PREFIX_PATH=${CMAKE_PREFIX_PATH}:/opt/ros/humble /usr/bin/cmake --install /home/adi/hum_rob_ws/build/six_dof_bringup
[5.439s] Level 1:colcon.colcon_core.environment:checking '/home/adi/hum_rob_ws/install/six_dof_bringup' for CMake config files
[5.439s] Level 1:colcon.colcon_core.shell:create_environment_hook('six_dof_bringup', 'cmake_prefix_path')
[5.439s] INFO:colcon.colcon_core.shell:Creating environment hook '/home/adi/hum_rob_ws/install/six_dof_bringup/share/six_dof_bringup/hook/cmake_prefix_path.ps1'
[5.440s] INFO:colcon.colcon_core.shell:Creating environment descriptor '/home/adi/hum_rob_ws/install/six_dof_bringup/share/six_dof_bringup/hook/cmake_prefix_path.dsv'
[5.440s] INFO:colcon.colcon_core.shell:Creating environment hook '/home/adi/hum_rob_ws/install/six_dof_bringup/share/six_dof_bringup/hook/cmake_prefix_path.sh'
[5.440s] Level 1:colcon.colcon_core.environment:checking '/home/adi/hum_rob_ws/install/six_dof_bringup/lib'
[5.441s] Level 1:colcon.colcon_core.environment:checking '/home/adi/hum_rob_ws/install/six_dof_bringup/bin'
[5.441s] Level 1:colcon.colcon_core.environment:checking '/home/adi/hum_rob_ws/install/six_dof_bringup/lib/pkgconfig/six_dof_bringup.pc'
[5.441s] Level 1:colcon.colcon_core.environment:checking '/home/adi/hum_rob_ws/install/six_dof_bringup/lib/python3.10/site-packages'
[5.441s] Level 1:colcon.colcon_core.environment:checking '/home/adi/hum_rob_ws/install/six_dof_bringup/bin'
[5.441s] INFO:colcon.colcon_core.shell:Creating package script '/home/adi/hum_rob_ws/install/six_dof_bringup/share/six_dof_bringup/package.ps1'
[5.442s] INFO:colcon.colcon_core.shell:Creating package descriptor '/home/adi/hum_rob_ws/install/six_dof_bringup/share/six_dof_bringup/package.dsv'
[5.442s] INFO:colcon.colcon_core.shell:Creating package script '/home/adi/hum_rob_ws/install/six_dof_bringup/share/six_dof_bringup/package.sh'
[5.443s] INFO:colcon.colcon_core.shell:Creating package script '/home/adi/hum_rob_ws/install/six_dof_bringup/share/six_dof_bringup/package.bash'
[5.443s] INFO:colcon.colcon_core.shell:Creating package script '/home/adi/hum_rob_ws/install/six_dof_bringup/share/six_dof_bringup/package.zsh'
[5.443s] Level 1:colcon.colcon_core.environment:create_file_with_runtime_dependencies(/home/adi/hum_rob_ws/install/six_dof_bringup/share/colcon-core/packages/six_dof_bringup)
[5.478s] Level 1:colcon.colcon_core.environment:create_environment_scripts_only(six_dof_bringup)
[5.478s] Level 1:colcon.colcon_core.environment:checking '/home/adi/hum_rob_ws/install/six_dof_bringup' for CMake module files
[5.479s] Level 1:colcon.colcon_core.environment:checking '/home/adi/hum_rob_ws/install/six_dof_bringup' for CMake config files
[5.479s] Level 1:colcon.colcon_core.shell:create_environment_hook('six_dof_bringup', 'cmake_prefix_path')
[5.479s] INFO:colcon.colcon_core.shell:Creating environment hook '/home/adi/hum_rob_ws/install/six_dof_bringup/share/six_dof_bringup/hook/cmake_prefix_path.ps1'
[5.480s] INFO:colcon.colcon_core.shell:Creating environment descriptor '/home/adi/hum_rob_ws/install/six_dof_bringup/share/six_dof_bringup/hook/cmake_prefix_path.dsv'
[5.480s] INFO:colcon.colcon_core.shell:Creating environment hook '/home/adi/hum_rob_ws/install/six_dof_bringup/share/six_dof_bringup/hook/cmake_prefix_path.sh'
[5.481s] Level 1:colcon.colcon_core.environment:checking '/home/adi/hum_rob_ws/install/six_dof_bringup/lib'
[5.481s] Level 1:colcon.colcon_core.environment:checking '/home/adi/hum_rob_ws/install/six_dof_bringup/bin'
[5.481s] Level 1:colcon.colcon_core.environment:checking '/home/adi/hum_rob_ws/install/six_dof_bringup/lib/pkgconfig/six_dof_bringup.pc'
[5.481s] Level 1:colcon.colcon_core.environment:checking '/home/adi/hum_rob_ws/install/six_dof_bringup/lib/python3.10/site-packages'
[5.482s] Level 1:colcon.colcon_core.environment:checking '/home/adi/hum_rob_ws/install/six_dof_bringup/bin'
[5.482s] INFO:colcon.colcon_core.shell:Creating package script '/home/adi/hum_rob_ws/install/six_dof_bringup/share/six_dof_bringup/package.ps1'
[5.483s] INFO:colcon.colcon_core.shell:Creating package descriptor '/home/adi/hum_rob_ws/install/six_dof_bringup/share/six_dof_bringup/package.dsv'
[5.483s] INFO:colcon.colcon_core.shell:Creating package script '/home/adi/hum_rob_ws/install/six_dof_bringup/share/six_dof_bringup/package.sh'
[5.484s] INFO:colcon.colcon_core.shell:Creating package script '/home/adi/hum_rob_ws/install/six_dof_bringup/share/six_dof_bringup/package.bash'
[5.484s] INFO:colcon.colcon_core.shell:Creating package script '/home/adi/hum_rob_ws/install/six_dof_bringup/share/six_dof_bringup/package.zsh'
[5.485s] Level 1:colcon.colcon_core.environment:create_file_with_runtime_dependencies(/home/adi/hum_rob_ws/install/six_dof_bringup/share/colcon-core/packages/six_dof_bringup)
[5.485s] DEBUG:colcon.colcon_parallel_executor.executor.parallel:closing loop
[5.486s] DEBUG:colcon.colcon_parallel_executor.executor.parallel:loop closed
[5.486s] DEBUG:colcon.colcon_parallel_executor.executor.parallel:run_until_complete finished with '0'
[5.486s] DEBUG:colcon.colcon_core.event_reactor:joining thread
[5.492s] INFO:colcon.colcon_core.plugin_system:Skipping extension 'colcon_notification.desktop_notification.terminal_notifier': Not used on non-Darwin systems
[5.492s] INFO:colcon.colcon_core.plugin_system:Skipping extension 'colcon_notification.desktop_notification.win32': Not used on non-Windows systems
[5.492s] INFO:colcon.colcon_notification.desktop_notification:Sending desktop notification using 'notify2'
[5.507s] DEBUG:colcon.colcon_core.event_reactor:joined thread
[5.508s] INFO:colcon.colcon_core.shell:Creating prefix script '/home/adi/hum_rob_ws/install/local_setup.ps1'
[5.509s] INFO:colcon.colcon_core.shell:Creating prefix util module '/home/adi/hum_rob_ws/install/_local_setup_util_ps1.py'
[5.510s] INFO:colcon.colcon_core.shell:Creating prefix chain script '/home/adi/hum_rob_ws/install/setup.ps1'
[5.511s] INFO:colcon.colcon_core.shell:Creating prefix script '/home/adi/hum_rob_ws/install/local_setup.sh'
[5.512s] INFO:colcon.colcon_core.shell:Creating prefix util module '/home/adi/hum_rob_ws/install/_local_setup_util_sh.py'
[5.512s] INFO:colcon.colcon_core.shell:Creating prefix chain script '/home/adi/hum_rob_ws/install/setup.sh'
[5.514s] INFO:colcon.colcon_core.shell:Creating prefix script '/home/adi/hum_rob_ws/install/local_setup.bash'
[5.514s] INFO:colcon.colcon_core.shell:Creating prefix chain script '/home/adi/hum_rob_ws/install/setup.bash'
[5.515s] INFO:colcon.colcon_core.shell:Creating prefix script '/home/adi/hum_rob_ws/install/local_setup.zsh'
[5.516s] INFO:colcon.colcon_core.shell:Creating prefix chain script '/home/adi/hum_rob_ws/install/setup.zsh'
