[0.126s] DEBUG:colcon:Command line arguments: ['/usr/bin/colcon', 'build']
[0.126s] DEBUG:colcon:Parsed command line arguments: Namespace(log_base=None, log_level=None, verb_name='build', build_base='build', install_base='install', merge_install=False, symlink_install=False, test_result_base=None, continue_on_error=False, executor='parallel', parallel_workers=16, event_handlers=None, ignore_user_meta=False, metas=['./colcon.meta'], base_paths=['.'], packages_ignore=None, packages_ignore_regex=None, paths=None, packages_up_to=None, packages_up_to_regex=None, packages_above=None, packages_above_and_dependencies=None, packages_above_depth=None, packages_select_by_dep=None, packages_skip_by_dep=None, packages_skip_up_to=None, packages_select_build_failed=False, packages_skip_build_finished=False, packages_select_test_failures=False, packages_skip_test_passed=False, packages_select=None, packages_skip=None, packages_select_regex=None, packages_skip_regex=None, packages_start=None, packages_end=None, allow_overriding=[], cmake_args=None, cmake_target=None, cmake_target_skip_unavailable=False, cmake_clean_cache=False, cmake_clean_first=False, cmake_force_configure=False, ament_cmake_args=None, catkin_cmake_args=None, catkin_skip_building_tests=False, verb_parser=<colcon_defaults.argument_parser.defaults.DefaultArgumentsDecorator object at 0x7403bb1e5360>, verb_extension=<colcon_core.verb.build.BuildVerb object at 0x7403bb1a8610>, main=<bound method BuildVerb.main of <colcon_core.verb.build.BuildVerb object at 0x7403bb1a8610>>)
[0.156s] Level 1:colcon.colcon_core.package_discovery:discover_packages(colcon_meta) check parameters
[0.156s] Level 1:colcon.colcon_core.package_discovery:discover_packages(recursive) check parameters
[0.156s] Level 1:colcon.colcon_core.package_discovery:discover_packages(ignore) check parameters
[0.156s] Level 1:colcon.colcon_core.package_discovery:discover_packages(path) check parameters
[0.156s] Level 1:colcon.colcon_core.package_discovery:discover_packages(colcon_meta) discover
[0.156s] Level 1:colcon.colcon_core.package_discovery:discover_packages(recursive) discover
[0.156s] INFO:colcon.colcon_core.package_discovery:Crawling recursively for packages in '/home/adi/hum_rob_ws'
[0.156s] Level 1:colcon.colcon_core.package_identification:_identify(.) by extensions ['ignore', 'ignore_ament_install']
[0.157s] Level 1:colcon.colcon_core.package_identification:_identify(.) by extension 'ignore'
[0.157s] Level 1:colcon.colcon_core.package_identification:_identify(.) by extension 'ignore_ament_install'
[0.157s] Level 1:colcon.colcon_core.package_identification:_identify(.) by extensions ['colcon_pkg']
[0.157s] Level 1:colcon.colcon_core.package_identification:_identify(.) by extension 'colcon_pkg'
[0.157s] Level 1:colcon.colcon_core.package_identification:_identify(.) by extensions ['colcon_meta']
[0.157s] Level 1:colcon.colcon_core.package_identification:_identify(.) by extension 'colcon_meta'
[0.157s] Level 1:colcon.colcon_core.package_identification:_identify(.) by extensions ['ros']
[0.157s] Level 1:colcon.colcon_core.package_identification:_identify(.) by extension 'ros'
[0.168s] Level 1:colcon.colcon_core.package_identification:_identify(.) by extensions ['cmake', 'python']
[0.168s] Level 1:colcon.colcon_core.package_identification:_identify(.) by extension 'cmake'
[0.168s] Level 1:colcon.colcon_core.package_identification:_identify(.) by extension 'python'
[0.168s] Level 1:colcon.colcon_core.package_identification:_identify(.) by extensions ['python_setup_py']
[0.168s] Level 1:colcon.colcon_core.package_identification:_identify(.) by extension 'python_setup_py'
[0.169s] Level 1:colcon.colcon_core.package_identification:_identify(build) by extensions ['ignore', 'ignore_ament_install']
[0.169s] Level 1:colcon.colcon_core.package_identification:_identify(build) by extension 'ignore'
[0.169s] Level 1:colcon.colcon_core.package_identification:_identify(build) ignored
[0.169s] Level 1:colcon.colcon_core.package_identification:_identify(install) by extensions ['ignore', 'ignore_ament_install']
[0.169s] Level 1:colcon.colcon_core.package_identification:_identify(install) by extension 'ignore'
[0.169s] Level 1:colcon.colcon_core.package_identification:_identify(install) ignored
[0.169s] Level 1:colcon.colcon_core.package_identification:_identify(log) by extensions ['ignore', 'ignore_ament_install']
[0.170s] Level 1:colcon.colcon_core.package_identification:_identify(log) by extension 'ignore'
[0.170s] Level 1:colcon.colcon_core.package_identification:_identify(log) ignored
[0.170s] Level 1:colcon.colcon_core.package_identification:_identify(src) by extensions ['ignore', 'ignore_ament_install']
[0.170s] Level 1:colcon.colcon_core.package_identification:_identify(src) by extension 'ignore'
[0.170s] Level 1:colcon.colcon_core.package_identification:_identify(src) by extension 'ignore_ament_install'
[0.170s] Level 1:colcon.colcon_core.package_identification:_identify(src) by extensions ['colcon_pkg']
[0.170s] Level 1:colcon.colcon_core.package_identification:_identify(src) by extension 'colcon_pkg'
[0.170s] Level 1:colcon.colcon_core.package_identification:_identify(src) by extensions ['colcon_meta']
[0.170s] Level 1:colcon.colcon_core.package_identification:_identify(src) by extension 'colcon_meta'
[0.170s] Level 1:colcon.colcon_core.package_identification:_identify(src) by extensions ['ros']
[0.170s] Level 1:colcon.colcon_core.package_identification:_identify(src) by extension 'ros'
[0.170s] Level 1:colcon.colcon_core.package_identification:_identify(src) by extensions ['cmake', 'python']
[0.170s] Level 1:colcon.colcon_core.package_identification:_identify(src) by extension 'cmake'
[0.170s] Level 1:colcon.colcon_core.package_identification:_identify(src) by extension 'python'
[0.170s] Level 1:colcon.colcon_core.package_identification:_identify(src) by extensions ['python_setup_py']
[0.170s] Level 1:colcon.colcon_core.package_identification:_identify(src) by extension 'python_setup_py'
[0.170s] Level 1:colcon.colcon_core.package_identification:_identify(src/build) by extensions ['ignore', 'ignore_ament_install']
[0.170s] Level 1:colcon.colcon_core.package_identification:_identify(src/build) by extension 'ignore'
[0.170s] Level 1:colcon.colcon_core.package_identification:_identify(src/build) ignored
[0.170s] Level 1:colcon.colcon_core.package_identification:_identify(src/four_dof) by extensions ['ignore', 'ignore_ament_install']
[0.170s] Level 1:colcon.colcon_core.package_identification:_identify(src/four_dof) by extension 'ignore'
[0.170s] Level 1:colcon.colcon_core.package_identification:_identify(src/four_dof) by extension 'ignore_ament_install'
[0.170s] Level 1:colcon.colcon_core.package_identification:_identify(src/four_dof) by extensions ['colcon_pkg']
[0.171s] Level 1:colcon.colcon_core.package_identification:_identify(src/four_dof) by extension 'colcon_pkg'
[0.171s] Level 1:colcon.colcon_core.package_identification:_identify(src/four_dof) by extensions ['colcon_meta']
[0.171s] Level 1:colcon.colcon_core.package_identification:_identify(src/four_dof) by extension 'colcon_meta'
[0.171s] Level 1:colcon.colcon_core.package_identification:_identify(src/four_dof) by extensions ['ros']
[0.171s] Level 1:colcon.colcon_core.package_identification:_identify(src/four_dof) by extension 'ros'
[0.173s] DEBUG:colcon.colcon_core.package_identification:Package 'src/four_dof' with type 'ros.ament_cmake' and name 'four_dof'
[0.173s] Level 1:colcon.colcon_core.package_identification:_identify(src/four_dof_bringup) by extensions ['ignore', 'ignore_ament_install']
[0.173s] Level 1:colcon.colcon_core.package_identification:_identify(src/four_dof_bringup) by extension 'ignore'
[0.173s] Level 1:colcon.colcon_core.package_identification:_identify(src/four_dof_bringup) by extension 'ignore_ament_install'
[0.173s] Level 1:colcon.colcon_core.package_identification:_identify(src/four_dof_bringup) by extensions ['colcon_pkg']
[0.173s] Level 1:colcon.colcon_core.package_identification:_identify(src/four_dof_bringup) by extension 'colcon_pkg'
[0.173s] Level 1:colcon.colcon_core.package_identification:_identify(src/four_dof_bringup) by extensions ['colcon_meta']
[0.173s] Level 1:colcon.colcon_core.package_identification:_identify(src/four_dof_bringup) by extension 'colcon_meta'
[0.173s] Level 1:colcon.colcon_core.package_identification:_identify(src/four_dof_bringup) by extensions ['ros']
[0.173s] Level 1:colcon.colcon_core.package_identification:_identify(src/four_dof_bringup) by extension 'ros'
[0.174s] DEBUG:colcon.colcon_core.package_identification:Package 'src/four_dof_bringup' with type 'ros.ament_cmake' and name 'four_dof_bringup'
[0.174s] Level 1:colcon.colcon_core.package_identification:_identify(src/install) by extensions ['ignore', 'ignore_ament_install']
[0.174s] Level 1:colcon.colcon_core.package_identification:_identify(src/install) by extension 'ignore'
[0.174s] Level 1:colcon.colcon_core.package_identification:_identify(src/install) ignored
[0.174s] Level 1:colcon.colcon_core.package_identification:_identify(src/log) by extensions ['ignore', 'ignore_ament_install']
[0.174s] Level 1:colcon.colcon_core.package_identification:_identify(src/log) by extension 'ignore'
[0.174s] Level 1:colcon.colcon_core.package_identification:_identify(src/log) ignored
[0.174s] Level 1:colcon.colcon_core.package_identification:_identify(src/six_dof) by extensions ['ignore', 'ignore_ament_install']
[0.174s] Level 1:colcon.colcon_core.package_identification:_identify(src/six_dof) by extension 'ignore'
[0.174s] Level 1:colcon.colcon_core.package_identification:_identify(src/six_dof) by extension 'ignore_ament_install'
[0.174s] Level 1:colcon.colcon_core.package_identification:_identify(src/six_dof) by extensions ['colcon_pkg']
[0.174s] Level 1:colcon.colcon_core.package_identification:_identify(src/six_dof) by extension 'colcon_pkg'
[0.174s] Level 1:colcon.colcon_core.package_identification:_identify(src/six_dof) by extensions ['colcon_meta']
[0.174s] Level 1:colcon.colcon_core.package_identification:_identify(src/six_dof) by extension 'colcon_meta'
[0.174s] Level 1:colcon.colcon_core.package_identification:_identify(src/six_dof) by extensions ['ros']
[0.174s] Level 1:colcon.colcon_core.package_identification:_identify(src/six_dof) by extension 'ros'
[0.175s] DEBUG:colcon.colcon_core.package_identification:Package 'src/six_dof' with type 'ros.ament_cmake' and name 'six_dof'
[0.175s] Level 1:colcon.colcon_core.package_identification:_identify(src/six_dof_bringup) by extensions ['ignore', 'ignore_ament_install']
[0.175s] Level 1:colcon.colcon_core.package_identification:_identify(src/six_dof_bringup) by extension 'ignore'
[0.175s] Level 1:colcon.colcon_core.package_identification:_identify(src/six_dof_bringup) by extension 'ignore_ament_install'
[0.175s] Level 1:colcon.colcon_core.package_identification:_identify(src/six_dof_bringup) by extensions ['colcon_pkg']
[0.175s] Level 1:colcon.colcon_core.package_identification:_identify(src/six_dof_bringup) by extension 'colcon_pkg'
[0.175s] Level 1:colcon.colcon_core.package_identification:_identify(src/six_dof_bringup) by extensions ['colcon_meta']
[0.175s] Level 1:colcon.colcon_core.package_identification:_identify(src/six_dof_bringup) by extension 'colcon_meta'
[0.175s] Level 1:colcon.colcon_core.package_identification:_identify(src/six_dof_bringup) by extensions ['ros']
[0.175s] Level 1:colcon.colcon_core.package_identification:_identify(src/six_dof_bringup) by extension 'ros'
[0.176s] DEBUG:colcon.colcon_core.package_identification:Package 'src/six_dof_bringup' with type 'ros.ament_cmake' and name 'six_dof_bringup'
[0.176s] Level 1:colcon.colcon_core.package_discovery:discover_packages(recursive) using defaults
[0.176s] Level 1:colcon.colcon_core.package_discovery:discover_packages(ignore) discover
[0.176s] Level 1:colcon.colcon_core.package_discovery:discover_packages(ignore) using defaults
[0.176s] Level 1:colcon.colcon_core.package_discovery:discover_packages(path) discover
[0.176s] Level 1:colcon.colcon_core.package_discovery:discover_packages(path) using defaults
[0.191s] Level 1:colcon.colcon_core.package_discovery:discover_packages(prefix_path) check parameters
[0.191s] Level 1:colcon.colcon_core.package_discovery:discover_packages(prefix_path) discover
[0.192s] DEBUG:colcon.colcon_installed_package_information.package_discovery:Found 4 installed packages in /home/adi/hum_rob_ws/install
[0.194s] DEBUG:colcon.colcon_installed_package_information.package_discovery:Found 384 installed packages in /opt/ros/humble
[0.195s] Level 1:colcon.colcon_core.package_discovery:discover_packages(prefix_path) using defaults
[0.232s] Level 5:colcon.colcon_core.verb:set package 'four_dof' build argument 'cmake_args' from command line to 'None'
[0.232s] Level 5:colcon.colcon_core.verb:set package 'four_dof' build argument 'cmake_target' from command line to 'None'
[0.232s] Level 5:colcon.colcon_core.verb:set package 'four_dof' build argument 'cmake_target_skip_unavailable' from command line to 'False'
[0.232s] Level 5:colcon.colcon_core.verb:set package 'four_dof' build argument 'cmake_clean_cache' from command line to 'False'
[0.232s] Level 5:colcon.colcon_core.verb:set package 'four_dof' build argument 'cmake_clean_first' from command line to 'False'
[0.232s] Level 5:colcon.colcon_core.verb:set package 'four_dof' build argument 'cmake_force_configure' from command line to 'False'
[0.232s] Level 5:colcon.colcon_core.verb:set package 'four_dof' build argument 'ament_cmake_args' from command line to 'None'
[0.232s] Level 5:colcon.colcon_core.verb:set package 'four_dof' build argument 'catkin_cmake_args' from command line to 'None'
[0.232s] Level 5:colcon.colcon_core.verb:set package 'four_dof' build argument 'catkin_skip_building_tests' from command line to 'False'
[0.232s] DEBUG:colcon.colcon_core.verb:Building package 'four_dof' with the following arguments: {'ament_cmake_args': None, 'build_base': '/home/adi/hum_rob_ws/build/four_dof', 'catkin_cmake_args': None, 'catkin_skip_building_tests': False, 'cmake_args': None, 'cmake_clean_cache': False, 'cmake_clean_first': False, 'cmake_force_configure': False, 'cmake_target': None, 'cmake_target_skip_unavailable': False, 'install_base': '/home/adi/hum_rob_ws/install/four_dof', 'merge_install': False, 'path': '/home/adi/hum_rob_ws/src/four_dof', 'symlink_install': False, 'test_result_base': None}
[0.233s] Level 5:colcon.colcon_core.verb:set package 'four_dof_bringup' build argument 'cmake_args' from command line to 'None'
[0.233s] Level 5:colcon.colcon_core.verb:set package 'four_dof_bringup' build argument 'cmake_target' from command line to 'None'
[0.233s] Level 5:colcon.colcon_core.verb:set package 'four_dof_bringup' build argument 'cmake_target_skip_unavailable' from command line to 'False'
[0.233s] Level 5:colcon.colcon_core.verb:set package 'four_dof_bringup' build argument 'cmake_clean_cache' from command line to 'False'
[0.233s] Level 5:colcon.colcon_core.verb:set package 'four_dof_bringup' build argument 'cmake_clean_first' from command line to 'False'
[0.233s] Level 5:colcon.colcon_core.verb:set package 'four_dof_bringup' build argument 'cmake_force_configure' from command line to 'False'
[0.233s] Level 5:colcon.colcon_core.verb:set package 'four_dof_bringup' build argument 'ament_cmake_args' from command line to 'None'
[0.233s] Level 5:colcon.colcon_core.verb:set package 'four_dof_bringup' build argument 'catkin_cmake_args' from command line to 'None'
[0.233s] Level 5:colcon.colcon_core.verb:set package 'four_dof_bringup' build argument 'catkin_skip_building_tests' from command line to 'False'
[0.233s] DEBUG:colcon.colcon_core.verb:Building package 'four_dof_bringup' with the following arguments: {'ament_cmake_args': None, 'build_base': '/home/adi/hum_rob_ws/build/four_dof_bringup', 'catkin_cmake_args': None, 'catkin_skip_building_tests': False, 'cmake_args': None, 'cmake_clean_cache': False, 'cmake_clean_first': False, 'cmake_force_configure': False, 'cmake_target': None, 'cmake_target_skip_unavailable': False, 'install_base': '/home/adi/hum_rob_ws/install/four_dof_bringup', 'merge_install': False, 'path': '/home/adi/hum_rob_ws/src/four_dof_bringup', 'symlink_install': False, 'test_result_base': None}
[0.233s] Level 5:colcon.colcon_core.verb:set package 'six_dof' build argument 'cmake_args' from command line to 'None'
[0.233s] Level 5:colcon.colcon_core.verb:set package 'six_dof' build argument 'cmake_target' from command line to 'None'
[0.233s] Level 5:colcon.colcon_core.verb:set package 'six_dof' build argument 'cmake_target_skip_unavailable' from command line to 'False'
[0.233s] Level 5:colcon.colcon_core.verb:set package 'six_dof' build argument 'cmake_clean_cache' from command line to 'False'
[0.233s] Level 5:colcon.colcon_core.verb:set package 'six_dof' build argument 'cmake_clean_first' from command line to 'False'
[0.233s] Level 5:colcon.colcon_core.verb:set package 'six_dof' build argument 'cmake_force_configure' from command line to 'False'
[0.233s] Level 5:colcon.colcon_core.verb:set package 'six_dof' build argument 'ament_cmake_args' from command line to 'None'
[0.233s] Level 5:colcon.colcon_core.verb:set package 'six_dof' build argument 'catkin_cmake_args' from command line to 'None'
[0.233s] Level 5:colcon.colcon_core.verb:set package 'six_dof' build argument 'catkin_skip_building_tests' from command line to 'False'
[0.233s] DEBUG:colcon.colcon_core.verb:Building package 'six_dof' with the following arguments: {'ament_cmake_args': None, 'build_base': '/home/adi/hum_rob_ws/build/six_dof', 'catkin_cmake_args': None, 'catkin_skip_building_tests': False, 'cmake_args': None, 'cmake_clean_cache': False, 'cmake_clean_first': False, 'cmake_force_configure': False, 'cmake_target': None, 'cmake_target_skip_unavailable': False, 'install_base': '/home/adi/hum_rob_ws/install/six_dof', 'merge_install': False, 'path': '/home/adi/hum_rob_ws/src/six_dof', 'symlink_install': False, 'test_result_base': None}
[0.233s] Level 5:colcon.colcon_core.verb:set package 'six_dof_bringup' build argument 'cmake_args' from command line to 'None'
[0.233s] Level 5:colcon.colcon_core.verb:set package 'six_dof_bringup' build argument 'cmake_target' from command line to 'None'
[0.234s] Level 5:colcon.colcon_core.verb:set package 'six_dof_bringup' build argument 'cmake_target_skip_unavailable' from command line to 'False'
[0.234s] Level 5:colcon.colcon_core.verb:set package 'six_dof_bringup' build argument 'cmake_clean_cache' from command line to 'False'
[0.234s] Level 5:colcon.colcon_core.verb:set package 'six_dof_bringup' build argument 'cmake_clean_first' from command line to 'False'
[0.234s] Level 5:colcon.colcon_core.verb:set package 'six_dof_bringup' build argument 'cmake_force_configure' from command line to 'False'
[0.234s] Level 5:colcon.colcon_core.verb:set package 'six_dof_bringup' build argument 'ament_cmake_args' from command line to 'None'
[0.234s] Level 5:colcon.colcon_core.verb:set package 'six_dof_bringup' build argument 'catkin_cmake_args' from command line to 'None'
[0.234s] Level 5:colcon.colcon_core.verb:set package 'six_dof_bringup' build argument 'catkin_skip_building_tests' from command line to 'False'
[0.234s] DEBUG:colcon.colcon_core.verb:Building package 'six_dof_bringup' with the following arguments: {'ament_cmake_args': None, 'build_base': '/home/adi/hum_rob_ws/build/six_dof_bringup', 'catkin_cmake_args': None, 'catkin_skip_building_tests': False, 'cmake_args': None, 'cmake_clean_cache': False, 'cmake_clean_first': False, 'cmake_force_configure': False, 'cmake_target': None, 'cmake_target_skip_unavailable': False, 'install_base': '/home/adi/hum_rob_ws/install/six_dof_bringup', 'merge_install': False, 'path': '/home/adi/hum_rob_ws/src/six_dof_bringup', 'symlink_install': False, 'test_result_base': None}
[0.234s] INFO:colcon.colcon_core.executor:Executing jobs using 'parallel' executor
[0.235s] DEBUG:colcon.colcon_parallel_executor.executor.parallel:run_until_complete
[0.235s] INFO:colcon.colcon_ros.task.ament_cmake.build:Building ROS package in '/home/adi/hum_rob_ws/src/four_dof' with build type 'ament_cmake'
[0.235s] INFO:colcon.colcon_cmake.task.cmake.build:Building CMake package in '/home/adi/hum_rob_ws/src/four_dof'
[0.237s] INFO:colcon.colcon_core.plugin_system:Skipping extension 'colcon_core.shell.bat': Not used on non-Windows systems
[0.237s] INFO:colcon.colcon_core.shell:Skip shell extension 'powershell' for command environment: Not usable outside of PowerShell
[0.237s] DEBUG:colcon.colcon_core.shell:Skip shell extension 'dsv' for command environment
[0.241s] INFO:colcon.colcon_ros.task.ament_cmake.build:Building ROS package in '/home/adi/hum_rob_ws/src/four_dof_bringup' with build type 'ament_cmake'
[0.242s] INFO:colcon.colcon_cmake.task.cmake.build:Building CMake package in '/home/adi/hum_rob_ws/src/four_dof_bringup'
[0.242s] INFO:colcon.colcon_core.shell:Skip shell extension 'powershell' for command environment: Not usable outside of PowerShell
[0.242s] DEBUG:colcon.colcon_core.shell:Skip shell extension 'dsv' for command environment
[0.246s] INFO:colcon.colcon_ros.task.ament_cmake.build:Building ROS package in '/home/adi/hum_rob_ws/src/six_dof' with build type 'ament_cmake'
[0.246s] INFO:colcon.colcon_cmake.task.cmake.build:Building CMake package in '/home/adi/hum_rob_ws/src/six_dof'
[0.246s] INFO:colcon.colcon_core.shell:Skip shell extension 'powershell' for command environment: Not usable outside of PowerShell
[0.246s] DEBUG:colcon.colcon_core.shell:Skip shell extension 'dsv' for command environment
[0.250s] INFO:colcon.colcon_ros.task.ament_cmake.build:Building ROS package in '/home/adi/hum_rob_ws/src/six_dof_bringup' with build type 'ament_cmake'
[0.250s] INFO:colcon.colcon_cmake.task.cmake.build:Building CMake package in '/home/adi/hum_rob_ws/src/six_dof_bringup'
[0.250s] INFO:colcon.colcon_core.shell:Skip shell extension 'powershell' for command environment: Not usable outside of PowerShell
[0.250s] DEBUG:colcon.colcon_core.shell:Skip shell extension 'dsv' for command environment
[0.261s] DEBUG:colcon.colcon_core.event_handler.log_command:Invoking command in '/home/adi/hum_rob_ws/build/four_dof': CMAKE_PREFIX_PATH=${CMAKE_PREFIX_PATH}:/opt/ros/humble /usr/bin/cmake --build /home/adi/hum_rob_ws/build/four_dof -- -j16 -l16
[0.265s] DEBUG:colcon.colcon_core.event_handler.log_command:Invoking command in '/home/adi/hum_rob_ws/build/four_dof_bringup': CMAKE_PREFIX_PATH=${CMAKE_PREFIX_PATH}:/opt/ros/humble /usr/bin/cmake --build /home/adi/hum_rob_ws/build/four_dof_bringup -- -j16 -l16
[0.269s] DEBUG:colcon.colcon_core.event_handler.log_command:Invoking command in '/home/adi/hum_rob_ws/build/six_dof': CMAKE_PREFIX_PATH=${CMAKE_PREFIX_PATH}:/opt/ros/humble /usr/bin/cmake --build /home/adi/hum_rob_ws/build/six_dof -- -j16 -l16
[0.273s] DEBUG:colcon.colcon_core.event_handler.log_command:Invoking command in '/home/adi/hum_rob_ws/build/six_dof_bringup': CMAKE_PREFIX_PATH=${CMAKE_PREFIX_PATH}:/opt/ros/humble /usr/bin/cmake --build /home/adi/hum_rob_ws/build/six_dof_bringup -- -j16 -l16
[0.324s] DEBUG:colcon.colcon_core.event_handler.log_command:Invoked command in '/home/adi/hum_rob_ws/build/four_dof_bringup' returned '0': CMAKE_PREFIX_PATH=${CMAKE_PREFIX_PATH}:/opt/ros/humble /usr/bin/cmake --build /home/adi/hum_rob_ws/build/four_dof_bringup -- -j16 -l16
[0.344s] DEBUG:colcon.colcon_core.event_handler.log_command:Invoked command in '/home/adi/hum_rob_ws/build/four_dof' returned '0': CMAKE_PREFIX_PATH=${CMAKE_PREFIX_PATH}:/opt/ros/humble /usr/bin/cmake --build /home/adi/hum_rob_ws/build/four_dof -- -j16 -l16
[0.363s] DEBUG:colcon.colcon_core.event_handler.log_command:Invoking command in '/home/adi/hum_rob_ws/build/four_dof_bringup': CMAKE_PREFIX_PATH=${CMAKE_PREFIX_PATH}:/opt/ros/humble /usr/bin/cmake --install /home/adi/hum_rob_ws/build/four_dof_bringup
[0.365s] DEBUG:colcon.colcon_core.event_handler.log_command:Invoked command in '/home/adi/hum_rob_ws/build/six_dof' returned '0': CMAKE_PREFIX_PATH=${CMAKE_PREFIX_PATH}:/opt/ros/humble /usr/bin/cmake --build /home/adi/hum_rob_ws/build/six_dof -- -j16 -l16
[0.373s] Level 1:colcon.colcon_core.environment:create_environment_scripts_only(four_dof_bringup)
[0.374s] DEBUG:colcon.colcon_core.event_handler.log_command:Invoked command in '/home/adi/hum_rob_ws/build/four_dof_bringup' returned '0': CMAKE_PREFIX_PATH=${CMAKE_PREFIX_PATH}:/opt/ros/humble /usr/bin/cmake --install /home/adi/hum_rob_ws/build/four_dof_bringup
[0.379s] Level 1:colcon.colcon_core.environment:checking '/home/adi/hum_rob_ws/install/four_dof_bringup' for CMake module files
[0.380s] Level 1:colcon.colcon_core.environment:checking '/home/adi/hum_rob_ws/install/four_dof_bringup' for CMake config files
[0.380s] Level 1:colcon.colcon_core.shell:create_environment_hook('four_dof_bringup', 'cmake_prefix_path')
[0.381s] INFO:colcon.colcon_core.shell:Creating environment hook '/home/adi/hum_rob_ws/install/four_dof_bringup/share/four_dof_bringup/hook/cmake_prefix_path.ps1'
[0.382s] INFO:colcon.colcon_core.shell:Creating environment descriptor '/home/adi/hum_rob_ws/install/four_dof_bringup/share/four_dof_bringup/hook/cmake_prefix_path.dsv'
[0.383s] INFO:colcon.colcon_core.shell:Creating environment hook '/home/adi/hum_rob_ws/install/four_dof_bringup/share/four_dof_bringup/hook/cmake_prefix_path.sh'
[0.385s] Level 1:colcon.colcon_core.environment:checking '/home/adi/hum_rob_ws/install/four_dof_bringup/bin'
[0.386s] Level 1:colcon.colcon_core.environment:checking '/home/adi/hum_rob_ws/install/four_dof_bringup/lib/pkgconfig/four_dof_bringup.pc'
[0.386s] Level 1:colcon.colcon_core.environment:checking '/home/adi/hum_rob_ws/install/four_dof_bringup/lib/python3.10/site-packages'
[0.387s] Level 1:colcon.colcon_core.environment:checking '/home/adi/hum_rob_ws/install/four_dof_bringup/bin'
[0.388s] INFO:colcon.colcon_core.shell:Creating package script '/home/adi/hum_rob_ws/install/four_dof_bringup/share/four_dof_bringup/package.ps1'
[0.390s] INFO:colcon.colcon_core.shell:Creating package descriptor '/home/adi/hum_rob_ws/install/four_dof_bringup/share/four_dof_bringup/package.dsv'
[0.391s] INFO:colcon.colcon_core.shell:Creating package script '/home/adi/hum_rob_ws/install/four_dof_bringup/share/four_dof_bringup/package.sh'
[0.393s] INFO:colcon.colcon_core.shell:Creating package script '/home/adi/hum_rob_ws/install/four_dof_bringup/share/four_dof_bringup/package.bash'
[0.395s] INFO:colcon.colcon_core.shell:Creating package script '/home/adi/hum_rob_ws/install/four_dof_bringup/share/four_dof_bringup/package.zsh'
[0.397s] Level 1:colcon.colcon_core.environment:create_file_with_runtime_dependencies(/home/adi/hum_rob_ws/install/four_dof_bringup/share/colcon-core/packages/four_dof_bringup)
[0.401s] DEBUG:colcon.colcon_core.event_handler.log_command:Invoking command in '/home/adi/hum_rob_ws/build/four_dof': CMAKE_PREFIX_PATH=${CMAKE_PREFIX_PATH}:/opt/ros/humble /usr/bin/cmake --install /home/adi/hum_rob_ws/build/four_dof
[0.404s] DEBUG:colcon.colcon_core.event_handler.log_command:Invoking command in '/home/adi/hum_rob_ws/build/six_dof': CMAKE_PREFIX_PATH=${CMAKE_PREFIX_PATH}:/opt/ros/humble /usr/bin/cmake --install /home/adi/hum_rob_ws/build/six_dof
[0.414s] Level 1:colcon.colcon_core.environment:create_environment_scripts_only(four_dof)
[0.415s] Level 1:colcon.colcon_core.environment:checking '/home/adi/hum_rob_ws/install/four_dof' for CMake module files
[0.417s] DEBUG:colcon.colcon_core.event_handler.log_command:Invoked command in '/home/adi/hum_rob_ws/build/four_dof' returned '0': CMAKE_PREFIX_PATH=${CMAKE_PREFIX_PATH}:/opt/ros/humble /usr/bin/cmake --install /home/adi/hum_rob_ws/build/four_dof
[0.419s] Level 1:colcon.colcon_core.environment:checking '/home/adi/hum_rob_ws/install/four_dof' for CMake config files
[0.419s] Level 1:colcon.colcon_core.shell:create_environment_hook('four_dof', 'cmake_prefix_path')
[0.420s] INFO:colcon.colcon_core.shell:Creating environment hook '/home/adi/hum_rob_ws/install/four_dof/share/four_dof/hook/cmake_prefix_path.ps1'
[0.421s] INFO:colcon.colcon_core.shell:Creating environment descriptor '/home/adi/hum_rob_ws/install/four_dof/share/four_dof/hook/cmake_prefix_path.dsv'
[0.421s] INFO:colcon.colcon_core.shell:Creating environment hook '/home/adi/hum_rob_ws/install/four_dof/share/four_dof/hook/cmake_prefix_path.sh'
[0.422s] Level 1:colcon.colcon_core.environment:checking '/home/adi/hum_rob_ws/install/four_dof/lib'
[0.423s] Level 1:colcon.colcon_core.environment:checking '/home/adi/hum_rob_ws/install/four_dof/bin'
[0.423s] Level 1:colcon.colcon_core.environment:checking '/home/adi/hum_rob_ws/install/four_dof/lib/pkgconfig/four_dof.pc'
[0.423s] Level 1:colcon.colcon_core.environment:checking '/home/adi/hum_rob_ws/install/four_dof/lib/python3.10/site-packages'
[0.424s] Level 1:colcon.colcon_core.environment:checking '/home/adi/hum_rob_ws/install/four_dof/bin'
[0.425s] INFO:colcon.colcon_core.shell:Creating package script '/home/adi/hum_rob_ws/install/four_dof/share/four_dof/package.ps1'
[0.425s] INFO:colcon.colcon_core.shell:Creating package descriptor '/home/adi/hum_rob_ws/install/four_dof/share/four_dof/package.dsv'
[0.427s] INFO:colcon.colcon_core.shell:Creating package script '/home/adi/hum_rob_ws/install/four_dof/share/four_dof/package.sh'
[0.427s] INFO:colcon.colcon_core.shell:Creating package script '/home/adi/hum_rob_ws/install/four_dof/share/four_dof/package.bash'
[0.428s] INFO:colcon.colcon_core.shell:Creating package script '/home/adi/hum_rob_ws/install/four_dof/share/four_dof/package.zsh'
[0.429s] Level 1:colcon.colcon_core.environment:create_file_with_runtime_dependencies(/home/adi/hum_rob_ws/install/four_dof/share/colcon-core/packages/four_dof)
[0.432s] Level 1:colcon.colcon_core.environment:create_environment_scripts_only(four_dof_bringup)
[0.433s] Level 1:colcon.colcon_core.environment:checking '/home/adi/hum_rob_ws/install/four_dof_bringup' for CMake module files
[0.434s] Level 1:colcon.colcon_core.environment:checking '/home/adi/hum_rob_ws/install/four_dof_bringup' for CMake config files
[0.434s] Level 1:colcon.colcon_core.shell:create_environment_hook('four_dof_bringup', 'cmake_prefix_path')
[0.435s] INFO:colcon.colcon_core.shell:Creating environment hook '/home/adi/hum_rob_ws/install/four_dof_bringup/share/four_dof_bringup/hook/cmake_prefix_path.ps1'
[0.436s] INFO:colcon.colcon_core.shell:Creating environment descriptor '/home/adi/hum_rob_ws/install/four_dof_bringup/share/four_dof_bringup/hook/cmake_prefix_path.dsv'
[0.437s] INFO:colcon.colcon_core.shell:Creating environment hook '/home/adi/hum_rob_ws/install/four_dof_bringup/share/four_dof_bringup/hook/cmake_prefix_path.sh'
[0.438s] Level 1:colcon.colcon_core.environment:checking '/home/adi/hum_rob_ws/install/four_dof_bringup/bin'
[0.438s] Level 1:colcon.colcon_core.environment:checking '/home/adi/hum_rob_ws/install/four_dof_bringup/lib/pkgconfig/four_dof_bringup.pc'
[0.438s] Level 1:colcon.colcon_core.environment:checking '/home/adi/hum_rob_ws/install/four_dof_bringup/lib/python3.10/site-packages'
[0.439s] Level 1:colcon.colcon_core.environment:checking '/home/adi/hum_rob_ws/install/four_dof_bringup/bin'
[0.439s] INFO:colcon.colcon_core.shell:Creating package script '/home/adi/hum_rob_ws/install/four_dof_bringup/share/four_dof_bringup/package.ps1'
[0.441s] INFO:colcon.colcon_core.shell:Creating package descriptor '/home/adi/hum_rob_ws/install/four_dof_bringup/share/four_dof_bringup/package.dsv'
[0.442s] INFO:colcon.colcon_core.shell:Creating package script '/home/adi/hum_rob_ws/install/four_dof_bringup/share/four_dof_bringup/package.sh'
[0.442s] INFO:colcon.colcon_core.shell:Creating package script '/home/adi/hum_rob_ws/install/four_dof_bringup/share/four_dof_bringup/package.bash'
[0.443s] INFO:colcon.colcon_core.shell:Creating package script '/home/adi/hum_rob_ws/install/four_dof_bringup/share/four_dof_bringup/package.zsh'
[0.443s] Level 1:colcon.colcon_core.environment:create_file_with_runtime_dependencies(/home/adi/hum_rob_ws/install/four_dof_bringup/share/colcon-core/packages/four_dof_bringup)
[0.444s] Level 1:colcon.colcon_core.environment:create_environment_scripts_only(six_dof)
[0.444s] Level 1:colcon.colcon_core.environment:checking '/home/adi/hum_rob_ws/install/six_dof' for CMake module files
[0.445s] DEBUG:colcon.colcon_core.event_handler.log_command:Invoked command in '/home/adi/hum_rob_ws/build/six_dof' returned '0': CMAKE_PREFIX_PATH=${CMAKE_PREFIX_PATH}:/opt/ros/humble /usr/bin/cmake --install /home/adi/hum_rob_ws/build/six_dof
[0.445s] Level 1:colcon.colcon_core.environment:checking '/home/adi/hum_rob_ws/install/six_dof' for CMake config files
[0.445s] Level 1:colcon.colcon_core.shell:create_environment_hook('six_dof', 'cmake_prefix_path')
[0.446s] INFO:colcon.colcon_core.shell:Creating environment hook '/home/adi/hum_rob_ws/install/six_dof/share/six_dof/hook/cmake_prefix_path.ps1'
[0.446s] INFO:colcon.colcon_core.shell:Creating environment descriptor '/home/adi/hum_rob_ws/install/six_dof/share/six_dof/hook/cmake_prefix_path.dsv'
[0.446s] INFO:colcon.colcon_core.shell:Creating environment hook '/home/adi/hum_rob_ws/install/six_dof/share/six_dof/hook/cmake_prefix_path.sh'
[0.447s] Level 1:colcon.colcon_core.environment:checking '/home/adi/hum_rob_ws/install/six_dof/lib'
[0.447s] Level 1:colcon.colcon_core.environment:checking '/home/adi/hum_rob_ws/install/six_dof/bin'
[0.447s] Level 1:colcon.colcon_core.environment:checking '/home/adi/hum_rob_ws/install/six_dof/lib/pkgconfig/six_dof.pc'
[0.448s] Level 1:colcon.colcon_core.environment:checking '/home/adi/hum_rob_ws/install/six_dof/lib/python3.10/site-packages'
[0.448s] Level 1:colcon.colcon_core.environment:checking '/home/adi/hum_rob_ws/install/six_dof/bin'
[0.448s] INFO:colcon.colcon_core.shell:Creating package script '/home/adi/hum_rob_ws/install/six_dof/share/six_dof/package.ps1'
[0.449s] INFO:colcon.colcon_core.shell:Creating package descriptor '/home/adi/hum_rob_ws/install/six_dof/share/six_dof/package.dsv'
[0.449s] INFO:colcon.colcon_core.shell:Creating package script '/home/adi/hum_rob_ws/install/six_dof/share/six_dof/package.sh'
[0.450s] INFO:colcon.colcon_core.shell:Creating package script '/home/adi/hum_rob_ws/install/six_dof/share/six_dof/package.bash'
[0.450s] INFO:colcon.colcon_core.shell:Creating package script '/home/adi/hum_rob_ws/install/six_dof/share/six_dof/package.zsh'
[0.450s] Level 1:colcon.colcon_core.environment:create_file_with_runtime_dependencies(/home/adi/hum_rob_ws/install/six_dof/share/colcon-core/packages/six_dof)
[0.462s] Level 1:colcon.colcon_core.environment:create_environment_scripts_only(four_dof)
[0.462s] Level 1:colcon.colcon_core.environment:checking '/home/adi/hum_rob_ws/install/four_dof' for CMake module files
[0.463s] Level 1:colcon.colcon_core.environment:checking '/home/adi/hum_rob_ws/install/four_dof' for CMake config files
[0.463s] Level 1:colcon.colcon_core.shell:create_environment_hook('four_dof', 'cmake_prefix_path')
[0.463s] INFO:colcon.colcon_core.shell:Creating environment hook '/home/adi/hum_rob_ws/install/four_dof/share/four_dof/hook/cmake_prefix_path.ps1'
[0.464s] INFO:colcon.colcon_core.shell:Creating environment descriptor '/home/adi/hum_rob_ws/install/four_dof/share/four_dof/hook/cmake_prefix_path.dsv'
[0.464s] INFO:colcon.colcon_core.shell:Creating environment hook '/home/adi/hum_rob_ws/install/four_dof/share/four_dof/hook/cmake_prefix_path.sh'
[0.465s] Level 1:colcon.colcon_core.environment:checking '/home/adi/hum_rob_ws/install/four_dof/lib'
[0.465s] Level 1:colcon.colcon_core.environment:checking '/home/adi/hum_rob_ws/install/four_dof/bin'
[0.465s] Level 1:colcon.colcon_core.environment:checking '/home/adi/hum_rob_ws/install/four_dof/lib/pkgconfig/four_dof.pc'
[0.465s] Level 1:colcon.colcon_core.environment:checking '/home/adi/hum_rob_ws/install/four_dof/lib/python3.10/site-packages'
[0.465s] Level 1:colcon.colcon_core.environment:checking '/home/adi/hum_rob_ws/install/four_dof/bin'
[0.465s] INFO:colcon.colcon_core.shell:Creating package script '/home/adi/hum_rob_ws/install/four_dof/share/four_dof/package.ps1'
[0.466s] INFO:colcon.colcon_core.shell:Creating package descriptor '/home/adi/hum_rob_ws/install/four_dof/share/four_dof/package.dsv'
[0.466s] INFO:colcon.colcon_core.shell:Creating package script '/home/adi/hum_rob_ws/install/four_dof/share/four_dof/package.sh'
[0.466s] INFO:colcon.colcon_core.shell:Creating package script '/home/adi/hum_rob_ws/install/four_dof/share/four_dof/package.bash'
[0.467s] INFO:colcon.colcon_core.shell:Creating package script '/home/adi/hum_rob_ws/install/four_dof/share/four_dof/package.zsh'
[0.467s] Level 1:colcon.colcon_core.environment:create_file_with_runtime_dependencies(/home/adi/hum_rob_ws/install/four_dof/share/colcon-core/packages/four_dof)
[0.482s] Level 1:colcon.colcon_core.environment:create_environment_scripts_only(six_dof)
[0.482s] Level 1:colcon.colcon_core.environment:checking '/home/adi/hum_rob_ws/install/six_dof' for CMake module files
[0.483s] Level 1:colcon.colcon_core.environment:checking '/home/adi/hum_rob_ws/install/six_dof' for CMake config files
[0.483s] Level 1:colcon.colcon_core.shell:create_environment_hook('six_dof', 'cmake_prefix_path')
[0.484s] INFO:colcon.colcon_core.shell:Creating environment hook '/home/adi/hum_rob_ws/install/six_dof/share/six_dof/hook/cmake_prefix_path.ps1'
[0.484s] INFO:colcon.colcon_core.shell:Creating environment descriptor '/home/adi/hum_rob_ws/install/six_dof/share/six_dof/hook/cmake_prefix_path.dsv'
[0.484s] INFO:colcon.colcon_core.shell:Creating environment hook '/home/adi/hum_rob_ws/install/six_dof/share/six_dof/hook/cmake_prefix_path.sh'
[0.485s] Level 1:colcon.colcon_core.environment:checking '/home/adi/hum_rob_ws/install/six_dof/lib'
[0.485s] Level 1:colcon.colcon_core.environment:checking '/home/adi/hum_rob_ws/install/six_dof/bin'
[0.485s] Level 1:colcon.colcon_core.environment:checking '/home/adi/hum_rob_ws/install/six_dof/lib/pkgconfig/six_dof.pc'
[0.485s] Level 1:colcon.colcon_core.environment:checking '/home/adi/hum_rob_ws/install/six_dof/lib/python3.10/site-packages'
[0.486s] Level 1:colcon.colcon_core.environment:checking '/home/adi/hum_rob_ws/install/six_dof/bin'
[0.486s] INFO:colcon.colcon_core.shell:Creating package script '/home/adi/hum_rob_ws/install/six_dof/share/six_dof/package.ps1'
[0.486s] INFO:colcon.colcon_core.shell:Creating package descriptor '/home/adi/hum_rob_ws/install/six_dof/share/six_dof/package.dsv'
[0.487s] INFO:colcon.colcon_core.shell:Creating package script '/home/adi/hum_rob_ws/install/six_dof/share/six_dof/package.sh'
[0.487s] INFO:colcon.colcon_core.shell:Creating package script '/home/adi/hum_rob_ws/install/six_dof/share/six_dof/package.bash'
[0.488s] INFO:colcon.colcon_core.shell:Creating package script '/home/adi/hum_rob_ws/install/six_dof/share/six_dof/package.zsh'
[0.488s] Level 1:colcon.colcon_core.environment:create_file_with_runtime_dependencies(/home/adi/hum_rob_ws/install/six_dof/share/colcon-core/packages/six_dof)
[1.500s] DEBUG:colcon.colcon_core.event_handler.log_command:Invoked command in '/home/adi/hum_rob_ws/build/six_dof_bringup' returned '2': CMAKE_PREFIX_PATH=${CMAKE_PREFIX_PATH}:/opt/ros/humble /usr/bin/cmake --build /home/adi/hum_rob_ws/build/six_dof_bringup -- -j16 -l16
[1.554s] Level 1:colcon.colcon_core.environment:create_environment_scripts_only(six_dof_bringup)
[1.554s] Level 1:colcon.colcon_core.environment:checking '/home/adi/hum_rob_ws/install/six_dof_bringup' for CMake module files
[1.555s] Level 1:colcon.colcon_core.environment:checking '/home/adi/hum_rob_ws/install/six_dof_bringup' for CMake config files
[1.555s] Level 1:colcon.colcon_core.shell:create_environment_hook('six_dof_bringup', 'cmake_prefix_path')
[1.555s] INFO:colcon.colcon_core.shell:Creating environment hook '/home/adi/hum_rob_ws/install/six_dof_bringup/share/six_dof_bringup/hook/cmake_prefix_path.ps1'
[1.555s] INFO:colcon.colcon_core.shell:Creating environment descriptor '/home/adi/hum_rob_ws/install/six_dof_bringup/share/six_dof_bringup/hook/cmake_prefix_path.dsv'
[1.556s] INFO:colcon.colcon_core.shell:Creating environment hook '/home/adi/hum_rob_ws/install/six_dof_bringup/share/six_dof_bringup/hook/cmake_prefix_path.sh'
[1.556s] Level 1:colcon.colcon_core.environment:checking '/home/adi/hum_rob_ws/install/six_dof_bringup/bin'
[1.556s] Level 1:colcon.colcon_core.environment:checking '/home/adi/hum_rob_ws/install/six_dof_bringup/lib/pkgconfig/six_dof_bringup.pc'
[1.556s] Level 1:colcon.colcon_core.environment:checking '/home/adi/hum_rob_ws/install/six_dof_bringup/lib/python3.10/site-packages'
[1.556s] Level 1:colcon.colcon_core.environment:checking '/home/adi/hum_rob_ws/install/six_dof_bringup/bin'
[1.557s] INFO:colcon.colcon_core.shell:Creating package script '/home/adi/hum_rob_ws/install/six_dof_bringup/share/six_dof_bringup/package.ps1'
[1.557s] INFO:colcon.colcon_core.shell:Creating package descriptor '/home/adi/hum_rob_ws/install/six_dof_bringup/share/six_dof_bringup/package.dsv'
[1.557s] INFO:colcon.colcon_core.shell:Creating package script '/home/adi/hum_rob_ws/install/six_dof_bringup/share/six_dof_bringup/package.sh'
[1.558s] INFO:colcon.colcon_core.shell:Creating package script '/home/adi/hum_rob_ws/install/six_dof_bringup/share/six_dof_bringup/package.bash'
[1.558s] INFO:colcon.colcon_core.shell:Creating package script '/home/adi/hum_rob_ws/install/six_dof_bringup/share/six_dof_bringup/package.zsh'
[1.558s] Level 1:colcon.colcon_core.environment:create_file_with_runtime_dependencies(/home/adi/hum_rob_ws/install/six_dof_bringup/share/colcon-core/packages/six_dof_bringup)
[1.568s] DEBUG:colcon.colcon_parallel_executor.executor.parallel:closing loop
[1.569s] DEBUG:colcon.colcon_parallel_executor.executor.parallel:loop closed
[1.569s] DEBUG:colcon.colcon_parallel_executor.executor.parallel:run_until_complete finished with '2'
[1.569s] DEBUG:colcon.colcon_core.event_reactor:joining thread
[1.579s] INFO:colcon.colcon_core.plugin_system:Skipping extension 'colcon_notification.desktop_notification.terminal_notifier': Not used on non-Darwin systems
[1.579s] INFO:colcon.colcon_core.plugin_system:Skipping extension 'colcon_notification.desktop_notification.win32': Not used on non-Windows systems
[1.580s] INFO:colcon.colcon_notification.desktop_notification:Sending desktop notification using 'notify2'
[1.602s] DEBUG:colcon.colcon_core.event_reactor:joined thread
[1.602s] INFO:colcon.colcon_core.shell:Creating prefix script '/home/adi/hum_rob_ws/install/local_setup.ps1'
[1.604s] INFO:colcon.colcon_core.shell:Creating prefix util module '/home/adi/hum_rob_ws/install/_local_setup_util_ps1.py'
[1.606s] INFO:colcon.colcon_core.shell:Creating prefix chain script '/home/adi/hum_rob_ws/install/setup.ps1'
[1.608s] INFO:colcon.colcon_core.shell:Creating prefix script '/home/adi/hum_rob_ws/install/local_setup.sh'
[1.609s] INFO:colcon.colcon_core.shell:Creating prefix util module '/home/adi/hum_rob_ws/install/_local_setup_util_sh.py'
[1.610s] INFO:colcon.colcon_core.shell:Creating prefix chain script '/home/adi/hum_rob_ws/install/setup.sh'
[1.612s] INFO:colcon.colcon_core.shell:Creating prefix script '/home/adi/hum_rob_ws/install/local_setup.bash'
[1.613s] INFO:colcon.colcon_core.shell:Creating prefix chain script '/home/adi/hum_rob_ws/install/setup.bash'
[1.615s] INFO:colcon.colcon_core.shell:Creating prefix script '/home/adi/hum_rob_ws/install/local_setup.zsh'
[1.615s] INFO:colcon.colcon_core.shell:Creating prefix chain script '/home/adi/hum_rob_ws/install/setup.zsh'
