[0.082s] Invoking command in '/home/adi/hum_rob_ws/build/four_dof': CMAKE_PREFIX_PATH=${CMAKE_PREFIX_PATH}:/opt/ros/humble /usr/bin/cmake --build /home/adi/hum_rob_ws/build/four_dof -- -j16 -l16
[0.107s] -- Found ament_cmake: 1.3.5 (/opt/ros/humble/share/ament_cmake/cmake)
[0.432s] -- Found geometry_msgs: 4.2.3 (/opt/ros/humble/share/geometry_msgs/cmake)
[0.494s] -- Found rosidl_generator_c: 3.1.5 (/opt/ros/humble/share/rosidl_generator_c/cmake)
[0.499s] -- Found rosidl_adapter: 3.1.5 (/opt/ros/humble/share/rosidl_adapter/cmake)
[0.506s] -- Found rosidl_generator_cpp: 3.1.5 (/opt/ros/humble/share/rosidl_generator_cpp/cmake)
[0.516s] -- Using all available rosidl_typesupport_c: rosidl_typesupport_fastrtps_c;rosidl_typesupport_introspection_c
[0.529s] -- Using all available rosidl_typesupport_cpp: rosidl_typesupport_fastrtps_cpp;rosidl_typesupport_introspection_cpp
[0.630s] -- Found rclcpp: 16.0.6 (/opt/ros/humble/share/rclcpp/cmake)
[0.670s] -- Found rmw_implementation_cmake: 6.1.1 (/opt/ros/humble/share/rmw_implementation_cmake/cmake)
[0.671s] -- Found rmw_fastrtps_cpp: 6.2.4 (/opt/ros/humble/share/rmw_fastrtps_cpp/cmake)
[0.808s] -- Using RMW implementation 'rmw_fastrtps_cpp' as default
[0.921s] -- Found xacro: 2.0.8 (/opt/ros/humble/share/xacro/cmake)
[0.922s] -- Found gazebo_ros: 3.7.0 (/opt/ros/humble/share/gazebo_ros/cmake)
[0.961s] -- Found DART: /usr/include (Required is at least version "6.6") found components: dart 
[0.996s] -- Found Protobuf: /usr/lib/x86_64-linux-gnu/libprotobuf.so (found version "3.12.4") 
[0.997s] -- Looking for ignition-math6 -- found version 6.15.0
[1.001s] -- Searching for dependencies of ignition-math6
[1.002s] -- Looking for OGRE...
[1.012s] -- Found Ogre Ghadamon (1.9.0)
[1.012s] -- Found OGRE: optimized;/usr/lib/x86_64-linux-gnu/libOgreMain.so;debug;/usr/lib/x86_64-linux-gnu/libOgreMain.so
[1.020s] -- Looking for OGRE_Paging...
[1.020s] -- Found OGRE_Paging: optimized;/usr/lib/x86_64-linux-gnu/libOgrePaging.so;debug;/usr/lib/x86_64-linux-gnu/libOgrePaging.so
[1.021s] -- Looking for OGRE_Terrain...
[1.021s] -- Found OGRE_Terrain: optimized;/usr/lib/x86_64-linux-gnu/libOgreTerrain.so;debug;/usr/lib/x86_64-linux-gnu/libOgreTerrain.so
[1.021s] -- Looking for OGRE_Property...
[1.021s] -- Found OGRE_Property: optimized;/usr/lib/x86_64-linux-gnu/libOgreProperty.so;debug;/usr/lib/x86_64-linux-gnu/libOgreProperty.so
[1.021s] -- Looking for OGRE_RTShaderSystem...
[1.021s] -- Found OGRE_RTShaderSystem: optimized;/usr/lib/x86_64-linux-gnu/libOgreRTShaderSystem.so;debug;/usr/lib/x86_64-linux-gnu/libOgreRTShaderSystem.so
[1.021s] -- Looking for OGRE_Volume...
[1.022s] -- Found OGRE_Volume: optimized;/usr/lib/x86_64-linux-gnu/libOgreVolume.so;debug;/usr/lib/x86_64-linux-gnu/libOgreVolume.so
[1.022s] -- Looking for OGRE_Overlay...
[1.022s] -- Found OGRE_Overlay: optimized;/usr/lib/x86_64-linux-gnu/libOgreOverlay.so;debug;/usr/lib/x86_64-linux-gnu/libOgreOverlay.so
[1.120s] -- Looking for ignition-math6 -- found version 6.15.0
[1.120s] -- Looking for ignition-transport8 -- found version 8.2.1
[1.120s] -- Searching for dependencies of ignition-transport8
[1.147s] -- Found Protobuf: /usr/lib/x86_64-linux-gnu/libprotobuf.so (found suitable version "3.12.4", minimum required is "3") 
[1.161s] -- Config-file not installed for ZeroMQ -- checking for pkg-config
[1.171s] -- Checking for module 'libzmq >= 4'
[1.206s] --   Found libzmq , version 4.3.4
[1.320s] -- Checking for module 'uuid'
[1.357s] --   Found uuid, version 2.37.2
[1.444s] -- Looking for ignition-msgs5 -- found version 5.8.1
[1.444s] -- Searching for dependencies of ignition-msgs5
[1.494s] -- Looking for ignition-math6 -- found version 6.15.0
[1.505s] -- Checking for module 'tinyxml2'
[1.536s] --   Found tinyxml2, version 9.0.0
[1.613s] -- Looking for ignition-msgs5 -- found version 5.8.1
[1.614s] -- Looking for ignition-common3 -- found version 3.14.0
[1.614s] -- Searching for dependencies of ignition-common3
[1.614s] -- Looking for dlfcn.h - found
[1.614s] -- Looking for libdl - found
[1.629s] -- Searching for <ignition-common3> component [graphics]
[1.630s] -- Looking for ignition-common3-graphics -- found version 3.14.0
[1.630s] -- Searching for dependencies of ignition-common3-graphics
[1.630s] -- Looking for ignition-math6 -- found version 6.15.0
[1.631s] -- Looking for ignition-fuel_tools4 -- found version 4.4.0
[1.631s] -- Searching for dependencies of ignition-fuel_tools4
[1.710s] -- Checking for module 'jsoncpp'
[1.739s] --   Found jsoncpp, version 1.9.5
[1.816s] -- Checking for module 'libzip'
[1.847s] --   Found libzip, version 1.7.3
[1.926s] -- Looking for ignition-common3 -- found version 3.14.0
[1.927s] -- Looking for ignition-math6 -- found version 6.15.0
[1.928s] -- Looking for ignition-msgs5 -- found version 5.8.1
[1.930s] -- Gazebo version: 11.10
[1.941s] -- Found sensor_msgs: 4.2.3 (/opt/ros/humble/share/sensor_msgs/cmake)
[2.041s] -- Found ament_lint_auto: 0.12.8 (/opt/ros/humble/share/ament_lint_auto/cmake)
[2.165s] -- Added test 'cppcheck' to perform static code analysis on C / C++ code
[2.166s] -- Configured cppcheck include dirs: 
[2.166s] -- Configured cppcheck exclude dirs and/or files: 
[2.166s] -- Added test 'flake8' to check Python code syntax and style conventions
[2.166s] -- Added test 'lint_cmake' to check CMake code style
[2.167s] -- Added test 'pep257' to check Python code against some of the docstring style conventions in PEP 257
[2.169s] -- Added test 'uncrustify' to check C / C++ code style
[2.169s] -- Configured uncrustify additional arguments: 
[2.169s] -- Added test 'xmllint' to check XML markup files
[2.170s] -- Configuring done
[2.175s] [31mCMake Error at CMakeLists.txt:28 (add_executable):
[2.175s]   Cannot find source file:
[2.176s] 
[2.176s]     src/joint_state_publisher.cpp
[2.176s] 
[2.176s]   Tried extensions .c .C .c++ .cc .cpp .cxx .cu .mpp .m .M .mm .ixx .cppm .h
[2.176s]   .hh .h++ .hm .hpp .hxx .in .txx .f .F .for .f77 .f90 .f95 .f03 .hip .ispc
[2.176s] 
[2.176s] [0m
[2.176s] [31mCMake Error at CMakeLists.txt:28 (add_executable):
[2.177s]   No SOURCES given to target: joint_state_pub_node
[2.177s] 
[2.177s] [0m
[2.177s] [0mCMake Generate step failed.  Build files cannot be regenerated correctly.[0m
[2.185s] gmake: *** [Makefile:226: cmake_check_build_system] Error 1
[2.191s] Invoked command in '/home/adi/hum_rob_ws/build/four_dof' returned '2': CMAKE_PREFIX_PATH=${CMAKE_PREFIX_PATH}:/opt/ros/humble /usr/bin/cmake --build /home/adi/hum_rob_ws/build/four_dof -- -j16 -l16
