[0.065s] Invoking command in '/home/adi/hum_rob_ws/build/four_dof': CMAKE_PREFIX_PATH=/opt/ros/humble /usr/bin/cmake --build /home/adi/hum_rob_ws/build/four_dof -- -j16 -l16
[0.089s] -- Found ament_cmake: 1.3.5 (/opt/ros/humble/share/ament_cmake/cmake)
[0.290s] -- Found geometry_msgs: 4.2.3 (/opt/ros/humble/share/geometry_msgs/cmake)
[0.315s] -- Found rosidl_generator_c: 3.1.5 (/opt/ros/humble/share/rosidl_generator_c/cmake)
[0.317s] -- Found rosidl_adapter: 3.1.5 (/opt/ros/humble/share/rosidl_adapter/cmake)
[0.322s] -- Found rosidl_generator_cpp: 3.1.5 (/opt/ros/humble/share/rosidl_generator_cpp/cmake)
[0.332s] -- Using all available rosidl_typesupport_c: rosidl_typesupport_fastrtps_c;rosidl_typesupport_introspection_c
[0.346s] -- Using all available rosidl_typesupport_cpp: rosidl_typesupport_fastrtps_cpp;rosidl_typesupport_introspection_cpp
[0.445s] -- Found rclcpp: 16.0.6 (/opt/ros/humble/share/rclcpp/cmake)
[0.486s] -- Found rmw_implementation_cmake: 6.1.1 (/opt/ros/humble/share/rmw_implementation_cmake/cmake)
[0.487s] -- Found rmw_fastrtps_cpp: 6.2.4 (/opt/ros/humble/share/rmw_fastrtps_cpp/cmake)
[0.627s] -- Using RMW implementation 'rmw_fastrtps_cpp' as default
[0.742s] -- Found xacro: 2.0.8 (/opt/ros/humble/share/xacro/cmake)
[0.751s] -- Found gazebo_ros: 3.7.0 (/opt/ros/humble/share/gazebo_ros/cmake)
[0.769s] -- Found PkgConfig: /usr/bin/pkg-config (found version "0.29.2") 
[0.770s] -- Checking for module 'bullet>=2.82'
[0.799s] --   Found bullet, version 3.05
[1.047s] -- Found fcl: /usr/include (found suitable version "0.7.0", minimum required is "0.5.0") 
[1.173s] -- Found assimp: /usr/include (found version "5.2.0") 
[1.209s] -- Found DART: /usr/include (Required is at least version "6.6") found components: dart 
[1.244s] -- Found Boost: /usr/lib/x86_64-linux-gnu/cmake/Boost-1.74.0/BoostConfig.cmake (found suitable version "1.74.0", minimum required is "1.40.0") found components: thread system filesystem program_options regex iostreams date_time 
[1.264s] -- Found Protobuf: /usr/lib/x86_64-linux-gnu/libprotobuf.so (found version "3.12.4") 
[1.281s] -- Looking for ignition-math6 -- found version 6.15.0
[1.295s] -- Searching for dependencies of ignition-math6
[1.297s] -- Looking for OGRE...
[1.297s] -- OGRE_PREFIX_WATCH changed.
[1.304s] -- Checking for module 'OGRE'
[1.335s] --   Found OGRE, version 1.9.0
[1.415s] -- Found Ogre Ghadamon (1.9.0)
[1.431s] -- Found OGRE: optimized;/usr/lib/x86_64-linux-gnu/libOgreMain.so;debug;/usr/lib/x86_64-linux-gnu/libOgreMain.so
[1.453s] -- Looking for OGRE_Paging...
[1.465s] -- Found OGRE_Paging: optimized;/usr/lib/x86_64-linux-gnu/libOgrePaging.so;debug;/usr/lib/x86_64-linux-gnu/libOgrePaging.so
[1.465s] -- Looking for OGRE_Terrain...
[1.473s] -- Found OGRE_Terrain: optimized;/usr/lib/x86_64-linux-gnu/libOgreTerrain.so;debug;/usr/lib/x86_64-linux-gnu/libOgreTerrain.so
[1.473s] -- Looking for OGRE_Property...
[1.478s] -- Found OGRE_Property: optimized;/usr/lib/x86_64-linux-gnu/libOgreProperty.so;debug;/usr/lib/x86_64-linux-gnu/libOgreProperty.so
[1.478s] -- Looking for OGRE_RTShaderSystem...
[1.482s] -- Found OGRE_RTShaderSystem: optimized;/usr/lib/x86_64-linux-gnu/libOgreRTShaderSystem.so;debug;/usr/lib/x86_64-linux-gnu/libOgreRTShaderSystem.so
[1.482s] -- Looking for OGRE_Volume...
[1.486s] -- Found OGRE_Volume: optimized;/usr/lib/x86_64-linux-gnu/libOgreVolume.so;debug;/usr/lib/x86_64-linux-gnu/libOgreVolume.so
[1.486s] -- Looking for OGRE_Overlay...
[1.490s] -- Found OGRE_Overlay: optimized;/usr/lib/x86_64-linux-gnu/libOgreOverlay.so;debug;/usr/lib/x86_64-linux-gnu/libOgreOverlay.so
[1.590s] -- Looking for ignition-math6 -- found version 6.15.0
[1.594s] -- Looking for ignition-transport8 -- found version 8.2.1
[1.594s] -- Searching for dependencies of ignition-transport8
[1.621s] -- Found Protobuf: /usr/lib/x86_64-linux-gnu/libprotobuf.so (found suitable version "3.12.4", minimum required is "3") 
[1.635s] -- Config-file not installed for ZeroMQ -- checking for pkg-config
[1.645s] -- Checking for module 'libzmq >= 4'
[1.675s] --   Found libzmq , version 4.3.4
[1.743s] -- Found ZeroMQ: TRUE (Required is at least version "4") 
[1.750s] -- Checking for module 'uuid'
[1.772s] --   Found uuid, version 2.37.2
[1.844s] -- Found UUID: TRUE  
[1.847s] -- Looking for ignition-msgs5 -- found version 5.8.1
[1.847s] -- Searching for dependencies of ignition-msgs5
[1.871s] -- Looking for ignition-math6 -- found version 6.15.0
[1.876s] -- Checking for module 'tinyxml2'
[1.907s] --   Found tinyxml2, version 9.0.0
[1.991s] -- Looking for ignition-msgs5 -- found version 5.8.1
[1.998s] -- Looking for ignition-common3 -- found version 3.14.0
[2.000s] -- Searching for dependencies of ignition-common3
[2.000s] -- Looking for dlfcn.h - found
[2.002s] -- Looking for libdl - found
[2.005s] -- Found DL: TRUE  
[2.033s] -- Found tinyobjloader: /usr/lib/x86_64-linux-gnu/cmake/tinyobjloader/tinyobjloader-config.cmake (found version "2.0.0") 
[2.034s] -- Searching for <ignition-common3> component [graphics]
[2.041s] -- Looking for ignition-common3-graphics -- found version 3.14.0
[2.042s] -- Searching for dependencies of ignition-common3-graphics
[2.043s] -- Looking for ignition-math6 -- found version 6.15.0
[2.051s] -- Looking for ignition-fuel_tools4 -- found version 4.4.0
[2.052s] -- Searching for dependencies of ignition-fuel_tools4
[2.176s] -- Found CURL: /usr/lib/x86_64-linux-gnu/libcurl.so (found version "7.81.0")  
[2.187s] -- Checking for module 'jsoncpp'
[2.209s] --   Found jsoncpp, version 1.9.5
[2.268s] -- Found JSONCPP: TRUE  
[2.277s] -- Checking for module 'libzip'
[2.305s] --   Found libzip, version 1.7.3
[2.384s] -- Found ZIP: TRUE  
[2.384s] -- Looking for ignition-common3 -- found version 3.14.0
[2.384s] -- Looking for ignition-math6 -- found version 6.15.0
[2.384s] -- Looking for ignition-msgs5 -- found version 5.8.1
[2.389s] -- Gazebo version: 11.10
[2.389s] -- Checking for module 'tbb'
[2.415s] --   Found tbb, version 2021.5.0
[2.493s] -- Found ament_lint_auto: 0.12.8 (/opt/ros/humble/share/ament_lint_auto/cmake)
[2.565s] -- Added test 'flake8' to check Python code syntax and style conventions
[2.566s] -- Added test 'lint_cmake' to check CMake code style
[2.567s] -- Added test 'pep257' to check Python code against some of the docstring style conventions in PEP 257
[2.572s] -- Added test 'xmllint' to check XML markup files
[2.574s] -- Configuring done
[2.589s] -- Generating done
[2.591s] -- Build files have been written to: /home/adi/hum_rob_ws/build/four_dof
[2.622s] Invoked command in '/home/adi/hum_rob_ws/build/four_dof' returned '0': CMAKE_PREFIX_PATH=/opt/ros/humble /usr/bin/cmake --build /home/adi/hum_rob_ws/build/four_dof -- -j16 -l16
[2.687s] Invoking command in '/home/adi/hum_rob_ws/build/four_dof': CMAKE_PREFIX_PATH=/opt/ros/humble /usr/bin/cmake --install /home/adi/hum_rob_ws/build/four_dof
[2.706s] -- Install configuration: ""
[2.707s] -- Up-to-date: /home/adi/hum_rob_ws/install/four_dof/share/four_dof//urdf
[2.707s] -- Up-to-date: /home/adi/hum_rob_ws/install/four_dof/share/four_dof//urdf/draft2.urdf
[2.707s] -- Up-to-date: /home/adi/hum_rob_ws/install/four_dof/share/four_dof//urdf/draft.urdf
[2.708s] -- Up-to-date: /home/adi/hum_rob_ws/install/four_dof/share/four_dof//rviz
[2.708s] -- Up-to-date: /home/adi/hum_rob_ws/install/four_dof/share/four_dof//rviz/placeholder.txt
[2.708s] -- Up-to-date: /home/adi/hum_rob_ws/install/four_dof/share/four_dof//rviz/modified_4_dof.rviz
[2.708s] -- Up-to-date: /home/adi/hum_rob_ws/install/four_dof/share/four_dof//launch
[2.708s] -- Up-to-date: /home/adi/hum_rob_ws/install/four_dof/share/four_dof//launch/urdf_viz.launch.py
[2.709s] -- Up-to-date: /home/adi/hum_rob_ws/install/four_dof/share/four_dof//meshes
[2.709s] -- Up-to-date: /home/adi/hum_rob_ws/install/four_dof/share/four_dof//meshes/draft1
[2.709s] -- Up-to-date: /home/adi/hum_rob_ws/install/four_dof/share/four_dof//meshes/draft1/right_front_knee_link.stl
[2.709s] -- Up-to-date: /home/adi/hum_rob_ws/install/four_dof/share/four_dof//meshes/draft1/right_front_thigh_link.stl
[2.709s] -- Up-to-date: /home/adi/hum_rob_ws/install/four_dof/share/four_dof//meshes/draft1/left_foot.stl
[2.709s] -- Up-to-date: /home/adi/hum_rob_ws/install/four_dof/share/four_dof//meshes/draft1/left_front_knee_link.stl
[2.710s] -- Up-to-date: /home/adi/hum_rob_ws/install/four_dof/share/four_dof//meshes/draft1/body_for_Sym.stl
[2.710s] -- Up-to-date: /home/adi/hum_rob_ws/install/four_dof/share/four_dof//meshes/draft1/right_foot.stl
[2.710s] -- Up-to-date: /home/adi/hum_rob_ws/install/four_dof/share/four_dof//meshes/draft2
[2.710s] -- Up-to-date: /home/adi/hum_rob_ws/install/four_dof/share/four_dof//meshes/draft2/right_front_knee_link.stl
[2.710s] -- Up-to-date: /home/adi/hum_rob_ws/install/four_dof/share/four_dof//meshes/draft2/left_front_thigh_link.stl
[2.710s] -- Up-to-date: /home/adi/hum_rob_ws/install/four_dof/share/four_dof//meshes/draft2/right_front_thigh_link.stl
[2.711s] -- Up-to-date: /home/adi/hum_rob_ws/install/four_dof/share/four_dof//meshes/draft2/left_foot.stl
[2.711s] -- Up-to-date: /home/adi/hum_rob_ws/install/four_dof/share/four_dof//meshes/draft2/left_front_knee_link.stl
[2.711s] -- Up-to-date: /home/adi/hum_rob_ws/install/four_dof/share/four_dof//meshes/draft2/body_for_Sym.stl
[2.711s] -- Up-to-date: /home/adi/hum_rob_ws/install/four_dof/share/four_dof//meshes/draft2/right_foot.stl
[2.711s] -- Installing: /home/adi/hum_rob_ws/install/four_dof/share/ament_index/resource_index/package_run_dependencies/four_dof
[2.711s] -- Installing: /home/adi/hum_rob_ws/install/four_dof/share/ament_index/resource_index/parent_prefix_path/four_dof
[2.712s] -- Up-to-date: /home/adi/hum_rob_ws/install/four_dof/share/four_dof/environment/ament_prefix_path.sh
[2.712s] -- Installing: /home/adi/hum_rob_ws/install/four_dof/share/four_dof/environment/ament_prefix_path.dsv
[2.712s] -- Up-to-date: /home/adi/hum_rob_ws/install/four_dof/share/four_dof/environment/path.sh
[2.712s] -- Installing: /home/adi/hum_rob_ws/install/four_dof/share/four_dof/environment/path.dsv
[2.712s] -- Up-to-date: /home/adi/hum_rob_ws/install/four_dof/share/four_dof/local_setup.bash
[2.713s] -- Up-to-date: /home/adi/hum_rob_ws/install/four_dof/share/four_dof/local_setup.sh
[2.713s] -- Up-to-date: /home/adi/hum_rob_ws/install/four_dof/share/four_dof/local_setup.zsh
[2.713s] -- Installing: /home/adi/hum_rob_ws/install/four_dof/share/four_dof/local_setup.dsv
[2.713s] -- Installing: /home/adi/hum_rob_ws/install/four_dof/share/four_dof/package.dsv
[2.713s] -- Up-to-date: /home/adi/hum_rob_ws/install/four_dof/share/ament_index/resource_index/packages/four_dof
[2.713s] -- Up-to-date: /home/adi/hum_rob_ws/install/four_dof/share/four_dof/cmake/four_dofConfig.cmake
[2.713s] -- Up-to-date: /home/adi/hum_rob_ws/install/four_dof/share/four_dof/cmake/four_dofConfig-version.cmake
[2.714s] -- Installing: /home/adi/hum_rob_ws/install/four_dof/share/four_dof/package.xml
[2.719s] Invoked command in '/home/adi/hum_rob_ws/build/four_dof' returned '0': CMAKE_PREFIX_PATH=/opt/ros/humble /usr/bin/cmake --install /home/adi/hum_rob_ws/build/four_dof
