[0.014s] Invoking command in '/home/adi/hum_rob_ws/build/six_dof_bringup': CMAKE_PREFIX_PATH=${CMAKE_PREFIX_PATH}:/opt/ros/humble /usr/bin/cmake --build /home/adi/hum_rob_ws/build/six_dof_bringup -- -j16 -l16
[0.061s] -- Found ament_cmake: 1.3.8 (/opt/ros/humble/share/ament_cmake/cmake)
[0.331s] -- Found urdf: 2.6.0 (/opt/ros/humble/share/urdf/cmake)
[0.413s] -- Found xacro: 2.0.8 (/opt/ros/humble/share/xacro/cmake)
[0.414s] -- Found robot_state_publisher: 3.0.3 (/opt/ros/humble/share/robot_state_publisher/cmake)
[0.426s] -- Found rosidl_generator_c: 3.1.5 (/opt/ros/humble/share/rosidl_generator_c/cmake)
[0.428s] -- Found rosidl_adapter: 3.1.5 (/opt/ros/humble/share/rosidl_adapter/cmake)
[0.434s] -- Found rosidl_generator_cpp: 3.1.5 (/opt/ros/humble/share/rosidl_generator_cpp/cmake)
[0.442s] -- Using all available rosidl_typesupport_c: rosidl_typesupport_fastrtps_c;rosidl_typesupport_introspection_c
[0.454s] -- Using all available rosidl_typesupport_cpp: rosidl_typesupport_fastrtps_cpp;rosidl_typesupport_introspection_cpp
[0.559s] -- Found eigen3_cmake_module: 0.1.1 (/opt/ros/humble/share/eigen3_cmake_module/cmake)
[0.560s] -- Ensuring Eigen3 include directory is part of orocos-kdl CMake target
[0.603s] -- Found rmw_implementation_cmake: 6.1.1 (/opt/ros/humble/share/rmw_implementation_cmake/cmake)
[0.604s] -- Found rmw_fastrtps_cpp: 6.2.6 (/opt/ros/humble/share/rmw_fastrtps_cpp/cmake)
[0.631s] -- Found TinyXML2 via Config file: TinyXML2_DIR-NOTFOUND
[0.642s] -- Found TinyXML2 via Config file: TinyXML2_DIR-NOTFOUND
[0.666s] -- Found TinyXML2 via Config file: TinyXML2_DIR-NOTFOUND
[0.678s] -- Found TinyXML2 via Config file: TinyXML2_DIR-NOTFOUND
[0.691s] -- Using RMW implementation 'rmw_fastrtps_cpp' as default
[1.172s] -- Found ament_lint_auto: 0.12.10 (/opt/ros/humble/share/ament_lint_auto/cmake)
[1.292s] -- Added test 'flake8' to check Python code syntax and style conventions
[1.292s] -- Added test 'lint_cmake' to check CMake code style
[1.292s] -- Added test 'pep257' to check Python code against some of the docstring style conventions in PEP 257
[1.293s] -- Added test 'xmllint' to check XML markup files
[1.294s] -- Configuring done
[1.299s] -- Generating done
[1.301s] -- Build files have been written to: /home/adi/hum_rob_ws/build/six_dof_bringup
[1.345s] Invoked command in '/home/adi/hum_rob_ws/build/six_dof_bringup' returned '0': CMAKE_PREFIX_PATH=${CMAKE_PREFIX_PATH}:/opt/ros/humble /usr/bin/cmake --build /home/adi/hum_rob_ws/build/six_dof_bringup -- -j16 -l16
[1.432s] Invoking command in '/home/adi/hum_rob_ws/build/six_dof_bringup': CMAKE_PREFIX_PATH=${CMAKE_PREFIX_PATH}:/opt/ros/humble /usr/bin/cmake --install /home/adi/hum_rob_ws/build/six_dof_bringup
[1.452s] -- Install configuration: ""
[1.452s] -- Up-to-date: /home/adi/hum_rob_ws/install/six_dof_bringup/share/six_dof_bringup//launch
[1.452s] -- Up-to-date: /home/adi/hum_rob_ws/install/six_dof_bringup/share/six_dof_bringup//launch/pos_control.launch.py
[1.452s] -- Up-to-date: /home/adi/hum_rob_ws/install/six_dof_bringup/share/six_dof_bringup//config
[1.453s] -- Up-to-date: /home/adi/hum_rob_ws/install/six_dof_bringup/share/six_dof_bringup//config/controller_config.yaml
[1.453s] -- Up-to-date: /home/adi/hum_rob_ws/install/six_dof_bringup/share/ament_index/resource_index/package_run_dependencies/six_dof_bringup
[1.453s] -- Installing: /home/adi/hum_rob_ws/install/six_dof_bringup/share/ament_index/resource_index/parent_prefix_path/six_dof_bringup
[1.453s] -- Up-to-date: /home/adi/hum_rob_ws/install/six_dof_bringup/share/six_dof_bringup/environment/ament_prefix_path.sh
[1.454s] -- Installing: /home/adi/hum_rob_ws/install/six_dof_bringup/share/six_dof_bringup/environment/ament_prefix_path.dsv
[1.454s] -- Up-to-date: /home/adi/hum_rob_ws/install/six_dof_bringup/share/six_dof_bringup/environment/path.sh
[1.454s] -- Installing: /home/adi/hum_rob_ws/install/six_dof_bringup/share/six_dof_bringup/environment/path.dsv
[1.454s] -- Up-to-date: /home/adi/hum_rob_ws/install/six_dof_bringup/share/six_dof_bringup/local_setup.bash
[1.454s] -- Up-to-date: /home/adi/hum_rob_ws/install/six_dof_bringup/share/six_dof_bringup/local_setup.sh
[1.454s] -- Up-to-date: /home/adi/hum_rob_ws/install/six_dof_bringup/share/six_dof_bringup/local_setup.zsh
[1.454s] -- Installing: /home/adi/hum_rob_ws/install/six_dof_bringup/share/six_dof_bringup/local_setup.dsv
[1.455s] -- Installing: /home/adi/hum_rob_ws/install/six_dof_bringup/share/six_dof_bringup/package.dsv
[1.455s] -- Up-to-date: /home/adi/hum_rob_ws/install/six_dof_bringup/share/ament_index/resource_index/packages/six_dof_bringup
[1.455s] -- Up-to-date: /home/adi/hum_rob_ws/install/six_dof_bringup/share/six_dof_bringup/cmake/six_dof_bringupConfig.cmake
[1.455s] -- Up-to-date: /home/adi/hum_rob_ws/install/six_dof_bringup/share/six_dof_bringup/cmake/six_dof_bringupConfig-version.cmake
[1.455s] -- Up-to-date: /home/adi/hum_rob_ws/install/six_dof_bringup/share/six_dof_bringup/package.xml
[1.460s] Invoked command in '/home/adi/hum_rob_ws/build/six_dof_bringup' returned '0': CMAKE_PREFIX_PATH=${CMAKE_PREFIX_PATH}:/opt/ros/humble /usr/bin/cmake --install /home/adi/hum_rob_ws/build/six_dof_bringup
