[0.021s] Invoking command in '/home/adi/hum_rob_ws/build/six_dof': CMAKE_PREFIX_PATH=/opt/ros/humble /usr/bin/cmake --build /home/adi/hum_rob_ws/build/six_dof -- -j16 -l16
[0.131s] [ 50%] [32mBuilding CXX object CMakeFiles/test_node.dir/src/IK_test.cpp.o[0m
[5.780s] [01m[K/home/adi/hum_rob_ws/src/six_dof/src/IK_test.cpp:[m[K In function ‘[01m[Kint main()[m[K’:
[5.780s] [01m[K/home/adi/hum_rob_ws/src/six_dof/src/IK_test.cpp:96:11:[m[K [01;35m[Kwarning: [m[Kunused variable ‘[01m[Kis_collision[m[K’ [[01;35m[K]8;;https://gcc.gnu.org/onlinedocs/gcc/Warning-Options.html#index-Wunused-variable-Wunused-variable]8;;[m[K]
[5.780s]    96 |      bool [01;35m[Kis_collision[m[K =
[5.780s]       |           [01;35m[K^~~~~~~~~~~~[m[K
[32.381s] [100%] [32m[1mLinking CXX executable test_node[0m
[33.626s] [100%] Built target test_node
[33.642s] Invoked command in '/home/adi/hum_rob_ws/build/six_dof' returned '0': CMAKE_PREFIX_PATH=/opt/ros/humble /usr/bin/cmake --build /home/adi/hum_rob_ws/build/six_dof -- -j16 -l16
[33.686s] Invoking command in '/home/adi/hum_rob_ws/build/six_dof': CMAKE_PREFIX_PATH=/opt/ros/humble /usr/bin/cmake --install /home/adi/hum_rob_ws/build/six_dof
[33.693s] -- Install configuration: ""
[33.694s] -- Execute custom install script
[33.694s] -- Up-to-date symlink: /home/adi/hum_rob_ws/install/six_dof/share/six_dof//urdf/6_dof_col_simplified.urdf
[33.694s] -- Up-to-date symlink: /home/adi/hum_rob_ws/install/six_dof/share/six_dof//urdf/6dof_from_foot.urdf
[33.695s] -- Up-to-date symlink: /home/adi/hum_rob_ws/install/six_dof/share/six_dof//urdf/6dof_from_hip.urdf
[33.695s] -- Symlinking: /home/adi/hum_rob_ws/install/six_dof/share/six_dof//urdf/6dof_from_hip_control.urdf
[33.705s] -- Up-to-date symlink: /home/adi/hum_rob_ws/install/six_dof/share/six_dof//urdf/6dof_from_hip_fixed.urdf
[33.706s] -- Up-to-date symlink: /home/adi/hum_rob_ws/install/six_dof/share/six_dof//urdf/6dof_test.urdf
[33.706s] -- Up-to-date symlink: /home/adi/hum_rob_ws/install/six_dof/share/six_dof//rviz/six_dof.rviz
[33.706s] -- Up-to-date symlink: /home/adi/hum_rob_ws/install/six_dof/share/six_dof//rviz/six_dof_fixed.rviz
[33.706s] -- Up-to-date symlink: /home/adi/hum_rob_ws/install/six_dof/share/six_dof//launch/urdf_vis.launch.py
[33.707s] -- Up-to-date symlink: /home/adi/hum_rob_ws/install/six_dof/share/six_dof//meshes/chassisv2.stl
[33.707s] -- Up-to-date symlink: /home/adi/hum_rob_ws/install/six_dof/share/six_dof//meshes/foot_fixedv2.stl
[33.707s] -- Up-to-date symlink: /home/adi/hum_rob_ws/install/six_dof/share/six_dof//meshes/footfixedv3.stl
[33.707s] -- Up-to-date symlink: /home/adi/hum_rob_ws/install/six_dof/share/six_dof//meshes/leftfootfixed.stl
[33.707s] -- Up-to-date symlink: /home/adi/hum_rob_ws/install/six_dof/share/six_dof//meshes/leftthighfixedv1.stl
[33.708s] -- Up-to-date symlink: /home/adi/hum_rob_ws/install/six_dof/share/six_dof//meshes/rightshinfixedv2.stl
[33.708s] -- Up-to-date symlink: /home/adi/hum_rob_ws/install/six_dof/share/six_dof//meshes/rightshinv3.stl
[33.708s] -- Up-to-date symlink: /home/adi/hum_rob_ws/install/six_dof/share/six_dof//meshes/rightthighfixedv2.stl
[33.708s] -- Up-to-date symlink: /home/adi/hum_rob_ws/install/six_dof/share/six_dof//meshes/unused/Chassis.stl
[33.708s] -- Up-to-date symlink: /home/adi/hum_rob_ws/install/six_dof/share/six_dof//meshes/unused/leftfoot.stl
[33.709s] -- Up-to-date symlink: /home/adi/hum_rob_ws/install/six_dof/share/six_dof//meshes/unused/leftshin.stl
[33.709s] -- Up-to-date symlink: /home/adi/hum_rob_ws/install/six_dof/share/six_dof//meshes/unused/leftthighv3.stl
[33.709s] -- Up-to-date symlink: /home/adi/hum_rob_ws/install/six_dof/share/six_dof//meshes/unused/leftthighv4.stl
[33.709s] -- Up-to-date symlink: /home/adi/hum_rob_ws/install/six_dof/share/six_dof//meshes/unused/leftthighv5.stl
[33.709s] -- Up-to-date symlink: /home/adi/hum_rob_ws/install/six_dof/share/six_dof//meshes/unused/leftthighv6.stl
[33.709s] -- Up-to-date symlink: /home/adi/hum_rob_ws/install/six_dof/share/six_dof//meshes/unused/rightfoot.stl
[33.709s] -- Up-to-date symlink: /home/adi/hum_rob_ws/install/six_dof/share/six_dof//meshes/unused/rightshinv4.stl
[33.710s] -- Up-to-date symlink: /home/adi/hum_rob_ws/install/six_dof/share/six_dof//meshes/unused/rightthighfixedv1.stl
[33.710s] -- Up-to-date symlink: /home/adi/hum_rob_ws/install/six_dof/share/six_dof//meshes/unused/rightthighv3.stl
[33.710s] -- Up-to-date symlink: /home/adi/hum_rob_ws/install/six_dof/share/six_dof//meshes/unused/rightthighv4.stl
[33.710s] -- Up-to-date symlink: /home/adi/hum_rob_ws/install/six_dof/share/six_dof//meshes/unused/rightthighv5.stl
[33.710s] -- Up-to-date symlink: /home/adi/hum_rob_ws/install/six_dof/share/six_dof//meshes/unused/rightthighv7.stl
[33.710s] -- Up-to-date symlink: /home/adi/hum_rob_ws/install/six_dof/share/six_dof//meshes/unused/rightthighv8.stl
[33.711s] -- Up-to-date symlink: /home/adi/hum_rob_ws/install/six_dof/lib/six_dof//test_node
[33.711s] -- Up-to-date symlink: /home/adi/hum_rob_ws/install/six_dof/share/ament_index/resource_index/package_run_dependencies/six_dof
[33.711s] -- Up-to-date symlink: /home/adi/hum_rob_ws/install/six_dof/share/ament_index/resource_index/parent_prefix_path/six_dof
[33.711s] -- Up-to-date symlink: /home/adi/hum_rob_ws/install/six_dof/share/six_dof/environment/ament_prefix_path.sh
[33.711s] -- Up-to-date symlink: /home/adi/hum_rob_ws/install/six_dof/share/six_dof/environment/ament_prefix_path.dsv
[33.711s] -- Up-to-date symlink: /home/adi/hum_rob_ws/install/six_dof/share/six_dof/environment/path.sh
[33.711s] -- Up-to-date symlink: /home/adi/hum_rob_ws/install/six_dof/share/six_dof/environment/path.dsv
[33.712s] -- Up-to-date symlink: /home/adi/hum_rob_ws/install/six_dof/share/six_dof/local_setup.bash
[33.712s] -- Up-to-date symlink: /home/adi/hum_rob_ws/install/six_dof/share/six_dof/local_setup.sh
[33.712s] -- Up-to-date symlink: /home/adi/hum_rob_ws/install/six_dof/share/six_dof/local_setup.zsh
[33.712s] -- Up-to-date symlink: /home/adi/hum_rob_ws/install/six_dof/share/six_dof/local_setup.dsv
[33.712s] -- Symlinking: /home/adi/hum_rob_ws/install/six_dof/share/six_dof/package.dsv
[33.723s] -- Up-to-date symlink: /home/adi/hum_rob_ws/install/six_dof/share/ament_index/resource_index/packages/six_dof
[33.723s] -- Up-to-date symlink: /home/adi/hum_rob_ws/install/six_dof/share/six_dof/cmake/six_dofConfig.cmake
[33.723s] -- Up-to-date symlink: /home/adi/hum_rob_ws/install/six_dof/share/six_dof/cmake/six_dofConfig-version.cmake
[33.724s] -- Up-to-date symlink: /home/adi/hum_rob_ws/install/six_dof/share/six_dof/package.xml
[33.726s] Invoked command in '/home/adi/hum_rob_ws/build/six_dof' returned '0': CMAKE_PREFIX_PATH=/opt/ros/humble /usr/bin/cmake --install /home/adi/hum_rob_ws/build/six_dof
