[100%] Built target pos_control_node
-- Install configuration: ""
-- Up-to-date: /home/adi/hum_rob_ws/install/six_dof_bringup/share/six_dof_bringup//launch
-- Up-to-date: /home/adi/hum_rob_ws/install/six_dof_bringup/share/six_dof_bringup//launch/spawn.launch.py
-- Up-to-date: /home/adi/hum_rob_ws/install/six_dof_bringup/share/six_dof_bringup//launch/pos_control.launch.py
-- Up-to-date: /home/adi/hum_rob_ws/install/six_dof_bringup/share/six_dof_bringup//config
-- Up-to-date: /home/adi/hum_rob_ws/install/six_dof_bringup/share/six_dof_bringup//config/controller_config.yaml
-- Up-to-date: /home/adi/hum_rob_ws/install/six_dof_bringup/lib/six_dof_bringup/pos_control_node
-- Up-to-date: /home/adi/hum_rob_ws/install/six_dof_bringup/share/ament_index/resource_index/package_run_dependencies/six_dof_bringup
-- Up-to-date: /home/adi/hum_rob_ws/install/six_dof_bringup/share/ament_index/resource_index/parent_prefix_path/six_dof_bringup
-- Up-to-date: /home/adi/hum_rob_ws/install/six_dof_bringup/share/six_dof_bringup/environment/ament_prefix_path.sh
-- Up-to-date: /home/adi/hum_rob_ws/install/six_dof_bringup/share/six_dof_bringup/environment/ament_prefix_path.dsv
-- Up-to-date: /home/adi/hum_rob_ws/install/six_dof_bringup/share/six_dof_bringup/environment/path.sh
-- Up-to-date: /home/adi/hum_rob_ws/install/six_dof_bringup/share/six_dof_bringup/environment/path.dsv
-- Up-to-date: /home/adi/hum_rob_ws/install/six_dof_bringup/share/six_dof_bringup/local_setup.bash
-- Up-to-date: /home/adi/hum_rob_ws/install/six_dof_bringup/share/six_dof_bringup/local_setup.sh
-- Up-to-date: /home/adi/hum_rob_ws/install/six_dof_bringup/share/six_dof_bringup/local_setup.zsh
-- Up-to-date: /home/adi/hum_rob_ws/install/six_dof_bringup/share/six_dof_bringup/local_setup.dsv
-- Installing: /home/adi/hum_rob_ws/install/six_dof_bringup/share/six_dof_bringup/package.dsv
-- Up-to-date: /home/adi/hum_rob_ws/install/six_dof_bringup/share/ament_index/resource_index/packages/six_dof_bringup
-- Up-to-date: /home/adi/hum_rob_ws/install/six_dof_bringup/share/six_dof_bringup/cmake/six_dof_bringupConfig.cmake
-- Up-to-date: /home/adi/hum_rob_ws/install/six_dof_bringup/share/six_dof_bringup/cmake/six_dof_bringupConfig-version.cmake
-- Up-to-date: /home/adi/hum_rob_ws/install/six_dof_bringup/share/six_dof_bringup/package.xml
