[1.263s] DEBUG:colcon:Command line arguments: ['/usr/bin/colcon', 'build', '--packages-select', 'six_dof']
[1.263s] DEBUG:colcon:Parsed command line arguments: Namespace(log_base=None, log_level=None, verb_name='build', build_base='build', install_base='install', merge_install=False, symlink_install=False, test_result_base=None, continue_on_error=False, executor='parallel', parallel_workers=16, event_handlers=None, ignore_user_meta=False, metas=['./colcon.meta'], base_paths=['.'], packages_ignore=None, packages_ignore_regex=None, paths=None, packages_up_to=None, packages_up_to_regex=None, packages_above=None, packages_above_and_dependencies=None, packages_above_depth=None, packages_select_by_dep=None, packages_skip_by_dep=None, packages_skip_up_to=None, packages_select_build_failed=False, packages_skip_build_finished=False, packages_select_test_failures=False, packages_skip_test_passed=False, packages_select=['six_dof'], packages_skip=None, packages_select_regex=None, packages_skip_regex=None, packages_start=None, packages_end=None, allow_overriding=[], cmake_args=None, cmake_target=None, cmake_target_skip_unavailable=False, cmake_clean_cache=False, cmake_clean_first=False, cmake_force_configure=False, ament_cmake_args=None, catkin_cmake_args=None, catkin_skip_building_tests=False, verb_parser=<colcon_defaults.argument_parser.defaults.DefaultArgumentsDecorator object at 0x7fde2ffadb70>, verb_extension=<colcon_core.verb.build.BuildVerb object at 0x7fde30171db0>, main=<bound method BuildVerb.main of <colcon_core.verb.build.BuildVerb object at 0x7fde30171db0>>)
[1.320s] Level 1:colcon.colcon_core.package_discovery:discover_packages(colcon_meta) check parameters
[1.320s] Level 1:colcon.colcon_core.package_discovery:discover_packages(recursive) check parameters
[1.320s] Level 1:colcon.colcon_core.package_discovery:discover_packages(ignore) check parameters
[1.320s] Level 1:colcon.colcon_core.package_discovery:discover_packages(path) check parameters
[1.320s] Level 1:colcon.colcon_core.package_discovery:discover_packages(colcon_meta) discover
[1.320s] Level 1:colcon.colcon_core.package_discovery:discover_packages(recursive) discover
[1.320s] INFO:colcon.colcon_core.package_discovery:Crawling recursively for packages in '/home/adi/hum_rob_ws'
[1.320s] Level 1:colcon.colcon_core.package_identification:_identify(.) by extensions ['ignore', 'ignore_ament_install']
[1.320s] Level 1:colcon.colcon_core.package_identification:_identify(.) by extension 'ignore'
[1.320s] Level 1:colcon.colcon_core.package_identification:_identify(.) by extension 'ignore_ament_install'
[1.320s] Level 1:colcon.colcon_core.package_identification:_identify(.) by extensions ['colcon_pkg']
[1.320s] Level 1:colcon.colcon_core.package_identification:_identify(.) by extension 'colcon_pkg'
[1.320s] Level 1:colcon.colcon_core.package_identification:_identify(.) by extensions ['colcon_meta']
[1.320s] Level 1:colcon.colcon_core.package_identification:_identify(.) by extension 'colcon_meta'
[1.320s] Level 1:colcon.colcon_core.package_identification:_identify(.) by extensions ['ros']
[1.320s] Level 1:colcon.colcon_core.package_identification:_identify(.) by extension 'ros'
[1.331s] Level 1:colcon.colcon_core.package_identification:_identify(.) by extensions ['cmake', 'python']
[1.331s] Level 1:colcon.colcon_core.package_identification:_identify(.) by extension 'cmake'
[1.331s] Level 1:colcon.colcon_core.package_identification:_identify(.) by extension 'python'
[1.332s] Level 1:colcon.colcon_core.package_identification:_identify(.) by extensions ['python_setup_py']
[1.332s] Level 1:colcon.colcon_core.package_identification:_identify(.) by extension 'python_setup_py'
[1.332s] Level 1:colcon.colcon_core.package_identification:_identify(build) by extensions ['ignore', 'ignore_ament_install']
[1.332s] Level 1:colcon.colcon_core.package_identification:_identify(build) by extension 'ignore'
[1.332s] Level 1:colcon.colcon_core.package_identification:_identify(build) ignored
[1.332s] Level 1:colcon.colcon_core.package_identification:_identify(install) by extensions ['ignore', 'ignore_ament_install']
[1.332s] Level 1:colcon.colcon_core.package_identification:_identify(install) by extension 'ignore'
[1.332s] Level 1:colcon.colcon_core.package_identification:_identify(install) ignored
[1.332s] Level 1:colcon.colcon_core.package_identification:_identify(log) by extensions ['ignore', 'ignore_ament_install']
[1.333s] Level 1:colcon.colcon_core.package_identification:_identify(log) by extension 'ignore'
[1.333s] Level 1:colcon.colcon_core.package_identification:_identify(log) ignored
[1.333s] Level 1:colcon.colcon_core.package_identification:_identify(src) by extensions ['ignore', 'ignore_ament_install']
[1.333s] Level 1:colcon.colcon_core.package_identification:_identify(src) by extension 'ignore'
[1.333s] Level 1:colcon.colcon_core.package_identification:_identify(src) by extension 'ignore_ament_install'
[1.333s] Level 1:colcon.colcon_core.package_identification:_identify(src) by extensions ['colcon_pkg']
[1.333s] Level 1:colcon.colcon_core.package_identification:_identify(src) by extension 'colcon_pkg'
[1.333s] Level 1:colcon.colcon_core.package_identification:_identify(src) by extensions ['colcon_meta']
[1.333s] Level 1:colcon.colcon_core.package_identification:_identify(src) by extension 'colcon_meta'
[1.333s] Level 1:colcon.colcon_core.package_identification:_identify(src) by extensions ['ros']
[1.333s] Level 1:colcon.colcon_core.package_identification:_identify(src) by extension 'ros'
[1.333s] Level 1:colcon.colcon_core.package_identification:_identify(src) by extensions ['cmake', 'python']
[1.333s] Level 1:colcon.colcon_core.package_identification:_identify(src) by extension 'cmake'
[1.333s] Level 1:colcon.colcon_core.package_identification:_identify(src) by extension 'python'
[1.333s] Level 1:colcon.colcon_core.package_identification:_identify(src) by extensions ['python_setup_py']
[1.333s] Level 1:colcon.colcon_core.package_identification:_identify(src) by extension 'python_setup_py'
[1.333s] Level 1:colcon.colcon_core.package_identification:_identify(src/build) by extensions ['ignore', 'ignore_ament_install']
[1.333s] Level 1:colcon.colcon_core.package_identification:_identify(src/build) by extension 'ignore'
[1.333s] Level 1:colcon.colcon_core.package_identification:_identify(src/build) ignored
[1.333s] Level 1:colcon.colcon_core.package_identification:_identify(src/four_dof) by extensions ['ignore', 'ignore_ament_install']
[1.333s] Level 1:colcon.colcon_core.package_identification:_identify(src/four_dof) by extension 'ignore'
[1.333s] Level 1:colcon.colcon_core.package_identification:_identify(src/four_dof) by extension 'ignore_ament_install'
[1.333s] Level 1:colcon.colcon_core.package_identification:_identify(src/four_dof) by extensions ['colcon_pkg']
[1.333s] Level 1:colcon.colcon_core.package_identification:_identify(src/four_dof) by extension 'colcon_pkg'
[1.333s] Level 1:colcon.colcon_core.package_identification:_identify(src/four_dof) by extensions ['colcon_meta']
[1.334s] Level 1:colcon.colcon_core.package_identification:_identify(src/four_dof) by extension 'colcon_meta'
[1.334s] Level 1:colcon.colcon_core.package_identification:_identify(src/four_dof) by extensions ['ros']
[1.334s] Level 1:colcon.colcon_core.package_identification:_identify(src/four_dof) by extension 'ros'
[1.336s] DEBUG:colcon.colcon_core.package_identification:Package 'src/four_dof' with type 'ros.ament_cmake' and name 'four_dof'
[1.336s] Level 1:colcon.colcon_core.package_identification:_identify(src/four_dof_bringup) by extensions ['ignore', 'ignore_ament_install']
[1.336s] Level 1:colcon.colcon_core.package_identification:_identify(src/four_dof_bringup) by extension 'ignore'
[1.336s] Level 1:colcon.colcon_core.package_identification:_identify(src/four_dof_bringup) by extension 'ignore_ament_install'
[1.336s] Level 1:colcon.colcon_core.package_identification:_identify(src/four_dof_bringup) by extensions ['colcon_pkg']
[1.336s] Level 1:colcon.colcon_core.package_identification:_identify(src/four_dof_bringup) by extension 'colcon_pkg'
[1.336s] Level 1:colcon.colcon_core.package_identification:_identify(src/four_dof_bringup) by extensions ['colcon_meta']
[1.336s] Level 1:colcon.colcon_core.package_identification:_identify(src/four_dof_bringup) by extension 'colcon_meta'
[1.336s] Level 1:colcon.colcon_core.package_identification:_identify(src/four_dof_bringup) by extensions ['ros']
[1.336s] Level 1:colcon.colcon_core.package_identification:_identify(src/four_dof_bringup) by extension 'ros'
[1.337s] DEBUG:colcon.colcon_core.package_identification:Package 'src/four_dof_bringup' with type 'ros.ament_cmake' and name 'four_dof_bringup'
[1.337s] Level 1:colcon.colcon_core.package_identification:_identify(src/install) by extensions ['ignore', 'ignore_ament_install']
[1.337s] Level 1:colcon.colcon_core.package_identification:_identify(src/install) by extension 'ignore'
[1.337s] Level 1:colcon.colcon_core.package_identification:_identify(src/install) ignored
[1.337s] Level 1:colcon.colcon_core.package_identification:_identify(src/log) by extensions ['ignore', 'ignore_ament_install']
[1.337s] Level 1:colcon.colcon_core.package_identification:_identify(src/log) by extension 'ignore'
[1.337s] Level 1:colcon.colcon_core.package_identification:_identify(src/log) ignored
[1.337s] Level 1:colcon.colcon_core.package_identification:_identify(src/six_dof) by extensions ['ignore', 'ignore_ament_install']
[1.337s] Level 1:colcon.colcon_core.package_identification:_identify(src/six_dof) by extension 'ignore'
[1.337s] Level 1:colcon.colcon_core.package_identification:_identify(src/six_dof) by extension 'ignore_ament_install'
[1.337s] Level 1:colcon.colcon_core.package_identification:_identify(src/six_dof) by extensions ['colcon_pkg']
[1.337s] Level 1:colcon.colcon_core.package_identification:_identify(src/six_dof) by extension 'colcon_pkg'
[1.337s] Level 1:colcon.colcon_core.package_identification:_identify(src/six_dof) by extensions ['colcon_meta']
[1.337s] Level 1:colcon.colcon_core.package_identification:_identify(src/six_dof) by extension 'colcon_meta'
[1.337s] Level 1:colcon.colcon_core.package_identification:_identify(src/six_dof) by extensions ['ros']
[1.337s] Level 1:colcon.colcon_core.package_identification:_identify(src/six_dof) by extension 'ros'
[1.338s] DEBUG:colcon.colcon_core.package_identification:Package 'src/six_dof' with type 'ros.ament_cmake' and name 'six_dof'
[1.338s] Level 1:colcon.colcon_core.package_discovery:discover_packages(recursive) using defaults
[1.338s] Level 1:colcon.colcon_core.package_discovery:discover_packages(ignore) discover
[1.338s] Level 1:colcon.colcon_core.package_discovery:discover_packages(ignore) using defaults
[1.338s] Level 1:colcon.colcon_core.package_discovery:discover_packages(path) discover
[1.338s] Level 1:colcon.colcon_core.package_discovery:discover_packages(path) using defaults
[1.409s] INFO:colcon.colcon_core.package_selection:Skipping not selected package 'four_dof' in 'src/four_dof'
[1.409s] INFO:colcon.colcon_core.package_selection:Skipping not selected package 'four_dof_bringup' in 'src/four_dof_bringup'
[1.448s] Level 1:colcon.colcon_core.package_discovery:discover_packages(prefix_path) check parameters
[1.448s] Level 1:colcon.colcon_core.package_discovery:discover_packages(prefix_path) discover
[1.487s] DEBUG:colcon.colcon_installed_package_information.package_discovery:Found 3 installed packages in /home/adi/hum_rob_ws/install
[1.507s] DEBUG:colcon.colcon_installed_package_information.package_discovery:Found 386 installed packages in /opt/ros/humble
[1.508s] Level 1:colcon.colcon_core.package_discovery:discover_packages(prefix_path) using defaults
[1.604s] Level 5:colcon.colcon_core.verb:set package 'six_dof' build argument 'cmake_args' from command line to 'None'
[1.605s] Level 5:colcon.colcon_core.verb:set package 'six_dof' build argument 'cmake_target' from command line to 'None'
[1.605s] Level 5:colcon.colcon_core.verb:set package 'six_dof' build argument 'cmake_target_skip_unavailable' from command line to 'False'
[1.605s] Level 5:colcon.colcon_core.verb:set package 'six_dof' build argument 'cmake_clean_cache' from command line to 'False'
[1.605s] Level 5:colcon.colcon_core.verb:set package 'six_dof' build argument 'cmake_clean_first' from command line to 'False'
[1.605s] Level 5:colcon.colcon_core.verb:set package 'six_dof' build argument 'cmake_force_configure' from command line to 'False'
[1.605s] Level 5:colcon.colcon_core.verb:set package 'six_dof' build argument 'ament_cmake_args' from command line to 'None'
[1.605s] Level 5:colcon.colcon_core.verb:set package 'six_dof' build argument 'catkin_cmake_args' from command line to 'None'
[1.605s] Level 5:colcon.colcon_core.verb:set package 'six_dof' build argument 'catkin_skip_building_tests' from command line to 'False'
[1.605s] DEBUG:colcon.colcon_core.verb:Building package 'six_dof' with the following arguments: {'ament_cmake_args': None, 'build_base': '/home/adi/hum_rob_ws/build/six_dof', 'catkin_cmake_args': None, 'catkin_skip_building_tests': False, 'cmake_args': None, 'cmake_clean_cache': False, 'cmake_clean_first': False, 'cmake_force_configure': False, 'cmake_target': None, 'cmake_target_skip_unavailable': False, 'install_base': '/home/adi/hum_rob_ws/install/six_dof', 'merge_install': False, 'path': '/home/adi/hum_rob_ws/src/six_dof', 'symlink_install': False, 'test_result_base': None}
[1.623s] INFO:colcon.colcon_core.executor:Executing jobs using 'parallel' executor
[1.646s] DEBUG:colcon.colcon_parallel_executor.executor.parallel:run_until_complete
[1.647s] INFO:colcon.colcon_ros.task.ament_cmake.build:Building ROS package in '/home/adi/hum_rob_ws/src/six_dof' with build type 'ament_cmake'
[1.647s] INFO:colcon.colcon_cmake.task.cmake.build:Building CMake package in '/home/adi/hum_rob_ws/src/six_dof'
[1.672s] INFO:colcon.colcon_core.plugin_system:Skipping extension 'colcon_core.shell.bat': Not used on non-Windows systems
[1.672s] INFO:colcon.colcon_core.shell:Skip shell extension 'powershell' for command environment: Not usable outside of PowerShell
[1.672s] DEBUG:colcon.colcon_core.shell:Skip shell extension 'dsv' for command environment
[1.743s] DEBUG:colcon.colcon_core.event_handler.log_command:Invoking command in '/home/adi/hum_rob_ws/build/six_dof': CMAKE_PREFIX_PATH=${CMAKE_PREFIX_PATH}:/opt/ros/humble /usr/bin/cmake --build /home/adi/hum_rob_ws/build/six_dof -- -j16 -l16
[8.106s] DEBUG:colcon.colcon_core.event_handler.log_command:Invoked command in '/home/adi/hum_rob_ws/build/six_dof' returned '0': CMAKE_PREFIX_PATH=${CMAKE_PREFIX_PATH}:/opt/ros/humble /usr/bin/cmake --build /home/adi/hum_rob_ws/build/six_dof -- -j16 -l16
[8.168s] DEBUG:colcon.colcon_core.event_handler.log_command:Invoking command in '/home/adi/hum_rob_ws/build/six_dof': CMAKE_PREFIX_PATH=${CMAKE_PREFIX_PATH}:/opt/ros/humble /usr/bin/cmake --install /home/adi/hum_rob_ws/build/six_dof
[8.198s] Level 1:colcon.colcon_core.environment:create_environment_scripts_only(six_dof)
[8.201s] DEBUG:colcon.colcon_core.event_handler.log_command:Invoked command in '/home/adi/hum_rob_ws/build/six_dof' returned '0': CMAKE_PREFIX_PATH=${CMAKE_PREFIX_PATH}:/opt/ros/humble /usr/bin/cmake --install /home/adi/hum_rob_ws/build/six_dof
[8.252s] Level 1:colcon.colcon_core.environment:checking '/home/adi/hum_rob_ws/install/six_dof' for CMake module files
[8.253s] Level 1:colcon.colcon_core.environment:checking '/home/adi/hum_rob_ws/install/six_dof' for CMake config files
[8.253s] Level 1:colcon.colcon_core.shell:create_environment_hook('six_dof', 'cmake_prefix_path')
[8.273s] INFO:colcon.colcon_core.shell:Creating environment hook '/home/adi/hum_rob_ws/install/six_dof/share/six_dof/hook/cmake_prefix_path.ps1'
[8.274s] INFO:colcon.colcon_core.shell:Creating environment descriptor '/home/adi/hum_rob_ws/install/six_dof/share/six_dof/hook/cmake_prefix_path.dsv'
[8.274s] INFO:colcon.colcon_core.shell:Creating environment hook '/home/adi/hum_rob_ws/install/six_dof/share/six_dof/hook/cmake_prefix_path.sh'
[8.275s] Level 1:colcon.colcon_core.environment:checking '/home/adi/hum_rob_ws/install/six_dof/lib'
[8.275s] Level 1:colcon.colcon_core.environment:checking '/home/adi/hum_rob_ws/install/six_dof/bin'
[8.275s] Level 1:colcon.colcon_core.environment:checking '/home/adi/hum_rob_ws/install/six_dof/lib/pkgconfig/six_dof.pc'
[8.275s] Level 1:colcon.colcon_core.environment:checking '/home/adi/hum_rob_ws/install/six_dof/lib/python3.10/site-packages'
[8.275s] Level 1:colcon.colcon_core.environment:checking '/home/adi/hum_rob_ws/install/six_dof/bin'
[8.296s] INFO:colcon.colcon_core.shell:Creating package script '/home/adi/hum_rob_ws/install/six_dof/share/six_dof/package.ps1'
[8.297s] INFO:colcon.colcon_core.shell:Creating package descriptor '/home/adi/hum_rob_ws/install/six_dof/share/six_dof/package.dsv'
[8.297s] INFO:colcon.colcon_core.shell:Creating package script '/home/adi/hum_rob_ws/install/six_dof/share/six_dof/package.sh'
[8.298s] INFO:colcon.colcon_core.shell:Creating package script '/home/adi/hum_rob_ws/install/six_dof/share/six_dof/package.bash'
[8.299s] INFO:colcon.colcon_core.shell:Creating package script '/home/adi/hum_rob_ws/install/six_dof/share/six_dof/package.zsh'
[8.299s] Level 1:colcon.colcon_core.environment:create_file_with_runtime_dependencies(/home/adi/hum_rob_ws/install/six_dof/share/colcon-core/packages/six_dof)
[8.363s] Level 1:colcon.colcon_core.environment:create_environment_scripts_only(six_dof)
[8.382s] Level 1:colcon.colcon_core.environment:checking '/home/adi/hum_rob_ws/install/six_dof' for CMake module files
[8.383s] Level 1:colcon.colcon_core.environment:checking '/home/adi/hum_rob_ws/install/six_dof' for CMake config files
[8.383s] Level 1:colcon.colcon_core.shell:create_environment_hook('six_dof', 'cmake_prefix_path')
[8.402s] INFO:colcon.colcon_core.shell:Creating environment hook '/home/adi/hum_rob_ws/install/six_dof/share/six_dof/hook/cmake_prefix_path.ps1'
[8.403s] INFO:colcon.colcon_core.shell:Creating environment descriptor '/home/adi/hum_rob_ws/install/six_dof/share/six_dof/hook/cmake_prefix_path.dsv'
[8.403s] INFO:colcon.colcon_core.shell:Creating environment hook '/home/adi/hum_rob_ws/install/six_dof/share/six_dof/hook/cmake_prefix_path.sh'
[8.403s] Level 1:colcon.colcon_core.environment:checking '/home/adi/hum_rob_ws/install/six_dof/lib'
[8.403s] Level 1:colcon.colcon_core.environment:checking '/home/adi/hum_rob_ws/install/six_dof/bin'
[8.404s] Level 1:colcon.colcon_core.environment:checking '/home/adi/hum_rob_ws/install/six_dof/lib/pkgconfig/six_dof.pc'
[8.404s] Level 1:colcon.colcon_core.environment:checking '/home/adi/hum_rob_ws/install/six_dof/lib/python3.10/site-packages'
[8.404s] Level 1:colcon.colcon_core.environment:checking '/home/adi/hum_rob_ws/install/six_dof/bin'
[8.423s] INFO:colcon.colcon_core.shell:Creating package script '/home/adi/hum_rob_ws/install/six_dof/share/six_dof/package.ps1'
[8.424s] INFO:colcon.colcon_core.shell:Creating package descriptor '/home/adi/hum_rob_ws/install/six_dof/share/six_dof/package.dsv'
[8.424s] INFO:colcon.colcon_core.shell:Creating package script '/home/adi/hum_rob_ws/install/six_dof/share/six_dof/package.sh'
[8.424s] INFO:colcon.colcon_core.shell:Creating package script '/home/adi/hum_rob_ws/install/six_dof/share/six_dof/package.bash'
[8.425s] INFO:colcon.colcon_core.shell:Creating package script '/home/adi/hum_rob_ws/install/six_dof/share/six_dof/package.zsh'
[8.425s] Level 1:colcon.colcon_core.environment:create_file_with_runtime_dependencies(/home/adi/hum_rob_ws/install/six_dof/share/colcon-core/packages/six_dof)
[8.425s] DEBUG:colcon.colcon_parallel_executor.executor.parallel:closing loop
[8.425s] DEBUG:colcon.colcon_parallel_executor.executor.parallel:loop closed
[8.425s] DEBUG:colcon.colcon_parallel_executor.executor.parallel:run_until_complete finished with '0'
[8.425s] DEBUG:colcon.colcon_core.event_reactor:joining thread
[8.481s] INFO:colcon.colcon_core.plugin_system:Skipping extension 'colcon_notification.desktop_notification.terminal_notifier': Not used on non-Darwin systems
[8.482s] INFO:colcon.colcon_core.plugin_system:Skipping extension 'colcon_notification.desktop_notification.win32': Not used on non-Windows systems
[8.482s] INFO:colcon.colcon_notification.desktop_notification:Sending desktop notification using 'notify2'
[8.503s] DEBUG:colcon.colcon_core.event_reactor:joined thread
[8.524s] INFO:colcon.colcon_core.shell:Creating prefix script '/home/adi/hum_rob_ws/install/local_setup.ps1'
[8.525s] INFO:colcon.colcon_core.shell:Creating prefix util module '/home/adi/hum_rob_ws/install/_local_setup_util_ps1.py'
[8.526s] INFO:colcon.colcon_core.shell:Creating prefix chain script '/home/adi/hum_rob_ws/install/setup.ps1'
[8.545s] INFO:colcon.colcon_core.shell:Creating prefix script '/home/adi/hum_rob_ws/install/local_setup.sh'
[8.545s] INFO:colcon.colcon_core.shell:Creating prefix util module '/home/adi/hum_rob_ws/install/_local_setup_util_sh.py'
[8.546s] INFO:colcon.colcon_core.shell:Creating prefix chain script '/home/adi/hum_rob_ws/install/setup.sh'
[8.565s] INFO:colcon.colcon_core.shell:Creating prefix script '/home/adi/hum_rob_ws/install/local_setup.bash'
[8.566s] INFO:colcon.colcon_core.shell:Creating prefix chain script '/home/adi/hum_rob_ws/install/setup.bash'
[8.585s] INFO:colcon.colcon_core.shell:Creating prefix script '/home/adi/hum_rob_ws/install/local_setup.zsh'
[8.586s] INFO:colcon.colcon_core.shell:Creating prefix chain script '/home/adi/hum_rob_ws/install/setup.zsh'
