[0.086s] Invoking command in '/home/adi/hum_rob_ws/build/four_dof': CMAKE_PREFIX_PATH=${CMAKE_PREFIX_PATH}:/opt/ros/humble /usr/bin/cmake --build /home/adi/hum_rob_ws/build/four_dof -- -j16 -l16
[0.141s] Invoked command in '/home/adi/hum_rob_ws/build/four_dof' returned '0': CMAKE_PREFIX_PATH=${CMAKE_PREFIX_PATH}:/opt/ros/humble /usr/bin/cmake --build /home/adi/hum_rob_ws/build/four_dof -- -j16 -l16
[0.194s] Invoking command in '/home/adi/hum_rob_ws/build/four_dof': CMAKE_PREFIX_PATH=${CMAKE_PREFIX_PATH}:/opt/ros/humble /usr/bin/cmake --install /home/adi/hum_rob_ws/build/four_dof
[0.209s] -- Install configuration: ""
[0.209s] -- Up-to-date: /home/adi/hum_rob_ws/install/four_dof/share/four_dof//urdf
[0.209s] -- Installing: /home/adi/hum_rob_ws/install/four_dof/share/four_dof//urdf/draft2.urdf
[0.209s] -- Up-to-date: /home/adi/hum_rob_ws/install/four_dof/share/four_dof//urdf/draft.urdf
[0.209s] -- Up-to-date: /home/adi/hum_rob_ws/install/four_dof/share/four_dof//rviz
[0.209s] -- Up-to-date: /home/adi/hum_rob_ws/install/four_dof/share/four_dof//rviz/placeholder.txt
[0.210s] -- Up-to-date: /home/adi/hum_rob_ws/install/four_dof/share/four_dof//launch
[0.210s] -- Up-to-date: /home/adi/hum_rob_ws/install/four_dof/share/four_dof//launch/urdf_viz.launch.py
[0.210s] -- Up-to-date: /home/adi/hum_rob_ws/install/four_dof/share/four_dof//meshes
[0.210s] -- Up-to-date: /home/adi/hum_rob_ws/install/four_dof/share/four_dof//meshes/draft1
[0.210s] -- Up-to-date: /home/adi/hum_rob_ws/install/four_dof/share/four_dof//meshes/draft1/right_front_knee_link.stl
[0.210s] -- Up-to-date: /home/adi/hum_rob_ws/install/four_dof/share/four_dof//meshes/draft1/left_front_thigh_link.stl
[0.210s] -- Up-to-date: /home/adi/hum_rob_ws/install/four_dof/share/four_dof//meshes/draft1/right_front_thigh_link.stl
[0.210s] -- Up-to-date: /home/adi/hum_rob_ws/install/four_dof/share/four_dof//meshes/draft1/left_foot.stl
[0.211s] -- Up-to-date: /home/adi/hum_rob_ws/install/four_dof/share/four_dof//meshes/draft1/left_front_knee_link.stl
[0.211s] -- Up-to-date: /home/adi/hum_rob_ws/install/four_dof/share/four_dof//meshes/draft1/body_for_Sym.stl
[0.211s] -- Up-to-date: /home/adi/hum_rob_ws/install/four_dof/share/four_dof//meshes/draft1/right_foot.stl
[0.211s] -- Up-to-date: /home/adi/hum_rob_ws/install/four_dof/share/four_dof//meshes/draft2
[0.211s] -- Installing: /home/adi/hum_rob_ws/install/four_dof/share/four_dof//meshes/draft2/right_front_knee_link.stl
[0.217s] -- Installing: /home/adi/hum_rob_ws/install/four_dof/share/four_dof//meshes/draft2/left_front_thigh_link.stl
[0.252s] -- Installing: /home/adi/hum_rob_ws/install/four_dof/share/four_dof//meshes/draft2/right_front_thigh_link.stl
[0.278s] -- Installing: /home/adi/hum_rob_ws/install/four_dof/share/four_dof//meshes/draft2/left_foot.stl
[0.278s] -- Installing: /home/adi/hum_rob_ws/install/four_dof/share/four_dof//meshes/draft2/left_front_knee_link.stl
[0.282s] -- Installing: /home/adi/hum_rob_ws/install/four_dof/share/four_dof//meshes/draft2/body_for_Sym.stl
[0.282s] -- Installing: /home/adi/hum_rob_ws/install/four_dof/share/four_dof//meshes/draft2/right_foot.stl
[0.282s] -- Up-to-date: /home/adi/hum_rob_ws/install/four_dof/share/ament_index/resource_index/package_run_dependencies/four_dof
[0.283s] -- Up-to-date: /home/adi/hum_rob_ws/install/four_dof/share/ament_index/resource_index/parent_prefix_path/four_dof
[0.283s] -- Up-to-date: /home/adi/hum_rob_ws/install/four_dof/share/four_dof/environment/ament_prefix_path.sh
[0.283s] -- Up-to-date: /home/adi/hum_rob_ws/install/four_dof/share/four_dof/environment/ament_prefix_path.dsv
[0.283s] -- Up-to-date: /home/adi/hum_rob_ws/install/four_dof/share/four_dof/environment/path.sh
[0.283s] -- Up-to-date: /home/adi/hum_rob_ws/install/four_dof/share/four_dof/environment/path.dsv
[0.283s] -- Up-to-date: /home/adi/hum_rob_ws/install/four_dof/share/four_dof/local_setup.bash
[0.283s] -- Up-to-date: /home/adi/hum_rob_ws/install/four_dof/share/four_dof/local_setup.sh
[0.283s] -- Up-to-date: /home/adi/hum_rob_ws/install/four_dof/share/four_dof/local_setup.zsh
[0.284s] -- Up-to-date: /home/adi/hum_rob_ws/install/four_dof/share/four_dof/local_setup.dsv
[0.284s] -- Installing: /home/adi/hum_rob_ws/install/four_dof/share/four_dof/package.dsv
[0.284s] -- Up-to-date: /home/adi/hum_rob_ws/install/four_dof/share/ament_index/resource_index/packages/four_dof
[0.284s] -- Up-to-date: /home/adi/hum_rob_ws/install/four_dof/share/four_dof/cmake/four_dofConfig.cmake
[0.284s] -- Up-to-date: /home/adi/hum_rob_ws/install/four_dof/share/four_dof/cmake/four_dofConfig-version.cmake
[0.284s] -- Up-to-date: /home/adi/hum_rob_ws/install/four_dof/share/four_dof/package.xml
[0.285s] Invoked command in '/home/adi/hum_rob_ws/build/four_dof' returned '0': CMAKE_PREFIX_PATH=${CMAKE_PREFIX_PATH}:/opt/ros/humble /usr/bin/cmake --install /home/adi/hum_rob_ws/build/four_dof
