[0.093s] Invoking command in '/home/adi/hum_rob_ws/build/six_dof': CMAKE_PREFIX_PATH=${CMAKE_PREFIX_PATH}:/opt/ros/humble /usr/bin/cmake --build /home/adi/hum_rob_ws/build/six_dof -- -j16 -l16
[0.156s] -- Found ament_cmake: 1.3.7 (/opt/ros/humble/share/ament_cmake/cmake)
[0.476s] -- Found rclcpp: 16.0.8 (/opt/ros/humble/share/rclcpp/cmake)
[0.517s] -- Found rosidl_generator_c: 3.1.5 (/opt/ros/humble/share/rosidl_generator_c/cmake)
[0.520s] -- Found rosidl_adapter: 3.1.5 (/opt/ros/humble/share/rosidl_adapter/cmake)
[0.527s] -- Found rosidl_generator_cpp: 3.1.5 (/opt/ros/humble/share/rosidl_generator_cpp/cmake)
[0.539s] -- Using all available rosidl_typesupport_c: rosidl_typesupport_fastrtps_c;rosidl_typesupport_introspection_c
[0.555s] -- Using all available rosidl_typesupport_cpp: rosidl_typesupport_fastrtps_cpp;rosidl_typesupport_introspection_cpp
[0.612s] -- Found rmw_implementation_cmake: 6.1.1 (/opt/ros/humble/share/rmw_implementation_cmake/cmake)
[0.614s] -- Found rmw_fastrtps_cpp: 6.2.6 (/opt/ros/humble/share/rmw_fastrtps_cpp/cmake)
[0.760s] -- Using RMW implementation 'rmw_fastrtps_cpp' as default
[0.902s] -- Found rclpy: 3.3.11 (/opt/ros/humble/share/rclpy/cmake)
[0.902s] -- Found ament_lint_auto: 0.12.10 (/opt/ros/humble/share/ament_lint_auto/cmake)
[1.031s] -- Added test 'flake8' to check Python code syntax and style conventions
[1.032s] -- Added test 'lint_cmake' to check CMake code style
[1.032s] -- Added test 'pep257' to check Python code against some of the docstring style conventions in PEP 257
[1.034s] -- Added test 'xmllint' to check XML markup files
[1.035s] -- Configuring done
[1.041s] -- Generating done
[1.042s] -- Build files have been written to: /home/adi/hum_rob_ws/build/six_dof
[1.085s] Invoked command in '/home/adi/hum_rob_ws/build/six_dof' returned '0': CMAKE_PREFIX_PATH=${CMAKE_PREFIX_PATH}:/opt/ros/humble /usr/bin/cmake --build /home/adi/hum_rob_ws/build/six_dof -- -j16 -l16
[1.151s] Invoking command in '/home/adi/hum_rob_ws/build/six_dof': CMAKE_PREFIX_PATH=${CMAKE_PREFIX_PATH}:/opt/ros/humble /usr/bin/cmake --install /home/adi/hum_rob_ws/build/six_dof
[1.167s] -- Install configuration: ""
[1.167s] -- Up-to-date: /home/adi/hum_rob_ws/install/six_dof/share/six_dof//urdf
[1.167s] -- Installing: /home/adi/hum_rob_ws/install/six_dof/share/six_dof//urdf/6dof.urdf
[1.168s] -- Installing: /home/adi/hum_rob_ws/install/six_dof/share/six_dof//rviz
[1.168s] -- Installing: /home/adi/hum_rob_ws/install/six_dof/share/six_dof//rviz/six_dof.rviz
[1.168s] -- Up-to-date: /home/adi/hum_rob_ws/install/six_dof/share/six_dof//launch
[1.168s] -- Installing: /home/adi/hum_rob_ws/install/six_dof/share/six_dof//launch/urdf_vis.launch.py
[1.169s] -- Up-to-date: /home/adi/hum_rob_ws/install/six_dof/share/six_dof//meshes
[1.169s] -- Up-to-date: /home/adi/hum_rob_ws/install/six_dof/share/six_dof//meshes/leftfoot.stl
[1.169s] -- Up-to-date: /home/adi/hum_rob_ws/install/six_dof/share/six_dof//meshes/rightthighv5.stl
[1.169s] -- Up-to-date: /home/adi/hum_rob_ws/install/six_dof/share/six_dof//meshes/rightfoot.stl
[1.169s] -- Up-to-date: /home/adi/hum_rob_ws/install/six_dof/share/six_dof//meshes/leftthighv5.stl
[1.170s] -- Up-to-date: /home/adi/hum_rob_ws/install/six_dof/share/six_dof//meshes/rightthighv6.stl
[1.170s] -- Up-to-date: /home/adi/hum_rob_ws/install/six_dof/share/six_dof//meshes/rightshinv3.stl
[1.170s] -- Up-to-date: /home/adi/hum_rob_ws/install/six_dof/share/six_dof//meshes/leftshin.stl
[1.170s] -- Up-to-date: /home/adi/hum_rob_ws/install/six_dof/share/six_dof//meshes/rightthighv3.stl
[1.170s] -- Up-to-date: /home/adi/hum_rob_ws/install/six_dof/share/six_dof//meshes/Chassis.stl
[1.170s] -- Up-to-date: /home/adi/hum_rob_ws/install/six_dof/share/six_dof//meshes/rightshinv4.stl
[1.171s] -- Up-to-date: /home/adi/hum_rob_ws/install/six_dof/share/six_dof//meshes/chassisv2.stl
[1.171s] -- Up-to-date: /home/adi/hum_rob_ws/install/six_dof/share/six_dof//meshes/leftthighv3.stl
[1.171s] -- Up-to-date: /home/adi/hum_rob_ws/install/six_dof/share/six_dof//meshes/leftthighv4.stl
[1.171s] -- Up-to-date: /home/adi/hum_rob_ws/install/six_dof/share/six_dof//meshes/rightthighv4.stl
[1.171s] -- Up-to-date: /home/adi/hum_rob_ws/install/six_dof/share/ament_index/resource_index/package_run_dependencies/six_dof
[1.172s] -- Installing: /home/adi/hum_rob_ws/install/six_dof/share/ament_index/resource_index/parent_prefix_path/six_dof
[1.172s] -- Up-to-date: /home/adi/hum_rob_ws/install/six_dof/share/six_dof/environment/ament_prefix_path.sh
[1.172s] -- Installing: /home/adi/hum_rob_ws/install/six_dof/share/six_dof/environment/ament_prefix_path.dsv
[1.172s] -- Up-to-date: /home/adi/hum_rob_ws/install/six_dof/share/six_dof/environment/path.sh
[1.172s] -- Installing: /home/adi/hum_rob_ws/install/six_dof/share/six_dof/environment/path.dsv
[1.172s] -- Up-to-date: /home/adi/hum_rob_ws/install/six_dof/share/six_dof/local_setup.bash
[1.173s] -- Up-to-date: /home/adi/hum_rob_ws/install/six_dof/share/six_dof/local_setup.sh
[1.173s] -- Up-to-date: /home/adi/hum_rob_ws/install/six_dof/share/six_dof/local_setup.zsh
[1.173s] -- Installing: /home/adi/hum_rob_ws/install/six_dof/share/six_dof/local_setup.dsv
[1.173s] -- Installing: /home/adi/hum_rob_ws/install/six_dof/share/six_dof/package.dsv
[1.173s] -- Up-to-date: /home/adi/hum_rob_ws/install/six_dof/share/ament_index/resource_index/packages/six_dof
[1.173s] -- Up-to-date: /home/adi/hum_rob_ws/install/six_dof/share/six_dof/cmake/six_dofConfig.cmake
[1.174s] -- Up-to-date: /home/adi/hum_rob_ws/install/six_dof/share/six_dof/cmake/six_dofConfig-version.cmake
[1.174s] -- Up-to-date: /home/adi/hum_rob_ws/install/six_dof/share/six_dof/package.xml
[1.178s] Invoked command in '/home/adi/hum_rob_ws/build/six_dof' returned '0': CMAKE_PREFIX_PATH=${CMAKE_PREFIX_PATH}:/opt/ros/humble /usr/bin/cmake --install /home/adi/hum_rob_ws/build/six_dof
