[0.038s] Invoking command in '/home/adi/hum_rob_ws/build/six_dof': /usr/bin/cmake /home/adi/hum_rob_ws/src/six_dof -DCMAKE_INSTALL_PREFIX=/home/adi/hum_rob_ws/install/six_dof
[0.067s] -- Found ament_cmake: 1.3.7 (/opt/ros/humble/share/ament_cmake/cmake)
[0.274s] -- Found Python3: /usr/bin/python3.10 (found version "3.10.12") found components: Interpreter 
[0.383s] Traceback (most recent call last):
[0.383s]   File "/opt/ros/humble/share/ament_cmake_core/cmake/package_templates/templates_2_cmake.py", line 21, in <module>
[0.383s]     from ament_package.templates import get_environment_hook_template_path
[0.383s] ModuleNotFoundError: No module named 'ament_package'
[0.397s] [31mCMake Error at /opt/ros/humble/share/ament_cmake_core/cmake/ament_cmake_package_templates-extras.cmake:41 (message):
[0.397s]   execute_process(/usr/bin/python3.10
[0.397s]   /opt/ros/humble/share/ament_cmake_core/cmake/package_templates/templates_2_cmake.py
[0.398s]   /home/adi/hum_rob_ws/build/six_dof/ament_cmake_package_templates/templates.cmake)
[0.398s]   returned error code 1
[0.398s] Call Stack (most recent call first):
[0.398s]   /opt/ros/humble/share/ament_cmake_core/cmake/ament_cmake_coreConfig.cmake:41 (include)
[0.398s]   /opt/ros/humble/share/ament_cmake/cmake/ament_cmake_export_dependencies-extras.cmake:15 (find_package)
[0.398s]   /opt/ros/humble/share/ament_cmake/cmake/ament_cmakeConfig.cmake:41 (include)
[0.398s]   CMakeLists.txt:9 (find_package)
[0.398s] 
[0.398s] [0m
[0.399s] -- Configuring incomplete, errors occurred!
[0.399s] See also "/home/adi/hum_rob_ws/build/six_dof/CMakeFiles/CMakeOutput.log".
[0.404s] Invoked command in '/home/adi/hum_rob_ws/build/six_dof' returned '1': /usr/bin/cmake /home/adi/hum_rob_ws/src/six_dof -DCMAKE_INSTALL_PREFIX=/home/adi/hum_rob_ws/install/six_dof
