[0.075s] Invoking command in '/home/adi/hum_rob_ws/build/six_dof': CMAKE_PREFIX_PATH=/opt/ros/humble /usr/bin/cmake --build /home/adi/hum_rob_ws/build/six_dof -- -j16 -l16
[0.097s] -- Found ament_cmake: 1.3.7 (/opt/ros/humble/share/ament_cmake/cmake)
[0.335s] -- Found Python3: /usr/bin/python3.10 (found version "3.10.12") found components: Interpreter 
[0.424s] -- Found rclcpp: 16.0.8 (/opt/ros/humble/share/rclcpp/cmake)
[0.495s] -- Found rosidl_generator_c: 3.1.5 (/opt/ros/humble/share/rosidl_generator_c/cmake)
[0.497s] -- Found rosidl_adapter: 3.1.5 (/opt/ros/humble/share/rosidl_adapter/cmake)
[0.502s] -- Found rosidl_generator_cpp: 3.1.5 (/opt/ros/humble/share/rosidl_generator_cpp/cmake)
[0.512s] -- Using all available rosidl_typesupport_c: rosidl_typesupport_fastrtps_c;rosidl_typesupport_introspection_c
[0.525s] -- Using all available rosidl_typesupport_cpp: rosidl_typesupport_fastrtps_cpp;rosidl_typesupport_introspection_cpp
[0.574s] -- Found rmw_implementation_cmake: 6.1.1 (/opt/ros/humble/share/rmw_implementation_cmake/cmake)
[0.575s] -- Found rmw_fastrtps_cpp: 6.2.6 (/opt/ros/humble/share/rmw_fastrtps_cpp/cmake)
[0.716s] -- Using RMW implementation 'rmw_fastrtps_cpp' as default
[0.854s] -- Found rclpy: 3.3.11 (/opt/ros/humble/share/rclpy/cmake)
[0.855s] -- pinocchio FOUND. pinocchio at /opt/ros/humble/lib/x86_64-linux-gnu/libpinocchio.so
[0.855s] -- boost_filesystem FOUND. boost_filesystem at /lib/x86_64-linux-gnu/libboost_filesystem.so
[0.855s] -- boost_serialization FOUND. boost_serialization at /lib/x86_64-linux-gnu/libboost_serialization.so
[0.856s] -- boost_system FOUND. boost_system at /lib/x86_64-linux-gnu/libboost_system.so
[0.863s] -- Found Boost: /usr/include (found version "1.74.0") found components: filesystem serialization system 
[0.863s] -- eigenpy FOUND. eigenpy at /opt/ros/humble/lib/x86_64-linux-gnu/libeigenpy.so
[1.416s] -- Found Python3: /usr/bin/python3.10 (found version "3.10.12") found components: Interpreter Development.Module NumPy 
[1.417s] -- PythonLibraryDirs: 
[1.417s] -- PythonLibVersionString: 3.10.12
[1.506s] -- Python site lib: lib/python3.10/dist-packages
[1.506s] -- Python include dirs: /usr/include/python3.10
[1.684s] -- Checking for NumPy
[1.834s] --   NUMPY_INCLUDE_DIRS=/usr/lib/python3/dist-packages/numpy/core/include
[1.986s] --   NUMPY_VERSION=1.21.5
[1.986s] -- NumPy include dir: /usr/lib/python3/dist-packages/numpy/core/include
[1.996s] [33mCMake Warning at /usr/share/cmake-3.22/Modules/FindBoost.cmake:2201 (message):
[1.996s]   No header defined for python310; skipping header check (note: header-only
[1.996s]   libraries have no designated component)
[1.996s] Call Stack (most recent call first):
[1.996s]   /opt/ros/humble/lib/x86_64-linux-gnu/cmake/eigenpy/boost.cmake:144 (find_package)
[1.997s]   /opt/ros/humble/lib/x86_64-linux-gnu/cmake/eigenpy/eigenpyConfig.cmake:149 (SEARCH_FOR_BOOST_PYTHON)
[1.997s]   /usr/share/cmake-3.22/Modules/CMakeFindDependencyMacro.cmake:47 (find_package)
[1.997s]   /opt/ros/humble/lib/x86_64-linux-gnu/cmake/pinocchio/pinocchioConfig.cmake:160 (find_dependency)
[1.997s]   CMakeLists.txt:12 (find_package)
[1.997s] 
[1.997s] [0m
[1.998s] -- Found Boost: /usr/include (found version "1.74.0") found components: python310 
[1.998s] -- Boost_PYTHON_LIBRARY: /usr/lib/x86_64-linux-gnu/libboost_python310.so
[2.378s] -- Default C++ standard: 201703
[2.378s] -- C++ standard sufficient: Minimal required 11, currently defined: 17
[2.378s] -- CMAKE_CXX_STANDARD was not set: automatically set to currently defined standard 17
[2.379s] -- hpp-fcl FOUND. hpp-fcl at /opt/ros/humble/lib/x86_64-linux-gnu/libhpp-fcl.so
[2.384s] -- Found Boost: /usr/include (found version "1.74.0") found components: chrono serialization 
[2.385s] -- C++ standard sufficient: Minimal required 11, currently defined: 17
[2.386s] -- C++ standard sufficient: Minimal required 11, currently defined: 17
[2.386s] -- Found ament_lint_auto: 0.12.10 (/opt/ros/humble/share/ament_lint_auto/cmake)
[2.484s] [31mCMake Error at /opt/ros/humble/share/ament_cmake_target_dependencies/cmake/ament_target_dependencies.cmake:77 (message):
[2.484s]   ament_target_dependencies() the passed package name 'sensor_msgs' was not
[2.484s]   found before
[2.484s] Call Stack (most recent call first):
[2.485s]   CMakeLists.txt:29 (ament_target_dependencies)
[2.485s] 
[2.485s] [0m
[2.485s] -- Configuring incomplete, errors occurred!
[2.485s] See also "/home/adi/hum_rob_ws/build/six_dof/CMakeFiles/CMakeOutput.log".
[2.494s] gmake: *** [Makefile:226: cmake_check_build_system] Error 1
[2.499s] Invoked command in '/home/adi/hum_rob_ws/build/six_dof' returned '2': CMAKE_PREFIX_PATH=/opt/ros/humble /usr/bin/cmake --build /home/adi/hum_rob_ws/build/six_dof -- -j16 -l16
