[0.073s] Invoking command in '/home/adi/hum_rob_ws/build/six_dof': CMAKE_PREFIX_PATH=/opt/ros/humble /usr/bin/cmake --build /home/adi/hum_rob_ws/build/six_dof -- -j16 -l16
[0.140s] [35m[1mConsolidate compiler generated dependencies of target test_node[0m
[0.180s] [ 50%] [32mBuilding CXX object CMakeFiles/test_node.dir/src/IK_test.cpp.o[0m
[4.001s] [100%] [32m[1mLinking CXX executable test_node[0m
[4.137s] [100%] Built target test_node
[4.165s] Invoked command in '/home/adi/hum_rob_ws/build/six_dof' returned '0': CMAKE_PREFIX_PATH=/opt/ros/humble /usr/bin/cmake --build /home/adi/hum_rob_ws/build/six_dof -- -j16 -l16
[4.239s] Invoking command in '/home/adi/hum_rob_ws/build/six_dof': CMAKE_PREFIX_PATH=/opt/ros/humble /usr/bin/cmake --install /home/adi/hum_rob_ws/build/six_dof
[4.247s] -- Install configuration: ""
[4.247s] -- Up-to-date: /home/adi/hum_rob_ws/install/six_dof/share/six_dof//urdf
[4.247s] -- Up-to-date: /home/adi/hum_rob_ws/install/six_dof/share/six_dof//urdf/6dof_from_foot.urdf
[4.247s] -- Up-to-date: /home/adi/hum_rob_ws/install/six_dof/share/six_dof//urdf/6_dof_col_simplified.urdf
[4.247s] -- Up-to-date: /home/adi/hum_rob_ws/install/six_dof/share/six_dof//urdf/6dof_from_hip.urdf
[4.247s] -- Up-to-date: /home/adi/hum_rob_ws/install/six_dof/share/six_dof//urdf/6dof_test.urdf
[4.247s] -- Up-to-date: /home/adi/hum_rob_ws/install/six_dof/share/six_dof//rviz
[4.248s] -- Up-to-date: /home/adi/hum_rob_ws/install/six_dof/share/six_dof//rviz/six_dof_fixed.rviz
[4.248s] -- Up-to-date: /home/adi/hum_rob_ws/install/six_dof/share/six_dof//rviz/six_dof.rviz
[4.248s] -- Up-to-date: /home/adi/hum_rob_ws/install/six_dof/share/six_dof//launch
[4.248s] -- Up-to-date: /home/adi/hum_rob_ws/install/six_dof/share/six_dof//launch/urdf_vis.launch.py
[4.248s] -- Up-to-date: /home/adi/hum_rob_ws/install/six_dof/share/six_dof//meshes
[4.249s] -- Up-to-date: /home/adi/hum_rob_ws/install/six_dof/share/six_dof//meshes/rightthighfixedv2.stl
[4.249s] -- Up-to-date: /home/adi/hum_rob_ws/install/six_dof/share/six_dof//meshes/leftfootfixed.stl
[4.249s] -- Up-to-date: /home/adi/hum_rob_ws/install/six_dof/share/six_dof//meshes/rightshinv3.stl
[4.249s] -- Up-to-date: /home/adi/hum_rob_ws/install/six_dof/share/six_dof//meshes/rightshinfixedv2.stl
[4.249s] -- Up-to-date: /home/adi/hum_rob_ws/install/six_dof/share/six_dof//meshes/foot_fixedv2.stl
[4.249s] -- Up-to-date: /home/adi/hum_rob_ws/install/six_dof/share/six_dof//meshes/chassisv2.stl
[4.249s] -- Up-to-date: /home/adi/hum_rob_ws/install/six_dof/share/six_dof//meshes/unused
[4.250s] -- Up-to-date: /home/adi/hum_rob_ws/install/six_dof/share/six_dof//meshes/unused/leftfoot.stl
[4.250s] -- Up-to-date: /home/adi/hum_rob_ws/install/six_dof/share/six_dof//meshes/unused/rightthighv5.stl
[4.250s] -- Up-to-date: /home/adi/hum_rob_ws/install/six_dof/share/six_dof//meshes/unused/rightfoot.stl
[4.250s] -- Up-to-date: /home/adi/hum_rob_ws/install/six_dof/share/six_dof//meshes/unused/leftthighv5.stl
[4.251s] -- Up-to-date: /home/adi/hum_rob_ws/install/six_dof/share/six_dof//meshes/unused/leftthighv6.stl
[4.251s] -- Up-to-date: /home/adi/hum_rob_ws/install/six_dof/share/six_dof//meshes/unused/leftshin.stl
[4.251s] -- Up-to-date: /home/adi/hum_rob_ws/install/six_dof/share/six_dof//meshes/unused/rightthighv3.stl
[4.251s] -- Up-to-date: /home/adi/hum_rob_ws/install/six_dof/share/six_dof//meshes/unused/Chassis.stl
[4.252s] -- Up-to-date: /home/adi/hum_rob_ws/install/six_dof/share/six_dof//meshes/unused/rightshinv4.stl
[4.252s] -- Up-to-date: /home/adi/hum_rob_ws/install/six_dof/share/six_dof//meshes/unused/rightthighv8.stl
[4.253s] -- Up-to-date: /home/adi/hum_rob_ws/install/six_dof/share/six_dof//meshes/unused/leftthighv3.stl
[4.253s] -- Up-to-date: /home/adi/hum_rob_ws/install/six_dof/share/six_dof//meshes/unused/rightthighv7.stl
[4.253s] -- Up-to-date: /home/adi/hum_rob_ws/install/six_dof/share/six_dof//meshes/unused/leftthighv4.stl
[4.253s] -- Up-to-date: /home/adi/hum_rob_ws/install/six_dof/share/six_dof//meshes/unused/rightthighv4.stl
[4.253s] -- Up-to-date: /home/adi/hum_rob_ws/install/six_dof/share/six_dof//meshes/unused/rightthighfixedv1.stl
[4.253s] -- Up-to-date: /home/adi/hum_rob_ws/install/six_dof/share/six_dof//meshes/leftthighfixedv1.stl
[4.254s] -- Up-to-date: /home/adi/hum_rob_ws/install/six_dof/share/ament_index/resource_index/package_run_dependencies/six_dof
[4.254s] -- Installing: /home/adi/hum_rob_ws/install/six_dof/share/ament_index/resource_index/parent_prefix_path/six_dof
[4.254s] -- Up-to-date: /home/adi/hum_rob_ws/install/six_dof/share/six_dof/environment/ament_prefix_path.sh
[4.254s] -- Installing: /home/adi/hum_rob_ws/install/six_dof/share/six_dof/environment/ament_prefix_path.dsv
[4.254s] -- Up-to-date: /home/adi/hum_rob_ws/install/six_dof/share/six_dof/environment/path.sh
[4.254s] -- Installing: /home/adi/hum_rob_ws/install/six_dof/share/six_dof/environment/path.dsv
[4.254s] -- Up-to-date: /home/adi/hum_rob_ws/install/six_dof/share/six_dof/local_setup.bash
[4.255s] -- Up-to-date: /home/adi/hum_rob_ws/install/six_dof/share/six_dof/local_setup.sh
[4.255s] -- Up-to-date: /home/adi/hum_rob_ws/install/six_dof/share/six_dof/local_setup.zsh
[4.255s] -- Installing: /home/adi/hum_rob_ws/install/six_dof/share/six_dof/local_setup.dsv
[4.255s] -- Installing: /home/adi/hum_rob_ws/install/six_dof/share/six_dof/package.dsv
[4.255s] -- Up-to-date: /home/adi/hum_rob_ws/install/six_dof/share/ament_index/resource_index/packages/six_dof
[4.255s] -- Up-to-date: /home/adi/hum_rob_ws/install/six_dof/share/six_dof/cmake/six_dofConfig.cmake
[4.256s] -- Up-to-date: /home/adi/hum_rob_ws/install/six_dof/share/six_dof/cmake/six_dofConfig-version.cmake
[4.256s] -- Up-to-date: /home/adi/hum_rob_ws/install/six_dof/share/six_dof/package.xml
[4.256s] Invoked command in '/home/adi/hum_rob_ws/build/six_dof' returned '0': CMAKE_PREFIX_PATH=/opt/ros/humble /usr/bin/cmake --install /home/adi/hum_rob_ws/build/six_dof
