-- Found ament_cmake: 1.3.8 (/opt/ros/humble/share/ament_cmake/cmake)
-- Found urdf: 2.6.0 (/opt/ros/humble/share/urdf/cmake)
-- Found xacro: 2.0.8 (/opt/ros/humble/share/xacro/cmake)
-- Found robot_state_publisher: 3.0.3 (/opt/ros/humble/share/robot_state_publisher/cmake)
-- Found rosidl_generator_c: 3.1.5 (/opt/ros/humble/share/rosidl_generator_c/cmake)
-- Found rosidl_adapter: 3.1.5 (/opt/ros/humble/share/rosidl_adapter/cmake)
-- Found rosidl_generator_cpp: 3.1.5 (/opt/ros/humble/share/rosidl_generator_cpp/cmake)
-- Using all available rosidl_typesupport_c: rosidl_typesupport_fastrtps_c;rosidl_typesupport_introspection_c
-- Using all available rosidl_typesupport_cpp: rosidl_typesupport_fastrtps_cpp;rosidl_typesupport_introspection_cpp
-- Found eigen3_cmake_module: 0.1.1 (/opt/ros/humble/share/eigen3_cmake_module/cmake)
-- Ensuring Eigen3 include directory is part of orocos-kdl CMake target
-- Found rmw_implementation_cmake: 6.1.1 (/opt/ros/humble/share/rmw_implementation_cmake/cmake)
-- Found rmw_fastrtps_cpp: 6.2.6 (/opt/ros/humble/share/rmw_fastrtps_cpp/cmake)
-- Found TinyXML2 via Config file: TinyXML2_DIR-NOTFOUND
-- Found TinyXML2 via Config file: TinyXML2_DIR-NOTFOUND
-- Found TinyXML2 via Config file: TinyXML2_DIR-NOTFOUND
-- Found TinyXML2 via Config file: TinyXML2_DIR-NOTFOUND
-- Using RMW implementation 'rmw_fastrtps_cpp' as default
-- Found trajectory_msgs: 4.2.3 (/opt/ros/humble/share/trajectory_msgs/cmake)
-- Found ament_lint_auto: 0.12.10 (/opt/ros/humble/share/ament_lint_auto/cmake)
-- Added test 'cppcheck' to perform static code analysis on C / C++ code
-- Configured cppcheck include dirs: 
-- Configured cppcheck exclude dirs and/or files: 
-- Added test 'flake8' to check Python code syntax and style conventions
-- Added test 'lint_cmake' to check CMake code style
-- Added test 'pep257' to check Python code against some of the docstring style conventions in PEP 257
-- Added test 'uncrustify' to check C / C++ code style
-- Configured uncrustify additional arguments: 
-- Added test 'xmllint' to check XML markup files
-- Configuring done
-- Generating done
-- Build files have been written to: /home/adi/hum_rob_ws/build/six_dof_bringup
-- Install configuration: ""
-- Up-to-date: /home/adi/hum_rob_ws/install/six_dof_bringup/share/six_dof_bringup//launch
-- Up-to-date: /home/adi/hum_rob_ws/install/six_dof_bringup/share/six_dof_bringup//launch/pos_control.launch.py
-- Up-to-date: /home/adi/hum_rob_ws/install/six_dof_bringup/share/six_dof_bringup//config
-- Up-to-date: /home/adi/hum_rob_ws/install/six_dof_bringup/share/six_dof_bringup//config/controller_config.yaml
-- Installing: /home/adi/hum_rob_ws/install/six_dof_bringup/share/ament_index/resource_index/package_run_dependencies/six_dof_bringup
-- Up-to-date: /home/adi/hum_rob_ws/install/six_dof_bringup/share/ament_index/resource_index/parent_prefix_path/six_dof_bringup
-- Up-to-date: /home/adi/hum_rob_ws/install/six_dof_bringup/share/six_dof_bringup/environment/ament_prefix_path.sh
-- Installing: /home/adi/hum_rob_ws/install/six_dof_bringup/share/six_dof_bringup/environment/ament_prefix_path.dsv
-- Up-to-date: /home/adi/hum_rob_ws/install/six_dof_bringup/share/six_dof_bringup/environment/path.sh
-- Installing: /home/adi/hum_rob_ws/install/six_dof_bringup/share/six_dof_bringup/environment/path.dsv
-- Up-to-date: /home/adi/hum_rob_ws/install/six_dof_bringup/share/six_dof_bringup/local_setup.bash
-- Up-to-date: /home/adi/hum_rob_ws/install/six_dof_bringup/share/six_dof_bringup/local_setup.sh
-- Up-to-date: /home/adi/hum_rob_ws/install/six_dof_bringup/share/six_dof_bringup/local_setup.zsh
-- Installing: /home/adi/hum_rob_ws/install/six_dof_bringup/share/six_dof_bringup/local_setup.dsv
-- Installing: /home/adi/hum_rob_ws/install/six_dof_bringup/share/six_dof_bringup/package.dsv
-- Up-to-date: /home/adi/hum_rob_ws/install/six_dof_bringup/share/ament_index/resource_index/packages/six_dof_bringup
-- Up-to-date: /home/adi/hum_rob_ws/install/six_dof_bringup/share/six_dof_bringup/cmake/six_dof_bringupConfig.cmake
-- Up-to-date: /home/adi/hum_rob_ws/install/six_dof_bringup/share/six_dof_bringup/cmake/six_dof_bringupConfig-version.cmake
-- Installing: /home/adi/hum_rob_ws/install/six_dof_bringup/share/six_dof_bringup/package.xml
