[0.023s] Invoking command in '/home/adi/hum_rob_ws/build/six_dof_bringup': CMAKE_PREFIX_PATH=${CMAKE_PREFIX_PATH}:/opt/ros/humble /usr/bin/cmake --build /home/adi/hum_rob_ws/build/six_dof_bringup -- -j16 -l16
[0.059s] -- Found ament_cmake: 1.3.8 (/opt/ros/humble/share/ament_cmake/cmake)
[0.295s] -- Found urdf: 2.6.0 (/opt/ros/humble/share/urdf/cmake)
[0.341s] -- Found xacro: 2.0.8 (/opt/ros/humble/share/xacro/cmake)
[0.341s] -- Found robot_state_publisher: 3.0.3 (/opt/ros/humble/share/robot_state_publisher/cmake)
[0.360s] -- Found rosidl_generator_c: 3.1.5 (/opt/ros/humble/share/rosidl_generator_c/cmake)
[0.363s] -- Found rosidl_adapter: 3.1.5 (/opt/ros/humble/share/rosidl_adapter/cmake)
[0.369s] -- Found rosidl_generator_cpp: 3.1.5 (/opt/ros/humble/share/rosidl_generator_cpp/cmake)
[0.381s] -- Using all available rosidl_typesupport_c: rosidl_typesupport_fastrtps_c;rosidl_typesupport_introspection_c
[0.394s] -- Using all available rosidl_typesupport_cpp: rosidl_typesupport_fastrtps_cpp;rosidl_typesupport_introspection_cpp
[0.515s] -- Found eigen3_cmake_module: 0.1.1 (/opt/ros/humble/share/eigen3_cmake_module/cmake)
[0.516s] -- Ensuring Eigen3 include directory is part of orocos-kdl CMake target
[0.567s] -- Found rmw_implementation_cmake: 6.1.1 (/opt/ros/humble/share/rmw_implementation_cmake/cmake)
[0.569s] -- Found rmw_fastrtps_cpp: 6.2.6 (/opt/ros/humble/share/rmw_fastrtps_cpp/cmake)
[0.600s] -- Found TinyXML2 via Config file: TinyXML2_DIR-NOTFOUND
[0.611s] -- Found TinyXML2 via Config file: TinyXML2_DIR-NOTFOUND
[0.638s] -- Found TinyXML2 via Config file: TinyXML2_DIR-NOTFOUND
[0.647s] -- Found TinyXML2 via Config file: TinyXML2_DIR-NOTFOUND
[0.660s] -- Using RMW implementation 'rmw_fastrtps_cpp' as default
[1.165s] -- Found trajectory_msgs: 4.2.3 (/opt/ros/humble/share/trajectory_msgs/cmake)
[1.237s] -- Found ament_lint_auto: 0.12.10 (/opt/ros/humble/share/ament_lint_auto/cmake)
[1.369s] -- Added test 'cppcheck' to perform static code analysis on C / C++ code
[1.369s] -- Configured cppcheck include dirs: 
[1.369s] -- Configured cppcheck exclude dirs and/or files: 
[1.369s] -- Added test 'flake8' to check Python code syntax and style conventions
[1.370s] -- Added test 'lint_cmake' to check CMake code style
[1.370s] -- Added test 'pep257' to check Python code against some of the docstring style conventions in PEP 257
[1.371s] -- Added test 'uncrustify' to check C / C++ code style
[1.371s] -- Configured uncrustify additional arguments: 
[1.371s] -- Added test 'xmllint' to check XML markup files
[1.373s] -- Configuring done
[1.379s] -- Generating done
[1.381s] -- Build files have been written to: /home/adi/hum_rob_ws/build/six_dof_bringup
[1.437s] Invoked command in '/home/adi/hum_rob_ws/build/six_dof_bringup' returned '0': CMAKE_PREFIX_PATH=${CMAKE_PREFIX_PATH}:/opt/ros/humble /usr/bin/cmake --build /home/adi/hum_rob_ws/build/six_dof_bringup -- -j16 -l16
[1.475s] Invoking command in '/home/adi/hum_rob_ws/build/six_dof_bringup': CMAKE_PREFIX_PATH=${CMAKE_PREFIX_PATH}:/opt/ros/humble /usr/bin/cmake --install /home/adi/hum_rob_ws/build/six_dof_bringup
[1.482s] -- Install configuration: ""
[1.482s] -- Up-to-date: /home/adi/hum_rob_ws/install/six_dof_bringup/share/six_dof_bringup//launch
[1.482s] -- Up-to-date: /home/adi/hum_rob_ws/install/six_dof_bringup/share/six_dof_bringup//launch/pos_control.launch.py
[1.482s] -- Up-to-date: /home/adi/hum_rob_ws/install/six_dof_bringup/share/six_dof_bringup//config
[1.483s] -- Up-to-date: /home/adi/hum_rob_ws/install/six_dof_bringup/share/six_dof_bringup//config/controller_config.yaml
[1.483s] -- Installing: /home/adi/hum_rob_ws/install/six_dof_bringup/share/ament_index/resource_index/package_run_dependencies/six_dof_bringup
[1.483s] -- Up-to-date: /home/adi/hum_rob_ws/install/six_dof_bringup/share/ament_index/resource_index/parent_prefix_path/six_dof_bringup
[1.483s] -- Up-to-date: /home/adi/hum_rob_ws/install/six_dof_bringup/share/six_dof_bringup/environment/ament_prefix_path.sh
[1.483s] -- Installing: /home/adi/hum_rob_ws/install/six_dof_bringup/share/six_dof_bringup/environment/ament_prefix_path.dsv
[1.483s] -- Up-to-date: /home/adi/hum_rob_ws/install/six_dof_bringup/share/six_dof_bringup/environment/path.sh
[1.483s] -- Installing: /home/adi/hum_rob_ws/install/six_dof_bringup/share/six_dof_bringup/environment/path.dsv
[1.484s] -- Up-to-date: /home/adi/hum_rob_ws/install/six_dof_bringup/share/six_dof_bringup/local_setup.bash
[1.484s] -- Up-to-date: /home/adi/hum_rob_ws/install/six_dof_bringup/share/six_dof_bringup/local_setup.sh
[1.484s] -- Up-to-date: /home/adi/hum_rob_ws/install/six_dof_bringup/share/six_dof_bringup/local_setup.zsh
[1.484s] -- Installing: /home/adi/hum_rob_ws/install/six_dof_bringup/share/six_dof_bringup/local_setup.dsv
[1.484s] -- Installing: /home/adi/hum_rob_ws/install/six_dof_bringup/share/six_dof_bringup/package.dsv
[1.484s] -- Up-to-date: /home/adi/hum_rob_ws/install/six_dof_bringup/share/ament_index/resource_index/packages/six_dof_bringup
[1.484s] -- Up-to-date: /home/adi/hum_rob_ws/install/six_dof_bringup/share/six_dof_bringup/cmake/six_dof_bringupConfig.cmake
[1.484s] -- Up-to-date: /home/adi/hum_rob_ws/install/six_dof_bringup/share/six_dof_bringup/cmake/six_dof_bringupConfig-version.cmake
[1.485s] -- Installing: /home/adi/hum_rob_ws/install/six_dof_bringup/share/six_dof_bringup/package.xml
[1.486s] Invoked command in '/home/adi/hum_rob_ws/build/six_dof_bringup' returned '0': CMAKE_PREFIX_PATH=${CMAKE_PREFIX_PATH}:/opt/ros/humble /usr/bin/cmake --install /home/adi/hum_rob_ws/build/six_dof_bringup
