[0.114s] Invoking command in '/home/adi/hum_rob_ws/build/six_dof': CMAKE_PREFIX_PATH=/opt/ros/humble /usr/bin/cmake --build /home/adi/hum_rob_ws/build/six_dof -- -j16 -l16
[0.164s] -- Found ament_cmake: 1.3.7 (/opt/ros/humble/share/ament_cmake/cmake)
[0.494s] -- Found Python3: /usr/bin/python3.10 (found version "3.10.12") found components: Interpreter 
[0.628s] -- Found rclcpp: 16.0.8 (/opt/ros/humble/share/rclcpp/cmake)
[0.672s] -- Found rosidl_generator_c: 3.1.5 (/opt/ros/humble/share/rosidl_generator_c/cmake)
[0.676s] -- Found rosidl_adapter: 3.1.5 (/opt/ros/humble/share/rosidl_adapter/cmake)
[0.684s] -- Found rosidl_generator_cpp: 3.1.5 (/opt/ros/humble/share/rosidl_generator_cpp/cmake)
[0.699s] -- Using all available rosidl_typesupport_c: rosidl_typesupport_fastrtps_c;rosidl_typesupport_introspection_c
[0.721s] -- Using all available rosidl_typesupport_cpp: rosidl_typesupport_fastrtps_cpp;rosidl_typesupport_introspection_cpp
[0.803s] -- Found rmw_implementation_cmake: 6.1.1 (/opt/ros/humble/share/rmw_implementation_cmake/cmake)
[0.805s] -- Found rmw_fastrtps_cpp: 6.2.6 (/opt/ros/humble/share/rmw_fastrtps_cpp/cmake)
[1.019s] -- Using RMW implementation 'rmw_fastrtps_cpp' as default
[1.236s] -- Found rclpy: 3.3.11 (/opt/ros/humble/share/rclpy/cmake)
[1.237s] -- pinocchio FOUND. pinocchio at /opt/ros/humble/lib/x86_64-linux-gnu/libpinocchio.so
[1.238s] -- boost_filesystem FOUND. boost_filesystem at /lib/x86_64-linux-gnu/libboost_filesystem.so
[1.239s] -- boost_serialization FOUND. boost_serialization at /lib/x86_64-linux-gnu/libboost_serialization.so
[1.239s] -- boost_system FOUND. boost_system at /lib/x86_64-linux-gnu/libboost_system.so
[1.250s] -- Found Boost: /usr/include (found version "1.74.0") found components: filesystem serialization system 
[1.252s] -- eigenpy FOUND. eigenpy at /opt/ros/humble/lib/x86_64-linux-gnu/libeigenpy.so
[1.990s] -- Found Python3: /usr/bin/python3.10 (found version "3.10.12") found components: Interpreter Development.Module NumPy 
[1.992s] -- PythonLibraryDirs: 
[1.992s] -- PythonLibVersionString: 3.10.12
[2.087s] -- Python site lib: lib/python3.10/dist-packages
[2.087s] -- Python include dirs: /usr/include/python3.10
[2.295s] -- Checking for NumPy
[2.501s] --   NUMPY_INCLUDE_DIRS=/usr/lib/python3/dist-packages/numpy/core/include
[2.707s] --   NUMPY_VERSION=1.21.5
[2.707s] -- NumPy include dir: /usr/lib/python3/dist-packages/numpy/core/include
[2.719s] [33mCMake Warning at /usr/share/cmake-3.22/Modules/FindBoost.cmake:2201 (message):
[2.720s]   No header defined for python310; skipping header check (note: header-only
[2.720s]   libraries have no designated component)
[2.720s] Call Stack (most recent call first):
[2.720s]   /opt/ros/humble/lib/x86_64-linux-gnu/cmake/eigenpy/boost.cmake:144 (find_package)
[2.720s]   /opt/ros/humble/lib/x86_64-linux-gnu/cmake/eigenpy/eigenpyConfig.cmake:149 (SEARCH_FOR_BOOST_PYTHON)
[2.721s]   /usr/share/cmake-3.22/Modules/CMakeFindDependencyMacro.cmake:47 (find_package)
[2.721s]   /opt/ros/humble/lib/x86_64-linux-gnu/cmake/pinocchio/pinocchioConfig.cmake:160 (find_dependency)
[2.721s]   CMakeLists.txt:12 (find_package)
[2.721s] 
[2.721s] [0m
[2.721s] -- Found Boost: /usr/include (found version "1.74.0") found components: python310 
[2.722s] -- Boost_PYTHON_LIBRARY: /usr/lib/x86_64-linux-gnu/libboost_python310.so
[3.181s] -- Default C++ standard: 201703
[3.181s] -- C++ standard sufficient: Minimal required 11, currently defined: 17
[3.182s] -- CMAKE_CXX_STANDARD was not set: automatically set to currently defined standard 17
[3.184s] -- hpp-fcl FOUND. hpp-fcl at /opt/ros/humble/lib/x86_64-linux-gnu/libhpp-fcl.so
[3.200s] -- Found Boost: /usr/include (found version "1.74.0") found components: chrono serialization 
[3.204s] -- C++ standard sufficient: Minimal required 11, currently defined: 17
[3.205s] -- C++ standard sufficient: Minimal required 11, currently defined: 17
[3.206s] -- Pinocchio found at: /opt/ros/humble/include
[3.207s] -- Found ament_lint_auto: 0.12.10 (/opt/ros/humble/share/ament_lint_auto/cmake)
[3.362s] -- Added test 'cppcheck' to perform static code analysis on C / C++ code
[3.362s] -- Configured cppcheck include dirs: 
[3.362s] -- Configured cppcheck exclude dirs and/or files: 
[3.364s] -- Added test 'flake8' to check Python code syntax and style conventions
[3.366s] -- Added test 'lint_cmake' to check CMake code style
[3.367s] -- Added test 'pep257' to check Python code against some of the docstring style conventions in PEP 257
[3.374s] -- Added test 'uncrustify' to check C / C++ code style
[3.375s] -- Configured uncrustify additional arguments: 
[3.376s] -- Added test 'xmllint' to check XML markup files
[3.378s] -- Configuring done
[3.405s] [33mCMake Warning at CMakeLists.txt:41 (add_executable):
[3.406s]   Cannot generate a safe runtime search path for target test_node because
[3.406s]   files in some directories may conflict with libraries in implicit
[3.406s]   directories:
[3.406s] 
[3.406s]     runtime library [liburdfdom_sensor.so.3.0] in /usr/lib/x86_64-linux-gnu may be hidden by files in:
[3.406s]       /opt/ros/humble/lib/x86_64-linux-gnu
[3.407s]     runtime library [liburdfdom_model_state.so.3.0] in /usr/lib/x86_64-linux-gnu may be hidden by files in:
[3.407s]       /opt/ros/humble/lib/x86_64-linux-gnu
[3.407s]     runtime library [liburdfdom_model.so.3.0] in /usr/lib/x86_64-linux-gnu may be hidden by files in:
[3.407s]       /opt/ros/humble/lib/x86_64-linux-gnu
[3.407s]     runtime library [liburdfdom_world.so.3.0] in /usr/lib/x86_64-linux-gnu may be hidden by files in:
[3.407s]       /opt/ros/humble/lib/x86_64-linux-gnu
[3.408s] 
[3.408s]   Some of these libraries may not be found correctly.
[3.408s] 
[3.408s] [0m
[3.408s] -- Generating done
[3.410s] -- Build files have been written to: /home/adi/hum_rob_ws/build/six_dof
[3.480s] [35m[1mConsolidate compiler generated dependencies of target test_node[0m
[3.575s] [ 50%] [32mBuilding CXX object CMakeFiles/test_node.dir/src/IK_test.cpp.o[0m
[9.234s] [01m[K/home/adi/hum_rob_ws/src/six_dof/src/IK_test.cpp:17:5:[m[K [01;35m[Kwarning: [m[Ksecond argument of ‘[01m[Kint main(int, char)[m[K’ should be ‘[01m[Kchar **[m[K’ [[01;35m[K]8;;https://gcc.gnu.org/onlinedocs/gcc/Warning-Options.html#index-Wmain-Wmain]8;;[m[K]
[9.234s]    17 | int [01;35m[Kmain[m[K(int /*argc*/, char /* *argv[] */) {
[9.234s]       |     [01;35m[K^~~~[m[K
[31.616s] [100%] [32m[1mLinking CXX executable test_node[0m
[32.728s] [100%] Built target test_node
[32.745s] Invoked command in '/home/adi/hum_rob_ws/build/six_dof' returned '0': CMAKE_PREFIX_PATH=/opt/ros/humble /usr/bin/cmake --build /home/adi/hum_rob_ws/build/six_dof -- -j16 -l16
[32.822s] Invoking command in '/home/adi/hum_rob_ws/build/six_dof': CMAKE_PREFIX_PATH=/opt/ros/humble /usr/bin/cmake --install /home/adi/hum_rob_ws/build/six_dof
[32.842s] -- Install configuration: ""
[32.842s] -- Up-to-date: /home/adi/hum_rob_ws/install/six_dof/share/six_dof//urdf
[32.842s] -- Up-to-date: /home/adi/hum_rob_ws/install/six_dof/share/six_dof//rviz
[32.842s] -- Up-to-date: /home/adi/hum_rob_ws/install/six_dof/share/six_dof//launch
[32.842s] -- Up-to-date: /home/adi/hum_rob_ws/install/six_dof/share/six_dof//meshes
[32.842s] -- Up-to-date: /home/adi/hum_rob_ws/install/six_dof/share/six_dof//meshes/unused
[32.843s] -- Installing: /home/adi/hum_rob_ws/install/six_dof/share/six_dof/package.dsv
[32.847s] Invoked command in '/home/adi/hum_rob_ws/build/six_dof' returned '0': CMAKE_PREFIX_PATH=/opt/ros/humble /usr/bin/cmake --install /home/adi/hum_rob_ws/build/six_dof
