[1.305s] DEBUG:colcon:Command line arguments: ['/usr/bin/colcon', 'build', '--packages-select', 'six_dof']
[1.305s] DEBUG:colcon:Parsed command line arguments: Namespace(log_base=None, log_level=None, verb_name='build', build_base='build', install_base='install', merge_install=False, symlink_install=False, test_result_base=None, continue_on_error=False, executor='parallel', parallel_workers=16, event_handlers=None, ignore_user_meta=False, metas=['./colcon.meta'], base_paths=['.'], packages_ignore=None, packages_ignore_regex=None, paths=None, packages_up_to=None, packages_up_to_regex=None, packages_above=None, packages_above_and_dependencies=None, packages_above_depth=None, packages_select_by_dep=None, packages_skip_by_dep=None, packages_skip_up_to=None, packages_select_build_failed=False, packages_skip_build_finished=False, packages_select_test_failures=False, packages_skip_test_passed=False, packages_select=['six_dof'], packages_skip=None, packages_select_regex=None, packages_skip_regex=None, packages_start=None, packages_end=None, allow_overriding=[], cmake_args=None, cmake_target=None, cmake_target_skip_unavailable=False, cmake_clean_cache=False, cmake_clean_first=False, cmake_force_configure=False, ament_cmake_args=None, catkin_cmake_args=None, catkin_skip_building_tests=False, verb_parser=<colcon_defaults.argument_parser.defaults.DefaultArgumentsDecorator object at 0x7f9c3d209c00>, verb_extension=<colcon_core.verb.build.BuildVerb object at 0x7f9c3d3d1e70>, main=<bound method BuildVerb.main of <colcon_core.verb.build.BuildVerb object at 0x7f9c3d3d1e70>>)
[1.367s] Level 1:colcon.colcon_core.package_discovery:discover_packages(colcon_meta) check parameters
[1.367s] Level 1:colcon.colcon_core.package_discovery:discover_packages(recursive) check parameters
[1.367s] Level 1:colcon.colcon_core.package_discovery:discover_packages(ignore) check parameters
[1.367s] Level 1:colcon.colcon_core.package_discovery:discover_packages(path) check parameters
[1.367s] Level 1:colcon.colcon_core.package_discovery:discover_packages(colcon_meta) discover
[1.367s] Level 1:colcon.colcon_core.package_discovery:discover_packages(recursive) discover
[1.367s] INFO:colcon.colcon_core.package_discovery:Crawling recursively for packages in '/home/adi/hum_rob_ws/src/six_dof'
[1.367s] Level 1:colcon.colcon_core.package_identification:_identify(.) by extensions ['ignore', 'ignore_ament_install']
[1.367s] Level 1:colcon.colcon_core.package_identification:_identify(.) by extension 'ignore'
[1.367s] Level 1:colcon.colcon_core.package_identification:_identify(.) by extension 'ignore_ament_install'
[1.367s] Level 1:colcon.colcon_core.package_identification:_identify(.) by extensions ['colcon_pkg']
[1.367s] Level 1:colcon.colcon_core.package_identification:_identify(.) by extension 'colcon_pkg'
[1.367s] Level 1:colcon.colcon_core.package_identification:_identify(.) by extensions ['colcon_meta']
[1.368s] Level 1:colcon.colcon_core.package_identification:_identify(.) by extension 'colcon_meta'
[1.368s] Level 1:colcon.colcon_core.package_identification:_identify(.) by extensions ['ros']
[1.368s] Level 1:colcon.colcon_core.package_identification:_identify(.) by extension 'ros'
[1.381s] DEBUG:colcon.colcon_core.package_identification:Package '.' with type 'ros.ament_cmake' and name 'six_dof'
[1.381s] Level 1:colcon.colcon_core.package_discovery:discover_packages(recursive) using defaults
[1.381s] Level 1:colcon.colcon_core.package_discovery:discover_packages(ignore) discover
[1.381s] Level 1:colcon.colcon_core.package_discovery:discover_packages(ignore) using defaults
[1.381s] Level 1:colcon.colcon_core.package_discovery:discover_packages(path) discover
[1.381s] Level 1:colcon.colcon_core.package_discovery:discover_packages(path) using defaults
[1.512s] Level 1:colcon.colcon_core.package_discovery:discover_packages(prefix_path) check parameters
[1.512s] Level 1:colcon.colcon_core.package_discovery:discover_packages(prefix_path) discover
[1.556s] DEBUG:colcon.colcon_installed_package_information.package_discovery:Found 3 installed packages in /home/adi/hum_rob_ws/install
[1.579s] DEBUG:colcon.colcon_installed_package_information.package_discovery:Found 386 installed packages in /opt/ros/humble
[1.580s] Level 1:colcon.colcon_core.package_discovery:discover_packages(prefix_path) using defaults
[1.690s] Level 5:colcon.colcon_core.verb:set package 'six_dof' build argument 'cmake_args' from command line to 'None'
[1.690s] Level 5:colcon.colcon_core.verb:set package 'six_dof' build argument 'cmake_target' from command line to 'None'
[1.690s] Level 5:colcon.colcon_core.verb:set package 'six_dof' build argument 'cmake_target_skip_unavailable' from command line to 'False'
[1.690s] Level 5:colcon.colcon_core.verb:set package 'six_dof' build argument 'cmake_clean_cache' from command line to 'False'
[1.690s] Level 5:colcon.colcon_core.verb:set package 'six_dof' build argument 'cmake_clean_first' from command line to 'False'
[1.690s] Level 5:colcon.colcon_core.verb:set package 'six_dof' build argument 'cmake_force_configure' from command line to 'False'
[1.690s] Level 5:colcon.colcon_core.verb:set package 'six_dof' build argument 'ament_cmake_args' from command line to 'None'
[1.690s] Level 5:colcon.colcon_core.verb:set package 'six_dof' build argument 'catkin_cmake_args' from command line to 'None'
[1.690s] Level 5:colcon.colcon_core.verb:set package 'six_dof' build argument 'catkin_skip_building_tests' from command line to 'False'
[1.690s] DEBUG:colcon.colcon_core.verb:Building package 'six_dof' with the following arguments: {'ament_cmake_args': None, 'build_base': '/home/adi/hum_rob_ws/src/six_dof/build/six_dof', 'catkin_cmake_args': None, 'catkin_skip_building_tests': False, 'cmake_args': None, 'cmake_clean_cache': False, 'cmake_clean_first': False, 'cmake_force_configure': False, 'cmake_target': None, 'cmake_target_skip_unavailable': False, 'install_base': '/home/adi/hum_rob_ws/src/six_dof/install/six_dof', 'merge_install': False, 'path': '/home/adi/hum_rob_ws/src/six_dof', 'symlink_install': False, 'test_result_base': None}
[1.712s] INFO:colcon.colcon_core.executor:Executing jobs using 'parallel' executor
[1.735s] DEBUG:colcon.colcon_parallel_executor.executor.parallel:run_until_complete
[1.735s] INFO:colcon.colcon_ros.task.ament_cmake.build:Building ROS package in '/home/adi/hum_rob_ws/src/six_dof' with build type 'ament_cmake'
[1.735s] INFO:colcon.colcon_cmake.task.cmake.build:Building CMake package in '/home/adi/hum_rob_ws/src/six_dof'
[1.760s] INFO:colcon.colcon_core.plugin_system:Skipping extension 'colcon_core.shell.bat': Not used on non-Windows systems
[1.760s] INFO:colcon.colcon_core.shell:Skip shell extension 'powershell' for command environment: Not usable outside of PowerShell
[1.760s] DEBUG:colcon.colcon_core.shell:Skip shell extension 'dsv' for command environment
[1.834s] DEBUG:colcon.colcon_core.event_handler.log_command:Invoking command in '/home/adi/hum_rob_ws/src/six_dof/build/six_dof': CMAKE_PREFIX_PATH=${CMAKE_PREFIX_PATH}:/opt/ros/humble /usr/bin/cmake --build /home/adi/hum_rob_ws/src/six_dof/build/six_dof -- -j16 -l16
[4.406s] DEBUG:colcon.colcon_core.event_handler.log_command:Invoked command in '/home/adi/hum_rob_ws/src/six_dof/build/six_dof' returned '0': CMAKE_PREFIX_PATH=${CMAKE_PREFIX_PATH}:/opt/ros/humble /usr/bin/cmake --build /home/adi/hum_rob_ws/src/six_dof/build/six_dof -- -j16 -l16
[4.483s] DEBUG:colcon.colcon_core.event_handler.log_command:Invoking command in '/home/adi/hum_rob_ws/src/six_dof/build/six_dof': CMAKE_PREFIX_PATH=${CMAKE_PREFIX_PATH}:/opt/ros/humble /usr/bin/cmake --install /home/adi/hum_rob_ws/src/six_dof/build/six_dof
[4.514s] Level 1:colcon.colcon_core.environment:create_environment_scripts_only(six_dof)
[4.514s] DEBUG:colcon.colcon_core.event_handler.log_command:Invoked command in '/home/adi/hum_rob_ws/src/six_dof/build/six_dof' returned '0': CMAKE_PREFIX_PATH=${CMAKE_PREFIX_PATH}:/opt/ros/humble /usr/bin/cmake --install /home/adi/hum_rob_ws/src/six_dof/build/six_dof
[4.536s] Level 1:colcon.colcon_core.environment:checking '/home/adi/hum_rob_ws/src/six_dof/install/six_dof' for CMake module files
[4.537s] Level 1:colcon.colcon_core.environment:checking '/home/adi/hum_rob_ws/src/six_dof/install/six_dof' for CMake config files
[4.537s] Level 1:colcon.colcon_core.shell:create_environment_hook('six_dof', 'cmake_prefix_path')
[4.558s] INFO:colcon.colcon_core.shell:Creating environment hook '/home/adi/hum_rob_ws/src/six_dof/install/six_dof/share/six_dof/hook/cmake_prefix_path.ps1'
[4.558s] INFO:colcon.colcon_core.shell:Creating environment descriptor '/home/adi/hum_rob_ws/src/six_dof/install/six_dof/share/six_dof/hook/cmake_prefix_path.dsv'
[4.559s] INFO:colcon.colcon_core.shell:Creating environment hook '/home/adi/hum_rob_ws/src/six_dof/install/six_dof/share/six_dof/hook/cmake_prefix_path.sh'
[4.559s] Level 1:colcon.colcon_core.environment:checking '/home/adi/hum_rob_ws/src/six_dof/install/six_dof/lib'
[4.559s] Level 1:colcon.colcon_core.environment:checking '/home/adi/hum_rob_ws/src/six_dof/install/six_dof/bin'
[4.559s] Level 1:colcon.colcon_core.environment:checking '/home/adi/hum_rob_ws/src/six_dof/install/six_dof/lib/pkgconfig/six_dof.pc'
[4.560s] Level 1:colcon.colcon_core.environment:checking '/home/adi/hum_rob_ws/src/six_dof/install/six_dof/lib/python3.10/site-packages'
[4.560s] Level 1:colcon.colcon_core.environment:checking '/home/adi/hum_rob_ws/src/six_dof/install/six_dof/bin'
[4.580s] INFO:colcon.colcon_core.shell:Creating package script '/home/adi/hum_rob_ws/src/six_dof/install/six_dof/share/six_dof/package.ps1'
[4.580s] INFO:colcon.colcon_core.shell:Creating package descriptor '/home/adi/hum_rob_ws/src/six_dof/install/six_dof/share/six_dof/package.dsv'
[4.581s] INFO:colcon.colcon_core.shell:Creating package script '/home/adi/hum_rob_ws/src/six_dof/install/six_dof/share/six_dof/package.sh'
[4.581s] INFO:colcon.colcon_core.shell:Creating package script '/home/adi/hum_rob_ws/src/six_dof/install/six_dof/share/six_dof/package.bash'
[4.582s] INFO:colcon.colcon_core.shell:Creating package script '/home/adi/hum_rob_ws/src/six_dof/install/six_dof/share/six_dof/package.zsh'
[4.582s] Level 1:colcon.colcon_core.environment:create_file_with_runtime_dependencies(/home/adi/hum_rob_ws/src/six_dof/install/six_dof/share/colcon-core/packages/six_dof)
[4.678s] Level 1:colcon.colcon_core.environment:create_environment_scripts_only(six_dof)
[4.707s] Level 1:colcon.colcon_core.environment:checking '/home/adi/hum_rob_ws/src/six_dof/install/six_dof' for CMake module files
[4.707s] Level 1:colcon.colcon_core.environment:checking '/home/adi/hum_rob_ws/src/six_dof/install/six_dof' for CMake config files
[4.707s] Level 1:colcon.colcon_core.shell:create_environment_hook('six_dof', 'cmake_prefix_path')
[4.731s] INFO:colcon.colcon_core.shell:Creating environment hook '/home/adi/hum_rob_ws/src/six_dof/install/six_dof/share/six_dof/hook/cmake_prefix_path.ps1'
[4.732s] INFO:colcon.colcon_core.shell:Creating environment descriptor '/home/adi/hum_rob_ws/src/six_dof/install/six_dof/share/six_dof/hook/cmake_prefix_path.dsv'
[4.732s] INFO:colcon.colcon_core.shell:Creating environment hook '/home/adi/hum_rob_ws/src/six_dof/install/six_dof/share/six_dof/hook/cmake_prefix_path.sh'
[4.732s] Level 1:colcon.colcon_core.environment:checking '/home/adi/hum_rob_ws/src/six_dof/install/six_dof/lib'
[4.732s] Level 1:colcon.colcon_core.environment:checking '/home/adi/hum_rob_ws/src/six_dof/install/six_dof/bin'
[4.732s] Level 1:colcon.colcon_core.environment:checking '/home/adi/hum_rob_ws/src/six_dof/install/six_dof/lib/pkgconfig/six_dof.pc'
[4.733s] Level 1:colcon.colcon_core.environment:checking '/home/adi/hum_rob_ws/src/six_dof/install/six_dof/lib/python3.10/site-packages'
[4.733s] Level 1:colcon.colcon_core.environment:checking '/home/adi/hum_rob_ws/src/six_dof/install/six_dof/bin'
[4.752s] INFO:colcon.colcon_core.shell:Creating package script '/home/adi/hum_rob_ws/src/six_dof/install/six_dof/share/six_dof/package.ps1'
[4.753s] INFO:colcon.colcon_core.shell:Creating package descriptor '/home/adi/hum_rob_ws/src/six_dof/install/six_dof/share/six_dof/package.dsv'
[4.753s] INFO:colcon.colcon_core.shell:Creating package script '/home/adi/hum_rob_ws/src/six_dof/install/six_dof/share/six_dof/package.sh'
[4.754s] INFO:colcon.colcon_core.shell:Creating package script '/home/adi/hum_rob_ws/src/six_dof/install/six_dof/share/six_dof/package.bash'
[4.754s] INFO:colcon.colcon_core.shell:Creating package script '/home/adi/hum_rob_ws/src/six_dof/install/six_dof/share/six_dof/package.zsh'
[4.754s] Level 1:colcon.colcon_core.environment:create_file_with_runtime_dependencies(/home/adi/hum_rob_ws/src/six_dof/install/six_dof/share/colcon-core/packages/six_dof)
[4.755s] DEBUG:colcon.colcon_parallel_executor.executor.parallel:closing loop
[4.755s] DEBUG:colcon.colcon_parallel_executor.executor.parallel:loop closed
[4.755s] DEBUG:colcon.colcon_parallel_executor.executor.parallel:run_until_complete finished with '0'
[4.756s] DEBUG:colcon.colcon_core.event_reactor:joining thread
[4.808s] INFO:colcon.colcon_core.plugin_system:Skipping extension 'colcon_notification.desktop_notification.terminal_notifier': Not used on non-Darwin systems
[4.808s] INFO:colcon.colcon_core.plugin_system:Skipping extension 'colcon_notification.desktop_notification.win32': Not used on non-Windows systems
[4.808s] INFO:colcon.colcon_notification.desktop_notification:Sending desktop notification using 'notify2'
[4.826s] DEBUG:colcon.colcon_core.event_reactor:joined thread
[4.846s] INFO:colcon.colcon_core.shell:Creating prefix script '/home/adi/hum_rob_ws/src/six_dof/install/local_setup.ps1'
[4.846s] INFO:colcon.colcon_core.shell:Creating prefix util module '/home/adi/hum_rob_ws/src/six_dof/install/_local_setup_util_ps1.py'
[4.847s] INFO:colcon.colcon_core.shell:Creating prefix chain script '/home/adi/hum_rob_ws/src/six_dof/install/setup.ps1'
[4.867s] INFO:colcon.colcon_core.shell:Creating prefix script '/home/adi/hum_rob_ws/src/six_dof/install/local_setup.sh'
[4.867s] INFO:colcon.colcon_core.shell:Creating prefix util module '/home/adi/hum_rob_ws/src/six_dof/install/_local_setup_util_sh.py'
[4.867s] INFO:colcon.colcon_core.shell:Creating prefix chain script '/home/adi/hum_rob_ws/src/six_dof/install/setup.sh'
[4.887s] INFO:colcon.colcon_core.shell:Creating prefix script '/home/adi/hum_rob_ws/src/six_dof/install/local_setup.bash'
[4.888s] INFO:colcon.colcon_core.shell:Creating prefix chain script '/home/adi/hum_rob_ws/src/six_dof/install/setup.bash'
[4.907s] INFO:colcon.colcon_core.shell:Creating prefix script '/home/adi/hum_rob_ws/src/six_dof/install/local_setup.zsh'
[4.908s] INFO:colcon.colcon_core.shell:Creating prefix chain script '/home/adi/hum_rob_ws/src/six_dof/install/setup.zsh'
