[0.129s] DEBUG:colcon:Command line arguments: ['/usr/bin/colcon', 'build']
[0.129s] DEBUG:colcon:Parsed command line arguments: Namespace(log_base=None, log_level=None, verb_name='build', build_base='build', install_base='install', merge_install=False, symlink_install=False, test_result_base=None, continue_on_error=False, executor='parallel', parallel_workers=16, event_handlers=None, ignore_user_meta=False, metas=['./colcon.meta'], base_paths=['.'], packages_ignore=None, packages_ignore_regex=None, paths=None, packages_up_to=None, packages_up_to_regex=None, packages_above=None, packages_above_and_dependencies=None, packages_above_depth=None, packages_select_by_dep=None, packages_skip_by_dep=None, packages_skip_up_to=None, packages_select_build_failed=False, packages_skip_build_finished=False, packages_select_test_failures=False, packages_skip_test_passed=False, packages_select=None, packages_skip=None, packages_select_regex=None, packages_skip_regex=None, packages_start=None, packages_end=None, allow_overriding=[], cmake_args=None, cmake_target=None, cmake_target_skip_unavailable=False, cmake_clean_cache=False, cmake_clean_first=False, cmake_force_configure=False, ament_cmake_args=None, catkin_cmake_args=None, catkin_skip_building_tests=False, verb_parser=<colcon_defaults.argument_parser.defaults.DefaultArgumentsDecorator object at 0x7199ac0f5360>, verb_extension=<colcon_core.verb.build.BuildVerb object at 0x7199ac0b8610>, main=<bound method BuildVerb.main of <colcon_core.verb.build.BuildVerb object at 0x7199ac0b8610>>)
[0.159s] Level 1:colcon.colcon_core.package_discovery:discover_packages(colcon_meta) check parameters
[0.159s] Level 1:colcon.colcon_core.package_discovery:discover_packages(recursive) check parameters
[0.159s] Level 1:colcon.colcon_core.package_discovery:discover_packages(ignore) check parameters
[0.159s] Level 1:colcon.colcon_core.package_discovery:discover_packages(path) check parameters
[0.159s] Level 1:colcon.colcon_core.package_discovery:discover_packages(colcon_meta) discover
[0.159s] Level 1:colcon.colcon_core.package_discovery:discover_packages(recursive) discover
[0.159s] INFO:colcon.colcon_core.package_discovery:Crawling recursively for packages in '/home/adi/hum_rob_ws'
[0.159s] Level 1:colcon.colcon_core.package_identification:_identify(.) by extensions ['ignore', 'ignore_ament_install']
[0.159s] Level 1:colcon.colcon_core.package_identification:_identify(.) by extension 'ignore'
[0.159s] Level 1:colcon.colcon_core.package_identification:_identify(.) by extension 'ignore_ament_install'
[0.159s] Level 1:colcon.colcon_core.package_identification:_identify(.) by extensions ['colcon_pkg']
[0.159s] Level 1:colcon.colcon_core.package_identification:_identify(.) by extension 'colcon_pkg'
[0.159s] Level 1:colcon.colcon_core.package_identification:_identify(.) by extensions ['colcon_meta']
[0.159s] Level 1:colcon.colcon_core.package_identification:_identify(.) by extension 'colcon_meta'
[0.159s] Level 1:colcon.colcon_core.package_identification:_identify(.) by extensions ['ros']
[0.159s] Level 1:colcon.colcon_core.package_identification:_identify(.) by extension 'ros'
[0.171s] Level 1:colcon.colcon_core.package_identification:_identify(.) by extensions ['cmake', 'python']
[0.171s] Level 1:colcon.colcon_core.package_identification:_identify(.) by extension 'cmake'
[0.171s] Level 1:colcon.colcon_core.package_identification:_identify(.) by extension 'python'
[0.171s] Level 1:colcon.colcon_core.package_identification:_identify(.) by extensions ['python_setup_py']
[0.171s] Level 1:colcon.colcon_core.package_identification:_identify(.) by extension 'python_setup_py'
[0.171s] Level 1:colcon.colcon_core.package_identification:_identify(build) by extensions ['ignore', 'ignore_ament_install']
[0.171s] Level 1:colcon.colcon_core.package_identification:_identify(build) by extension 'ignore'
[0.171s] Level 1:colcon.colcon_core.package_identification:_identify(build) ignored
[0.172s] Level 1:colcon.colcon_core.package_identification:_identify(install) by extensions ['ignore', 'ignore_ament_install']
[0.172s] Level 1:colcon.colcon_core.package_identification:_identify(install) by extension 'ignore'
[0.172s] Level 1:colcon.colcon_core.package_identification:_identify(install) ignored
[0.172s] Level 1:colcon.colcon_core.package_identification:_identify(log) by extensions ['ignore', 'ignore_ament_install']
[0.172s] Level 1:colcon.colcon_core.package_identification:_identify(log) by extension 'ignore'
[0.172s] Level 1:colcon.colcon_core.package_identification:_identify(log) ignored
[0.173s] Level 1:colcon.colcon_core.package_identification:_identify(src) by extensions ['ignore', 'ignore_ament_install']
[0.173s] Level 1:colcon.colcon_core.package_identification:_identify(src) by extension 'ignore'
[0.173s] Level 1:colcon.colcon_core.package_identification:_identify(src) by extension 'ignore_ament_install'
[0.173s] Level 1:colcon.colcon_core.package_identification:_identify(src) by extensions ['colcon_pkg']
[0.173s] Level 1:colcon.colcon_core.package_identification:_identify(src) by extension 'colcon_pkg'
[0.173s] Level 1:colcon.colcon_core.package_identification:_identify(src) by extensions ['colcon_meta']
[0.173s] Level 1:colcon.colcon_core.package_identification:_identify(src) by extension 'colcon_meta'
[0.173s] Level 1:colcon.colcon_core.package_identification:_identify(src) by extensions ['ros']
[0.173s] Level 1:colcon.colcon_core.package_identification:_identify(src) by extension 'ros'
[0.173s] Level 1:colcon.colcon_core.package_identification:_identify(src) by extensions ['cmake', 'python']
[0.173s] Level 1:colcon.colcon_core.package_identification:_identify(src) by extension 'cmake'
[0.173s] Level 1:colcon.colcon_core.package_identification:_identify(src) by extension 'python'
[0.173s] Level 1:colcon.colcon_core.package_identification:_identify(src) by extensions ['python_setup_py']
[0.173s] Level 1:colcon.colcon_core.package_identification:_identify(src) by extension 'python_setup_py'
[0.173s] Level 1:colcon.colcon_core.package_identification:_identify(src/build) by extensions ['ignore', 'ignore_ament_install']
[0.173s] Level 1:colcon.colcon_core.package_identification:_identify(src/build) by extension 'ignore'
[0.173s] Level 1:colcon.colcon_core.package_identification:_identify(src/build) ignored
[0.173s] Level 1:colcon.colcon_core.package_identification:_identify(src/four_dof) by extensions ['ignore', 'ignore_ament_install']
[0.173s] Level 1:colcon.colcon_core.package_identification:_identify(src/four_dof) by extension 'ignore'
[0.173s] Level 1:colcon.colcon_core.package_identification:_identify(src/four_dof) by extension 'ignore_ament_install'
[0.173s] Level 1:colcon.colcon_core.package_identification:_identify(src/four_dof) by extensions ['colcon_pkg']
[0.173s] Level 1:colcon.colcon_core.package_identification:_identify(src/four_dof) by extension 'colcon_pkg'
[0.173s] Level 1:colcon.colcon_core.package_identification:_identify(src/four_dof) by extensions ['colcon_meta']
[0.173s] Level 1:colcon.colcon_core.package_identification:_identify(src/four_dof) by extension 'colcon_meta'
[0.174s] Level 1:colcon.colcon_core.package_identification:_identify(src/four_dof) by extensions ['ros']
[0.174s] Level 1:colcon.colcon_core.package_identification:_identify(src/four_dof) by extension 'ros'
[0.176s] DEBUG:colcon.colcon_core.package_identification:Package 'src/four_dof' with type 'ros.ament_cmake' and name 'four_dof'
[0.176s] Level 1:colcon.colcon_core.package_identification:_identify(src/four_dof_bringup) by extensions ['ignore', 'ignore_ament_install']
[0.176s] Level 1:colcon.colcon_core.package_identification:_identify(src/four_dof_bringup) by extension 'ignore'
[0.176s] Level 1:colcon.colcon_core.package_identification:_identify(src/four_dof_bringup) by extension 'ignore_ament_install'
[0.176s] Level 1:colcon.colcon_core.package_identification:_identify(src/four_dof_bringup) by extensions ['colcon_pkg']
[0.176s] Level 1:colcon.colcon_core.package_identification:_identify(src/four_dof_bringup) by extension 'colcon_pkg'
[0.176s] Level 1:colcon.colcon_core.package_identification:_identify(src/four_dof_bringup) by extensions ['colcon_meta']
[0.176s] Level 1:colcon.colcon_core.package_identification:_identify(src/four_dof_bringup) by extension 'colcon_meta'
[0.176s] Level 1:colcon.colcon_core.package_identification:_identify(src/four_dof_bringup) by extensions ['ros']
[0.176s] Level 1:colcon.colcon_core.package_identification:_identify(src/four_dof_bringup) by extension 'ros'
[0.177s] DEBUG:colcon.colcon_core.package_identification:Package 'src/four_dof_bringup' with type 'ros.ament_cmake' and name 'four_dof_bringup'
[0.177s] Level 1:colcon.colcon_core.package_identification:_identify(src/install) by extensions ['ignore', 'ignore_ament_install']
[0.177s] Level 1:colcon.colcon_core.package_identification:_identify(src/install) by extension 'ignore'
[0.177s] Level 1:colcon.colcon_core.package_identification:_identify(src/install) ignored
[0.177s] Level 1:colcon.colcon_core.package_identification:_identify(src/log) by extensions ['ignore', 'ignore_ament_install']
[0.177s] Level 1:colcon.colcon_core.package_identification:_identify(src/log) by extension 'ignore'
[0.177s] Level 1:colcon.colcon_core.package_identification:_identify(src/log) ignored
[0.177s] Level 1:colcon.colcon_core.package_identification:_identify(src/six_dof) by extensions ['ignore', 'ignore_ament_install']
[0.177s] Level 1:colcon.colcon_core.package_identification:_identify(src/six_dof) by extension 'ignore'
[0.177s] Level 1:colcon.colcon_core.package_identification:_identify(src/six_dof) by extension 'ignore_ament_install'
[0.177s] Level 1:colcon.colcon_core.package_identification:_identify(src/six_dof) by extensions ['colcon_pkg']
[0.177s] Level 1:colcon.colcon_core.package_identification:_identify(src/six_dof) by extension 'colcon_pkg'
[0.177s] Level 1:colcon.colcon_core.package_identification:_identify(src/six_dof) by extensions ['colcon_meta']
[0.177s] Level 1:colcon.colcon_core.package_identification:_identify(src/six_dof) by extension 'colcon_meta'
[0.177s] Level 1:colcon.colcon_core.package_identification:_identify(src/six_dof) by extensions ['ros']
[0.177s] Level 1:colcon.colcon_core.package_identification:_identify(src/six_dof) by extension 'ros'
[0.178s] DEBUG:colcon.colcon_core.package_identification:Package 'src/six_dof' with type 'ros.ament_cmake' and name 'six_dof'
[0.178s] Level 1:colcon.colcon_core.package_identification:_identify(src/six_dof_bringup) by extensions ['ignore', 'ignore_ament_install']
[0.178s] Level 1:colcon.colcon_core.package_identification:_identify(src/six_dof_bringup) by extension 'ignore'
[0.178s] Level 1:colcon.colcon_core.package_identification:_identify(src/six_dof_bringup) by extension 'ignore_ament_install'
[0.178s] Level 1:colcon.colcon_core.package_identification:_identify(src/six_dof_bringup) by extensions ['colcon_pkg']
[0.178s] Level 1:colcon.colcon_core.package_identification:_identify(src/six_dof_bringup) by extension 'colcon_pkg'
[0.178s] Level 1:colcon.colcon_core.package_identification:_identify(src/six_dof_bringup) by extensions ['colcon_meta']
[0.178s] Level 1:colcon.colcon_core.package_identification:_identify(src/six_dof_bringup) by extension 'colcon_meta'
[0.178s] Level 1:colcon.colcon_core.package_identification:_identify(src/six_dof_bringup) by extensions ['ros']
[0.178s] Level 1:colcon.colcon_core.package_identification:_identify(src/six_dof_bringup) by extension 'ros'
[0.179s] DEBUG:colcon.colcon_core.package_identification:Package 'src/six_dof_bringup' with type 'ros.ament_cmake' and name 'six_dof_bringup'
[0.179s] Level 1:colcon.colcon_core.package_discovery:discover_packages(recursive) using defaults
[0.179s] Level 1:colcon.colcon_core.package_discovery:discover_packages(ignore) discover
[0.179s] Level 1:colcon.colcon_core.package_discovery:discover_packages(ignore) using defaults
[0.179s] Level 1:colcon.colcon_core.package_discovery:discover_packages(path) discover
[0.179s] Level 1:colcon.colcon_core.package_discovery:discover_packages(path) using defaults
[0.194s] Level 1:colcon.colcon_core.package_discovery:discover_packages(prefix_path) check parameters
[0.194s] Level 1:colcon.colcon_core.package_discovery:discover_packages(prefix_path) discover
[0.195s] DEBUG:colcon.colcon_installed_package_information.package_discovery:Found 4 installed packages in /home/adi/hum_rob_ws/install
[0.197s] DEBUG:colcon.colcon_installed_package_information.package_discovery:Found 384 installed packages in /opt/ros/humble
[0.198s] Level 1:colcon.colcon_core.package_discovery:discover_packages(prefix_path) using defaults
[0.248s] Level 5:colcon.colcon_core.verb:set package 'four_dof' build argument 'cmake_args' from command line to 'None'
[0.248s] Level 5:colcon.colcon_core.verb:set package 'four_dof' build argument 'cmake_target' from command line to 'None'
[0.248s] Level 5:colcon.colcon_core.verb:set package 'four_dof' build argument 'cmake_target_skip_unavailable' from command line to 'False'
[0.248s] Level 5:colcon.colcon_core.verb:set package 'four_dof' build argument 'cmake_clean_cache' from command line to 'False'
[0.248s] Level 5:colcon.colcon_core.verb:set package 'four_dof' build argument 'cmake_clean_first' from command line to 'False'
[0.248s] Level 5:colcon.colcon_core.verb:set package 'four_dof' build argument 'cmake_force_configure' from command line to 'False'
[0.248s] Level 5:colcon.colcon_core.verb:set package 'four_dof' build argument 'ament_cmake_args' from command line to 'None'
[0.248s] Level 5:colcon.colcon_core.verb:set package 'four_dof' build argument 'catkin_cmake_args' from command line to 'None'
[0.248s] Level 5:colcon.colcon_core.verb:set package 'four_dof' build argument 'catkin_skip_building_tests' from command line to 'False'
[0.248s] DEBUG:colcon.colcon_core.verb:Building package 'four_dof' with the following arguments: {'ament_cmake_args': None, 'build_base': '/home/adi/hum_rob_ws/build/four_dof', 'catkin_cmake_args': None, 'catkin_skip_building_tests': False, 'cmake_args': None, 'cmake_clean_cache': False, 'cmake_clean_first': False, 'cmake_force_configure': False, 'cmake_target': None, 'cmake_target_skip_unavailable': False, 'install_base': '/home/adi/hum_rob_ws/install/four_dof', 'merge_install': False, 'path': '/home/adi/hum_rob_ws/src/four_dof', 'symlink_install': False, 'test_result_base': None}
[0.249s] Level 5:colcon.colcon_core.verb:set package 'four_dof_bringup' build argument 'cmake_args' from command line to 'None'
[0.249s] Level 5:colcon.colcon_core.verb:set package 'four_dof_bringup' build argument 'cmake_target' from command line to 'None'
[0.249s] Level 5:colcon.colcon_core.verb:set package 'four_dof_bringup' build argument 'cmake_target_skip_unavailable' from command line to 'False'
[0.249s] Level 5:colcon.colcon_core.verb:set package 'four_dof_bringup' build argument 'cmake_clean_cache' from command line to 'False'
[0.249s] Level 5:colcon.colcon_core.verb:set package 'four_dof_bringup' build argument 'cmake_clean_first' from command line to 'False'
[0.249s] Level 5:colcon.colcon_core.verb:set package 'four_dof_bringup' build argument 'cmake_force_configure' from command line to 'False'
[0.249s] Level 5:colcon.colcon_core.verb:set package 'four_dof_bringup' build argument 'ament_cmake_args' from command line to 'None'
[0.249s] Level 5:colcon.colcon_core.verb:set package 'four_dof_bringup' build argument 'catkin_cmake_args' from command line to 'None'
[0.249s] Level 5:colcon.colcon_core.verb:set package 'four_dof_bringup' build argument 'catkin_skip_building_tests' from command line to 'False'
[0.249s] DEBUG:colcon.colcon_core.verb:Building package 'four_dof_bringup' with the following arguments: {'ament_cmake_args': None, 'build_base': '/home/adi/hum_rob_ws/build/four_dof_bringup', 'catkin_cmake_args': None, 'catkin_skip_building_tests': False, 'cmake_args': None, 'cmake_clean_cache': False, 'cmake_clean_first': False, 'cmake_force_configure': False, 'cmake_target': None, 'cmake_target_skip_unavailable': False, 'install_base': '/home/adi/hum_rob_ws/install/four_dof_bringup', 'merge_install': False, 'path': '/home/adi/hum_rob_ws/src/four_dof_bringup', 'symlink_install': False, 'test_result_base': None}
[0.250s] Level 5:colcon.colcon_core.verb:set package 'six_dof' build argument 'cmake_args' from command line to 'None'
[0.250s] Level 5:colcon.colcon_core.verb:set package 'six_dof' build argument 'cmake_target' from command line to 'None'
[0.250s] Level 5:colcon.colcon_core.verb:set package 'six_dof' build argument 'cmake_target_skip_unavailable' from command line to 'False'
[0.250s] Level 5:colcon.colcon_core.verb:set package 'six_dof' build argument 'cmake_clean_cache' from command line to 'False'
[0.250s] Level 5:colcon.colcon_core.verb:set package 'six_dof' build argument 'cmake_clean_first' from command line to 'False'
[0.250s] Level 5:colcon.colcon_core.verb:set package 'six_dof' build argument 'cmake_force_configure' from command line to 'False'
[0.250s] Level 5:colcon.colcon_core.verb:set package 'six_dof' build argument 'ament_cmake_args' from command line to 'None'
[0.250s] Level 5:colcon.colcon_core.verb:set package 'six_dof' build argument 'catkin_cmake_args' from command line to 'None'
[0.250s] Level 5:colcon.colcon_core.verb:set package 'six_dof' build argument 'catkin_skip_building_tests' from command line to 'False'
[0.250s] DEBUG:colcon.colcon_core.verb:Building package 'six_dof' with the following arguments: {'ament_cmake_args': None, 'build_base': '/home/adi/hum_rob_ws/build/six_dof', 'catkin_cmake_args': None, 'catkin_skip_building_tests': False, 'cmake_args': None, 'cmake_clean_cache': False, 'cmake_clean_first': False, 'cmake_force_configure': False, 'cmake_target': None, 'cmake_target_skip_unavailable': False, 'install_base': '/home/adi/hum_rob_ws/install/six_dof', 'merge_install': False, 'path': '/home/adi/hum_rob_ws/src/six_dof', 'symlink_install': False, 'test_result_base': None}
[0.250s] Level 5:colcon.colcon_core.verb:set package 'six_dof_bringup' build argument 'cmake_args' from command line to 'None'
[0.250s] Level 5:colcon.colcon_core.verb:set package 'six_dof_bringup' build argument 'cmake_target' from command line to 'None'
[0.250s] Level 5:colcon.colcon_core.verb:set package 'six_dof_bringup' build argument 'cmake_target_skip_unavailable' from command line to 'False'
[0.250s] Level 5:colcon.colcon_core.verb:set package 'six_dof_bringup' build argument 'cmake_clean_cache' from command line to 'False'
[0.250s] Level 5:colcon.colcon_core.verb:set package 'six_dof_bringup' build argument 'cmake_clean_first' from command line to 'False'
[0.250s] Level 5:colcon.colcon_core.verb:set package 'six_dof_bringup' build argument 'cmake_force_configure' from command line to 'False'
[0.250s] Level 5:colcon.colcon_core.verb:set package 'six_dof_bringup' build argument 'ament_cmake_args' from command line to 'None'
[0.250s] Level 5:colcon.colcon_core.verb:set package 'six_dof_bringup' build argument 'catkin_cmake_args' from command line to 'None'
[0.250s] Level 5:colcon.colcon_core.verb:set package 'six_dof_bringup' build argument 'catkin_skip_building_tests' from command line to 'False'
[0.250s] DEBUG:colcon.colcon_core.verb:Building package 'six_dof_bringup' with the following arguments: {'ament_cmake_args': None, 'build_base': '/home/adi/hum_rob_ws/build/six_dof_bringup', 'catkin_cmake_args': None, 'catkin_skip_building_tests': False, 'cmake_args': None, 'cmake_clean_cache': False, 'cmake_clean_first': False, 'cmake_force_configure': False, 'cmake_target': None, 'cmake_target_skip_unavailable': False, 'install_base': '/home/adi/hum_rob_ws/install/six_dof_bringup', 'merge_install': False, 'path': '/home/adi/hum_rob_ws/src/six_dof_bringup', 'symlink_install': False, 'test_result_base': None}
[0.251s] INFO:colcon.colcon_core.executor:Executing jobs using 'parallel' executor
[0.252s] DEBUG:colcon.colcon_parallel_executor.executor.parallel:run_until_complete
[0.252s] INFO:colcon.colcon_ros.task.ament_cmake.build:Building ROS package in '/home/adi/hum_rob_ws/src/four_dof' with build type 'ament_cmake'
[0.252s] INFO:colcon.colcon_cmake.task.cmake.build:Building CMake package in '/home/adi/hum_rob_ws/src/four_dof'
[0.254s] INFO:colcon.colcon_core.plugin_system:Skipping extension 'colcon_core.shell.bat': Not used on non-Windows systems
[0.254s] INFO:colcon.colcon_core.shell:Skip shell extension 'powershell' for command environment: Not usable outside of PowerShell
[0.254s] DEBUG:colcon.colcon_core.shell:Skip shell extension 'dsv' for command environment
[0.258s] INFO:colcon.colcon_ros.task.ament_cmake.build:Building ROS package in '/home/adi/hum_rob_ws/src/four_dof_bringup' with build type 'ament_cmake'
[0.258s] INFO:colcon.colcon_cmake.task.cmake.build:Building CMake package in '/home/adi/hum_rob_ws/src/four_dof_bringup'
[0.259s] INFO:colcon.colcon_core.shell:Skip shell extension 'powershell' for command environment: Not usable outside of PowerShell
[0.259s] DEBUG:colcon.colcon_core.shell:Skip shell extension 'dsv' for command environment
[0.262s] INFO:colcon.colcon_ros.task.ament_cmake.build:Building ROS package in '/home/adi/hum_rob_ws/src/six_dof' with build type 'ament_cmake'
[0.263s] INFO:colcon.colcon_cmake.task.cmake.build:Building CMake package in '/home/adi/hum_rob_ws/src/six_dof'
[0.263s] INFO:colcon.colcon_core.shell:Skip shell extension 'powershell' for command environment: Not usable outside of PowerShell
[0.263s] DEBUG:colcon.colcon_core.shell:Skip shell extension 'dsv' for command environment
[0.267s] INFO:colcon.colcon_ros.task.ament_cmake.build:Building ROS package in '/home/adi/hum_rob_ws/src/six_dof_bringup' with build type 'ament_cmake'
[0.267s] INFO:colcon.colcon_cmake.task.cmake.build:Building CMake package in '/home/adi/hum_rob_ws/src/six_dof_bringup'
[0.267s] INFO:colcon.colcon_core.shell:Skip shell extension 'powershell' for command environment: Not usable outside of PowerShell
[0.267s] DEBUG:colcon.colcon_core.shell:Skip shell extension 'dsv' for command environment
[0.277s] DEBUG:colcon.colcon_core.event_handler.log_command:Invoking command in '/home/adi/hum_rob_ws/build/four_dof': CMAKE_PREFIX_PATH=${CMAKE_PREFIX_PATH}:/opt/ros/humble /usr/bin/cmake --build /home/adi/hum_rob_ws/build/four_dof -- -j16 -l16
[0.281s] DEBUG:colcon.colcon_core.event_handler.log_command:Invoking command in '/home/adi/hum_rob_ws/build/four_dof_bringup': CMAKE_PREFIX_PATH=${CMAKE_PREFIX_PATH}:/opt/ros/humble /usr/bin/cmake --build /home/adi/hum_rob_ws/build/four_dof_bringup -- -j16 -l16
[0.286s] DEBUG:colcon.colcon_core.event_handler.log_command:Invoking command in '/home/adi/hum_rob_ws/build/six_dof': CMAKE_PREFIX_PATH=${CMAKE_PREFIX_PATH}:/opt/ros/humble /usr/bin/cmake --build /home/adi/hum_rob_ws/build/six_dof -- -j16 -l16
[0.290s] DEBUG:colcon.colcon_core.event_handler.log_command:Invoking command in '/home/adi/hum_rob_ws/build/six_dof_bringup': CMAKE_PREFIX_PATH=${CMAKE_PREFIX_PATH}:/opt/ros/humble /usr/bin/cmake --build /home/adi/hum_rob_ws/build/six_dof_bringup -- -j16 -l16
[0.342s] DEBUG:colcon.colcon_core.event_handler.log_command:Invoked command in '/home/adi/hum_rob_ws/build/four_dof_bringup' returned '0': CMAKE_PREFIX_PATH=${CMAKE_PREFIX_PATH}:/opt/ros/humble /usr/bin/cmake --build /home/adi/hum_rob_ws/build/four_dof_bringup -- -j16 -l16
[0.354s] DEBUG:colcon.colcon_core.event_handler.log_command:Invoked command in '/home/adi/hum_rob_ws/build/four_dof' returned '0': CMAKE_PREFIX_PATH=${CMAKE_PREFIX_PATH}:/opt/ros/humble /usr/bin/cmake --build /home/adi/hum_rob_ws/build/four_dof -- -j16 -l16
[0.377s] DEBUG:colcon.colcon_core.event_handler.log_command:Invoking command in '/home/adi/hum_rob_ws/build/four_dof_bringup': CMAKE_PREFIX_PATH=${CMAKE_PREFIX_PATH}:/opt/ros/humble /usr/bin/cmake --install /home/adi/hum_rob_ws/build/four_dof_bringup
[0.379s] DEBUG:colcon.colcon_core.event_handler.log_command:Invoked command in '/home/adi/hum_rob_ws/build/six_dof' returned '0': CMAKE_PREFIX_PATH=${CMAKE_PREFIX_PATH}:/opt/ros/humble /usr/bin/cmake --build /home/adi/hum_rob_ws/build/six_dof -- -j16 -l16
[0.384s] DEBUG:colcon.colcon_core.event_handler.log_command:Invoking command in '/home/adi/hum_rob_ws/build/four_dof': CMAKE_PREFIX_PATH=${CMAKE_PREFIX_PATH}:/opt/ros/humble /usr/bin/cmake --install /home/adi/hum_rob_ws/build/four_dof
[0.388s] Level 1:colcon.colcon_core.environment:create_environment_scripts_only(four_dof_bringup)
[0.389s] DEBUG:colcon.colcon_core.event_handler.log_command:Invoked command in '/home/adi/hum_rob_ws/build/four_dof_bringup' returned '0': CMAKE_PREFIX_PATH=${CMAKE_PREFIX_PATH}:/opt/ros/humble /usr/bin/cmake --install /home/adi/hum_rob_ws/build/four_dof_bringup
[0.391s] Level 1:colcon.colcon_core.environment:checking '/home/adi/hum_rob_ws/install/four_dof_bringup' for CMake module files
[0.392s] Level 1:colcon.colcon_core.environment:checking '/home/adi/hum_rob_ws/install/four_dof_bringup' for CMake config files
[0.392s] Level 1:colcon.colcon_core.shell:create_environment_hook('four_dof_bringup', 'cmake_prefix_path')
[0.392s] INFO:colcon.colcon_core.shell:Creating environment hook '/home/adi/hum_rob_ws/install/four_dof_bringup/share/four_dof_bringup/hook/cmake_prefix_path.ps1'
[0.397s] INFO:colcon.colcon_core.shell:Creating environment descriptor '/home/adi/hum_rob_ws/install/four_dof_bringup/share/four_dof_bringup/hook/cmake_prefix_path.dsv'
[0.398s] INFO:colcon.colcon_core.shell:Creating environment hook '/home/adi/hum_rob_ws/install/four_dof_bringup/share/four_dof_bringup/hook/cmake_prefix_path.sh'
[0.399s] Level 1:colcon.colcon_core.environment:checking '/home/adi/hum_rob_ws/install/four_dof_bringup/bin'
[0.399s] Level 1:colcon.colcon_core.environment:checking '/home/adi/hum_rob_ws/install/four_dof_bringup/lib/pkgconfig/four_dof_bringup.pc'
[0.399s] Level 1:colcon.colcon_core.environment:checking '/home/adi/hum_rob_ws/install/four_dof_bringup/lib/python3.10/site-packages'
[0.400s] Level 1:colcon.colcon_core.environment:checking '/home/adi/hum_rob_ws/install/four_dof_bringup/bin'
[0.400s] INFO:colcon.colcon_core.shell:Creating package script '/home/adi/hum_rob_ws/install/four_dof_bringup/share/four_dof_bringup/package.ps1'
[0.401s] INFO:colcon.colcon_core.shell:Creating package descriptor '/home/adi/hum_rob_ws/install/four_dof_bringup/share/four_dof_bringup/package.dsv'
[0.401s] INFO:colcon.colcon_core.shell:Creating package script '/home/adi/hum_rob_ws/install/four_dof_bringup/share/four_dof_bringup/package.sh'
[0.402s] INFO:colcon.colcon_core.shell:Creating package script '/home/adi/hum_rob_ws/install/four_dof_bringup/share/four_dof_bringup/package.bash'
[0.403s] INFO:colcon.colcon_core.shell:Creating package script '/home/adi/hum_rob_ws/install/four_dof_bringup/share/four_dof_bringup/package.zsh'
[0.403s] Level 1:colcon.colcon_core.environment:create_file_with_runtime_dependencies(/home/adi/hum_rob_ws/install/four_dof_bringup/share/colcon-core/packages/four_dof_bringup)
[0.405s] Level 1:colcon.colcon_core.environment:create_environment_scripts_only(four_dof)
[0.406s] Level 1:colcon.colcon_core.environment:checking '/home/adi/hum_rob_ws/install/four_dof' for CMake module files
[0.407s] DEBUG:colcon.colcon_core.event_handler.log_command:Invoked command in '/home/adi/hum_rob_ws/build/four_dof' returned '0': CMAKE_PREFIX_PATH=${CMAKE_PREFIX_PATH}:/opt/ros/humble /usr/bin/cmake --install /home/adi/hum_rob_ws/build/four_dof
[0.407s] Level 1:colcon.colcon_core.environment:checking '/home/adi/hum_rob_ws/install/four_dof' for CMake config files
[0.407s] Level 1:colcon.colcon_core.shell:create_environment_hook('four_dof', 'cmake_prefix_path')
[0.407s] INFO:colcon.colcon_core.shell:Creating environment hook '/home/adi/hum_rob_ws/install/four_dof/share/four_dof/hook/cmake_prefix_path.ps1'
[0.408s] INFO:colcon.colcon_core.shell:Creating environment descriptor '/home/adi/hum_rob_ws/install/four_dof/share/four_dof/hook/cmake_prefix_path.dsv'
[0.408s] INFO:colcon.colcon_core.shell:Creating environment hook '/home/adi/hum_rob_ws/install/four_dof/share/four_dof/hook/cmake_prefix_path.sh'
[0.409s] Level 1:colcon.colcon_core.environment:checking '/home/adi/hum_rob_ws/install/four_dof/lib'
[0.409s] Level 1:colcon.colcon_core.environment:checking '/home/adi/hum_rob_ws/install/four_dof/bin'
[0.409s] Level 1:colcon.colcon_core.environment:checking '/home/adi/hum_rob_ws/install/four_dof/lib/pkgconfig/four_dof.pc'
[0.409s] Level 1:colcon.colcon_core.environment:checking '/home/adi/hum_rob_ws/install/four_dof/lib/python3.10/site-packages'
[0.409s] Level 1:colcon.colcon_core.environment:checking '/home/adi/hum_rob_ws/install/four_dof/bin'
[0.409s] INFO:colcon.colcon_core.shell:Creating package script '/home/adi/hum_rob_ws/install/four_dof/share/four_dof/package.ps1'
[0.410s] INFO:colcon.colcon_core.shell:Creating package descriptor '/home/adi/hum_rob_ws/install/four_dof/share/four_dof/package.dsv'
[0.410s] INFO:colcon.colcon_core.shell:Creating package script '/home/adi/hum_rob_ws/install/four_dof/share/four_dof/package.sh'
[0.410s] INFO:colcon.colcon_core.shell:Creating package script '/home/adi/hum_rob_ws/install/four_dof/share/four_dof/package.bash'
[0.411s] INFO:colcon.colcon_core.shell:Creating package script '/home/adi/hum_rob_ws/install/four_dof/share/four_dof/package.zsh'
[0.411s] Level 1:colcon.colcon_core.environment:create_file_with_runtime_dependencies(/home/adi/hum_rob_ws/install/four_dof/share/colcon-core/packages/four_dof)
[0.414s] DEBUG:colcon.colcon_core.event_handler.log_command:Invoking command in '/home/adi/hum_rob_ws/build/six_dof': CMAKE_PREFIX_PATH=${CMAKE_PREFIX_PATH}:/opt/ros/humble /usr/bin/cmake --install /home/adi/hum_rob_ws/build/six_dof
[0.429s] Level 1:colcon.colcon_core.environment:create_environment_scripts_only(four_dof_bringup)
[0.429s] Level 1:colcon.colcon_core.environment:checking '/home/adi/hum_rob_ws/install/four_dof_bringup' for CMake module files
[0.430s] Level 1:colcon.colcon_core.environment:checking '/home/adi/hum_rob_ws/install/four_dof_bringup' for CMake config files
[0.430s] Level 1:colcon.colcon_core.shell:create_environment_hook('four_dof_bringup', 'cmake_prefix_path')
[0.431s] INFO:colcon.colcon_core.shell:Creating environment hook '/home/adi/hum_rob_ws/install/four_dof_bringup/share/four_dof_bringup/hook/cmake_prefix_path.ps1'
[0.431s] INFO:colcon.colcon_core.shell:Creating environment descriptor '/home/adi/hum_rob_ws/install/four_dof_bringup/share/four_dof_bringup/hook/cmake_prefix_path.dsv'
[0.432s] INFO:colcon.colcon_core.shell:Creating environment hook '/home/adi/hum_rob_ws/install/four_dof_bringup/share/four_dof_bringup/hook/cmake_prefix_path.sh'
[0.433s] Level 1:colcon.colcon_core.environment:checking '/home/adi/hum_rob_ws/install/four_dof_bringup/bin'
[0.433s] Level 1:colcon.colcon_core.environment:checking '/home/adi/hum_rob_ws/install/four_dof_bringup/lib/pkgconfig/four_dof_bringup.pc'
[0.433s] Level 1:colcon.colcon_core.environment:checking '/home/adi/hum_rob_ws/install/four_dof_bringup/lib/python3.10/site-packages'
[0.433s] Level 1:colcon.colcon_core.environment:checking '/home/adi/hum_rob_ws/install/four_dof_bringup/bin'
[0.434s] INFO:colcon.colcon_core.shell:Creating package script '/home/adi/hum_rob_ws/install/four_dof_bringup/share/four_dof_bringup/package.ps1'
[0.434s] INFO:colcon.colcon_core.shell:Creating package descriptor '/home/adi/hum_rob_ws/install/four_dof_bringup/share/four_dof_bringup/package.dsv'
[0.435s] INFO:colcon.colcon_core.shell:Creating package script '/home/adi/hum_rob_ws/install/four_dof_bringup/share/four_dof_bringup/package.sh'
[0.436s] INFO:colcon.colcon_core.shell:Creating package script '/home/adi/hum_rob_ws/install/four_dof_bringup/share/four_dof_bringup/package.bash'
[0.436s] INFO:colcon.colcon_core.shell:Creating package script '/home/adi/hum_rob_ws/install/four_dof_bringup/share/four_dof_bringup/package.zsh'
[0.437s] Level 1:colcon.colcon_core.environment:create_file_with_runtime_dependencies(/home/adi/hum_rob_ws/install/four_dof_bringup/share/colcon-core/packages/four_dof_bringup)
[0.440s] Level 1:colcon.colcon_core.environment:create_environment_scripts_only(four_dof)
[0.441s] Level 1:colcon.colcon_core.environment:checking '/home/adi/hum_rob_ws/install/four_dof' for CMake module files
[0.441s] Level 1:colcon.colcon_core.environment:checking '/home/adi/hum_rob_ws/install/four_dof' for CMake config files
[0.441s] Level 1:colcon.colcon_core.shell:create_environment_hook('four_dof', 'cmake_prefix_path')
[0.442s] INFO:colcon.colcon_core.shell:Creating environment hook '/home/adi/hum_rob_ws/install/four_dof/share/four_dof/hook/cmake_prefix_path.ps1'
[0.442s] INFO:colcon.colcon_core.shell:Creating environment descriptor '/home/adi/hum_rob_ws/install/four_dof/share/four_dof/hook/cmake_prefix_path.dsv'
[0.442s] INFO:colcon.colcon_core.shell:Creating environment hook '/home/adi/hum_rob_ws/install/four_dof/share/four_dof/hook/cmake_prefix_path.sh'
[0.443s] Level 1:colcon.colcon_core.environment:checking '/home/adi/hum_rob_ws/install/four_dof/lib'
[0.443s] Level 1:colcon.colcon_core.environment:checking '/home/adi/hum_rob_ws/install/four_dof/bin'
[0.443s] Level 1:colcon.colcon_core.environment:checking '/home/adi/hum_rob_ws/install/four_dof/lib/pkgconfig/four_dof.pc'
[0.443s] Level 1:colcon.colcon_core.environment:checking '/home/adi/hum_rob_ws/install/four_dof/lib/python3.10/site-packages'
[0.443s] Level 1:colcon.colcon_core.environment:checking '/home/adi/hum_rob_ws/install/four_dof/bin'
[0.444s] INFO:colcon.colcon_core.shell:Creating package script '/home/adi/hum_rob_ws/install/four_dof/share/four_dof/package.ps1'
[0.444s] INFO:colcon.colcon_core.shell:Creating package descriptor '/home/adi/hum_rob_ws/install/four_dof/share/four_dof/package.dsv'
[0.444s] INFO:colcon.colcon_core.shell:Creating package script '/home/adi/hum_rob_ws/install/four_dof/share/four_dof/package.sh'
[0.445s] INFO:colcon.colcon_core.shell:Creating package script '/home/adi/hum_rob_ws/install/four_dof/share/four_dof/package.bash'
[0.445s] INFO:colcon.colcon_core.shell:Creating package script '/home/adi/hum_rob_ws/install/four_dof/share/four_dof/package.zsh'
[0.446s] Level 1:colcon.colcon_core.environment:create_file_with_runtime_dependencies(/home/adi/hum_rob_ws/install/four_dof/share/colcon-core/packages/four_dof)
[0.447s] Level 1:colcon.colcon_core.environment:create_environment_scripts_only(six_dof)
[0.447s] Level 1:colcon.colcon_core.environment:checking '/home/adi/hum_rob_ws/install/six_dof' for CMake module files
[0.448s] DEBUG:colcon.colcon_core.event_handler.log_command:Invoked command in '/home/adi/hum_rob_ws/build/six_dof' returned '0': CMAKE_PREFIX_PATH=${CMAKE_PREFIX_PATH}:/opt/ros/humble /usr/bin/cmake --install /home/adi/hum_rob_ws/build/six_dof
[0.448s] Level 1:colcon.colcon_core.environment:checking '/home/adi/hum_rob_ws/install/six_dof' for CMake config files
[0.448s] Level 1:colcon.colcon_core.shell:create_environment_hook('six_dof', 'cmake_prefix_path')
[0.449s] INFO:colcon.colcon_core.shell:Creating environment hook '/home/adi/hum_rob_ws/install/six_dof/share/six_dof/hook/cmake_prefix_path.ps1'
[0.449s] INFO:colcon.colcon_core.shell:Creating environment descriptor '/home/adi/hum_rob_ws/install/six_dof/share/six_dof/hook/cmake_prefix_path.dsv'
[0.449s] INFO:colcon.colcon_core.shell:Creating environment hook '/home/adi/hum_rob_ws/install/six_dof/share/six_dof/hook/cmake_prefix_path.sh'
[0.450s] Level 1:colcon.colcon_core.environment:checking '/home/adi/hum_rob_ws/install/six_dof/lib'
[0.450s] Level 1:colcon.colcon_core.environment:checking '/home/adi/hum_rob_ws/install/six_dof/bin'
[0.450s] Level 1:colcon.colcon_core.environment:checking '/home/adi/hum_rob_ws/install/six_dof/lib/pkgconfig/six_dof.pc'
[0.450s] Level 1:colcon.colcon_core.environment:checking '/home/adi/hum_rob_ws/install/six_dof/lib/python3.10/site-packages'
[0.451s] Level 1:colcon.colcon_core.environment:checking '/home/adi/hum_rob_ws/install/six_dof/bin'
[0.451s] INFO:colcon.colcon_core.shell:Creating package script '/home/adi/hum_rob_ws/install/six_dof/share/six_dof/package.ps1'
[0.452s] INFO:colcon.colcon_core.shell:Creating package descriptor '/home/adi/hum_rob_ws/install/six_dof/share/six_dof/package.dsv'
[0.452s] INFO:colcon.colcon_core.shell:Creating package script '/home/adi/hum_rob_ws/install/six_dof/share/six_dof/package.sh'
[0.453s] INFO:colcon.colcon_core.shell:Creating package script '/home/adi/hum_rob_ws/install/six_dof/share/six_dof/package.bash'
[0.453s] INFO:colcon.colcon_core.shell:Creating package script '/home/adi/hum_rob_ws/install/six_dof/share/six_dof/package.zsh'
[0.453s] Level 1:colcon.colcon_core.environment:create_file_with_runtime_dependencies(/home/adi/hum_rob_ws/install/six_dof/share/colcon-core/packages/six_dof)
[0.488s] Level 1:colcon.colcon_core.environment:create_environment_scripts_only(six_dof)
[0.488s] Level 1:colcon.colcon_core.environment:checking '/home/adi/hum_rob_ws/install/six_dof' for CMake module files
[0.488s] Level 1:colcon.colcon_core.environment:checking '/home/adi/hum_rob_ws/install/six_dof' for CMake config files
[0.489s] Level 1:colcon.colcon_core.shell:create_environment_hook('six_dof', 'cmake_prefix_path')
[0.490s] INFO:colcon.colcon_core.shell:Creating environment hook '/home/adi/hum_rob_ws/install/six_dof/share/six_dof/hook/cmake_prefix_path.ps1'
[0.490s] INFO:colcon.colcon_core.shell:Creating environment descriptor '/home/adi/hum_rob_ws/install/six_dof/share/six_dof/hook/cmake_prefix_path.dsv'
[0.490s] INFO:colcon.colcon_core.shell:Creating environment hook '/home/adi/hum_rob_ws/install/six_dof/share/six_dof/hook/cmake_prefix_path.sh'
[0.491s] Level 1:colcon.colcon_core.environment:checking '/home/adi/hum_rob_ws/install/six_dof/lib'
[0.491s] Level 1:colcon.colcon_core.environment:checking '/home/adi/hum_rob_ws/install/six_dof/bin'
[0.491s] Level 1:colcon.colcon_core.environment:checking '/home/adi/hum_rob_ws/install/six_dof/lib/pkgconfig/six_dof.pc'
[0.491s] Level 1:colcon.colcon_core.environment:checking '/home/adi/hum_rob_ws/install/six_dof/lib/python3.10/site-packages'
[0.492s] Level 1:colcon.colcon_core.environment:checking '/home/adi/hum_rob_ws/install/six_dof/bin'
[0.492s] INFO:colcon.colcon_core.shell:Creating package script '/home/adi/hum_rob_ws/install/six_dof/share/six_dof/package.ps1'
[0.492s] INFO:colcon.colcon_core.shell:Creating package descriptor '/home/adi/hum_rob_ws/install/six_dof/share/six_dof/package.dsv'
[0.493s] INFO:colcon.colcon_core.shell:Creating package script '/home/adi/hum_rob_ws/install/six_dof/share/six_dof/package.sh'
[0.493s] INFO:colcon.colcon_core.shell:Creating package script '/home/adi/hum_rob_ws/install/six_dof/share/six_dof/package.bash'
[0.493s] INFO:colcon.colcon_core.shell:Creating package script '/home/adi/hum_rob_ws/install/six_dof/share/six_dof/package.zsh'
[0.493s] Level 1:colcon.colcon_core.environment:create_file_with_runtime_dependencies(/home/adi/hum_rob_ws/install/six_dof/share/colcon-core/packages/six_dof)
[4.041s] DEBUG:colcon.colcon_core.event_handler.log_command:Invoked command in '/home/adi/hum_rob_ws/build/six_dof_bringup' returned '0': CMAKE_PREFIX_PATH=${CMAKE_PREFIX_PATH}:/opt/ros/humble /usr/bin/cmake --build /home/adi/hum_rob_ws/build/six_dof_bringup -- -j16 -l16
[4.097s] DEBUG:colcon.colcon_core.event_handler.log_command:Invoking command in '/home/adi/hum_rob_ws/build/six_dof_bringup': CMAKE_PREFIX_PATH=${CMAKE_PREFIX_PATH}:/opt/ros/humble /usr/bin/cmake --install /home/adi/hum_rob_ws/build/six_dof_bringup
[4.126s] Level 1:colcon.colcon_core.environment:create_environment_scripts_only(six_dof_bringup)
[4.126s] Level 1:colcon.colcon_core.environment:checking '/home/adi/hum_rob_ws/install/six_dof_bringup' for CMake module files
[4.127s] DEBUG:colcon.colcon_core.event_handler.log_command:Invoked command in '/home/adi/hum_rob_ws/build/six_dof_bringup' returned '0': CMAKE_PREFIX_PATH=${CMAKE_PREFIX_PATH}:/opt/ros/humble /usr/bin/cmake --install /home/adi/hum_rob_ws/build/six_dof_bringup
[4.127s] Level 1:colcon.colcon_core.environment:checking '/home/adi/hum_rob_ws/install/six_dof_bringup' for CMake config files
[4.127s] Level 1:colcon.colcon_core.shell:create_environment_hook('six_dof_bringup', 'cmake_prefix_path')
[4.127s] INFO:colcon.colcon_core.shell:Creating environment hook '/home/adi/hum_rob_ws/install/six_dof_bringup/share/six_dof_bringup/hook/cmake_prefix_path.ps1'
[4.128s] INFO:colcon.colcon_core.shell:Creating environment descriptor '/home/adi/hum_rob_ws/install/six_dof_bringup/share/six_dof_bringup/hook/cmake_prefix_path.dsv'
[4.128s] INFO:colcon.colcon_core.shell:Creating environment hook '/home/adi/hum_rob_ws/install/six_dof_bringup/share/six_dof_bringup/hook/cmake_prefix_path.sh'
[4.128s] Level 1:colcon.colcon_core.environment:checking '/home/adi/hum_rob_ws/install/six_dof_bringup/lib'
[4.128s] Level 1:colcon.colcon_core.environment:checking '/home/adi/hum_rob_ws/install/six_dof_bringup/bin'
[4.128s] Level 1:colcon.colcon_core.environment:checking '/home/adi/hum_rob_ws/install/six_dof_bringup/lib/pkgconfig/six_dof_bringup.pc'
[4.129s] Level 1:colcon.colcon_core.environment:checking '/home/adi/hum_rob_ws/install/six_dof_bringup/lib/python3.10/site-packages'
[4.129s] Level 1:colcon.colcon_core.environment:checking '/home/adi/hum_rob_ws/install/six_dof_bringup/bin'
[4.129s] INFO:colcon.colcon_core.shell:Creating package script '/home/adi/hum_rob_ws/install/six_dof_bringup/share/six_dof_bringup/package.ps1'
[4.129s] INFO:colcon.colcon_core.shell:Creating package descriptor '/home/adi/hum_rob_ws/install/six_dof_bringup/share/six_dof_bringup/package.dsv'
[4.130s] INFO:colcon.colcon_core.shell:Creating package script '/home/adi/hum_rob_ws/install/six_dof_bringup/share/six_dof_bringup/package.sh'
[4.130s] INFO:colcon.colcon_core.shell:Creating package script '/home/adi/hum_rob_ws/install/six_dof_bringup/share/six_dof_bringup/package.bash'
[4.130s] INFO:colcon.colcon_core.shell:Creating package script '/home/adi/hum_rob_ws/install/six_dof_bringup/share/six_dof_bringup/package.zsh'
[4.130s] Level 1:colcon.colcon_core.environment:create_file_with_runtime_dependencies(/home/adi/hum_rob_ws/install/six_dof_bringup/share/colcon-core/packages/six_dof_bringup)
[4.194s] Level 1:colcon.colcon_core.environment:create_environment_scripts_only(six_dof_bringup)
[4.194s] Level 1:colcon.colcon_core.environment:checking '/home/adi/hum_rob_ws/install/six_dof_bringup' for CMake module files
[4.195s] Level 1:colcon.colcon_core.environment:checking '/home/adi/hum_rob_ws/install/six_dof_bringup' for CMake config files
[4.196s] Level 1:colcon.colcon_core.shell:create_environment_hook('six_dof_bringup', 'cmake_prefix_path')
[4.196s] INFO:colcon.colcon_core.shell:Creating environment hook '/home/adi/hum_rob_ws/install/six_dof_bringup/share/six_dof_bringup/hook/cmake_prefix_path.ps1'
[4.197s] INFO:colcon.colcon_core.shell:Creating environment descriptor '/home/adi/hum_rob_ws/install/six_dof_bringup/share/six_dof_bringup/hook/cmake_prefix_path.dsv'
[4.198s] INFO:colcon.colcon_core.shell:Creating environment hook '/home/adi/hum_rob_ws/install/six_dof_bringup/share/six_dof_bringup/hook/cmake_prefix_path.sh'
[4.198s] Level 1:colcon.colcon_core.environment:checking '/home/adi/hum_rob_ws/install/six_dof_bringup/lib'
[4.199s] Level 1:colcon.colcon_core.environment:checking '/home/adi/hum_rob_ws/install/six_dof_bringup/bin'
[4.199s] Level 1:colcon.colcon_core.environment:checking '/home/adi/hum_rob_ws/install/six_dof_bringup/lib/pkgconfig/six_dof_bringup.pc'
[4.199s] Level 1:colcon.colcon_core.environment:checking '/home/adi/hum_rob_ws/install/six_dof_bringup/lib/python3.10/site-packages'
[4.200s] Level 1:colcon.colcon_core.environment:checking '/home/adi/hum_rob_ws/install/six_dof_bringup/bin'
[4.200s] INFO:colcon.colcon_core.shell:Creating package script '/home/adi/hum_rob_ws/install/six_dof_bringup/share/six_dof_bringup/package.ps1'
[4.201s] INFO:colcon.colcon_core.shell:Creating package descriptor '/home/adi/hum_rob_ws/install/six_dof_bringup/share/six_dof_bringup/package.dsv'
[4.202s] INFO:colcon.colcon_core.shell:Creating package script '/home/adi/hum_rob_ws/install/six_dof_bringup/share/six_dof_bringup/package.sh'
[4.203s] INFO:colcon.colcon_core.shell:Creating package script '/home/adi/hum_rob_ws/install/six_dof_bringup/share/six_dof_bringup/package.bash'
[4.204s] INFO:colcon.colcon_core.shell:Creating package script '/home/adi/hum_rob_ws/install/six_dof_bringup/share/six_dof_bringup/package.zsh'
[4.205s] Level 1:colcon.colcon_core.environment:create_file_with_runtime_dependencies(/home/adi/hum_rob_ws/install/six_dof_bringup/share/colcon-core/packages/six_dof_bringup)
[4.206s] DEBUG:colcon.colcon_parallel_executor.executor.parallel:closing loop
[4.206s] DEBUG:colcon.colcon_parallel_executor.executor.parallel:loop closed
[4.206s] DEBUG:colcon.colcon_parallel_executor.executor.parallel:run_until_complete finished with '0'
[4.206s] DEBUG:colcon.colcon_core.event_reactor:joining thread
[4.211s] INFO:colcon.colcon_core.plugin_system:Skipping extension 'colcon_notification.desktop_notification.terminal_notifier': Not used on non-Darwin systems
[4.211s] INFO:colcon.colcon_core.plugin_system:Skipping extension 'colcon_notification.desktop_notification.win32': Not used on non-Windows systems
[4.212s] INFO:colcon.colcon_notification.desktop_notification:Sending desktop notification using 'notify2'
[4.227s] DEBUG:colcon.colcon_core.event_reactor:joined thread
[4.227s] INFO:colcon.colcon_core.shell:Creating prefix script '/home/adi/hum_rob_ws/install/local_setup.ps1'
[4.229s] INFO:colcon.colcon_core.shell:Creating prefix util module '/home/adi/hum_rob_ws/install/_local_setup_util_ps1.py'
[4.231s] INFO:colcon.colcon_core.shell:Creating prefix chain script '/home/adi/hum_rob_ws/install/setup.ps1'
[4.233s] INFO:colcon.colcon_core.shell:Creating prefix script '/home/adi/hum_rob_ws/install/local_setup.sh'
[4.234s] INFO:colcon.colcon_core.shell:Creating prefix util module '/home/adi/hum_rob_ws/install/_local_setup_util_sh.py'
[4.235s] INFO:colcon.colcon_core.shell:Creating prefix chain script '/home/adi/hum_rob_ws/install/setup.sh'
[4.237s] INFO:colcon.colcon_core.shell:Creating prefix script '/home/adi/hum_rob_ws/install/local_setup.bash'
[4.238s] INFO:colcon.colcon_core.shell:Creating prefix chain script '/home/adi/hum_rob_ws/install/setup.bash'
[4.240s] INFO:colcon.colcon_core.shell:Creating prefix script '/home/adi/hum_rob_ws/install/local_setup.zsh'
[4.241s] INFO:colcon.colcon_core.shell:Creating prefix chain script '/home/adi/hum_rob_ws/install/setup.zsh'
