[0.086s] Invoking command in '/home/adi/hum_rob_ws/build/four_dof': CMAKE_PREFIX_PATH=${CMAKE_PREFIX_PATH}:/opt/ros/humble /usr/bin/cmake --build /home/adi/hum_rob_ws/build/four_dof -- -j16 -l16
[0.153s] -- Found ament_cmake: 1.3.5 (/opt/ros/humble/share/ament_cmake/cmake)
[0.476s] -- Found geometry_msgs: 4.2.3 (/opt/ros/humble/share/geometry_msgs/cmake)
[0.508s] -- Found rosidl_generator_c: 3.1.5 (/opt/ros/humble/share/rosidl_generator_c/cmake)
[0.512s] -- Found rosidl_adapter: 3.1.5 (/opt/ros/humble/share/rosidl_adapter/cmake)
[0.519s] -- Found rosidl_generator_cpp: 3.1.5 (/opt/ros/humble/share/rosidl_generator_cpp/cmake)
[0.531s] -- Using all available rosidl_typesupport_c: rosidl_typesupport_fastrtps_c;rosidl_typesupport_introspection_c
[0.547s] -- Using all available rosidl_typesupport_cpp: rosidl_typesupport_fastrtps_cpp;rosidl_typesupport_introspection_cpp
[0.648s] -- Found rclcpp: 16.0.6 (/opt/ros/humble/share/rclcpp/cmake)
[0.695s] -- Found rmw_implementation_cmake: 6.1.1 (/opt/ros/humble/share/rmw_implementation_cmake/cmake)
[0.697s] -- Found rmw_fastrtps_cpp: 6.2.4 (/opt/ros/humble/share/rmw_fastrtps_cpp/cmake)
[0.843s] -- Using RMW implementation 'rmw_fastrtps_cpp' as default
[0.958s] -- Found xacro: 2.0.8 (/opt/ros/humble/share/xacro/cmake)
[0.958s] -- Found gazebo_ros: 3.7.0 (/opt/ros/humble/share/gazebo_ros/cmake)
[1.006s] -- Found DART: /usr/include (Required is at least version "6.6") found components: dart 
[1.044s] -- Found Protobuf: /usr/lib/x86_64-linux-gnu/libprotobuf.so (found version "3.12.4") 
[1.046s] -- Looking for ignition-math6 -- found version 6.15.0
[1.051s] -- Searching for dependencies of ignition-math6
[1.053s] -- Looking for OGRE...
[1.063s] -- Found Ogre Ghadamon (1.9.0)
[1.063s] -- Found OGRE: optimized;/usr/lib/x86_64-linux-gnu/libOgreMain.so;debug;/usr/lib/x86_64-linux-gnu/libOgreMain.so
[1.075s] -- Looking for OGRE_Paging...
[1.075s] -- Found OGRE_Paging: optimized;/usr/lib/x86_64-linux-gnu/libOgrePaging.so;debug;/usr/lib/x86_64-linux-gnu/libOgrePaging.so
[1.075s] -- Looking for OGRE_Terrain...
[1.076s] -- Found OGRE_Terrain: optimized;/usr/lib/x86_64-linux-gnu/libOgreTerrain.so;debug;/usr/lib/x86_64-linux-gnu/libOgreTerrain.so
[1.076s] -- Looking for OGRE_Property...
[1.076s] -- Found OGRE_Property: optimized;/usr/lib/x86_64-linux-gnu/libOgreProperty.so;debug;/usr/lib/x86_64-linux-gnu/libOgreProperty.so
[1.076s] -- Looking for OGRE_RTShaderSystem...
[1.076s] -- Found OGRE_RTShaderSystem: optimized;/usr/lib/x86_64-linux-gnu/libOgreRTShaderSystem.so;debug;/usr/lib/x86_64-linux-gnu/libOgreRTShaderSystem.so
[1.076s] -- Looking for OGRE_Volume...
[1.076s] -- Found OGRE_Volume: optimized;/usr/lib/x86_64-linux-gnu/libOgreVolume.so;debug;/usr/lib/x86_64-linux-gnu/libOgreVolume.so
[1.076s] -- Looking for OGRE_Overlay...
[1.076s] -- Found OGRE_Overlay: optimized;/usr/lib/x86_64-linux-gnu/libOgreOverlay.so;debug;/usr/lib/x86_64-linux-gnu/libOgreOverlay.so
[1.183s] -- Looking for ignition-math6 -- found version 6.15.0
[1.184s] -- Looking for ignition-transport8 -- found version 8.2.1
[1.184s] -- Searching for dependencies of ignition-transport8
[1.207s] -- Found Protobuf: /usr/lib/x86_64-linux-gnu/libprotobuf.so (found suitable version "3.12.4", minimum required is "3") 
[1.221s] -- Config-file not installed for ZeroMQ -- checking for pkg-config
[1.227s] -- Checking for module 'libzmq >= 4'
[1.255s] --   Found libzmq , version 4.3.4
[1.326s] -- Checking for module 'uuid'
[1.358s] --   Found uuid, version 2.37.2
[1.419s] -- Looking for ignition-msgs5 -- found version 5.8.1
[1.420s] -- Searching for dependencies of ignition-msgs5
[1.444s] -- Looking for ignition-math6 -- found version 6.15.0
[1.452s] -- Checking for module 'tinyxml2'
[1.476s] --   Found tinyxml2, version 9.0.0
[1.552s] -- Looking for ignition-msgs5 -- found version 5.8.1
[1.554s] -- Looking for ignition-common3 -- found version 3.14.0
[1.555s] -- Searching for dependencies of ignition-common3
[1.556s] -- Looking for dlfcn.h - found
[1.556s] -- Looking for libdl - found
[1.569s] -- Searching for <ignition-common3> component [graphics]
[1.569s] -- Looking for ignition-common3-graphics -- found version 3.14.0
[1.569s] -- Searching for dependencies of ignition-common3-graphics
[1.570s] -- Looking for ignition-math6 -- found version 6.15.0
[1.571s] -- Looking for ignition-fuel_tools4 -- found version 4.4.0
[1.571s] -- Searching for dependencies of ignition-fuel_tools4
[1.640s] -- Checking for module 'jsoncpp'
[1.678s] --   Found jsoncpp, version 1.9.5
[1.779s] -- Checking for module 'libzip'
[1.816s] --   Found libzip, version 1.7.3
[1.901s] -- Looking for ignition-common3 -- found version 3.14.0
[1.902s] -- Looking for ignition-math6 -- found version 6.15.0
[1.902s] -- Looking for ignition-msgs5 -- found version 5.8.1
[1.907s] -- Gazebo version: 11.10
[1.918s] -- Found sensor_msgs: 4.2.3 (/opt/ros/humble/share/sensor_msgs/cmake)
[1.991s] -- Found ament_lint_auto: 0.12.8 (/opt/ros/humble/share/ament_lint_auto/cmake)
[2.111s] [31mCMake Error at CMakeLists.txt:42 (install):
[2.111s]   install TARGETS given target "DESITNATION" which does not exist.
[2.111s] 
[2.111s] [0m
[2.116s] -- Added test 'cppcheck' to perform static code analysis on C / C++ code
[2.116s] -- Configured cppcheck include dirs: 
[2.116s] -- Configured cppcheck exclude dirs and/or files: 
[2.117s] -- Added test 'flake8' to check Python code syntax and style conventions
[2.117s] -- Added test 'lint_cmake' to check CMake code style
[2.117s] -- Added test 'pep257' to check Python code against some of the docstring style conventions in PEP 257
[2.119s] -- Added test 'uncrustify' to check C / C++ code style
[2.119s] -- Configured uncrustify additional arguments: 
[2.120s] -- Added test 'xmllint' to check XML markup files
[2.121s] -- Configuring incomplete, errors occurred!
[2.121s] See also "/home/adi/hum_rob_ws/build/four_dof/CMakeFiles/CMakeOutput.log".
[2.132s] gmake: *** [Makefile:226: cmake_check_build_system] Error 1
[2.135s] Invoked command in '/home/adi/hum_rob_ws/build/four_dof' returned '2': CMAKE_PREFIX_PATH=${CMAKE_PREFIX_PATH}:/opt/ros/humble /usr/bin/cmake --build /home/adi/hum_rob_ws/build/four_dof -- -j16 -l16
