[0.088s] Invoking command in '/home/adi/hum_rob_ws/src/six_dof/build/six_dof': CMAKE_PREFIX_PATH=${CMAKE_PREFIX_PATH}:/opt/ros/humble /usr/bin/cmake /home/adi/hum_rob_ws/src/six_dof -DCMAKE_INSTALL_PREFIX=/home/adi/hum_rob_ws/src/six_dof/install/six_dof
[0.118s] -- Found ament_cmake: 1.3.7 (/opt/ros/humble/share/ament_cmake/cmake)
[0.403s] -- Found Python3: /usr/bin/python3.10 (found version "3.10.12") found components: Interpreter 
[0.479s] -- Found rclcpp: 16.0.8 (/opt/ros/humble/share/rclcpp/cmake)
[0.540s] -- Found rosidl_generator_c: 3.1.5 (/opt/ros/humble/share/rosidl_generator_c/cmake)
[0.544s] -- Found rosidl_adapter: 3.1.5 (/opt/ros/humble/share/rosidl_adapter/cmake)
[0.554s] -- Found rosidl_generator_cpp: 3.1.5 (/opt/ros/humble/share/rosidl_generator_cpp/cmake)
[0.563s] -- Using all available rosidl_typesupport_c: rosidl_typesupport_fastrtps_c;rosidl_typesupport_introspection_c
[0.576s] -- Using all available rosidl_typesupport_cpp: rosidl_typesupport_fastrtps_cpp;rosidl_typesupport_introspection_cpp
[0.626s] -- Found rmw_implementation_cmake: 6.1.1 (/opt/ros/humble/share/rmw_implementation_cmake/cmake)
[0.627s] -- Found rmw_fastrtps_cpp: 6.2.6 (/opt/ros/humble/share/rmw_fastrtps_cpp/cmake)
[0.761s] -- Using RMW implementation 'rmw_fastrtps_cpp' as default
[0.895s] -- Found rclpy: 3.3.11 (/opt/ros/humble/share/rclpy/cmake)
[0.896s] -- pinocchio FOUND. pinocchio at /opt/ros/humble/lib/x86_64-linux-gnu/libpinocchio.so
[0.896s] -- boost_filesystem FOUND. boost_filesystem at /lib/x86_64-linux-gnu/libboost_filesystem.so
[0.897s] -- boost_serialization FOUND. boost_serialization at /lib/x86_64-linux-gnu/libboost_serialization.so
[0.897s] -- boost_system FOUND. boost_system at /lib/x86_64-linux-gnu/libboost_system.so
[0.904s] -- Found Boost: /usr/include (found version "1.74.0") found components: filesystem serialization system 
[0.905s] -- eigenpy FOUND. eigenpy at /opt/ros/humble/lib/x86_64-linux-gnu/libeigenpy.so
[1.433s] -- Found Python3: /usr/bin/python3.10 (found version "3.10.12") found components: Interpreter Development.Module NumPy 
[1.434s] -- PythonLibraryDirs: 
[1.434s] -- PythonLibVersionString: 3.10.12
[1.493s] -- Python site lib: lib/python3.10/dist-packages
[1.493s] -- Python include dirs: /usr/include/python3.10
[1.625s] -- Checking for NumPy
[1.747s] --   NUMPY_INCLUDE_DIRS=/usr/lib/python3/dist-packages/numpy/core/include
[1.873s] --   NUMPY_VERSION=1.21.5
[1.873s] -- NumPy include dir: /usr/lib/python3/dist-packages/numpy/core/include
[1.883s] [33mCMake Warning at /usr/share/cmake-3.22/Modules/FindBoost.cmake:2201 (message):
[1.883s]   No header defined for python310; skipping header check (note: header-only
[1.884s]   libraries have no designated component)
[1.884s] Call Stack (most recent call first):
[1.884s]   /opt/ros/humble/lib/x86_64-linux-gnu/cmake/eigenpy/boost.cmake:144 (find_package)
[1.884s]   /opt/ros/humble/lib/x86_64-linux-gnu/cmake/eigenpy/eigenpyConfig.cmake:149 (SEARCH_FOR_BOOST_PYTHON)
[1.884s]   /usr/share/cmake-3.22/Modules/CMakeFindDependencyMacro.cmake:47 (find_package)
[1.884s]   /opt/ros/humble/lib/x86_64-linux-gnu/cmake/pinocchio/pinocchioConfig.cmake:160 (find_dependency)
[1.884s]   CMakeLists.txt:12 (find_package)
[1.884s] 
[1.884s] [0m
[1.885s] -- Found Boost: /usr/include (found version "1.74.0") found components: python310 
[1.885s] -- Boost_PYTHON_LIBRARY: /usr/lib/x86_64-linux-gnu/libboost_python310.so
[2.249s] -- Default C++ standard: 201703
[2.250s] -- C++ standard sufficient: Minimal required 11, currently defined: 17
[2.250s] -- CMAKE_CXX_STANDARD was not set: automatically set to currently defined standard 17
[2.250s] -- hpp-fcl FOUND. hpp-fcl at /opt/ros/humble/lib/x86_64-linux-gnu/libhpp-fcl.so
[2.256s] -- Found Boost: /usr/include (found version "1.74.0") found components: chrono serialization 
[2.257s] -- C++ standard sufficient: Minimal required 11, currently defined: 17
[2.258s] -- C++ standard sufficient: Minimal required 11, currently defined: 17
[2.258s] -- Pinocchio found at: /opt/ros/humble/include
[2.258s] -- Found ament_lint_auto: 0.12.10 (/opt/ros/humble/share/ament_lint_auto/cmake)
[2.394s] -- Added test 'cppcheck' to perform static code analysis on C / C++ code
[2.394s] -- Configured cppcheck include dirs: 
[2.394s] -- Configured cppcheck exclude dirs and/or files: 
[2.396s] -- Added test 'flake8' to check Python code syntax and style conventions
[2.398s] -- Added test 'lint_cmake' to check CMake code style
[2.400s] -- Added test 'pep257' to check Python code against some of the docstring style conventions in PEP 257
[2.409s] -- Added test 'uncrustify' to check C / C++ code style
[2.409s] -- Configured uncrustify additional arguments: 
[2.411s] -- Added test 'xmllint' to check XML markup files
[2.412s] -- Configuring done
[2.421s] [33mCMake Warning at CMakeLists.txt:41 (add_executable):
[2.421s]   Cannot generate a safe runtime search path for target test_node because
[2.421s]   files in some directories may conflict with libraries in implicit
[2.421s]   directories:
[2.421s] 
[2.422s]     runtime library [liburdfdom_sensor.so.3.0] in /usr/lib/x86_64-linux-gnu may be hidden by files in:
[2.422s]       /opt/ros/humble/lib/x86_64-linux-gnu
[2.422s]     runtime library [liburdfdom_model_state.so.3.0] in /usr/lib/x86_64-linux-gnu may be hidden by files in:
[2.422s]       /opt/ros/humble/lib/x86_64-linux-gnu
[2.422s]     runtime library [liburdfdom_model.so.3.0] in /usr/lib/x86_64-linux-gnu may be hidden by files in:
[2.422s]       /opt/ros/humble/lib/x86_64-linux-gnu
[2.422s]     runtime library [liburdfdom_world.so.3.0] in /usr/lib/x86_64-linux-gnu may be hidden by files in:
[2.422s]       /opt/ros/humble/lib/x86_64-linux-gnu
[2.423s] 
[2.423s]   Some of these libraries may not be found correctly.
[2.423s] 
[2.423s] [0m
[2.423s] -- Generating done
[2.424s] -- Build files have been written to: /home/adi/hum_rob_ws/src/six_dof/build/six_dof
[2.433s] Invoked command in '/home/adi/hum_rob_ws/src/six_dof/build/six_dof' returned '0': CMAKE_PREFIX_PATH=${CMAKE_PREFIX_PATH}:/opt/ros/humble /usr/bin/cmake /home/adi/hum_rob_ws/src/six_dof -DCMAKE_INSTALL_PREFIX=/home/adi/hum_rob_ws/src/six_dof/install/six_dof
[2.438s] Invoking command in '/home/adi/hum_rob_ws/src/six_dof/build/six_dof': CMAKE_PREFIX_PATH=${CMAKE_PREFIX_PATH}:/opt/ros/humble /usr/bin/cmake --build /home/adi/hum_rob_ws/src/six_dof/build/six_dof -- -j16 -l16
[2.513s] [ 50%] [32mBuilding CXX object CMakeFiles/test_node.dir/src/IK_test.cpp.o[0m
[6.917s] [01m[K/home/adi/hum_rob_ws/src/six_dof/src/IK_test.cpp:[m[K In function ‘[01m[Kint main()[m[K’:
[6.917s] [01m[K/home/adi/hum_rob_ws/src/six_dof/src/IK_test.cpp:96:11:[m[K [01;35m[Kwarning: [m[Kunused variable ‘[01m[Kis_collision[m[K’ [[01;35m[K]8;;https://gcc.gnu.org/onlinedocs/gcc/Warning-Options.html#index-Wunused-variable-Wunused-variable]8;;[m[K]
[6.917s]    96 |      bool [01;35m[Kis_collision[m[K =
[6.917s]       |           [01;35m[K^~~~~~~~~~~~[m[K
[29.704s] [100%] [32m[1mLinking CXX executable test_node[0m
[30.842s] [100%] Built target test_node
[30.859s] Invoked command in '/home/adi/hum_rob_ws/src/six_dof/build/six_dof' returned '0': CMAKE_PREFIX_PATH=${CMAKE_PREFIX_PATH}:/opt/ros/humble /usr/bin/cmake --build /home/adi/hum_rob_ws/src/six_dof/build/six_dof -- -j16 -l16
[30.932s] Invoking command in '/home/adi/hum_rob_ws/src/six_dof/build/six_dof': CMAKE_PREFIX_PATH=${CMAKE_PREFIX_PATH}:/opt/ros/humble /usr/bin/cmake --install /home/adi/hum_rob_ws/src/six_dof/build/six_dof
[30.952s] -- Install configuration: ""
[30.952s] -- Installing: /home/adi/hum_rob_ws/src/six_dof/install/six_dof/share/six_dof//urdf
[30.952s] -- Installing: /home/adi/hum_rob_ws/src/six_dof/install/six_dof/share/six_dof//urdf/6dof_from_foot.urdf
[30.953s] -- Installing: /home/adi/hum_rob_ws/src/six_dof/install/six_dof/share/six_dof//urdf/6_dof_col_simplified.urdf
[30.954s] -- Installing: /home/adi/hum_rob_ws/src/six_dof/install/six_dof/share/six_dof//urdf/6dof_from_hip.urdf
[30.954s] -- Installing: /home/adi/hum_rob_ws/src/six_dof/install/six_dof/share/six_dof//urdf/6dof_test.urdf
[30.955s] -- Installing: /home/adi/hum_rob_ws/src/six_dof/install/six_dof/share/six_dof//rviz
[30.955s] -- Installing: /home/adi/hum_rob_ws/src/six_dof/install/six_dof/share/six_dof//rviz/six_dof_fixed.rviz
[30.956s] -- Installing: /home/adi/hum_rob_ws/src/six_dof/install/six_dof/share/six_dof//rviz/six_dof.rviz
[30.956s] -- Installing: /home/adi/hum_rob_ws/src/six_dof/install/six_dof/share/six_dof//launch
[30.957s] -- Installing: /home/adi/hum_rob_ws/src/six_dof/install/six_dof/share/six_dof//launch/urdf_vis.launch.py
[30.957s] -- Installing: /home/adi/hum_rob_ws/src/six_dof/install/six_dof/share/six_dof//meshes
[30.957s] -- Installing: /home/adi/hum_rob_ws/src/six_dof/install/six_dof/share/six_dof//meshes/rightthighfixedv2.stl
[30.986s] -- Installing: /home/adi/hum_rob_ws/src/six_dof/install/six_dof/share/six_dof//meshes/leftfootfixed.stl
[30.988s] -- Installing: /home/adi/hum_rob_ws/src/six_dof/install/six_dof/share/six_dof//meshes/rightshinv3.stl
[30.995s] -- Installing: /home/adi/hum_rob_ws/src/six_dof/install/six_dof/share/six_dof//meshes/footfixedv3.stl
[30.995s] -- Installing: /home/adi/hum_rob_ws/src/six_dof/install/six_dof/share/six_dof//meshes/rightshinfixedv2.stl
[31.001s] -- Installing: /home/adi/hum_rob_ws/src/six_dof/install/six_dof/share/six_dof//meshes/foot_fixedv2.stl
[31.002s] -- Installing: /home/adi/hum_rob_ws/src/six_dof/install/six_dof/share/six_dof//meshes/chassisv2.stl
[31.002s] -- Installing: /home/adi/hum_rob_ws/src/six_dof/install/six_dof/share/six_dof//meshes/unused
[31.003s] -- Installing: /home/adi/hum_rob_ws/src/six_dof/install/six_dof/share/six_dof//meshes/unused/leftfoot.stl
[31.006s] -- Installing: /home/adi/hum_rob_ws/src/six_dof/install/six_dof/share/six_dof//meshes/unused/rightthighv5.stl
[31.022s] -- Installing: /home/adi/hum_rob_ws/src/six_dof/install/six_dof/share/six_dof//meshes/unused/rightfoot.stl
[31.029s] -- Installing: /home/adi/hum_rob_ws/src/six_dof/install/six_dof/share/six_dof//meshes/unused/leftthighv5.stl
[31.045s] -- Installing: /home/adi/hum_rob_ws/src/six_dof/install/six_dof/share/six_dof//meshes/unused/leftthighv6.stl
[31.061s] -- Installing: /home/adi/hum_rob_ws/src/six_dof/install/six_dof/share/six_dof//meshes/unused/leftshin.stl
[31.070s] -- Installing: /home/adi/hum_rob_ws/src/six_dof/install/six_dof/share/six_dof//meshes/unused/rightthighv3.stl
[31.086s] -- Installing: /home/adi/hum_rob_ws/src/six_dof/install/six_dof/share/six_dof//meshes/unused/Chassis.stl
[31.086s] -- Installing: /home/adi/hum_rob_ws/src/six_dof/install/six_dof/share/six_dof//meshes/unused/rightshinv4.stl
[31.095s] -- Installing: /home/adi/hum_rob_ws/src/six_dof/install/six_dof/share/six_dof//meshes/unused/rightthighv8.stl
[31.111s] -- Installing: /home/adi/hum_rob_ws/src/six_dof/install/six_dof/share/six_dof//meshes/unused/leftthighv3.stl
[31.126s] -- Installing: /home/adi/hum_rob_ws/src/six_dof/install/six_dof/share/six_dof//meshes/unused/rightthighv7.stl
[31.142s] -- Installing: /home/adi/hum_rob_ws/src/six_dof/install/six_dof/share/six_dof//meshes/unused/leftthighv4.stl
[31.158s] -- Installing: /home/adi/hum_rob_ws/src/six_dof/install/six_dof/share/six_dof//meshes/unused/rightthighv4.stl
[31.173s] -- Installing: /home/adi/hum_rob_ws/src/six_dof/install/six_dof/share/six_dof//meshes/unused/rightthighfixedv1.stl
[31.188s] -- Installing: /home/adi/hum_rob_ws/src/six_dof/install/six_dof/share/six_dof//meshes/leftthighfixedv1.stl
[31.200s] -- Installing: /home/adi/hum_rob_ws/src/six_dof/install/six_dof/lib/six_dof/test_node
[31.214s] -- Set runtime path of "/home/adi/hum_rob_ws/src/six_dof/install/six_dof/lib/six_dof/test_node" to ""
[31.214s] -- Installing: /home/adi/hum_rob_ws/src/six_dof/install/six_dof/share/ament_index/resource_index/package_run_dependencies/six_dof
[31.214s] -- Installing: /home/adi/hum_rob_ws/src/six_dof/install/six_dof/share/ament_index/resource_index/parent_prefix_path/six_dof
[31.215s] -- Installing: /home/adi/hum_rob_ws/src/six_dof/install/six_dof/share/six_dof/environment/ament_prefix_path.sh
[31.215s] -- Installing: /home/adi/hum_rob_ws/src/six_dof/install/six_dof/share/six_dof/environment/ament_prefix_path.dsv
[31.215s] -- Installing: /home/adi/hum_rob_ws/src/six_dof/install/six_dof/share/six_dof/environment/path.sh
[31.215s] -- Installing: /home/adi/hum_rob_ws/src/six_dof/install/six_dof/share/six_dof/environment/path.dsv
[31.215s] -- Installing: /home/adi/hum_rob_ws/src/six_dof/install/six_dof/share/six_dof/local_setup.bash
[31.216s] -- Installing: /home/adi/hum_rob_ws/src/six_dof/install/six_dof/share/six_dof/local_setup.sh
[31.216s] -- Installing: /home/adi/hum_rob_ws/src/six_dof/install/six_dof/share/six_dof/local_setup.zsh
[31.216s] -- Installing: /home/adi/hum_rob_ws/src/six_dof/install/six_dof/share/six_dof/local_setup.dsv
[31.216s] -- Installing: /home/adi/hum_rob_ws/src/six_dof/install/six_dof/share/six_dof/package.dsv
[31.216s] -- Installing: /home/adi/hum_rob_ws/src/six_dof/install/six_dof/share/ament_index/resource_index/packages/six_dof
[31.217s] -- Installing: /home/adi/hum_rob_ws/src/six_dof/install/six_dof/share/six_dof/cmake/six_dofConfig.cmake
[31.217s] -- Installing: /home/adi/hum_rob_ws/src/six_dof/install/six_dof/share/six_dof/cmake/six_dofConfig-version.cmake
[31.217s] -- Installing: /home/adi/hum_rob_ws/src/six_dof/install/six_dof/share/six_dof/package.xml
[31.219s] Invoked command in '/home/adi/hum_rob_ws/src/six_dof/build/six_dof' returned '0': CMAKE_PREFIX_PATH=${CMAKE_PREFIX_PATH}:/opt/ros/humble /usr/bin/cmake --install /home/adi/hum_rob_ws/src/six_dof/build/six_dof
