[0.088s] Invoking command in '/home/adi/hum_rob_ws/build/four_dof_bringup': CMAKE_PREFIX_PATH=${CMAKE_PREFIX_PATH}:/home/adi/hum_rob_ws/install/pin_tut:/opt/ros/humble /usr/bin/cmake /home/adi/hum_rob_ws/src/four_dof_bringup -DCMAKE_INSTALL_PREFIX=/home/adi/hum_rob_ws/install/four_dof_bringup
[0.175s] -- The C compiler identification is GNU 11.4.0
[0.256s] -- The CXX compiler identification is GNU 11.4.0
[0.265s] -- Detecting C compiler ABI info
[0.340s] -- Detecting C compiler ABI info - done
[0.346s] -- Check for working C compiler: /usr/bin/cc - skipped
[0.346s] -- Detecting C compile features
[0.347s] -- Detecting C compile features - done
[0.350s] -- Detecting CXX compiler ABI info
[0.438s] -- Detecting CXX compiler ABI info - done
[0.444s] -- Check for working CXX compiler: /usr/bin/c++ - skipped
[0.444s] -- Detecting CXX compile features
[0.444s] -- Detecting CXX compile features - done
[0.449s] -- Found ament_cmake: 1.3.6 (/opt/ros/humble/share/ament_cmake/cmake)
[1.052s] -- Found Python3: /usr/bin/python3.10 (found version "3.10.12") found components: Interpreter 
[1.159s] -- Found urdf: 2.6.0 (/opt/ros/humble/share/urdf/cmake)
[1.232s] -- Found xacro: 2.0.8 (/opt/ros/humble/share/xacro/cmake)
[1.234s] -- Found robot_state_publisher: 3.0.2 (/opt/ros/humble/share/robot_state_publisher/cmake)
[1.264s] -- Found rosidl_generator_c: 3.1.5 (/opt/ros/humble/share/rosidl_generator_c/cmake)
[1.270s] -- Found rosidl_adapter: 3.1.5 (/opt/ros/humble/share/rosidl_adapter/cmake)
[1.280s] -- Found rosidl_generator_cpp: 3.1.5 (/opt/ros/humble/share/rosidl_generator_cpp/cmake)
[1.297s] -- Using all available rosidl_typesupport_c: rosidl_typesupport_fastrtps_c;rosidl_typesupport_introspection_c
[1.314s] -- Using all available rosidl_typesupport_cpp: rosidl_typesupport_fastrtps_cpp;rosidl_typesupport_introspection_cpp
[1.448s] -- Found eigen3_cmake_module: 0.1.1 (/opt/ros/humble/share/eigen3_cmake_module/cmake)
[1.450s] -- Found Eigen3: TRUE (found version "3.4.0") 
[1.450s] -- Ensuring Eigen3 include directory is part of orocos-kdl CMake target
[1.511s] -- Found rmw_implementation_cmake: 6.1.1 (/opt/ros/humble/share/rmw_implementation_cmake/cmake)
[1.513s] -- Found rmw_fastrtps_cpp: 6.2.5 (/opt/ros/humble/share/rmw_fastrtps_cpp/cmake)
[1.554s] -- Found TinyXML2 via Config file: TinyXML2_DIR-NOTFOUND
[1.647s] -- Found OpenSSL: /usr/lib/x86_64-linux-gnu/libcrypto.so (found version "3.0.2")  
[1.650s] -- Found TinyXML2 via Config file: TinyXML2_DIR-NOTFOUND
[1.665s] -- Found FastRTPS: /opt/ros/humble/include  
[1.674s] -- Found TinyXML2 via Config file: TinyXML2_DIR-NOTFOUND
[1.683s] -- Found TinyXML2 via Config file: TinyXML2_DIR-NOTFOUND
[1.695s] -- Using RMW implementation 'rmw_fastrtps_cpp' as default
[1.707s] -- Looking for pthread.h
[1.797s] -- Looking for pthread.h - found
[1.798s] -- Performing Test CMAKE_HAVE_LIBC_PTHREAD
[1.887s] -- Performing Test CMAKE_HAVE_LIBC_PTHREAD - Success
[1.888s] -- Found Threads: TRUE  
[2.422s] -- Found gazebo_ros: 3.7.0 (/opt/ros/humble/share/gazebo_ros/cmake)
[2.436s] -- Found PkgConfig: /usr/bin/pkg-config (found version "0.29.2") 
[2.437s] -- Checking for module 'bullet>=2.82'
[2.471s] --   Found bullet, version 3.05
[2.725s] -- Found fcl: /usr/include (found suitable version "0.7.0", minimum required is "0.5.0") 
[2.828s] -- Found assimp: /usr/include (found version "5.2.0") 
[2.848s] -- Found DART: /usr/include (Required is at least version "6.6") found components: dart 
[2.877s] -- Found Boost: /usr/lib/x86_64-linux-gnu/cmake/Boost-1.74.0/BoostConfig.cmake (found suitable version "1.74.0", minimum required is "1.40.0") found components: thread system filesystem program_options regex iostreams date_time 
[2.894s] -- Found Protobuf: /usr/lib/x86_64-linux-gnu/libprotobuf.so (found version "3.12.4") 
[2.900s] -- Looking for ignition-math6 -- found version 6.15.0
[2.906s] -- Searching for dependencies of ignition-math6
[2.908s] -- Looking for OGRE...
[2.909s] -- OGRE_PREFIX_WATCH changed.
[2.915s] -- Checking for module 'OGRE'
[2.937s] --   Found OGRE, version 1.9.0
[3.007s] -- Found Ogre Ghadamon (1.9.0)
[3.023s] -- Found OGRE: optimized;/usr/lib/x86_64-linux-gnu/libOgreMain.so;debug;/usr/lib/x86_64-linux-gnu/libOgreMain.so
[3.044s] -- Looking for OGRE_Paging...
[3.057s] -- Found OGRE_Paging: optimized;/usr/lib/x86_64-linux-gnu/libOgrePaging.so;debug;/usr/lib/x86_64-linux-gnu/libOgrePaging.so
[3.058s] -- Looking for OGRE_Terrain...
[3.063s] -- Found OGRE_Terrain: optimized;/usr/lib/x86_64-linux-gnu/libOgreTerrain.so;debug;/usr/lib/x86_64-linux-gnu/libOgreTerrain.so
[3.063s] -- Looking for OGRE_Property...
[3.068s] -- Found OGRE_Property: optimized;/usr/lib/x86_64-linux-gnu/libOgreProperty.so;debug;/usr/lib/x86_64-linux-gnu/libOgreProperty.so
[3.069s] -- Looking for OGRE_RTShaderSystem...
[3.073s] -- Found OGRE_RTShaderSystem: optimized;/usr/lib/x86_64-linux-gnu/libOgreRTShaderSystem.so;debug;/usr/lib/x86_64-linux-gnu/libOgreRTShaderSystem.so
[3.073s] -- Looking for OGRE_Volume...
[3.078s] -- Found OGRE_Volume: optimized;/usr/lib/x86_64-linux-gnu/libOgreVolume.so;debug;/usr/lib/x86_64-linux-gnu/libOgreVolume.so
[3.078s] -- Looking for OGRE_Overlay...
[3.083s] -- Found OGRE_Overlay: optimized;/usr/lib/x86_64-linux-gnu/libOgreOverlay.so;debug;/usr/lib/x86_64-linux-gnu/libOgreOverlay.so
[3.197s] -- Looking for ignition-math6 -- found version 6.15.0
[3.200s] -- Looking for ignition-transport8 -- found version 8.2.1
[3.200s] -- Searching for dependencies of ignition-transport8
[3.223s] -- Found Protobuf: /usr/lib/x86_64-linux-gnu/libprotobuf.so (found suitable version "3.12.4", minimum required is "3") 
[3.238s] -- Config-file not installed for ZeroMQ -- checking for pkg-config
[3.243s] -- Checking for module 'libzmq >= 4'
[3.271s] --   Found libzmq , version 4.3.4
[3.331s] -- Found ZeroMQ: TRUE (Required is at least version "4") 
[3.338s] -- Checking for module 'uuid'
[3.360s] --   Found uuid, version 2.37.2
[3.421s] -- Found UUID: TRUE  
[3.424s] -- Looking for ignition-msgs5 -- found version 5.8.1
[3.424s] -- Searching for dependencies of ignition-msgs5
[3.448s] -- Looking for ignition-math6 -- found version 6.15.0
[3.458s] -- Checking for module 'tinyxml2'
[3.484s] --   Found tinyxml2, version 9.0.0
[3.553s] -- Looking for ignition-msgs5 -- found version 5.8.1
[3.561s] -- Looking for ignition-common3 -- found version 3.14.0
[3.561s] -- Searching for dependencies of ignition-common3
[3.562s] -- Looking for dlfcn.h - found
[3.564s] -- Looking for libdl - found
[3.566s] -- Found DL: TRUE  
[3.593s] -- Found tinyobjloader: /usr/lib/x86_64-linux-gnu/cmake/tinyobjloader/tinyobjloader-config.cmake (found version "2.0.0") 
[3.594s] -- Searching for <ignition-common3> component [graphics]
[3.601s] -- Looking for ignition-common3-graphics -- found version 3.14.0
[3.602s] -- Searching for dependencies of ignition-common3-graphics
[3.603s] -- Looking for ignition-math6 -- found version 6.15.0
[3.608s] -- Looking for ignition-fuel_tools4 -- found version 4.4.0
[3.609s] -- Searching for dependencies of ignition-fuel_tools4
[3.758s] -- Found CURL: /usr/lib/x86_64-linux-gnu/libcurl.so (found version "7.81.0")  
[3.769s] -- Checking for module 'jsoncpp'
[3.793s] --   Found jsoncpp, version 1.9.5
[3.855s] -- Found JSONCPP: TRUE  
[3.867s] -- Checking for module 'libzip'
[3.894s] --   Found libzip, version 1.7.3
[3.973s] -- Found ZIP: TRUE  
[3.974s] -- Looking for ignition-common3 -- found version 3.14.0
[3.974s] -- Looking for ignition-math6 -- found version 6.15.0
[3.974s] -- Looking for ignition-msgs5 -- found version 5.8.1
[3.978s] -- Gazebo version: 11.10
[3.979s] -- Checking for module 'tbb'
[4.002s] --   Found tbb, version 2021.5.0
[4.082s] -- Found ament_lint_auto: 0.12.9 (/opt/ros/humble/share/ament_lint_auto/cmake)
[4.212s] -- Added test 'flake8' to check Python code syntax and style conventions
[4.214s] -- Added test 'lint_cmake' to check CMake code style
[4.215s] -- Added test 'pep257' to check Python code against some of the docstring style conventions in PEP 257
[4.219s] -- Added test 'xmllint' to check XML markup files
[4.222s] -- Configuring done
[4.241s] -- Generating done
[4.245s] -- Build files have been written to: /home/adi/hum_rob_ws/build/four_dof_bringup
[4.262s] Invoked command in '/home/adi/hum_rob_ws/build/four_dof_bringup' returned '0': CMAKE_PREFIX_PATH=${CMAKE_PREFIX_PATH}:/home/adi/hum_rob_ws/install/pin_tut:/opt/ros/humble /usr/bin/cmake /home/adi/hum_rob_ws/src/four_dof_bringup -DCMAKE_INSTALL_PREFIX=/home/adi/hum_rob_ws/install/four_dof_bringup
[4.263s] Invoking command in '/home/adi/hum_rob_ws/build/four_dof_bringup': CMAKE_PREFIX_PATH=${CMAKE_PREFIX_PATH}:/home/adi/hum_rob_ws/install/pin_tut:/opt/ros/humble /usr/bin/cmake --build /home/adi/hum_rob_ws/build/four_dof_bringup -- -j16 -l16
[4.352s] Invoked command in '/home/adi/hum_rob_ws/build/four_dof_bringup' returned '0': CMAKE_PREFIX_PATH=${CMAKE_PREFIX_PATH}:/home/adi/hum_rob_ws/install/pin_tut:/opt/ros/humble /usr/bin/cmake --build /home/adi/hum_rob_ws/build/four_dof_bringup -- -j16 -l16
[4.413s] Invoking command in '/home/adi/hum_rob_ws/build/four_dof_bringup': CMAKE_PREFIX_PATH=${CMAKE_PREFIX_PATH}:/home/adi/hum_rob_ws/install/pin_tut:/opt/ros/humble /usr/bin/cmake --install /home/adi/hum_rob_ws/build/four_dof_bringup
[4.420s] -- Install configuration: ""
[4.420s] -- Installing: /home/adi/hum_rob_ws/install/four_dof_bringup/share/four_dof_bringup//launch
[4.421s] -- Installing: /home/adi/hum_rob_ws/install/four_dof_bringup/share/four_dof_bringup//launch/four_dof.launch.py
[4.421s] -- Installing: /home/adi/hum_rob_ws/install/four_dof_bringup/share/four_dof_bringup//config
[4.421s] -- Installing: /home/adi/hum_rob_ws/install/four_dof_bringup/share/four_dof_bringup//config/controller_config.yaml
[4.421s] -- Installing: /home/adi/hum_rob_ws/install/four_dof_bringup/share/ament_index/resource_index/package_run_dependencies/four_dof_bringup
[4.421s] -- Installing: /home/adi/hum_rob_ws/install/four_dof_bringup/share/ament_index/resource_index/parent_prefix_path/four_dof_bringup
[4.421s] -- Installing: /home/adi/hum_rob_ws/install/four_dof_bringup/share/four_dof_bringup/environment/ament_prefix_path.sh
[4.422s] -- Installing: /home/adi/hum_rob_ws/install/four_dof_bringup/share/four_dof_bringup/environment/ament_prefix_path.dsv
[4.422s] -- Installing: /home/adi/hum_rob_ws/install/four_dof_bringup/share/four_dof_bringup/environment/path.sh
[4.422s] -- Installing: /home/adi/hum_rob_ws/install/four_dof_bringup/share/four_dof_bringup/environment/path.dsv
[4.422s] -- Installing: /home/adi/hum_rob_ws/install/four_dof_bringup/share/four_dof_bringup/local_setup.bash
[4.422s] -- Installing: /home/adi/hum_rob_ws/install/four_dof_bringup/share/four_dof_bringup/local_setup.sh
[4.422s] -- Installing: /home/adi/hum_rob_ws/install/four_dof_bringup/share/four_dof_bringup/local_setup.zsh
[4.423s] -- Installing: /home/adi/hum_rob_ws/install/four_dof_bringup/share/four_dof_bringup/local_setup.dsv
[4.423s] -- Installing: /home/adi/hum_rob_ws/install/four_dof_bringup/share/four_dof_bringup/package.dsv
[4.423s] -- Installing: /home/adi/hum_rob_ws/install/four_dof_bringup/share/ament_index/resource_index/packages/four_dof_bringup
[4.423s] -- Installing: /home/adi/hum_rob_ws/install/four_dof_bringup/share/four_dof_bringup/cmake/four_dof_bringupConfig.cmake
[4.423s] -- Installing: /home/adi/hum_rob_ws/install/four_dof_bringup/share/four_dof_bringup/cmake/four_dof_bringupConfig-version.cmake
[4.423s] -- Installing: /home/adi/hum_rob_ws/install/four_dof_bringup/share/four_dof_bringup/package.xml
[4.426s] Invoked command in '/home/adi/hum_rob_ws/build/four_dof_bringup' returned '0': CMAKE_PREFIX_PATH=${CMAKE_PREFIX_PATH}:/home/adi/hum_rob_ws/install/pin_tut:/opt/ros/humble /usr/bin/cmake --install /home/adi/hum_rob_ws/build/four_dof_bringup
