[0.100s] Invoking command in '/home/adi/hum_rob_ws/build/four_dof_bringup': CMAKE_PREFIX_PATH=${CMAKE_PREFIX_PATH}:/home/adi/hum_rob_ws/install/pin_tut:/opt/ros/humble /usr/bin/cmake --build /home/adi/hum_rob_ws/build/four_dof_bringup -- -j16 -l16
[0.150s] -- Found ament_cmake: 1.3.6 (/opt/ros/humble/share/ament_cmake/cmake)
[0.485s] -- Found urdf: 2.6.0 (/opt/ros/humble/share/urdf/cmake)
[0.527s] -- Found xacro: 2.0.8 (/opt/ros/humble/share/xacro/cmake)
[0.528s] -- Found robot_state_publisher: 3.0.2 (/opt/ros/humble/share/robot_state_publisher/cmake)
[0.543s] -- Found rosidl_generator_c: 3.1.5 (/opt/ros/humble/share/rosidl_generator_c/cmake)
[0.546s] -- Found rosidl_adapter: 3.1.5 (/opt/ros/humble/share/rosidl_adapter/cmake)
[0.552s] -- Found rosidl_generator_cpp: 3.1.5 (/opt/ros/humble/share/rosidl_generator_cpp/cmake)
[0.564s] -- Using all available rosidl_typesupport_c: rosidl_typesupport_fastrtps_c;rosidl_typesupport_introspection_c
[0.578s] -- Using all available rosidl_typesupport_cpp: rosidl_typesupport_fastrtps_cpp;rosidl_typesupport_introspection_cpp
[0.694s] -- Found eigen3_cmake_module: 0.1.1 (/opt/ros/humble/share/eigen3_cmake_module/cmake)
[0.695s] -- Ensuring Eigen3 include directory is part of orocos-kdl CMake target
[0.745s] -- Found rmw_implementation_cmake: 6.1.1 (/opt/ros/humble/share/rmw_implementation_cmake/cmake)
[0.746s] -- Found rmw_fastrtps_cpp: 6.2.5 (/opt/ros/humble/share/rmw_fastrtps_cpp/cmake)
[0.779s] -- Found TinyXML2 via Config file: TinyXML2_DIR-NOTFOUND
[0.790s] -- Found TinyXML2 via Config file: TinyXML2_DIR-NOTFOUND
[0.817s] -- Found TinyXML2 via Config file: TinyXML2_DIR-NOTFOUND
[0.829s] -- Found TinyXML2 via Config file: TinyXML2_DIR-NOTFOUND
[0.842s] -- Using RMW implementation 'rmw_fastrtps_cpp' as default
[1.423s] -- Found gazebo_ros: 3.7.0 (/opt/ros/humble/share/gazebo_ros/cmake)
[1.460s] -- Found DART: /usr/include (Required is at least version "6.6") found components: dart 
[1.490s] -- Found Protobuf: /usr/lib/x86_64-linux-gnu/libprotobuf.so (found version "3.12.4") 
[1.491s] -- Looking for ignition-math6 -- found version 6.15.0
[1.495s] -- Searching for dependencies of ignition-math6
[1.497s] -- Looking for OGRE...
[1.504s] -- Found Ogre Ghadamon (1.9.0)
[1.504s] -- Found OGRE: optimized;/usr/lib/x86_64-linux-gnu/libOgreMain.so;debug;/usr/lib/x86_64-linux-gnu/libOgreMain.so
[1.514s] -- Looking for OGRE_Paging...
[1.514s] -- Found OGRE_Paging: optimized;/usr/lib/x86_64-linux-gnu/libOgrePaging.so;debug;/usr/lib/x86_64-linux-gnu/libOgrePaging.so
[1.515s] -- Looking for OGRE_Terrain...
[1.515s] -- Found OGRE_Terrain: optimized;/usr/lib/x86_64-linux-gnu/libOgreTerrain.so;debug;/usr/lib/x86_64-linux-gnu/libOgreTerrain.so
[1.515s] -- Looking for OGRE_Property...
[1.515s] -- Found OGRE_Property: optimized;/usr/lib/x86_64-linux-gnu/libOgreProperty.so;debug;/usr/lib/x86_64-linux-gnu/libOgreProperty.so
[1.515s] -- Looking for OGRE_RTShaderSystem...
[1.515s] -- Found OGRE_RTShaderSystem: optimized;/usr/lib/x86_64-linux-gnu/libOgreRTShaderSystem.so;debug;/usr/lib/x86_64-linux-gnu/libOgreRTShaderSystem.so
[1.515s] -- Looking for OGRE_Volume...
[1.515s] -- Found OGRE_Volume: optimized;/usr/lib/x86_64-linux-gnu/libOgreVolume.so;debug;/usr/lib/x86_64-linux-gnu/libOgreVolume.so
[1.515s] -- Looking for OGRE_Overlay...
[1.516s] -- Found OGRE_Overlay: optimized;/usr/lib/x86_64-linux-gnu/libOgreOverlay.so;debug;/usr/lib/x86_64-linux-gnu/libOgreOverlay.so
[1.691s] -- Looking for ignition-math6 -- found version 6.15.0
[1.691s] -- Looking for ignition-transport8 -- found version 8.2.1
[1.692s] -- Searching for dependencies of ignition-transport8
[1.719s] -- Found Protobuf: /usr/lib/x86_64-linux-gnu/libprotobuf.so (found suitable version "3.12.4", minimum required is "3") 
[1.736s] -- Config-file not installed for ZeroMQ -- checking for pkg-config
[1.745s] -- Checking for module 'libzmq >= 4'
[1.767s] --   Found libzmq , version 4.3.4
[1.851s] -- Checking for module 'uuid'
[1.873s] --   Found uuid, version 2.37.2
[1.931s] -- Looking for ignition-msgs5 -- found version 5.8.1
[1.931s] -- Searching for dependencies of ignition-msgs5
[1.958s] -- Looking for ignition-math6 -- found version 6.15.0
[1.967s] -- Looking for ignition-msgs5 -- found version 5.8.1
[1.967s] -- Looking for ignition-common3 -- found version 3.14.0
[1.968s] -- Searching for dependencies of ignition-common3
[1.968s] -- Looking for dlfcn.h - found
[1.968s] -- Looking for libdl - found
[1.980s] -- Searching for <ignition-common3> component [graphics]
[1.981s] -- Looking for ignition-common3-graphics -- found version 3.14.0
[1.981s] -- Searching for dependencies of ignition-common3-graphics
[1.982s] -- Looking for ignition-math6 -- found version 6.15.0
[1.983s] -- Looking for ignition-fuel_tools4 -- found version 4.4.0
[1.983s] -- Searching for dependencies of ignition-fuel_tools4
[2.043s] -- Checking for module 'jsoncpp'
[2.065s] --   Found jsoncpp, version 1.9.5
[2.134s] -- Checking for module 'libzip'
[2.154s] --   Found libzip, version 1.7.3
[2.206s] -- Looking for ignition-common3 -- found version 3.14.0
[2.206s] -- Looking for ignition-math6 -- found version 6.15.0
[2.207s] -- Looking for ignition-msgs5 -- found version 5.8.1
[2.209s] -- Gazebo version: 11.10
[2.214s] -- Found ament_lint_auto: 0.12.9 (/opt/ros/humble/share/ament_lint_auto/cmake)
[2.339s] -- Added test 'flake8' to check Python code syntax and style conventions
[2.339s] -- Added test 'lint_cmake' to check CMake code style
[2.340s] -- Added test 'pep257' to check Python code against some of the docstring style conventions in PEP 257
[2.341s] -- Added test 'xmllint' to check XML markup files
[2.342s] -- Configuring done
[2.351s] -- Generating done
[2.354s] -- Build files have been written to: /home/adi/hum_rob_ws/build/four_dof_bringup
[2.390s] Invoked command in '/home/adi/hum_rob_ws/build/four_dof_bringup' returned '0': CMAKE_PREFIX_PATH=${CMAKE_PREFIX_PATH}:/home/adi/hum_rob_ws/install/pin_tut:/opt/ros/humble /usr/bin/cmake --build /home/adi/hum_rob_ws/build/four_dof_bringup -- -j16 -l16
[2.432s] Invoking command in '/home/adi/hum_rob_ws/build/four_dof_bringup': CMAKE_PREFIX_PATH=${CMAKE_PREFIX_PATH}:/home/adi/hum_rob_ws/install/pin_tut:/opt/ros/humble /usr/bin/cmake --install /home/adi/hum_rob_ws/build/four_dof_bringup
[2.442s] -- Install configuration: ""
[2.442s] -- Up-to-date: /home/adi/hum_rob_ws/install/four_dof_bringup/share/four_dof_bringup//launch
[2.442s] -- Up-to-date: /home/adi/hum_rob_ws/install/four_dof_bringup/share/four_dof_bringup//launch/four_dof.launch.py
[2.442s] -- Installing: /home/adi/hum_rob_ws/install/four_dof_bringup/share/four_dof_bringup//config
[2.442s] -- Installing: /home/adi/hum_rob_ws/install/four_dof_bringup/share/four_dof_bringup//config/controller_config.yaml
[2.442s] -- Up-to-date: /home/adi/hum_rob_ws/install/four_dof_bringup/share/ament_index/resource_index/package_run_dependencies/four_dof_bringup
[2.442s] -- Up-to-date: /home/adi/hum_rob_ws/install/four_dof_bringup/share/ament_index/resource_index/parent_prefix_path/four_dof_bringup
[2.443s] -- Up-to-date: /home/adi/hum_rob_ws/install/four_dof_bringup/share/four_dof_bringup/environment/ament_prefix_path.sh
[2.443s] -- Installing: /home/adi/hum_rob_ws/install/four_dof_bringup/share/four_dof_bringup/environment/ament_prefix_path.dsv
[2.443s] -- Up-to-date: /home/adi/hum_rob_ws/install/four_dof_bringup/share/four_dof_bringup/environment/path.sh
[2.443s] -- Installing: /home/adi/hum_rob_ws/install/four_dof_bringup/share/four_dof_bringup/environment/path.dsv
[2.443s] -- Up-to-date: /home/adi/hum_rob_ws/install/four_dof_bringup/share/four_dof_bringup/local_setup.bash
[2.443s] -- Up-to-date: /home/adi/hum_rob_ws/install/four_dof_bringup/share/four_dof_bringup/local_setup.sh
[2.444s] -- Up-to-date: /home/adi/hum_rob_ws/install/four_dof_bringup/share/four_dof_bringup/local_setup.zsh
[2.444s] -- Installing: /home/adi/hum_rob_ws/install/four_dof_bringup/share/four_dof_bringup/local_setup.dsv
[2.444s] -- Installing: /home/adi/hum_rob_ws/install/four_dof_bringup/share/four_dof_bringup/package.dsv
[2.444s] -- Up-to-date: /home/adi/hum_rob_ws/install/four_dof_bringup/share/ament_index/resource_index/packages/four_dof_bringup
[2.444s] -- Up-to-date: /home/adi/hum_rob_ws/install/four_dof_bringup/share/four_dof_bringup/cmake/four_dof_bringupConfig.cmake
[2.444s] -- Up-to-date: /home/adi/hum_rob_ws/install/four_dof_bringup/share/four_dof_bringup/cmake/four_dof_bringupConfig-version.cmake
[2.444s] -- Up-to-date: /home/adi/hum_rob_ws/install/four_dof_bringup/share/four_dof_bringup/package.xml
[2.446s] Invoked command in '/home/adi/hum_rob_ws/build/four_dof_bringup' returned '0': CMAKE_PREFIX_PATH=${CMAKE_PREFIX_PATH}:/home/adi/hum_rob_ws/install/pin_tut:/opt/ros/humble /usr/bin/cmake --install /home/adi/hum_rob_ws/build/four_dof_bringup
