[0.064s] Invoking command in '/home/adi/hum_rob_ws/build/four_dof': CMAKE_PREFIX_PATH=/opt/ros/humble /usr/bin/cmake /home/adi/hum_rob_ws/src/four_dof -DCMAKE_INSTALL_PREFIX=/home/adi/hum_rob_ws/install/four_dof
[0.166s] -- The C compiler identification is GNU 11.4.0
[0.272s] -- The CXX compiler identification is GNU 11.4.0
[0.282s] -- Detecting C compiler ABI info
[0.387s] -- Detecting C compiler ABI info - done
[0.393s] -- Check for working C compiler: /usr/bin/cc - skipped
[0.393s] -- Detecting C compile features
[0.394s] -- Detecting C compile features - done
[0.397s] -- Detecting CXX compiler ABI info
[0.526s] -- Detecting CXX compiler ABI info - done
[0.532s] -- Check for working CXX compiler: /usr/bin/c++ - skipped
[0.532s] -- Detecting CXX compile features
[0.532s] -- Detecting CXX compile features - done
[0.538s] -- Found ament_cmake: 1.3.5 (/opt/ros/humble/share/ament_cmake/cmake)
[0.821s] -- Found Python3: /usr/bin/python3.10 (found version "3.10.12") found components: Interpreter 
[0.942s] -- Found geometry_msgs: 4.2.3 (/opt/ros/humble/share/geometry_msgs/cmake)
[0.988s] -- Found rosidl_generator_c: 3.1.5 (/opt/ros/humble/share/rosidl_generator_c/cmake)
[0.994s] -- Found rosidl_adapter: 3.1.5 (/opt/ros/humble/share/rosidl_adapter/cmake)
[1.004s] -- Found rosidl_generator_cpp: 3.1.5 (/opt/ros/humble/share/rosidl_generator_cpp/cmake)
[1.021s] -- Using all available rosidl_typesupport_c: rosidl_typesupport_fastrtps_c;rosidl_typesupport_introspection_c
[1.042s] -- Using all available rosidl_typesupport_cpp: rosidl_typesupport_fastrtps_cpp;rosidl_typesupport_introspection_cpp
[1.150s] -- Found rclcpp: 16.0.6 (/opt/ros/humble/share/rclcpp/cmake)
[1.212s] -- Found rmw_implementation_cmake: 6.1.1 (/opt/ros/humble/share/rmw_implementation_cmake/cmake)
[1.215s] -- Found rmw_fastrtps_cpp: 6.2.4 (/opt/ros/humble/share/rmw_fastrtps_cpp/cmake)
[1.369s] -- Found OpenSSL: /usr/lib/x86_64-linux-gnu/libcrypto.so (found version "3.0.2")  
[1.401s] -- Found FastRTPS: /opt/ros/humble/include  
[1.456s] -- Using RMW implementation 'rmw_fastrtps_cpp' as default
[1.468s] -- Looking for pthread.h
[1.573s] -- Looking for pthread.h - found
[1.573s] -- Performing Test CMAKE_HAVE_LIBC_PTHREAD
[1.660s] -- Performing Test CMAKE_HAVE_LIBC_PTHREAD - Success
[1.661s] -- Found Threads: TRUE  
[1.801s] -- Found ament_lint_auto: 0.12.8 (/opt/ros/humble/share/ament_lint_auto/cmake)
[1.913s] -- Added test 'lint_cmake' to check CMake code style
[1.916s] -- Added test 'xmllint' to check XML markup files
[1.920s] -- Configuring done
[1.935s] -- Generating done
[1.938s] -- Build files have been written to: /home/adi/hum_rob_ws/build/four_dof
[1.958s] Invoked command in '/home/adi/hum_rob_ws/build/four_dof' returned '0': CMAKE_PREFIX_PATH=/opt/ros/humble /usr/bin/cmake /home/adi/hum_rob_ws/src/four_dof -DCMAKE_INSTALL_PREFIX=/home/adi/hum_rob_ws/install/four_dof
[1.960s] Invoking command in '/home/adi/hum_rob_ws/build/four_dof': CMAKE_PREFIX_PATH=/opt/ros/humble /usr/bin/cmake --build /home/adi/hum_rob_ws/build/four_dof -- -j16 -l16
[2.032s] Invoked command in '/home/adi/hum_rob_ws/build/four_dof' returned '0': CMAKE_PREFIX_PATH=/opt/ros/humble /usr/bin/cmake --build /home/adi/hum_rob_ws/build/four_dof -- -j16 -l16
[2.106s] Invoking command in '/home/adi/hum_rob_ws/build/four_dof': CMAKE_PREFIX_PATH=/opt/ros/humble /usr/bin/cmake --install /home/adi/hum_rob_ws/build/four_dof
[2.122s] -- Install configuration: ""
[2.122s] -- Installing: /home/adi/hum_rob_ws/install/four_dof/share/ament_index/resource_index/package_run_dependencies/four_dof
[2.123s] -- Installing: /home/adi/hum_rob_ws/install/four_dof/share/ament_index/resource_index/parent_prefix_path/four_dof
[2.123s] -- Installing: /home/adi/hum_rob_ws/install/four_dof/share/four_dof/environment/ament_prefix_path.sh
[2.123s] -- Installing: /home/adi/hum_rob_ws/install/four_dof/share/four_dof/environment/ament_prefix_path.dsv
[2.124s] -- Installing: /home/adi/hum_rob_ws/install/four_dof/share/four_dof/environment/path.sh
[2.124s] -- Installing: /home/adi/hum_rob_ws/install/four_dof/share/four_dof/environment/path.dsv
[2.124s] -- Installing: /home/adi/hum_rob_ws/install/four_dof/share/four_dof/local_setup.bash
[2.125s] -- Installing: /home/adi/hum_rob_ws/install/four_dof/share/four_dof/local_setup.sh
[2.125s] -- Installing: /home/adi/hum_rob_ws/install/four_dof/share/four_dof/local_setup.zsh
[2.125s] -- Installing: /home/adi/hum_rob_ws/install/four_dof/share/four_dof/local_setup.dsv
[2.126s] -- Installing: /home/adi/hum_rob_ws/install/four_dof/share/four_dof/package.dsv
[2.126s] -- Installing: /home/adi/hum_rob_ws/install/four_dof/share/ament_index/resource_index/packages/four_dof
[2.126s] -- Installing: /home/adi/hum_rob_ws/install/four_dof/share/four_dof/cmake/four_dofConfig.cmake
[2.127s] -- Installing: /home/adi/hum_rob_ws/install/four_dof/share/four_dof/cmake/four_dofConfig-version.cmake
[2.127s] -- Installing: /home/adi/hum_rob_ws/install/four_dof/share/four_dof/package.xml
[2.132s] Invoked command in '/home/adi/hum_rob_ws/build/four_dof' returned '0': CMAKE_PREFIX_PATH=/opt/ros/humble /usr/bin/cmake --install /home/adi/hum_rob_ws/build/four_dof
