[0.086s] Invoking command in '/home/adi/hum_rob_ws/build/four_dof_bringup': CMAKE_PREFIX_PATH=${CMAKE_PREFIX_PATH}:/home/adi/hum_rob_ws/install/pin_tut:/opt/ros/humble /usr/bin/cmake --build /home/adi/hum_rob_ws/build/four_dof_bringup -- -j16 -l16
[0.115s] -- Found ament_cmake: 1.3.6 (/opt/ros/humble/share/ament_cmake/cmake)
[0.427s] -- Found urdf: 2.6.0 (/opt/ros/humble/share/urdf/cmake)
[0.474s] -- Found xacro: 2.0.8 (/opt/ros/humble/share/xacro/cmake)
[0.474s] -- Found robot_state_publisher: 3.0.2 (/opt/ros/humble/share/robot_state_publisher/cmake)
[0.500s] -- Found rosidl_generator_c: 3.1.5 (/opt/ros/humble/share/rosidl_generator_c/cmake)
[0.503s] -- Found rosidl_adapter: 3.1.5 (/opt/ros/humble/share/rosidl_adapter/cmake)
[0.513s] -- Found rosidl_generator_cpp: 3.1.5 (/opt/ros/humble/share/rosidl_generator_cpp/cmake)
[0.525s] -- Using all available rosidl_typesupport_c: rosidl_typesupport_fastrtps_c;rosidl_typesupport_introspection_c
[0.539s] -- Using all available rosidl_typesupport_cpp: rosidl_typesupport_fastrtps_cpp;rosidl_typesupport_introspection_cpp
[0.649s] -- Found eigen3_cmake_module: 0.1.1 (/opt/ros/humble/share/eigen3_cmake_module/cmake)
[0.651s] -- Ensuring Eigen3 include directory is part of orocos-kdl CMake target
[0.705s] -- Found rmw_implementation_cmake: 6.1.1 (/opt/ros/humble/share/rmw_implementation_cmake/cmake)
[0.707s] -- Found rmw_fastrtps_cpp: 6.2.5 (/opt/ros/humble/share/rmw_fastrtps_cpp/cmake)
[0.739s] -- Found TinyXML2 via Config file: TinyXML2_DIR-NOTFOUND
[0.753s] -- Found TinyXML2 via Config file: TinyXML2_DIR-NOTFOUND
[0.777s] -- Found TinyXML2 via Config file: TinyXML2_DIR-NOTFOUND
[0.789s] -- Found TinyXML2 via Config file: TinyXML2_DIR-NOTFOUND
[0.800s] -- Using RMW implementation 'rmw_fastrtps_cpp' as default
[1.312s] -- Found gazebo_ros: 3.7.0 (/opt/ros/humble/share/gazebo_ros/cmake)
[1.327s] -- Found PkgConfig: /usr/bin/pkg-config (found version "0.29.2") 
[1.328s] -- Checking for module 'bullet>=2.82'
[1.355s] --   Found bullet, version 3.05
[1.554s] -- Found fcl: /usr/include (found suitable version "0.7.0", minimum required is "0.5.0") 
[1.653s] -- Found assimp: /usr/include (found version "5.2.0") 
[1.693s] -- Found DART: /usr/include (Required is at least version "6.6") found components: dart 
[1.744s] -- Found Boost: /usr/lib/x86_64-linux-gnu/cmake/Boost-1.74.0/BoostConfig.cmake (found suitable version "1.74.0", minimum required is "1.40.0") found components: thread system filesystem program_options regex iostreams date_time 
[1.768s] -- Found Protobuf: /usr/lib/x86_64-linux-gnu/libprotobuf.so (found version "3.12.4") 
[1.775s] -- Looking for ignition-math6 -- found version 6.15.0
[1.784s] -- Searching for dependencies of ignition-math6
[1.786s] -- Looking for OGRE...
[1.786s] -- OGRE_PREFIX_WATCH changed.
[1.795s] -- Checking for module 'OGRE'
[1.817s] --   Found OGRE, version 1.9.0
[1.886s] -- Found Ogre Ghadamon (1.9.0)
[1.903s] -- Found OGRE: optimized;/usr/lib/x86_64-linux-gnu/libOgreMain.so;debug;/usr/lib/x86_64-linux-gnu/libOgreMain.so
[1.923s] -- Looking for OGRE_Paging...
[1.938s] -- Found OGRE_Paging: optimized;/usr/lib/x86_64-linux-gnu/libOgrePaging.so;debug;/usr/lib/x86_64-linux-gnu/libOgrePaging.so
[1.938s] -- Looking for OGRE_Terrain...
[1.945s] -- Found OGRE_Terrain: optimized;/usr/lib/x86_64-linux-gnu/libOgreTerrain.so;debug;/usr/lib/x86_64-linux-gnu/libOgreTerrain.so
[1.945s] -- Looking for OGRE_Property...
[1.951s] -- Found OGRE_Property: optimized;/usr/lib/x86_64-linux-gnu/libOgreProperty.so;debug;/usr/lib/x86_64-linux-gnu/libOgreProperty.so
[1.951s] -- Looking for OGRE_RTShaderSystem...
[1.956s] -- Found OGRE_RTShaderSystem: optimized;/usr/lib/x86_64-linux-gnu/libOgreRTShaderSystem.so;debug;/usr/lib/x86_64-linux-gnu/libOgreRTShaderSystem.so
[1.956s] -- Looking for OGRE_Volume...
[1.962s] -- Found OGRE_Volume: optimized;/usr/lib/x86_64-linux-gnu/libOgreVolume.so;debug;/usr/lib/x86_64-linux-gnu/libOgreVolume.so
[1.962s] -- Looking for OGRE_Overlay...
[1.967s] -- Found OGRE_Overlay: optimized;/usr/lib/x86_64-linux-gnu/libOgreOverlay.so;debug;/usr/lib/x86_64-linux-gnu/libOgreOverlay.so
[2.085s] -- Looking for ignition-math6 -- found version 6.15.0
[2.089s] -- Looking for ignition-transport8 -- found version 8.2.1
[2.089s] -- Searching for dependencies of ignition-transport8
[2.118s] -- Found Protobuf: /usr/lib/x86_64-linux-gnu/libprotobuf.so (found suitable version "3.12.4", minimum required is "3") 
[2.133s] -- Config-file not installed for ZeroMQ -- checking for pkg-config
[2.142s] -- Checking for module 'libzmq >= 4'
[2.179s] --   Found libzmq , version 4.3.4
[2.270s] -- Found ZeroMQ: TRUE (Required is at least version "4") 
[2.284s] -- Checking for module 'uuid'
[2.323s] --   Found uuid, version 2.37.2
[2.415s] -- Found UUID: TRUE  
[2.420s] -- Looking for ignition-msgs5 -- found version 5.8.1
[2.421s] -- Searching for dependencies of ignition-msgs5
[2.480s] -- Looking for ignition-math6 -- found version 6.15.0
[2.488s] -- Checking for module 'tinyxml2'
[2.520s] --   Found tinyxml2, version 9.0.0
[2.614s] -- Looking for ignition-msgs5 -- found version 5.8.1
[2.622s] -- Looking for ignition-common3 -- found version 3.14.0
[2.623s] -- Searching for dependencies of ignition-common3
[2.623s] -- Looking for dlfcn.h - found
[2.625s] -- Looking for libdl - found
[2.628s] -- Found DL: TRUE  
[2.643s] -- Found tinyobjloader: /usr/lib/x86_64-linux-gnu/cmake/tinyobjloader/tinyobjloader-config.cmake (found version "2.0.0") 
[2.644s] -- Searching for <ignition-common3> component [graphics]
[2.647s] -- Looking for ignition-common3-graphics -- found version 3.14.0
[2.648s] -- Searching for dependencies of ignition-common3-graphics
[2.648s] -- Looking for ignition-math6 -- found version 6.15.0
[2.654s] -- Looking for ignition-fuel_tools4 -- found version 4.4.0
[2.654s] -- Searching for dependencies of ignition-fuel_tools4
[2.831s] -- Found CURL: /usr/lib/x86_64-linux-gnu/libcurl.so (found version "7.81.0")  
[2.844s] -- Checking for module 'jsoncpp'
[2.867s] --   Found jsoncpp, version 1.9.5
[2.937s] -- Found JSONCPP: TRUE  
[2.952s] -- Checking for module 'libzip'
[2.981s] --   Found libzip, version 1.7.3
[3.059s] -- Found ZIP: TRUE  
[3.060s] -- Looking for ignition-common3 -- found version 3.14.0
[3.061s] -- Looking for ignition-math6 -- found version 6.15.0
[3.062s] -- Looking for ignition-msgs5 -- found version 5.8.1
[3.074s] -- Gazebo version: 11.10
[3.075s] -- Checking for module 'tbb'
[3.114s] --   Found tbb, version 2021.5.0
[3.203s] -- Found ament_lint_auto: 0.12.9 (/opt/ros/humble/share/ament_lint_auto/cmake)
[3.337s] -- Added test 'flake8' to check Python code syntax and style conventions
[3.338s] -- Added test 'lint_cmake' to check CMake code style
[3.338s] -- Added test 'pep257' to check Python code against some of the docstring style conventions in PEP 257
[3.339s] -- Added test 'xmllint' to check XML markup files
[3.341s] -- Configuring done
[3.350s] -- Generating done
[3.353s] -- Build files have been written to: /home/adi/hum_rob_ws/build/four_dof_bringup
[3.397s] Invoked command in '/home/adi/hum_rob_ws/build/four_dof_bringup' returned '0': CMAKE_PREFIX_PATH=${CMAKE_PREFIX_PATH}:/home/adi/hum_rob_ws/install/pin_tut:/opt/ros/humble /usr/bin/cmake --build /home/adi/hum_rob_ws/build/four_dof_bringup -- -j16 -l16
[3.454s] Invoking command in '/home/adi/hum_rob_ws/build/four_dof_bringup': CMAKE_PREFIX_PATH=${CMAKE_PREFIX_PATH}:/home/adi/hum_rob_ws/install/pin_tut:/opt/ros/humble /usr/bin/cmake --install /home/adi/hum_rob_ws/build/four_dof_bringup
[3.461s] -- Install configuration: ""
[3.461s] -- Up-to-date: /home/adi/hum_rob_ws/install/four_dof_bringup/share/four_dof_bringup//launch
[3.461s] -- Up-to-date: /home/adi/hum_rob_ws/install/four_dof_bringup/share/four_dof_bringup//launch/four_dof.launch.py
[3.461s] -- Installing: /home/adi/hum_rob_ws/install/four_dof_bringup/share/ament_index/resource_index/package_run_dependencies/four_dof_bringup
[3.461s] -- Up-to-date: /home/adi/hum_rob_ws/install/four_dof_bringup/share/ament_index/resource_index/parent_prefix_path/four_dof_bringup
[3.462s] -- Up-to-date: /home/adi/hum_rob_ws/install/four_dof_bringup/share/four_dof_bringup/environment/ament_prefix_path.sh
[3.462s] -- Installing: /home/adi/hum_rob_ws/install/four_dof_bringup/share/four_dof_bringup/environment/ament_prefix_path.dsv
[3.462s] -- Up-to-date: /home/adi/hum_rob_ws/install/four_dof_bringup/share/four_dof_bringup/environment/path.sh
[3.462s] -- Installing: /home/adi/hum_rob_ws/install/four_dof_bringup/share/four_dof_bringup/environment/path.dsv
[3.462s] -- Up-to-date: /home/adi/hum_rob_ws/install/four_dof_bringup/share/four_dof_bringup/local_setup.bash
[3.462s] -- Up-to-date: /home/adi/hum_rob_ws/install/four_dof_bringup/share/four_dof_bringup/local_setup.sh
[3.462s] -- Up-to-date: /home/adi/hum_rob_ws/install/four_dof_bringup/share/four_dof_bringup/local_setup.zsh
[3.462s] -- Installing: /home/adi/hum_rob_ws/install/four_dof_bringup/share/four_dof_bringup/local_setup.dsv
[3.463s] -- Installing: /home/adi/hum_rob_ws/install/four_dof_bringup/share/four_dof_bringup/package.dsv
[3.463s] -- Up-to-date: /home/adi/hum_rob_ws/install/four_dof_bringup/share/ament_index/resource_index/packages/four_dof_bringup
[3.463s] -- Up-to-date: /home/adi/hum_rob_ws/install/four_dof_bringup/share/four_dof_bringup/cmake/four_dof_bringupConfig.cmake
[3.463s] -- Up-to-date: /home/adi/hum_rob_ws/install/four_dof_bringup/share/four_dof_bringup/cmake/four_dof_bringupConfig-version.cmake
[3.463s] -- Installing: /home/adi/hum_rob_ws/install/four_dof_bringup/share/four_dof_bringup/package.xml
[3.465s] Invoked command in '/home/adi/hum_rob_ws/build/four_dof_bringup' returned '0': CMAKE_PREFIX_PATH=${CMAKE_PREFIX_PATH}:/home/adi/hum_rob_ws/install/pin_tut:/opt/ros/humble /usr/bin/cmake --install /home/adi/hum_rob_ws/build/four_dof_bringup
