[0.023s] Invoking command in '/home/adi/hum_rob_ws/build/six_dof_bringup': CMAKE_PREFIX_PATH=${CMAKE_PREFIX_PATH}:/opt/ros/humble /usr/bin/cmake --build /home/adi/hum_rob_ws/build/six_dof_bringup -- -j16 -l16
[0.046s] -- Found ament_cmake: 1.3.8 (/opt/ros/humble/share/ament_cmake/cmake)
[0.261s] -- Found urdf: 2.6.0 (/opt/ros/humble/share/urdf/cmake)
[0.300s] -- Found xacro: 2.0.8 (/opt/ros/humble/share/xacro/cmake)
[0.300s] -- Found robot_state_publisher: 3.0.3 (/opt/ros/humble/share/robot_state_publisher/cmake)
[0.314s] -- Found rosidl_generator_c: 3.1.5 (/opt/ros/humble/share/rosidl_generator_c/cmake)
[0.316s] -- Found rosidl_adapter: 3.1.5 (/opt/ros/humble/share/rosidl_adapter/cmake)
[0.321s] -- Found rosidl_generator_cpp: 3.1.5 (/opt/ros/humble/share/rosidl_generator_cpp/cmake)
[0.331s] -- Using all available rosidl_typesupport_c: rosidl_typesupport_fastrtps_c;rosidl_typesupport_introspection_c
[0.342s] -- Using all available rosidl_typesupport_cpp: rosidl_typesupport_fastrtps_cpp;rosidl_typesupport_introspection_cpp
[0.443s] -- Found eigen3_cmake_module: 0.1.1 (/opt/ros/humble/share/eigen3_cmake_module/cmake)
[0.444s] -- Ensuring Eigen3 include directory is part of orocos-kdl CMake target
[0.489s] -- Found rmw_implementation_cmake: 6.1.1 (/opt/ros/humble/share/rmw_implementation_cmake/cmake)
[0.490s] -- Found rmw_fastrtps_cpp: 6.2.6 (/opt/ros/humble/share/rmw_fastrtps_cpp/cmake)
[0.516s] -- Found TinyXML2 via Config file: TinyXML2_DIR-NOTFOUND
[0.526s] -- Found TinyXML2 via Config file: TinyXML2_DIR-NOTFOUND
[0.549s] -- Found TinyXML2 via Config file: TinyXML2_DIR-NOTFOUND
[0.562s] -- Found TinyXML2 via Config file: TinyXML2_DIR-NOTFOUND
[0.573s] -- Using RMW implementation 'rmw_fastrtps_cpp' as default
[1.053s] -- Found trajectory_msgs: 4.2.3 (/opt/ros/humble/share/trajectory_msgs/cmake)
[1.122s] -- Found ament_lint_auto: 0.12.10 (/opt/ros/humble/share/ament_lint_auto/cmake)
[1.239s] [31mCMake Error at CMakeLists.txt:28 (amen_target_dependencies):
[1.239s]   Unknown CMake command "amen_target_dependencies".
[1.240s] 
[1.240s] [0m
[1.240s] -- Configuring incomplete, errors occurred!
[1.240s] See also "/home/adi/hum_rob_ws/build/six_dof_bringup/CMakeFiles/CMakeOutput.log".
[1.247s] gmake: *** [Makefile:226: cmake_check_build_system] Error 1
[1.250s] Invoked command in '/home/adi/hum_rob_ws/build/six_dof_bringup' returned '2': CMAKE_PREFIX_PATH=${CMAKE_PREFIX_PATH}:/opt/ros/humble /usr/bin/cmake --build /home/adi/hum_rob_ws/build/six_dof_bringup -- -j16 -l16
