[1.270s] DEBUG:colcon:Command line arguments: ['/usr/bin/colcon', 'build', '--packages-select', 'six_dof']
[1.270s] DEBUG:colcon:Parsed command line arguments: Namespace(log_base=None, log_level=None, verb_name='build', build_base='build', install_base='install', merge_install=False, symlink_install=False, test_result_base=None, continue_on_error=False, executor='parallel', parallel_workers=16, event_handlers=None, ignore_user_meta=False, metas=['./colcon.meta'], base_paths=['.'], packages_ignore=None, packages_ignore_regex=None, paths=None, packages_up_to=None, packages_up_to_regex=None, packages_above=None, packages_above_and_dependencies=None, packages_above_depth=None, packages_select_by_dep=None, packages_skip_by_dep=None, packages_skip_up_to=None, packages_select_build_failed=False, packages_skip_build_finished=False, packages_select_test_failures=False, packages_skip_test_passed=False, packages_select=['six_dof'], packages_skip=None, packages_select_regex=None, packages_skip_regex=None, packages_start=None, packages_end=None, allow_overriding=[], cmake_args=None, cmake_target=None, cmake_target_skip_unavailable=False, cmake_clean_cache=False, cmake_clean_first=False, cmake_force_configure=False, ament_cmake_args=None, catkin_cmake_args=None, catkin_skip_building_tests=False, verb_parser=<colcon_defaults.argument_parser.defaults.DefaultArgumentsDecorator object at 0x7f99be2f9de0>, verb_extension=<colcon_core.verb.build.BuildVerb object at 0x7f99be2c5ab0>, main=<bound method BuildVerb.main of <colcon_core.verb.build.BuildVerb object at 0x7f99be2c5ab0>>)
[1.330s] Level 1:colcon.colcon_core.package_discovery:discover_packages(colcon_meta) check parameters
[1.330s] Level 1:colcon.colcon_core.package_discovery:discover_packages(recursive) check parameters
[1.330s] Level 1:colcon.colcon_core.package_discovery:discover_packages(ignore) check parameters
[1.330s] Level 1:colcon.colcon_core.package_discovery:discover_packages(path) check parameters
[1.330s] Level 1:colcon.colcon_core.package_discovery:discover_packages(colcon_meta) discover
[1.330s] Level 1:colcon.colcon_core.package_discovery:discover_packages(recursive) discover
[1.331s] INFO:colcon.colcon_core.package_discovery:Crawling recursively for packages in '/home/adi/hum_rob_ws/src/six_dof'
[1.331s] Level 1:colcon.colcon_core.package_identification:_identify(.) by extensions ['ignore', 'ignore_ament_install']
[1.331s] Level 1:colcon.colcon_core.package_identification:_identify(.) by extension 'ignore'
[1.331s] Level 1:colcon.colcon_core.package_identification:_identify(.) by extension 'ignore_ament_install'
[1.331s] Level 1:colcon.colcon_core.package_identification:_identify(.) by extensions ['colcon_pkg']
[1.331s] Level 1:colcon.colcon_core.package_identification:_identify(.) by extension 'colcon_pkg'
[1.331s] Level 1:colcon.colcon_core.package_identification:_identify(.) by extensions ['colcon_meta']
[1.331s] Level 1:colcon.colcon_core.package_identification:_identify(.) by extension 'colcon_meta'
[1.331s] Level 1:colcon.colcon_core.package_identification:_identify(.) by extensions ['ros']
[1.331s] Level 1:colcon.colcon_core.package_identification:_identify(.) by extension 'ros'
[1.344s] DEBUG:colcon.colcon_core.package_identification:Package '.' with type 'ros.ament_cmake' and name 'six_dof'
[1.344s] Level 1:colcon.colcon_core.package_discovery:discover_packages(recursive) using defaults
[1.344s] Level 1:colcon.colcon_core.package_discovery:discover_packages(ignore) discover
[1.344s] Level 1:colcon.colcon_core.package_discovery:discover_packages(ignore) using defaults
[1.344s] Level 1:colcon.colcon_core.package_discovery:discover_packages(path) discover
[1.344s] Level 1:colcon.colcon_core.package_discovery:discover_packages(path) using defaults
[1.454s] Level 1:colcon.colcon_core.package_discovery:discover_packages(prefix_path) check parameters
[1.454s] Level 1:colcon.colcon_core.package_discovery:discover_packages(prefix_path) discover
[1.494s] DEBUG:colcon.colcon_installed_package_information.package_discovery:Found 3 installed packages in /home/adi/hum_rob_ws/install
[1.515s] DEBUG:colcon.colcon_installed_package_information.package_discovery:Found 386 installed packages in /opt/ros/humble
[1.517s] Level 1:colcon.colcon_core.package_discovery:discover_packages(prefix_path) using defaults
[1.613s] Level 5:colcon.colcon_core.verb:set package 'six_dof' build argument 'cmake_args' from command line to 'None'
[1.613s] Level 5:colcon.colcon_core.verb:set package 'six_dof' build argument 'cmake_target' from command line to 'None'
[1.613s] Level 5:colcon.colcon_core.verb:set package 'six_dof' build argument 'cmake_target_skip_unavailable' from command line to 'False'
[1.613s] Level 5:colcon.colcon_core.verb:set package 'six_dof' build argument 'cmake_clean_cache' from command line to 'False'
[1.613s] Level 5:colcon.colcon_core.verb:set package 'six_dof' build argument 'cmake_clean_first' from command line to 'False'
[1.614s] Level 5:colcon.colcon_core.verb:set package 'six_dof' build argument 'cmake_force_configure' from command line to 'False'
[1.614s] Level 5:colcon.colcon_core.verb:set package 'six_dof' build argument 'ament_cmake_args' from command line to 'None'
[1.614s] Level 5:colcon.colcon_core.verb:set package 'six_dof' build argument 'catkin_cmake_args' from command line to 'None'
[1.614s] Level 5:colcon.colcon_core.verb:set package 'six_dof' build argument 'catkin_skip_building_tests' from command line to 'False'
[1.614s] DEBUG:colcon.colcon_core.verb:Building package 'six_dof' with the following arguments: {'ament_cmake_args': None, 'build_base': '/home/adi/hum_rob_ws/src/six_dof/build/six_dof', 'catkin_cmake_args': None, 'catkin_skip_building_tests': False, 'cmake_args': None, 'cmake_clean_cache': False, 'cmake_clean_first': False, 'cmake_force_configure': False, 'cmake_target': None, 'cmake_target_skip_unavailable': False, 'install_base': '/home/adi/hum_rob_ws/src/six_dof/install/six_dof', 'merge_install': False, 'path': '/home/adi/hum_rob_ws/src/six_dof', 'symlink_install': False, 'test_result_base': None}
[1.632s] INFO:colcon.colcon_core.executor:Executing jobs using 'parallel' executor
[1.652s] DEBUG:colcon.colcon_parallel_executor.executor.parallel:run_until_complete
[1.652s] INFO:colcon.colcon_ros.task.ament_cmake.build:Building ROS package in '/home/adi/hum_rob_ws/src/six_dof' with build type 'ament_cmake'
[1.652s] INFO:colcon.colcon_cmake.task.cmake.build:Building CMake package in '/home/adi/hum_rob_ws/src/six_dof'
[1.673s] INFO:colcon.colcon_core.plugin_system:Skipping extension 'colcon_core.shell.bat': Not used on non-Windows systems
[1.673s] INFO:colcon.colcon_core.shell:Skip shell extension 'powershell' for command environment: Not usable outside of PowerShell
[1.673s] DEBUG:colcon.colcon_core.shell:Skip shell extension 'dsv' for command environment
[1.742s] DEBUG:colcon.colcon_core.event_handler.log_command:Invoking command in '/home/adi/hum_rob_ws/src/six_dof/build/six_dof': CMAKE_PREFIX_PATH=${CMAKE_PREFIX_PATH}:/opt/ros/humble /usr/bin/cmake /home/adi/hum_rob_ws/src/six_dof -DCMAKE_INSTALL_PREFIX=/home/adi/hum_rob_ws/src/six_dof/install/six_dof
[4.087s] DEBUG:colcon.colcon_core.event_handler.log_command:Invoked command in '/home/adi/hum_rob_ws/src/six_dof/build/six_dof' returned '0': CMAKE_PREFIX_PATH=${CMAKE_PREFIX_PATH}:/opt/ros/humble /usr/bin/cmake /home/adi/hum_rob_ws/src/six_dof -DCMAKE_INSTALL_PREFIX=/home/adi/hum_rob_ws/src/six_dof/install/six_dof
[4.091s] DEBUG:colcon.colcon_core.event_handler.log_command:Invoking command in '/home/adi/hum_rob_ws/src/six_dof/build/six_dof': CMAKE_PREFIX_PATH=${CMAKE_PREFIX_PATH}:/opt/ros/humble /usr/bin/cmake --build /home/adi/hum_rob_ws/src/six_dof/build/six_dof -- -j16 -l16
[32.512s] DEBUG:colcon.colcon_core.event_handler.log_command:Invoked command in '/home/adi/hum_rob_ws/src/six_dof/build/six_dof' returned '0': CMAKE_PREFIX_PATH=${CMAKE_PREFIX_PATH}:/opt/ros/humble /usr/bin/cmake --build /home/adi/hum_rob_ws/src/six_dof/build/six_dof -- -j16 -l16
[32.585s] DEBUG:colcon.colcon_core.event_handler.log_command:Invoking command in '/home/adi/hum_rob_ws/src/six_dof/build/six_dof': CMAKE_PREFIX_PATH=${CMAKE_PREFIX_PATH}:/opt/ros/humble /usr/bin/cmake --install /home/adi/hum_rob_ws/src/six_dof/build/six_dof
[32.871s] Level 1:colcon.colcon_core.environment:create_environment_scripts_only(six_dof)
[32.872s] DEBUG:colcon.colcon_core.event_handler.log_command:Invoked command in '/home/adi/hum_rob_ws/src/six_dof/build/six_dof' returned '0': CMAKE_PREFIX_PATH=${CMAKE_PREFIX_PATH}:/opt/ros/humble /usr/bin/cmake --install /home/adi/hum_rob_ws/src/six_dof/build/six_dof
[32.928s] Level 1:colcon.colcon_core.environment:checking '/home/adi/hum_rob_ws/src/six_dof/install/six_dof' for CMake module files
[32.929s] Level 1:colcon.colcon_core.environment:checking '/home/adi/hum_rob_ws/src/six_dof/install/six_dof' for CMake config files
[32.930s] Level 1:colcon.colcon_core.shell:create_environment_hook('six_dof', 'cmake_prefix_path')
[32.965s] INFO:colcon.colcon_core.shell:Creating environment hook '/home/adi/hum_rob_ws/src/six_dof/install/six_dof/share/six_dof/hook/cmake_prefix_path.ps1'
[32.966s] INFO:colcon.colcon_core.shell:Creating environment descriptor '/home/adi/hum_rob_ws/src/six_dof/install/six_dof/share/six_dof/hook/cmake_prefix_path.dsv'
[32.966s] INFO:colcon.colcon_core.shell:Creating environment hook '/home/adi/hum_rob_ws/src/six_dof/install/six_dof/share/six_dof/hook/cmake_prefix_path.sh'
[32.967s] Level 1:colcon.colcon_core.environment:checking '/home/adi/hum_rob_ws/src/six_dof/install/six_dof/lib'
[32.967s] Level 1:colcon.colcon_core.environment:checking '/home/adi/hum_rob_ws/src/six_dof/install/six_dof/bin'
[32.967s] Level 1:colcon.colcon_core.environment:checking '/home/adi/hum_rob_ws/src/six_dof/install/six_dof/lib/pkgconfig/six_dof.pc'
[32.967s] Level 1:colcon.colcon_core.environment:checking '/home/adi/hum_rob_ws/src/six_dof/install/six_dof/lib/python3.10/site-packages'
[32.967s] Level 1:colcon.colcon_core.environment:checking '/home/adi/hum_rob_ws/src/six_dof/install/six_dof/bin'
[32.986s] INFO:colcon.colcon_core.shell:Creating package script '/home/adi/hum_rob_ws/src/six_dof/install/six_dof/share/six_dof/package.ps1'
[32.987s] INFO:colcon.colcon_core.shell:Creating package descriptor '/home/adi/hum_rob_ws/src/six_dof/install/six_dof/share/six_dof/package.dsv'
[32.987s] INFO:colcon.colcon_core.shell:Creating package script '/home/adi/hum_rob_ws/src/six_dof/install/six_dof/share/six_dof/package.sh'
[32.987s] INFO:colcon.colcon_core.shell:Creating package script '/home/adi/hum_rob_ws/src/six_dof/install/six_dof/share/six_dof/package.bash'
[32.988s] INFO:colcon.colcon_core.shell:Creating package script '/home/adi/hum_rob_ws/src/six_dof/install/six_dof/share/six_dof/package.zsh'
[32.988s] Level 1:colcon.colcon_core.environment:create_file_with_runtime_dependencies(/home/adi/hum_rob_ws/src/six_dof/install/six_dof/share/colcon-core/packages/six_dof)
[33.085s] Level 1:colcon.colcon_core.environment:create_environment_scripts_only(six_dof)
[33.119s] Level 1:colcon.colcon_core.environment:checking '/home/adi/hum_rob_ws/src/six_dof/install/six_dof' for CMake module files
[33.119s] Level 1:colcon.colcon_core.environment:checking '/home/adi/hum_rob_ws/src/six_dof/install/six_dof' for CMake config files
[33.120s] Level 1:colcon.colcon_core.shell:create_environment_hook('six_dof', 'cmake_prefix_path')
[33.138s] INFO:colcon.colcon_core.shell:Creating environment hook '/home/adi/hum_rob_ws/src/six_dof/install/six_dof/share/six_dof/hook/cmake_prefix_path.ps1'
[33.138s] INFO:colcon.colcon_core.shell:Creating environment descriptor '/home/adi/hum_rob_ws/src/six_dof/install/six_dof/share/six_dof/hook/cmake_prefix_path.dsv'
[33.139s] INFO:colcon.colcon_core.shell:Creating environment hook '/home/adi/hum_rob_ws/src/six_dof/install/six_dof/share/six_dof/hook/cmake_prefix_path.sh'
[33.139s] Level 1:colcon.colcon_core.environment:checking '/home/adi/hum_rob_ws/src/six_dof/install/six_dof/lib'
[33.139s] Level 1:colcon.colcon_core.environment:checking '/home/adi/hum_rob_ws/src/six_dof/install/six_dof/bin'
[33.139s] Level 1:colcon.colcon_core.environment:checking '/home/adi/hum_rob_ws/src/six_dof/install/six_dof/lib/pkgconfig/six_dof.pc'
[33.139s] Level 1:colcon.colcon_core.environment:checking '/home/adi/hum_rob_ws/src/six_dof/install/six_dof/lib/python3.10/site-packages'
[33.139s] Level 1:colcon.colcon_core.environment:checking '/home/adi/hum_rob_ws/src/six_dof/install/six_dof/bin'
[33.158s] INFO:colcon.colcon_core.shell:Creating package script '/home/adi/hum_rob_ws/src/six_dof/install/six_dof/share/six_dof/package.ps1'
[33.159s] INFO:colcon.colcon_core.shell:Creating package descriptor '/home/adi/hum_rob_ws/src/six_dof/install/six_dof/share/six_dof/package.dsv'
[33.159s] INFO:colcon.colcon_core.shell:Creating package script '/home/adi/hum_rob_ws/src/six_dof/install/six_dof/share/six_dof/package.sh'
[33.159s] INFO:colcon.colcon_core.shell:Creating package script '/home/adi/hum_rob_ws/src/six_dof/install/six_dof/share/six_dof/package.bash'
[33.160s] INFO:colcon.colcon_core.shell:Creating package script '/home/adi/hum_rob_ws/src/six_dof/install/six_dof/share/six_dof/package.zsh'
[33.160s] Level 1:colcon.colcon_core.environment:create_file_with_runtime_dependencies(/home/adi/hum_rob_ws/src/six_dof/install/six_dof/share/colcon-core/packages/six_dof)
[33.160s] DEBUG:colcon.colcon_parallel_executor.executor.parallel:closing loop
[33.160s] DEBUG:colcon.colcon_parallel_executor.executor.parallel:loop closed
[33.160s] DEBUG:colcon.colcon_parallel_executor.executor.parallel:run_until_complete finished with '0'
[33.160s] DEBUG:colcon.colcon_core.event_reactor:joining thread
[33.223s] INFO:colcon.colcon_core.plugin_system:Skipping extension 'colcon_notification.desktop_notification.terminal_notifier': Not used on non-Darwin systems
[33.223s] INFO:colcon.colcon_core.plugin_system:Skipping extension 'colcon_notification.desktop_notification.win32': Not used on non-Windows systems
[33.223s] INFO:colcon.colcon_notification.desktop_notification:Sending desktop notification using 'notify2'
[33.242s] DEBUG:colcon.colcon_core.event_reactor:joined thread
[33.264s] INFO:colcon.colcon_core.shell:Creating prefix script '/home/adi/hum_rob_ws/src/six_dof/install/local_setup.ps1'
[33.265s] INFO:colcon.colcon_core.shell:Creating prefix util module '/home/adi/hum_rob_ws/src/six_dof/install/_local_setup_util_ps1.py'
[33.266s] INFO:colcon.colcon_core.shell:Creating prefix chain script '/home/adi/hum_rob_ws/src/six_dof/install/setup.ps1'
[33.285s] INFO:colcon.colcon_core.shell:Creating prefix script '/home/adi/hum_rob_ws/src/six_dof/install/local_setup.sh'
[33.285s] INFO:colcon.colcon_core.shell:Creating prefix util module '/home/adi/hum_rob_ws/src/six_dof/install/_local_setup_util_sh.py'
[33.286s] INFO:colcon.colcon_core.shell:Creating prefix chain script '/home/adi/hum_rob_ws/src/six_dof/install/setup.sh'
[33.305s] INFO:colcon.colcon_core.shell:Creating prefix script '/home/adi/hum_rob_ws/src/six_dof/install/local_setup.bash'
[33.306s] INFO:colcon.colcon_core.shell:Creating prefix chain script '/home/adi/hum_rob_ws/src/six_dof/install/setup.bash'
[33.325s] INFO:colcon.colcon_core.shell:Creating prefix script '/home/adi/hum_rob_ws/src/six_dof/install/local_setup.zsh'
[33.326s] INFO:colcon.colcon_core.shell:Creating prefix chain script '/home/adi/hum_rob_ws/src/six_dof/install/setup.zsh'
