[0.087s] Invoking command in '/home/adi/hum_rob_ws/build/four_dof_bringup': CMAKE_PREFIX_PATH=${CMAKE_PREFIX_PATH}:/home/adi/hum_rob_ws/install/pin_tut:/opt/ros/humble /usr/bin/cmake --build /home/adi/hum_rob_ws/build/four_dof_bringup -- -j16 -l16
[0.142s] -- Found ament_cmake: 1.3.5 (/opt/ros/humble/share/ament_cmake/cmake)
[0.537s] -- Found urdf: 2.6.0 (/opt/ros/humble/share/urdf/cmake)
[0.576s] -- Found xacro: 2.0.8 (/opt/ros/humble/share/xacro/cmake)
[0.576s] -- Found robot_state_publisher: 3.0.2 (/opt/ros/humble/share/robot_state_publisher/cmake)
[0.589s] -- Found rosidl_generator_c: 3.1.5 (/opt/ros/humble/share/rosidl_generator_c/cmake)
[0.591s] -- Found rosidl_adapter: 3.1.5 (/opt/ros/humble/share/rosidl_adapter/cmake)
[0.597s] -- Found rosidl_generator_cpp: 3.1.5 (/opt/ros/humble/share/rosidl_generator_cpp/cmake)
[0.607s] -- Using all available rosidl_typesupport_c: rosidl_typesupport_fastrtps_c;rosidl_typesupport_introspection_c
[0.619s] -- Using all available rosidl_typesupport_cpp: rosidl_typesupport_fastrtps_cpp;rosidl_typesupport_introspection_cpp
[0.721s] -- Found eigen3_cmake_module: 0.1.1 (/opt/ros/humble/share/eigen3_cmake_module/cmake)
[0.722s] -- Ensuring Eigen3 include directory is part of orocos-kdl CMake target
[0.767s] -- Found rmw_implementation_cmake: 6.1.1 (/opt/ros/humble/share/rmw_implementation_cmake/cmake)
[0.768s] -- Found rmw_fastrtps_cpp: 6.2.4 (/opt/ros/humble/share/rmw_fastrtps_cpp/cmake)
[0.913s] -- Using RMW implementation 'rmw_fastrtps_cpp' as default
[1.433s] -- Found ament_lint_auto: 0.12.8 (/opt/ros/humble/share/ament_lint_auto/cmake)
[1.527s] -- Added test 'flake8' to check Python code syntax and style conventions
[1.527s] -- Added test 'lint_cmake' to check CMake code style
[1.527s] -- Added test 'pep257' to check Python code against some of the docstring style conventions in PEP 257
[1.529s] -- Added test 'xmllint' to check XML markup files
[1.530s] -- Configuring done
[1.537s] -- Generating done
[1.539s] -- Build files have been written to: /home/adi/hum_rob_ws/build/four_dof_bringup
[1.570s] Invoked command in '/home/adi/hum_rob_ws/build/four_dof_bringup' returned '0': CMAKE_PREFIX_PATH=${CMAKE_PREFIX_PATH}:/home/adi/hum_rob_ws/install/pin_tut:/opt/ros/humble /usr/bin/cmake --build /home/adi/hum_rob_ws/build/four_dof_bringup -- -j16 -l16
[1.642s] Invoking command in '/home/adi/hum_rob_ws/build/four_dof_bringup': CMAKE_PREFIX_PATH=${CMAKE_PREFIX_PATH}:/home/adi/hum_rob_ws/install/pin_tut:/opt/ros/humble /usr/bin/cmake --install /home/adi/hum_rob_ws/build/four_dof_bringup
[1.660s] -- Install configuration: ""
[1.660s] -- Installing: /home/adi/hum_rob_ws/install/four_dof_bringup/share/four_dof_bringup//launch
[1.660s] -- Installing: /home/adi/hum_rob_ws/install/four_dof_bringup/share/four_dof_bringup//launch/four_dof.launch.py
[1.660s] -- Up-to-date: /home/adi/hum_rob_ws/install/four_dof_bringup/share/ament_index/resource_index/package_run_dependencies/four_dof_bringup
[1.661s] -- Installing: /home/adi/hum_rob_ws/install/four_dof_bringup/share/ament_index/resource_index/parent_prefix_path/four_dof_bringup
[1.661s] -- Up-to-date: /home/adi/hum_rob_ws/install/four_dof_bringup/share/four_dof_bringup/environment/ament_prefix_path.sh
[1.661s] -- Installing: /home/adi/hum_rob_ws/install/four_dof_bringup/share/four_dof_bringup/environment/ament_prefix_path.dsv
[1.661s] -- Up-to-date: /home/adi/hum_rob_ws/install/four_dof_bringup/share/four_dof_bringup/environment/path.sh
[1.661s] -- Installing: /home/adi/hum_rob_ws/install/four_dof_bringup/share/four_dof_bringup/environment/path.dsv
[1.662s] -- Up-to-date: /home/adi/hum_rob_ws/install/four_dof_bringup/share/four_dof_bringup/local_setup.bash
[1.662s] -- Up-to-date: /home/adi/hum_rob_ws/install/four_dof_bringup/share/four_dof_bringup/local_setup.sh
[1.662s] -- Up-to-date: /home/adi/hum_rob_ws/install/four_dof_bringup/share/four_dof_bringup/local_setup.zsh
[1.662s] -- Installing: /home/adi/hum_rob_ws/install/four_dof_bringup/share/four_dof_bringup/local_setup.dsv
[1.662s] -- Installing: /home/adi/hum_rob_ws/install/four_dof_bringup/share/four_dof_bringup/package.dsv
[1.663s] -- Up-to-date: /home/adi/hum_rob_ws/install/four_dof_bringup/share/ament_index/resource_index/packages/four_dof_bringup
[1.663s] -- Up-to-date: /home/adi/hum_rob_ws/install/four_dof_bringup/share/four_dof_bringup/cmake/four_dof_bringupConfig.cmake
[1.663s] -- Up-to-date: /home/adi/hum_rob_ws/install/four_dof_bringup/share/four_dof_bringup/cmake/four_dof_bringupConfig-version.cmake
[1.663s] -- Up-to-date: /home/adi/hum_rob_ws/install/four_dof_bringup/share/four_dof_bringup/package.xml
[1.669s] Invoked command in '/home/adi/hum_rob_ws/build/four_dof_bringup' returned '0': CMAKE_PREFIX_PATH=${CMAKE_PREFIX_PATH}:/home/adi/hum_rob_ws/install/pin_tut:/opt/ros/humble /usr/bin/cmake --install /home/adi/hum_rob_ws/build/four_dof_bringup
