[1.280s] DEBUG:colcon:Command line arguments: ['/usr/bin/colcon', 'build', '--packages-select', 'six_d0f']
[1.280s] DEBUG:colcon:Parsed command line arguments: Namespace(log_base=None, log_level=None, verb_name='build', build_base='build', install_base='install', merge_install=False, symlink_install=False, test_result_base=None, continue_on_error=False, executor='parallel', parallel_workers=16, event_handlers=None, ignore_user_meta=False, metas=['./colcon.meta'], base_paths=['.'], packages_ignore=None, packages_ignore_regex=None, paths=None, packages_up_to=None, packages_up_to_regex=None, packages_above=None, packages_above_and_dependencies=None, packages_above_depth=None, packages_select_by_dep=None, packages_skip_by_dep=None, packages_skip_up_to=None, packages_select_build_failed=False, packages_skip_build_finished=False, packages_select_test_failures=False, packages_skip_test_passed=False, packages_select=['six_d0f'], packages_skip=None, packages_select_regex=None, packages_skip_regex=None, packages_start=None, packages_end=None, allow_overriding=[], cmake_args=None, cmake_target=None, cmake_target_skip_unavailable=False, cmake_clean_cache=False, cmake_clean_first=False, cmake_force_configure=False, ament_cmake_args=None, catkin_cmake_args=None, catkin_skip_building_tests=False, verb_parser=<colcon_defaults.argument_parser.defaults.DefaultArgumentsDecorator object at 0x7f56143f5c60>, verb_extension=<colcon_core.verb.build.BuildVerb object at 0x7f56143bdae0>, main=<bound method BuildVerb.main of <colcon_core.verb.build.BuildVerb object at 0x7f56143bdae0>>)
[1.337s] Level 1:colcon.colcon_core.package_discovery:discover_packages(colcon_meta) check parameters
[1.337s] Level 1:colcon.colcon_core.package_discovery:discover_packages(recursive) check parameters
[1.337s] Level 1:colcon.colcon_core.package_discovery:discover_packages(ignore) check parameters
[1.337s] Level 1:colcon.colcon_core.package_discovery:discover_packages(path) check parameters
[1.337s] Level 1:colcon.colcon_core.package_discovery:discover_packages(colcon_meta) discover
[1.337s] Level 1:colcon.colcon_core.package_discovery:discover_packages(recursive) discover
[1.337s] INFO:colcon.colcon_core.package_discovery:Crawling recursively for packages in '/home/adi/hum_rob_ws'
[1.337s] Level 1:colcon.colcon_core.package_identification:_identify(.) by extensions ['ignore', 'ignore_ament_install']
[1.338s] Level 1:colcon.colcon_core.package_identification:_identify(.) by extension 'ignore'
[1.338s] Level 1:colcon.colcon_core.package_identification:_identify(.) by extension 'ignore_ament_install'
[1.338s] Level 1:colcon.colcon_core.package_identification:_identify(.) by extensions ['colcon_pkg']
[1.338s] Level 1:colcon.colcon_core.package_identification:_identify(.) by extension 'colcon_pkg'
[1.338s] Level 1:colcon.colcon_core.package_identification:_identify(.) by extensions ['colcon_meta']
[1.338s] Level 1:colcon.colcon_core.package_identification:_identify(.) by extension 'colcon_meta'
[1.338s] Level 1:colcon.colcon_core.package_identification:_identify(.) by extensions ['ros']
[1.338s] Level 1:colcon.colcon_core.package_identification:_identify(.) by extension 'ros'
[1.348s] Level 1:colcon.colcon_core.package_identification:_identify(.) by extensions ['cmake', 'python']
[1.349s] Level 1:colcon.colcon_core.package_identification:_identify(.) by extension 'cmake'
[1.349s] Level 1:colcon.colcon_core.package_identification:_identify(.) by extension 'python'
[1.349s] Level 1:colcon.colcon_core.package_identification:_identify(.) by extensions ['python_setup_py']
[1.349s] Level 1:colcon.colcon_core.package_identification:_identify(.) by extension 'python_setup_py'
[1.349s] Level 1:colcon.colcon_core.package_identification:_identify(build) by extensions ['ignore', 'ignore_ament_install']
[1.349s] Level 1:colcon.colcon_core.package_identification:_identify(build) by extension 'ignore'
[1.349s] Level 1:colcon.colcon_core.package_identification:_identify(build) ignored
[1.349s] Level 1:colcon.colcon_core.package_identification:_identify(install) by extensions ['ignore', 'ignore_ament_install']
[1.349s] Level 1:colcon.colcon_core.package_identification:_identify(install) by extension 'ignore'
[1.349s] Level 1:colcon.colcon_core.package_identification:_identify(install) ignored
[1.350s] Level 1:colcon.colcon_core.package_identification:_identify(log) by extensions ['ignore', 'ignore_ament_install']
[1.350s] Level 1:colcon.colcon_core.package_identification:_identify(log) by extension 'ignore'
[1.350s] Level 1:colcon.colcon_core.package_identification:_identify(log) ignored
[1.350s] Level 1:colcon.colcon_core.package_identification:_identify(src) by extensions ['ignore', 'ignore_ament_install']
[1.350s] Level 1:colcon.colcon_core.package_identification:_identify(src) by extension 'ignore'
[1.350s] Level 1:colcon.colcon_core.package_identification:_identify(src) by extension 'ignore_ament_install'
[1.350s] Level 1:colcon.colcon_core.package_identification:_identify(src) by extensions ['colcon_pkg']
[1.350s] Level 1:colcon.colcon_core.package_identification:_identify(src) by extension 'colcon_pkg'
[1.350s] Level 1:colcon.colcon_core.package_identification:_identify(src) by extensions ['colcon_meta']
[1.350s] Level 1:colcon.colcon_core.package_identification:_identify(src) by extension 'colcon_meta'
[1.350s] Level 1:colcon.colcon_core.package_identification:_identify(src) by extensions ['ros']
[1.350s] Level 1:colcon.colcon_core.package_identification:_identify(src) by extension 'ros'
[1.350s] Level 1:colcon.colcon_core.package_identification:_identify(src) by extensions ['cmake', 'python']
[1.350s] Level 1:colcon.colcon_core.package_identification:_identify(src) by extension 'cmake'
[1.350s] Level 1:colcon.colcon_core.package_identification:_identify(src) by extension 'python'
[1.350s] Level 1:colcon.colcon_core.package_identification:_identify(src) by extensions ['python_setup_py']
[1.350s] Level 1:colcon.colcon_core.package_identification:_identify(src) by extension 'python_setup_py'
[1.350s] Level 1:colcon.colcon_core.package_identification:_identify(src/build) by extensions ['ignore', 'ignore_ament_install']
[1.350s] Level 1:colcon.colcon_core.package_identification:_identify(src/build) by extension 'ignore'
[1.350s] Level 1:colcon.colcon_core.package_identification:_identify(src/build) ignored
[1.351s] Level 1:colcon.colcon_core.package_identification:_identify(src/four_dof) by extensions ['ignore', 'ignore_ament_install']
[1.351s] Level 1:colcon.colcon_core.package_identification:_identify(src/four_dof) by extension 'ignore'
[1.351s] Level 1:colcon.colcon_core.package_identification:_identify(src/four_dof) by extension 'ignore_ament_install'
[1.351s] Level 1:colcon.colcon_core.package_identification:_identify(src/four_dof) by extensions ['colcon_pkg']
[1.351s] Level 1:colcon.colcon_core.package_identification:_identify(src/four_dof) by extension 'colcon_pkg'
[1.351s] Level 1:colcon.colcon_core.package_identification:_identify(src/four_dof) by extensions ['colcon_meta']
[1.351s] Level 1:colcon.colcon_core.package_identification:_identify(src/four_dof) by extension 'colcon_meta'
[1.351s] Level 1:colcon.colcon_core.package_identification:_identify(src/four_dof) by extensions ['ros']
[1.351s] Level 1:colcon.colcon_core.package_identification:_identify(src/four_dof) by extension 'ros'
[1.353s] DEBUG:colcon.colcon_core.package_identification:Package 'src/four_dof' with type 'ros.ament_cmake' and name 'four_dof'
[1.353s] Level 1:colcon.colcon_core.package_identification:_identify(src/four_dof_bringup) by extensions ['ignore', 'ignore_ament_install']
[1.353s] Level 1:colcon.colcon_core.package_identification:_identify(src/four_dof_bringup) by extension 'ignore'
[1.353s] Level 1:colcon.colcon_core.package_identification:_identify(src/four_dof_bringup) by extension 'ignore_ament_install'
[1.353s] Level 1:colcon.colcon_core.package_identification:_identify(src/four_dof_bringup) by extensions ['colcon_pkg']
[1.353s] Level 1:colcon.colcon_core.package_identification:_identify(src/four_dof_bringup) by extension 'colcon_pkg'
[1.353s] Level 1:colcon.colcon_core.package_identification:_identify(src/four_dof_bringup) by extensions ['colcon_meta']
[1.353s] Level 1:colcon.colcon_core.package_identification:_identify(src/four_dof_bringup) by extension 'colcon_meta'
[1.353s] Level 1:colcon.colcon_core.package_identification:_identify(src/four_dof_bringup) by extensions ['ros']
[1.353s] Level 1:colcon.colcon_core.package_identification:_identify(src/four_dof_bringup) by extension 'ros'
[1.354s] DEBUG:colcon.colcon_core.package_identification:Package 'src/four_dof_bringup' with type 'ros.ament_cmake' and name 'four_dof_bringup'
[1.354s] Level 1:colcon.colcon_core.package_identification:_identify(src/install) by extensions ['ignore', 'ignore_ament_install']
[1.354s] Level 1:colcon.colcon_core.package_identification:_identify(src/install) by extension 'ignore'
[1.354s] Level 1:colcon.colcon_core.package_identification:_identify(src/install) ignored
[1.354s] Level 1:colcon.colcon_core.package_identification:_identify(src/log) by extensions ['ignore', 'ignore_ament_install']
[1.354s] Level 1:colcon.colcon_core.package_identification:_identify(src/log) by extension 'ignore'
[1.354s] Level 1:colcon.colcon_core.package_identification:_identify(src/log) ignored
[1.354s] Level 1:colcon.colcon_core.package_identification:_identify(src/six_dof) by extensions ['ignore', 'ignore_ament_install']
[1.354s] Level 1:colcon.colcon_core.package_identification:_identify(src/six_dof) by extension 'ignore'
[1.354s] Level 1:colcon.colcon_core.package_identification:_identify(src/six_dof) by extension 'ignore_ament_install'
[1.354s] Level 1:colcon.colcon_core.package_identification:_identify(src/six_dof) by extensions ['colcon_pkg']
[1.354s] Level 1:colcon.colcon_core.package_identification:_identify(src/six_dof) by extension 'colcon_pkg'
[1.354s] Level 1:colcon.colcon_core.package_identification:_identify(src/six_dof) by extensions ['colcon_meta']
[1.354s] Level 1:colcon.colcon_core.package_identification:_identify(src/six_dof) by extension 'colcon_meta'
[1.354s] Level 1:colcon.colcon_core.package_identification:_identify(src/six_dof) by extensions ['ros']
[1.354s] Level 1:colcon.colcon_core.package_identification:_identify(src/six_dof) by extension 'ros'
[1.355s] DEBUG:colcon.colcon_core.package_identification:Package 'src/six_dof' with type 'ros.ament_cmake' and name 'six_dof'
[1.355s] Level 1:colcon.colcon_core.package_discovery:discover_packages(recursive) using defaults
[1.355s] Level 1:colcon.colcon_core.package_discovery:discover_packages(ignore) discover
[1.355s] Level 1:colcon.colcon_core.package_discovery:discover_packages(ignore) using defaults
[1.355s] Level 1:colcon.colcon_core.package_discovery:discover_packages(path) discover
[1.355s] Level 1:colcon.colcon_core.package_discovery:discover_packages(path) using defaults
[1.374s] WARNING:colcon.colcon_core.package_selection:ignoring unknown package 'six_d0f' in --packages-select
[1.431s] INFO:colcon.colcon_core.package_selection:Skipping not selected package 'four_dof' in 'src/four_dof'
[1.431s] INFO:colcon.colcon_core.package_selection:Skipping not selected package 'four_dof_bringup' in 'src/four_dof_bringup'
[1.431s] INFO:colcon.colcon_core.package_selection:Skipping not selected package 'six_dof' in 'src/six_dof'
[1.467s] Level 1:colcon.colcon_core.package_discovery:discover_packages(prefix_path) check parameters
[1.467s] Level 1:colcon.colcon_core.package_discovery:discover_packages(prefix_path) discover
[1.507s] DEBUG:colcon.colcon_installed_package_information.package_discovery:Found 386 installed packages in /opt/ros/humble
[1.508s] Level 1:colcon.colcon_core.package_discovery:discover_packages(prefix_path) using defaults
[1.600s] INFO:colcon.colcon_core.executor:Executing jobs using 'parallel' executor
[1.619s] DEBUG:colcon.colcon_parallel_executor.executor.parallel:run_until_complete
[1.619s] DEBUG:colcon.colcon_parallel_executor.executor.parallel:closing loop
[1.619s] DEBUG:colcon.colcon_parallel_executor.executor.parallel:loop closed
[1.619s] DEBUG:colcon.colcon_parallel_executor.executor.parallel:run_until_complete finished with '0'
[1.619s] DEBUG:colcon.colcon_core.event_reactor:joining thread
[1.677s] INFO:colcon.colcon_core.plugin_system:Skipping extension 'colcon_notification.desktop_notification.terminal_notifier': Not used on non-Darwin systems
[1.678s] INFO:colcon.colcon_core.plugin_system:Skipping extension 'colcon_notification.desktop_notification.win32': Not used on non-Windows systems
[1.678s] INFO:colcon.colcon_notification.desktop_notification:Sending desktop notification using 'notify2'
[1.702s] DEBUG:colcon.colcon_core.event_reactor:joined thread
[1.724s] INFO:colcon.colcon_core.plugin_system:Skipping extension 'colcon_core.shell.bat': Not used on non-Windows systems
[1.724s] INFO:colcon.colcon_core.shell:Creating prefix script '/home/adi/hum_rob_ws/install/local_setup.ps1'
[1.725s] INFO:colcon.colcon_core.shell:Creating prefix util module '/home/adi/hum_rob_ws/install/_local_setup_util_ps1.py'
[1.726s] INFO:colcon.colcon_core.shell:Creating prefix chain script '/home/adi/hum_rob_ws/install/setup.ps1'
[1.745s] INFO:colcon.colcon_core.shell:Creating prefix script '/home/adi/hum_rob_ws/install/local_setup.sh'
[1.745s] INFO:colcon.colcon_core.shell:Creating prefix util module '/home/adi/hum_rob_ws/install/_local_setup_util_sh.py'
[1.745s] INFO:colcon.colcon_core.shell:Creating prefix chain script '/home/adi/hum_rob_ws/install/setup.sh'
[1.764s] INFO:colcon.colcon_core.shell:Creating prefix script '/home/adi/hum_rob_ws/install/local_setup.bash'
[1.765s] INFO:colcon.colcon_core.shell:Creating prefix chain script '/home/adi/hum_rob_ws/install/setup.bash'
[1.784s] INFO:colcon.colcon_core.shell:Creating prefix script '/home/adi/hum_rob_ws/install/local_setup.zsh'
[1.784s] INFO:colcon.colcon_core.shell:Creating prefix chain script '/home/adi/hum_rob_ws/install/setup.zsh'
