[0.088s] Invoking command in '/home/adi/hum_rob_ws/build/six_dof': CMAKE_PREFIX_PATH=${CMAKE_PREFIX_PATH}:/opt/ros/humble /usr/bin/cmake --build /home/adi/hum_rob_ws/build/six_dof -- -j16 -l16
[0.136s] -- Found ament_cmake: 1.3.7 (/opt/ros/humble/share/ament_cmake/cmake)
[0.411s] -- Found Python3: /usr/bin/python3.10 (found version "3.10.12") found components: Interpreter 
[0.483s] -- Override CMake install command with custom implementation using symlinks instead of copying resources
[0.490s] -- Found rclcpp: 16.0.8 (/opt/ros/humble/share/rclcpp/cmake)
[0.516s] -- Found rosidl_generator_c: 3.1.5 (/opt/ros/humble/share/rosidl_generator_c/cmake)
[0.519s] -- Found rosidl_adapter: 3.1.5 (/opt/ros/humble/share/rosidl_adapter/cmake)
[0.524s] -- Found rosidl_generator_cpp: 3.1.5 (/opt/ros/humble/share/rosidl_generator_cpp/cmake)
[0.533s] -- Using all available rosidl_typesupport_c: rosidl_typesupport_fastrtps_c;rosidl_typesupport_introspection_c
[0.547s] -- Using all available rosidl_typesupport_cpp: rosidl_typesupport_fastrtps_cpp;rosidl_typesupport_introspection_cpp
[0.597s] -- Found rmw_implementation_cmake: 6.1.1 (/opt/ros/humble/share/rmw_implementation_cmake/cmake)
[0.597s] -- Found rmw_fastrtps_cpp: 6.2.6 (/opt/ros/humble/share/rmw_fastrtps_cpp/cmake)
[0.735s] -- Using RMW implementation 'rmw_fastrtps_cpp' as default
[0.867s] -- Found rclpy: 3.3.11 (/opt/ros/humble/share/rclpy/cmake)
[0.868s] -- pinocchio FOUND. pinocchio at /opt/ros/humble/lib/x86_64-linux-gnu/libpinocchio.so
[0.868s] -- boost_filesystem FOUND. boost_filesystem at /lib/x86_64-linux-gnu/libboost_filesystem.so
[0.868s] -- boost_serialization FOUND. boost_serialization at /lib/x86_64-linux-gnu/libboost_serialization.so
[0.869s] -- boost_system FOUND. boost_system at /lib/x86_64-linux-gnu/libboost_system.so
[0.876s] -- Found Boost: /usr/include (found version "1.74.0") found components: filesystem serialization system 
[0.876s] -- eigenpy FOUND. eigenpy at /opt/ros/humble/lib/x86_64-linux-gnu/libeigenpy.so
[1.377s] -- Found Python3: /usr/bin/python3.10 (found version "3.10.12") found components: Interpreter Development.Module NumPy 
[1.378s] -- PythonLibraryDirs: 
[1.378s] -- PythonLibVersionString: 3.10.12
[1.467s] -- Python site lib: lib/python3.10/dist-packages
[1.467s] -- Python include dirs: /usr/include/python3.10
[1.619s] -- Checking for NumPy
[1.769s] --   NUMPY_INCLUDE_DIRS=/usr/lib/python3/dist-packages/numpy/core/include
[1.917s] --   NUMPY_VERSION=1.21.5
[1.918s] -- NumPy include dir: /usr/lib/python3/dist-packages/numpy/core/include
[1.927s] [33mCMake Warning at /usr/share/cmake-3.22/Modules/FindBoost.cmake:2201 (message):
[1.927s]   No header defined for python310; skipping header check (note: header-only
[1.927s]   libraries have no designated component)
[1.927s] Call Stack (most recent call first):
[1.927s]   /opt/ros/humble/lib/x86_64-linux-gnu/cmake/eigenpy/boost.cmake:144 (find_package)
[1.928s]   /opt/ros/humble/lib/x86_64-linux-gnu/cmake/eigenpy/eigenpyConfig.cmake:149 (SEARCH_FOR_BOOST_PYTHON)
[1.928s]   /usr/share/cmake-3.22/Modules/CMakeFindDependencyMacro.cmake:47 (find_package)
[1.928s]   /opt/ros/humble/lib/x86_64-linux-gnu/cmake/pinocchio/pinocchioConfig.cmake:160 (find_dependency)
[1.928s]   CMakeLists.txt:12 (find_package)
[1.928s] 
[1.928s] [0m
[1.929s] -- Found Boost: /usr/include (found version "1.74.0") found components: python310 
[1.929s] -- Boost_PYTHON_LIBRARY: /usr/lib/x86_64-linux-gnu/libboost_python310.so
[2.283s] -- Default C++ standard: 201703
[2.283s] -- C++ standard sufficient: Minimal required 11, currently defined: 17
[2.284s] -- CMAKE_CXX_STANDARD was not set: automatically set to currently defined standard 17
[2.285s] -- hpp-fcl FOUND. hpp-fcl at /opt/ros/humble/lib/x86_64-linux-gnu/libhpp-fcl.so
[2.299s] -- Found Boost: /usr/include (found version "1.74.0") found components: chrono serialization 
[2.301s] -- C++ standard sufficient: Minimal required 11, currently defined: 17
[2.302s] -- C++ standard sufficient: Minimal required 11, currently defined: 17
[2.303s] -- Pinocchio found at: /opt/ros/humble/include
[2.304s] -- Found ament_lint_auto: 0.12.10 (/opt/ros/humble/share/ament_lint_auto/cmake)
[2.448s] -- Added test 'cppcheck' to perform static code analysis on C / C++ code
[2.448s] -- Configured cppcheck include dirs: 
[2.448s] -- Configured cppcheck exclude dirs and/or files: 
[2.454s] -- Added test 'flake8' to check Python code syntax and style conventions
[2.466s] -- Added test 'lint_cmake' to check CMake code style
[2.469s] -- Added test 'pep257' to check Python code against some of the docstring style conventions in PEP 257
[2.485s] -- Added test 'uncrustify' to check C / C++ code style
[2.485s] -- Configured uncrustify additional arguments: 
[2.487s] -- Added test 'xmllint' to check XML markup files
[2.488s] -- Configuring done
[2.497s] [33mCMake Warning at CMakeLists.txt:41 (add_executable):
[2.497s]   Cannot generate a safe runtime search path for target test_node because
[2.497s]   files in some directories may conflict with libraries in implicit
[2.497s]   directories:
[2.497s] 
[2.497s]     runtime library [liburdfdom_sensor.so.3.0] in /usr/lib/x86_64-linux-gnu may be hidden by files in:
[2.497s]       /opt/ros/humble/lib/x86_64-linux-gnu
[2.498s]     runtime library [liburdfdom_model_state.so.3.0] in /usr/lib/x86_64-linux-gnu may be hidden by files in:
[2.498s]       /opt/ros/humble/lib/x86_64-linux-gnu
[2.498s]     runtime library [liburdfdom_model.so.3.0] in /usr/lib/x86_64-linux-gnu may be hidden by files in:
[2.498s]       /opt/ros/humble/lib/x86_64-linux-gnu
[2.498s]     runtime library [liburdfdom_world.so.3.0] in /usr/lib/x86_64-linux-gnu may be hidden by files in:
[2.498s]       /opt/ros/humble/lib/x86_64-linux-gnu
[2.498s] 
[2.498s]   Some of these libraries may not be found correctly.
[2.498s] 
[2.498s] [0m
[2.499s] -- Generating done
[2.500s] -- Build files have been written to: /home/adi/hum_rob_ws/build/six_dof
[2.542s] [35m[1mConsolidate compiler generated dependencies of target test_node[0m
[2.590s] [ 50%] [32mBuilding CXX object CMakeFiles/test_node.dir/src/IK_test.cpp.o[0m
[7.048s] [01m[K/home/adi/hum_rob_ws/src/six_dof/src/IK_test.cpp:[m[K In function ‘[01m[Kint main()[m[K’:
[7.048s] [01m[K/home/adi/hum_rob_ws/src/six_dof/src/IK_test.cpp:96:11:[m[K [01;35m[Kwarning: [m[Kunused variable ‘[01m[Kis_collision[m[K’ [[01;35m[K]8;;https://gcc.gnu.org/onlinedocs/gcc/Warning-Options.html#index-Wunused-variable-Wunused-variable]8;;[m[K]
[7.048s]    96 |      bool [01;35m[Kis_collision[m[K =
[7.048s]       |           [01;35m[K^~~~~~~~~~~~[m[K
[29.127s] [100%] [32m[1mLinking CXX executable test_node[0m
[30.239s] [100%] Built target test_node
[30.252s] Invoked command in '/home/adi/hum_rob_ws/build/six_dof' returned '0': CMAKE_PREFIX_PATH=${CMAKE_PREFIX_PATH}:/opt/ros/humble /usr/bin/cmake --build /home/adi/hum_rob_ws/build/six_dof -- -j16 -l16
[30.326s] Invoking command in '/home/adi/hum_rob_ws/build/six_dof': CMAKE_PREFIX_PATH=${CMAKE_PREFIX_PATH}:/opt/ros/humble /usr/bin/cmake --install /home/adi/hum_rob_ws/build/six_dof
[30.346s] -- Install configuration: ""
[30.346s] -- Execute custom install script
[30.348s] -- Up-to-date symlink: /home/adi/hum_rob_ws/install/six_dof/share/six_dof//urdf/6_dof_col_simplified.urdf
[30.348s] -- Up-to-date symlink: /home/adi/hum_rob_ws/install/six_dof/share/six_dof//urdf/6dof_from_foot.urdf
[30.348s] -- Up-to-date symlink: /home/adi/hum_rob_ws/install/six_dof/share/six_dof//urdf/6dof_from_hip.urdf
[30.348s] -- Up-to-date symlink: /home/adi/hum_rob_ws/install/six_dof/share/six_dof//urdf/6dof_test.urdf
[30.349s] -- Up-to-date symlink: /home/adi/hum_rob_ws/install/six_dof/share/six_dof//rviz/six_dof.rviz
[30.349s] -- Up-to-date symlink: /home/adi/hum_rob_ws/install/six_dof/share/six_dof//rviz/six_dof_fixed.rviz
[30.351s] -- Up-to-date symlink: /home/adi/hum_rob_ws/install/six_dof/share/six_dof//launch/urdf_vis.launch.py
[30.351s] -- Up-to-date symlink: /home/adi/hum_rob_ws/install/six_dof/share/six_dof//meshes/chassisv2.stl
[30.352s] -- Up-to-date symlink: /home/adi/hum_rob_ws/install/six_dof/share/six_dof//meshes/foot_fixedv2.stl
[30.352s] -- Up-to-date symlink: /home/adi/hum_rob_ws/install/six_dof/share/six_dof//meshes/footfixedv3.stl
[30.352s] -- Up-to-date symlink: /home/adi/hum_rob_ws/install/six_dof/share/six_dof//meshes/leftfootfixed.stl
[30.352s] -- Up-to-date symlink: /home/adi/hum_rob_ws/install/six_dof/share/six_dof//meshes/leftthighfixedv1.stl
[30.353s] -- Up-to-date symlink: /home/adi/hum_rob_ws/install/six_dof/share/six_dof//meshes/rightshinfixedv2.stl
[30.353s] -- Up-to-date symlink: /home/adi/hum_rob_ws/install/six_dof/share/six_dof//meshes/rightshinv3.stl
[30.353s] -- Up-to-date symlink: /home/adi/hum_rob_ws/install/six_dof/share/six_dof//meshes/rightthighfixedv2.stl
[30.353s] -- Up-to-date symlink: /home/adi/hum_rob_ws/install/six_dof/share/six_dof//meshes/unused/Chassis.stl
[30.354s] -- Up-to-date symlink: /home/adi/hum_rob_ws/install/six_dof/share/six_dof//meshes/unused/leftfoot.stl
[30.354s] -- Up-to-date symlink: /home/adi/hum_rob_ws/install/six_dof/share/six_dof//meshes/unused/leftshin.stl
[30.354s] -- Up-to-date symlink: /home/adi/hum_rob_ws/install/six_dof/share/six_dof//meshes/unused/leftthighv3.stl
[30.355s] -- Up-to-date symlink: /home/adi/hum_rob_ws/install/six_dof/share/six_dof//meshes/unused/leftthighv4.stl
[30.355s] -- Up-to-date symlink: /home/adi/hum_rob_ws/install/six_dof/share/six_dof//meshes/unused/leftthighv5.stl
[30.355s] -- Up-to-date symlink: /home/adi/hum_rob_ws/install/six_dof/share/six_dof//meshes/unused/leftthighv6.stl
[30.355s] -- Up-to-date symlink: /home/adi/hum_rob_ws/install/six_dof/share/six_dof//meshes/unused/rightfoot.stl
[30.356s] -- Up-to-date symlink: /home/adi/hum_rob_ws/install/six_dof/share/six_dof//meshes/unused/rightshinv4.stl
[30.356s] -- Up-to-date symlink: /home/adi/hum_rob_ws/install/six_dof/share/six_dof//meshes/unused/rightthighfixedv1.stl
[30.356s] -- Up-to-date symlink: /home/adi/hum_rob_ws/install/six_dof/share/six_dof//meshes/unused/rightthighv3.stl
[30.357s] -- Up-to-date symlink: /home/adi/hum_rob_ws/install/six_dof/share/six_dof//meshes/unused/rightthighv4.stl
[30.357s] -- Up-to-date symlink: /home/adi/hum_rob_ws/install/six_dof/share/six_dof//meshes/unused/rightthighv5.stl
[30.357s] -- Up-to-date symlink: /home/adi/hum_rob_ws/install/six_dof/share/six_dof//meshes/unused/rightthighv7.stl
[30.357s] -- Up-to-date symlink: /home/adi/hum_rob_ws/install/six_dof/share/six_dof//meshes/unused/rightthighv8.stl
[30.358s] -- Up-to-date symlink: /home/adi/hum_rob_ws/install/six_dof/lib/six_dof//test_node
[30.359s] -- Up-to-date symlink: /home/adi/hum_rob_ws/install/six_dof/share/ament_index/resource_index/package_run_dependencies/six_dof
[30.359s] -- Up-to-date symlink: /home/adi/hum_rob_ws/install/six_dof/share/ament_index/resource_index/parent_prefix_path/six_dof
[30.359s] -- Up-to-date symlink: /home/adi/hum_rob_ws/install/six_dof/share/six_dof/environment/ament_prefix_path.sh
[30.360s] -- Up-to-date symlink: /home/adi/hum_rob_ws/install/six_dof/share/six_dof/environment/ament_prefix_path.dsv
[30.360s] -- Up-to-date symlink: /home/adi/hum_rob_ws/install/six_dof/share/six_dof/environment/path.sh
[30.360s] -- Up-to-date symlink: /home/adi/hum_rob_ws/install/six_dof/share/six_dof/environment/path.dsv
[30.361s] -- Up-to-date symlink: /home/adi/hum_rob_ws/install/six_dof/share/six_dof/local_setup.bash
[30.361s] -- Up-to-date symlink: /home/adi/hum_rob_ws/install/six_dof/share/six_dof/local_setup.sh
[30.362s] -- Up-to-date symlink: /home/adi/hum_rob_ws/install/six_dof/share/six_dof/local_setup.zsh
[30.362s] -- Up-to-date symlink: /home/adi/hum_rob_ws/install/six_dof/share/six_dof/local_setup.dsv
[30.362s] -- Symlinking: /home/adi/hum_rob_ws/install/six_dof/share/six_dof/package.dsv
[30.388s] -- Up-to-date symlink: /home/adi/hum_rob_ws/install/six_dof/share/ament_index/resource_index/packages/six_dof
[30.388s] -- Up-to-date symlink: /home/adi/hum_rob_ws/install/six_dof/share/six_dof/cmake/six_dofConfig.cmake
[30.388s] -- Up-to-date symlink: /home/adi/hum_rob_ws/install/six_dof/share/six_dof/cmake/six_dofConfig-version.cmake
[30.389s] -- Up-to-date symlink: /home/adi/hum_rob_ws/install/six_dof/share/six_dof/package.xml
[30.394s] Invoked command in '/home/adi/hum_rob_ws/build/six_dof' returned '0': CMAKE_PREFIX_PATH=${CMAKE_PREFIX_PATH}:/opt/ros/humble /usr/bin/cmake --install /home/adi/hum_rob_ws/build/six_dof
