[35m[1mConsolidate compiler generated dependencies of target joint_state_pub_node[0m
[ 50%] [32mBuilding CXX object CMakeFiles/joint_state_pub_node.dir/src/joint_publisher.cpp.o[0m
[100%] [32m[1mLinking CXX executable joint_state_pub_node[0m
[100%] Built target joint_state_pub_node
-- Install configuration: ""
-- Up-to-date: /home/adi/hum_rob_ws/install/four_dof/share/four_dof/urdf
-- Installing: /home/adi/hum_rob_ws/install/four_dof/share/four_dof/urdf/draft2.urdf
-- Up-to-date: /home/adi/hum_rob_ws/install/four_dof/share/four_dof/urdf/draft.urdf
-- Up-to-date: /home/adi/hum_rob_ws/install/four_dof/share/four_dof/rviz
-- Up-to-date: /home/adi/hum_rob_ws/install/four_dof/share/four_dof/rviz/placeholder.txt
-- Up-to-date: /home/adi/hum_rob_ws/install/four_dof/share/four_dof/rviz/modified_4_dof.rviz
-- Up-to-date: /home/adi/hum_rob_ws/install/four_dof/share/four_dof/launch
-- Up-to-date: /home/adi/hum_rob_ws/install/four_dof/share/four_dof/launch/urdf_viz.launch.py
-- Up-to-date: /home/adi/hum_rob_ws/install/four_dof/share/four_dof/launch/spawn.launch.py
-- Up-to-date: /home/adi/hum_rob_ws/install/four_dof/share/four_dof/launch/empty_world.launch.py
-- Up-to-date: /home/adi/hum_rob_ws/install/four_dof/share/four_dof/meshes
-- Up-to-date: /home/adi/hum_rob_ws/install/four_dof/share/four_dof/meshes/draft1
-- Up-to-date: /home/adi/hum_rob_ws/install/four_dof/share/four_dof/meshes/draft1/right_front_knee_link.stl
-- Up-to-date: /home/adi/hum_rob_ws/install/four_dof/share/four_dof/meshes/draft1/right_front_thigh_link.stl
-- Up-to-date: /home/adi/hum_rob_ws/install/four_dof/share/four_dof/meshes/draft1/left_foot.stl
-- Up-to-date: /home/adi/hum_rob_ws/install/four_dof/share/four_dof/meshes/draft1/left_front_knee_link.stl
-- Up-to-date: /home/adi/hum_rob_ws/install/four_dof/share/four_dof/meshes/draft1/body_for_Sym.stl
-- Up-to-date: /home/adi/hum_rob_ws/install/four_dof/share/four_dof/meshes/draft1/right_foot.stl
-- Up-to-date: /home/adi/hum_rob_ws/install/four_dof/share/four_dof/meshes/draft2
-- Up-to-date: /home/adi/hum_rob_ws/install/four_dof/share/four_dof/meshes/draft2/right_front_knee_link.stl
-- Up-to-date: /home/adi/hum_rob_ws/install/four_dof/share/four_dof/meshes/draft2/left_front_thigh_link.stl
-- Up-to-date: /home/adi/hum_rob_ws/install/four_dof/share/four_dof/meshes/draft2/right_front_thigh_link.stl
-- Up-to-date: /home/adi/hum_rob_ws/install/four_dof/share/four_dof/meshes/draft2/left_foot.stl
-- Up-to-date: /home/adi/hum_rob_ws/install/four_dof/share/four_dof/meshes/draft2/left_front_knee_link.stl
-- Up-to-date: /home/adi/hum_rob_ws/install/four_dof/share/four_dof/meshes/draft2/body_for_Sym.stl
-- Up-to-date: /home/adi/hum_rob_ws/install/four_dof/share/four_dof/meshes/draft2/right_foot.stl
-- Installing: /home/adi/hum_rob_ws/install/four_dof/lib/four_dof/joint_state_pub_node
-- Set runtime path of "/home/adi/hum_rob_ws/install/four_dof/lib/four_dof/joint_state_pub_node" to ""
-- Up-to-date: /home/adi/hum_rob_ws/install/four_dof/share/ament_index/resource_index/package_run_dependencies/four_dof
-- Up-to-date: /home/adi/hum_rob_ws/install/four_dof/share/ament_index/resource_index/parent_prefix_path/four_dof
-- Up-to-date: /home/adi/hum_rob_ws/install/four_dof/share/four_dof/environment/ament_prefix_path.sh
-- Up-to-date: /home/adi/hum_rob_ws/install/four_dof/share/four_dof/environment/ament_prefix_path.dsv
-- Up-to-date: /home/adi/hum_rob_ws/install/four_dof/share/four_dof/environment/path.sh
-- Up-to-date: /home/adi/hum_rob_ws/install/four_dof/share/four_dof/environment/path.dsv
-- Up-to-date: /home/adi/hum_rob_ws/install/four_dof/share/four_dof/local_setup.bash
-- Up-to-date: /home/adi/hum_rob_ws/install/four_dof/share/four_dof/local_setup.sh
-- Up-to-date: /home/adi/hum_rob_ws/install/four_dof/share/four_dof/local_setup.zsh
-- Up-to-date: /home/adi/hum_rob_ws/install/four_dof/share/four_dof/local_setup.dsv
-- Installing: /home/adi/hum_rob_ws/install/four_dof/share/four_dof/package.dsv
-- Up-to-date: /home/adi/hum_rob_ws/install/four_dof/share/ament_index/resource_index/packages/four_dof
-- Up-to-date: /home/adi/hum_rob_ws/install/four_dof/share/four_dof/cmake/four_dofConfig.cmake
-- Up-to-date: /home/adi/hum_rob_ws/install/four_dof/share/four_dof/cmake/four_dofConfig-version.cmake
-- Up-to-date: /home/adi/hum_rob_ws/install/four_dof/share/four_dof/package.xml
