[0.097s] Invoking command in '/home/adi/hum_rob_ws/build/six_dof': CMAKE_PREFIX_PATH=${CMAKE_PREFIX_PATH}:/opt/ros/humble /usr/bin/cmake --build /home/adi/hum_rob_ws/build/six_dof -- -j16 -l16
[0.190s] [35m[1mConsolidate compiler generated dependencies of target test_node[0m
[0.249s] [ 50%] [32mBuilding CXX object CMakeFiles/test_node.dir/src/IK_test.cpp.o[0m
[3.580s] [01m[K/home/adi/hum_rob_ws/src/six_dof/src/IK_test.cpp:[m[K In function ‘[01m[Kint main(int, char**)[m[K’:
[3.580s] [01m[K/home/adi/hum_rob_ws/src/six_dof/src/IK_test.cpp:17:14:[m[K [01;35m[Kwarning: [m[Kunused parameter ‘[01m[Kargc[m[K’ [[01;35m[K]8;;https://gcc.gnu.org/onlinedocs/gcc/Warning-Options.html#index-Wunused-parameter-Wunused-parameter]8;;[m[K]
[3.581s]    17 | int main([01;35m[Kint argc[m[K, char *argv[]) {
[3.581s]       |          [01;35m[K~~~~^~~~[m[K
[3.581s] [01m[K/home/adi/hum_rob_ws/src/six_dof/src/IK_test.cpp:17:26:[m[K [01;35m[Kwarning: [m[Kunused parameter ‘[01m[Kargv[m[K’ [[01;35m[K]8;;https://gcc.gnu.org/onlinedocs/gcc/Warning-Options.html#index-Wunused-parameter-Wunused-parameter]8;;[m[K]
[3.581s]    17 | int main(int argc, [01;35m[Kchar *argv[][m[K) {
[3.581s]       |                    [01;35m[K~~~~~~^~~~~~[m[K
[6.798s] [100%] [32m[1mLinking CXX executable test_node[0m
[7.061s] [100%] Built target test_node
[7.092s] Invoked command in '/home/adi/hum_rob_ws/build/six_dof' returned '0': CMAKE_PREFIX_PATH=${CMAKE_PREFIX_PATH}:/opt/ros/humble /usr/bin/cmake --build /home/adi/hum_rob_ws/build/six_dof -- -j16 -l16
[7.170s] Invoking command in '/home/adi/hum_rob_ws/build/six_dof': CMAKE_PREFIX_PATH=${CMAKE_PREFIX_PATH}:/opt/ros/humble /usr/bin/cmake --install /home/adi/hum_rob_ws/build/six_dof
[7.179s] -- Install configuration: ""
[7.179s] -- Up-to-date: /home/adi/hum_rob_ws/install/six_dof/share/six_dof//urdf
[7.179s] -- Up-to-date: /home/adi/hum_rob_ws/install/six_dof/share/six_dof//urdf/6dof_from_foot.urdf
[7.179s] -- Up-to-date: /home/adi/hum_rob_ws/install/six_dof/share/six_dof//urdf/6_dof_col_simplified.urdf
[7.179s] -- Up-to-date: /home/adi/hum_rob_ws/install/six_dof/share/six_dof//urdf/6dof_from_hip.urdf
[7.180s] -- Up-to-date: /home/adi/hum_rob_ws/install/six_dof/share/six_dof//urdf/6dof_test.urdf
[7.180s] -- Up-to-date: /home/adi/hum_rob_ws/install/six_dof/share/six_dof//rviz
[7.180s] -- Up-to-date: /home/adi/hum_rob_ws/install/six_dof/share/six_dof//rviz/six_dof_fixed.rviz
[7.180s] -- Up-to-date: /home/adi/hum_rob_ws/install/six_dof/share/six_dof//rviz/six_dof.rviz
[7.180s] -- Up-to-date: /home/adi/hum_rob_ws/install/six_dof/share/six_dof//launch
[7.180s] -- Up-to-date: /home/adi/hum_rob_ws/install/six_dof/share/six_dof//launch/urdf_vis.launch.py
[7.181s] -- Up-to-date: /home/adi/hum_rob_ws/install/six_dof/share/six_dof//meshes
[7.181s] -- Up-to-date: /home/adi/hum_rob_ws/install/six_dof/share/six_dof//meshes/rightthighfixedv2.stl
[7.181s] -- Up-to-date: /home/adi/hum_rob_ws/install/six_dof/share/six_dof//meshes/leftfootfixed.stl
[7.181s] -- Up-to-date: /home/adi/hum_rob_ws/install/six_dof/share/six_dof//meshes/rightshinv3.stl
[7.181s] -- Up-to-date: /home/adi/hum_rob_ws/install/six_dof/share/six_dof//meshes/footfixedv3.stl
[7.181s] -- Up-to-date: /home/adi/hum_rob_ws/install/six_dof/share/six_dof//meshes/rightshinfixedv2.stl
[7.181s] -- Up-to-date: /home/adi/hum_rob_ws/install/six_dof/share/six_dof//meshes/foot_fixedv2.stl
[7.181s] -- Up-to-date: /home/adi/hum_rob_ws/install/six_dof/share/six_dof//meshes/chassisv2.stl
[7.182s] -- Up-to-date: /home/adi/hum_rob_ws/install/six_dof/share/six_dof//meshes/unused
[7.182s] -- Up-to-date: /home/adi/hum_rob_ws/install/six_dof/share/six_dof//meshes/unused/leftfoot.stl
[7.182s] -- Up-to-date: /home/adi/hum_rob_ws/install/six_dof/share/six_dof//meshes/unused/rightthighv5.stl
[7.182s] -- Up-to-date: /home/adi/hum_rob_ws/install/six_dof/share/six_dof//meshes/unused/rightfoot.stl
[7.182s] -- Up-to-date: /home/adi/hum_rob_ws/install/six_dof/share/six_dof//meshes/unused/leftthighv5.stl
[7.182s] -- Up-to-date: /home/adi/hum_rob_ws/install/six_dof/share/six_dof//meshes/unused/leftthighv6.stl
[7.182s] -- Up-to-date: /home/adi/hum_rob_ws/install/six_dof/share/six_dof//meshes/unused/leftshin.stl
[7.182s] -- Up-to-date: /home/adi/hum_rob_ws/install/six_dof/share/six_dof//meshes/unused/rightthighv3.stl
[7.183s] -- Up-to-date: /home/adi/hum_rob_ws/install/six_dof/share/six_dof//meshes/unused/Chassis.stl
[7.183s] -- Up-to-date: /home/adi/hum_rob_ws/install/six_dof/share/six_dof//meshes/unused/rightshinv4.stl
[7.183s] -- Up-to-date: /home/adi/hum_rob_ws/install/six_dof/share/six_dof//meshes/unused/rightthighv8.stl
[7.183s] -- Up-to-date: /home/adi/hum_rob_ws/install/six_dof/share/six_dof//meshes/unused/leftthighv3.stl
[7.183s] -- Up-to-date: /home/adi/hum_rob_ws/install/six_dof/share/six_dof//meshes/unused/rightthighv7.stl
[7.183s] -- Up-to-date: /home/adi/hum_rob_ws/install/six_dof/share/six_dof//meshes/unused/leftthighv4.stl
[7.183s] -- Up-to-date: /home/adi/hum_rob_ws/install/six_dof/share/six_dof//meshes/unused/rightthighv4.stl
[7.183s] -- Up-to-date: /home/adi/hum_rob_ws/install/six_dof/share/six_dof//meshes/unused/rightthighfixedv1.stl
[7.184s] -- Up-to-date: /home/adi/hum_rob_ws/install/six_dof/share/six_dof//meshes/leftthighfixedv1.stl
[7.184s] -- Installing: /home/adi/hum_rob_ws/install/six_dof/lib/six_dof/test_node
[7.184s] -- Set runtime path of "/home/adi/hum_rob_ws/install/six_dof/lib/six_dof/test_node" to ""
[7.184s] -- Up-to-date: /home/adi/hum_rob_ws/install/six_dof/share/ament_index/resource_index/package_run_dependencies/six_dof
[7.184s] -- Up-to-date: /home/adi/hum_rob_ws/install/six_dof/share/ament_index/resource_index/parent_prefix_path/six_dof
[7.184s] -- Up-to-date: /home/adi/hum_rob_ws/install/six_dof/share/six_dof/environment/ament_prefix_path.sh
[7.184s] -- Installing: /home/adi/hum_rob_ws/install/six_dof/share/six_dof/environment/ament_prefix_path.dsv
[7.184s] -- Up-to-date: /home/adi/hum_rob_ws/install/six_dof/share/six_dof/environment/path.sh
[7.185s] -- Installing: /home/adi/hum_rob_ws/install/six_dof/share/six_dof/environment/path.dsv
[7.185s] -- Up-to-date: /home/adi/hum_rob_ws/install/six_dof/share/six_dof/local_setup.bash
[7.185s] -- Up-to-date: /home/adi/hum_rob_ws/install/six_dof/share/six_dof/local_setup.sh
[7.185s] -- Up-to-date: /home/adi/hum_rob_ws/install/six_dof/share/six_dof/local_setup.zsh
[7.185s] -- Installing: /home/adi/hum_rob_ws/install/six_dof/share/six_dof/local_setup.dsv
[7.185s] -- Installing: /home/adi/hum_rob_ws/install/six_dof/share/six_dof/package.dsv
[7.185s] -- Up-to-date: /home/adi/hum_rob_ws/install/six_dof/share/ament_index/resource_index/packages/six_dof
[7.185s] -- Up-to-date: /home/adi/hum_rob_ws/install/six_dof/share/six_dof/cmake/six_dofConfig.cmake
[7.186s] -- Up-to-date: /home/adi/hum_rob_ws/install/six_dof/share/six_dof/cmake/six_dofConfig-version.cmake
[7.186s] -- Up-to-date: /home/adi/hum_rob_ws/install/six_dof/share/six_dof/package.xml
[7.187s] Invoked command in '/home/adi/hum_rob_ws/build/six_dof' returned '0': CMAKE_PREFIX_PATH=${CMAKE_PREFIX_PATH}:/opt/ros/humble /usr/bin/cmake --install /home/adi/hum_rob_ws/build/six_dof
