running egg_info
writing ../../build/pin_tut/pin_tut.egg-info/PKG-INFO
writing dependency_links to ../../build/pin_tut/pin_tut.egg-info/dependency_links.txt
writing requirements to ../../build/pin_tut/pin_tut.egg-info/requires.txt
writing top-level names to ../../build/pin_tut/pin_tut.egg-info/top_level.txt
reading manifest file '../../build/pin_tut/pin_tut.egg-info/SOURCES.txt'
writing manifest file '../../build/pin_tut/pin_tut.egg-info/SOURCES.txt'
running build
running build_py
copying pin_tut/__init__.py -> /home/adi/hum_rob_ws/build/pin_tut/build/lib/pin_tut
running install
/home/adi/.local/lib/python3.10/site-packages/setuptools/_distutils/cmd.py:66: SetuptoolsDeprecationWarning: setup.py install is deprecated.
!!

        ********************************************************************************
        Please avoid running ``setup.py`` directly.
        Instead, use pypa/build, pypa/installer or other
        standards-based tools.

        See https://blog.ganssle.io/articles/2021/10/setup-py-deprecated.html for details.
        ********************************************************************************

!!
  self.initialize_options()
running install_lib
running install_data
copying resource/pin_tut -> /home/adi/hum_rob_ws/install/pin_tut/share/ament_index/resource_index/packages
copying package.xml -> /home/adi/hum_rob_ws/install/pin_tut/share/pin_tut
running install_egg_info
removing '/home/adi/hum_rob_ws/install/pin_tut/lib/python3.10/site-packages/pin_tut-0.0.0-py3.10.egg-info' (and everything under it)
Copying ../../build/pin_tut/pin_tut.egg-info to /home/adi/hum_rob_ws/install/pin_tut/lib/python3.10/site-packages/pin_tut-0.0.0-py3.10.egg-info
running install_scripts
writing list of installed files to '/home/adi/hum_rob_ws/build/pin_tut/install.log'
