[1.024s] Invoking command in '/home/adi/hum_rob_ws/src/pin_tut': PYTHONPATH=/home/adi/hum_rob_ws/build/pin_tut/prefix_override:/home/adi/hum_rob_ws/install/pin_tut/lib/python3.10/site-packages:${PYTHONPATH} /usr/bin/python3 setup.py egg_info --egg-base ../../build/pin_tut build --build-base /home/adi/hum_rob_ws/build/pin_tut/build install --record /home/adi/hum_rob_ws/build/pin_tut/install.log --single-version-externally-managed
[1.246s] running egg_info
[1.265s] writing ../../build/pin_tut/pin_tut.egg-info/PKG-INFO
[1.265s] writing dependency_links to ../../build/pin_tut/pin_tut.egg-info/dependency_links.txt
[1.265s] writing requirements to ../../build/pin_tut/pin_tut.egg-info/requires.txt
[1.265s] writing top-level names to ../../build/pin_tut/pin_tut.egg-info/top_level.txt
[1.303s] reading manifest file '../../build/pin_tut/pin_tut.egg-info/SOURCES.txt'
[1.303s] writing manifest file '../../build/pin_tut/pin_tut.egg-info/SOURCES.txt'
[1.304s] running build
[1.304s] running build_py
[1.304s] copying pin_tut/__init__.py -> /home/adi/hum_rob_ws/build/pin_tut/build/lib/pin_tut
[1.304s] running install
[1.304s] /home/adi/.local/lib/python3.10/site-packages/setuptools/_distutils/cmd.py:66: SetuptoolsDeprecationWarning: setup.py install is deprecated.
[1.304s] !!
[1.304s] 
[1.305s]         ********************************************************************************
[1.305s]         Please avoid running ``setup.py`` directly.
[1.305s]         Instead, use pypa/build, pypa/installer or other
[1.305s]         standards-based tools.
[1.305s] 
[1.305s]         See https://blog.ganssle.io/articles/2021/10/setup-py-deprecated.html for details.
[1.305s]         ********************************************************************************
[1.305s] 
[1.305s] !!
[1.305s]   self.initialize_options()
[1.308s] running install_lib
[1.327s] running install_data
[1.345s] copying resource/pin_tut -> /home/adi/hum_rob_ws/install/pin_tut/share/ament_index/resource_index/packages
[1.345s] copying package.xml -> /home/adi/hum_rob_ws/install/pin_tut/share/pin_tut
[1.345s] running install_egg_info
[1.364s] removing '/home/adi/hum_rob_ws/install/pin_tut/lib/python3.10/site-packages/pin_tut-0.0.0-py3.10.egg-info' (and everything under it)
[1.365s] Copying ../../build/pin_tut/pin_tut.egg-info to /home/adi/hum_rob_ws/install/pin_tut/lib/python3.10/site-packages/pin_tut-0.0.0-py3.10.egg-info
[1.365s] running install_scripts
[1.527s] writing list of installed files to '/home/adi/hum_rob_ws/build/pin_tut/install.log'
[1.559s] Invoked command in '/home/adi/hum_rob_ws/src/pin_tut' returned '0': PYTHONPATH=/home/adi/hum_rob_ws/build/pin_tut/prefix_override:/home/adi/hum_rob_ws/install/pin_tut/lib/python3.10/site-packages:${PYTHONPATH} /usr/bin/python3 setup.py egg_info --egg-base ../../build/pin_tut build --build-base /home/adi/hum_rob_ws/build/pin_tut/build install --record /home/adi/hum_rob_ws/build/pin_tut/install.log --single-version-externally-managed
