[0.089s] Invoking command in '/home/adi/hum_rob_ws/build/six_dof': CMAKE_PREFIX_PATH=${CMAKE_PREFIX_PATH}:/opt/ros/humble /usr/bin/cmake --build /home/adi/hum_rob_ws/build/six_dof -- -j16 -l16
[0.138s] Invoked command in '/home/adi/hum_rob_ws/build/six_dof' returned '0': CMAKE_PREFIX_PATH=${CMAKE_PREFIX_PATH}:/opt/ros/humble /usr/bin/cmake --build /home/adi/hum_rob_ws/build/six_dof -- -j16 -l16
[0.174s] Invoking command in '/home/adi/hum_rob_ws/build/six_dof': CMAKE_PREFIX_PATH=${CMAKE_PREFIX_PATH}:/opt/ros/humble /usr/bin/cmake --install /home/adi/hum_rob_ws/build/six_dof
[0.191s] -- Install configuration: ""
[0.191s] -- Up-to-date: /home/adi/hum_rob_ws/install/six_dof/share/six_dof//urdf
[0.192s] -- Installing: /home/adi/hum_rob_ws/install/six_dof/share/six_dof//urdf/6dof.urdf
[0.192s] -- Up-to-date: /home/adi/hum_rob_ws/install/six_dof/share/six_dof//launch
[0.192s] -- Up-to-date: /home/adi/hum_rob_ws/install/six_dof/share/six_dof//launch/urdf_vis.launch.py
[0.192s] -- Up-to-date: /home/adi/hum_rob_ws/install/six_dof/share/six_dof//meshes
[0.192s] -- Up-to-date: /home/adi/hum_rob_ws/install/six_dof/share/six_dof//meshes/leftfoot.stl
[0.193s] -- Up-to-date: /home/adi/hum_rob_ws/install/six_dof/share/six_dof//meshes/rightthighv5.stl
[0.193s] -- Up-to-date: /home/adi/hum_rob_ws/install/six_dof/share/six_dof//meshes/rightfoot.stl
[0.193s] -- Up-to-date: /home/adi/hum_rob_ws/install/six_dof/share/six_dof//meshes/rightshinv3.stl
[0.193s] -- Up-to-date: /home/adi/hum_rob_ws/install/six_dof/share/six_dof//meshes/leftshin.stl
[0.193s] -- Up-to-date: /home/adi/hum_rob_ws/install/six_dof/share/six_dof//meshes/rightthighv3.stl
[0.193s] -- Up-to-date: /home/adi/hum_rob_ws/install/six_dof/share/six_dof//meshes/Chassis.stl
[0.193s] -- Up-to-date: /home/adi/hum_rob_ws/install/six_dof/share/six_dof//meshes/rightshinv4.stl
[0.193s] -- Up-to-date: /home/adi/hum_rob_ws/install/six_dof/share/six_dof//meshes/leftthighv3.stl
[0.194s] -- Up-to-date: /home/adi/hum_rob_ws/install/six_dof/share/six_dof//meshes/rightthighv4.stl
[0.194s] -- Up-to-date: /home/adi/hum_rob_ws/install/six_dof/share/ament_index/resource_index/package_run_dependencies/six_dof
[0.194s] -- Up-to-date: /home/adi/hum_rob_ws/install/six_dof/share/ament_index/resource_index/parent_prefix_path/six_dof
[0.194s] -- Up-to-date: /home/adi/hum_rob_ws/install/six_dof/share/six_dof/environment/ament_prefix_path.sh
[0.194s] -- Up-to-date: /home/adi/hum_rob_ws/install/six_dof/share/six_dof/environment/ament_prefix_path.dsv
[0.194s] -- Up-to-date: /home/adi/hum_rob_ws/install/six_dof/share/six_dof/environment/path.sh
[0.194s] -- Up-to-date: /home/adi/hum_rob_ws/install/six_dof/share/six_dof/environment/path.dsv
[0.194s] -- Up-to-date: /home/adi/hum_rob_ws/install/six_dof/share/six_dof/local_setup.bash
[0.194s] -- Up-to-date: /home/adi/hum_rob_ws/install/six_dof/share/six_dof/local_setup.sh
[0.195s] -- Up-to-date: /home/adi/hum_rob_ws/install/six_dof/share/six_dof/local_setup.zsh
[0.195s] -- Up-to-date: /home/adi/hum_rob_ws/install/six_dof/share/six_dof/local_setup.dsv
[0.195s] -- Installing: /home/adi/hum_rob_ws/install/six_dof/share/six_dof/package.dsv
[0.195s] -- Up-to-date: /home/adi/hum_rob_ws/install/six_dof/share/ament_index/resource_index/packages/six_dof
[0.195s] -- Up-to-date: /home/adi/hum_rob_ws/install/six_dof/share/six_dof/cmake/six_dofConfig.cmake
[0.195s] -- Up-to-date: /home/adi/hum_rob_ws/install/six_dof/share/six_dof/cmake/six_dofConfig-version.cmake
[0.195s] -- Up-to-date: /home/adi/hum_rob_ws/install/six_dof/share/six_dof/package.xml
[0.199s] Invoked command in '/home/adi/hum_rob_ws/build/six_dof' returned '0': CMAKE_PREFIX_PATH=${CMAKE_PREFIX_PATH}:/opt/ros/humble /usr/bin/cmake --install /home/adi/hum_rob_ws/build/six_dof
