[0.098s] Invoking command in '/home/adi/hum_rob_ws/build/six_dof': CMAKE_PREFIX_PATH=${CMAKE_PREFIX_PATH}:/opt/ros/humble /usr/bin/cmake --build /home/adi/hum_rob_ws/build/six_dof -- -j16 -l16
[0.185s] [35m[1mConsolidate compiler generated dependencies of target test_node[0m
[0.232s] [ 50%] [32mBuilding CXX object CMakeFiles/test_node.dir/src/IK_test.cpp.o[0m
[26.465s] [100%] [32m[1mLinking CXX executable test_node[0m
[27.616s] [100%] Built target test_node
[27.645s] Invoked command in '/home/adi/hum_rob_ws/build/six_dof' returned '0': CMAKE_PREFIX_PATH=${CMAKE_PREFIX_PATH}:/opt/ros/humble /usr/bin/cmake --build /home/adi/hum_rob_ws/build/six_dof -- -j16 -l16
[27.713s] Invoking command in '/home/adi/hum_rob_ws/build/six_dof': CMAKE_PREFIX_PATH=${CMAKE_PREFIX_PATH}:/opt/ros/humble /usr/bin/cmake --install /home/adi/hum_rob_ws/build/six_dof
[27.736s] -- Install configuration: ""
[27.737s] -- Execute custom install script
[27.738s] -- Up-to-date symlink: /home/adi/hum_rob_ws/install/six_dof/share/six_dof//urdf/6_dof_col_simplified.urdf
[27.738s] -- Up-to-date symlink: /home/adi/hum_rob_ws/install/six_dof/share/six_dof//urdf/6dof_from_foot.urdf
[27.738s] -- Up-to-date symlink: /home/adi/hum_rob_ws/install/six_dof/share/six_dof//urdf/6dof_from_hip.urdf
[27.738s] -- Up-to-date symlink: /home/adi/hum_rob_ws/install/six_dof/share/six_dof//urdf/6dof_test.urdf
[27.739s] -- Up-to-date symlink: /home/adi/hum_rob_ws/install/six_dof/share/six_dof//rviz/six_dof.rviz
[27.739s] -- Up-to-date symlink: /home/adi/hum_rob_ws/install/six_dof/share/six_dof//rviz/six_dof_fixed.rviz
[27.740s] -- Up-to-date symlink: /home/adi/hum_rob_ws/install/six_dof/share/six_dof//launch/urdf_vis.launch.py
[27.741s] -- Up-to-date symlink: /home/adi/hum_rob_ws/install/six_dof/share/six_dof//meshes/chassisv2.stl
[27.741s] -- Up-to-date symlink: /home/adi/hum_rob_ws/install/six_dof/share/six_dof//meshes/foot_fixedv2.stl
[27.741s] -- Up-to-date symlink: /home/adi/hum_rob_ws/install/six_dof/share/six_dof//meshes/footfixedv3.stl
[27.742s] -- Up-to-date symlink: /home/adi/hum_rob_ws/install/six_dof/share/six_dof//meshes/leftfootfixed.stl
[27.742s] -- Up-to-date symlink: /home/adi/hum_rob_ws/install/six_dof/share/six_dof//meshes/leftthighfixedv1.stl
[27.742s] -- Up-to-date symlink: /home/adi/hum_rob_ws/install/six_dof/share/six_dof//meshes/rightshinfixedv2.stl
[27.743s] -- Up-to-date symlink: /home/adi/hum_rob_ws/install/six_dof/share/six_dof//meshes/rightshinv3.stl
[27.743s] -- Up-to-date symlink: /home/adi/hum_rob_ws/install/six_dof/share/six_dof//meshes/rightthighfixedv2.stl
[27.743s] -- Up-to-date symlink: /home/adi/hum_rob_ws/install/six_dof/share/six_dof//meshes/unused/Chassis.stl
[27.744s] -- Up-to-date symlink: /home/adi/hum_rob_ws/install/six_dof/share/six_dof//meshes/unused/leftfoot.stl
[27.744s] -- Up-to-date symlink: /home/adi/hum_rob_ws/install/six_dof/share/six_dof//meshes/unused/leftshin.stl
[27.744s] -- Up-to-date symlink: /home/adi/hum_rob_ws/install/six_dof/share/six_dof//meshes/unused/leftthighv3.stl
[27.745s] -- Up-to-date symlink: /home/adi/hum_rob_ws/install/six_dof/share/six_dof//meshes/unused/leftthighv4.stl
[27.745s] -- Up-to-date symlink: /home/adi/hum_rob_ws/install/six_dof/share/six_dof//meshes/unused/leftthighv5.stl
[27.745s] -- Up-to-date symlink: /home/adi/hum_rob_ws/install/six_dof/share/six_dof//meshes/unused/leftthighv6.stl
[27.746s] -- Up-to-date symlink: /home/adi/hum_rob_ws/install/six_dof/share/six_dof//meshes/unused/rightfoot.stl
[27.746s] -- Up-to-date symlink: /home/adi/hum_rob_ws/install/six_dof/share/six_dof//meshes/unused/rightshinv4.stl
[27.746s] -- Up-to-date symlink: /home/adi/hum_rob_ws/install/six_dof/share/six_dof//meshes/unused/rightthighfixedv1.stl
[27.747s] -- Up-to-date symlink: /home/adi/hum_rob_ws/install/six_dof/share/six_dof//meshes/unused/rightthighv3.stl
[27.747s] -- Up-to-date symlink: /home/adi/hum_rob_ws/install/six_dof/share/six_dof//meshes/unused/rightthighv4.stl
[27.747s] -- Up-to-date symlink: /home/adi/hum_rob_ws/install/six_dof/share/six_dof//meshes/unused/rightthighv5.stl
[27.748s] -- Up-to-date symlink: /home/adi/hum_rob_ws/install/six_dof/share/six_dof//meshes/unused/rightthighv7.stl
[27.748s] -- Up-to-date symlink: /home/adi/hum_rob_ws/install/six_dof/share/six_dof//meshes/unused/rightthighv8.stl
[27.748s] -- Up-to-date symlink: /home/adi/hum_rob_ws/install/six_dof/lib/six_dof//test_node
[27.749s] -- Up-to-date symlink: /home/adi/hum_rob_ws/install/six_dof/share/ament_index/resource_index/package_run_dependencies/six_dof
[27.749s] -- Up-to-date symlink: /home/adi/hum_rob_ws/install/six_dof/share/ament_index/resource_index/parent_prefix_path/six_dof
[27.750s] -- Up-to-date symlink: /home/adi/hum_rob_ws/install/six_dof/share/six_dof/environment/ament_prefix_path.sh
[27.750s] -- Up-to-date symlink: /home/adi/hum_rob_ws/install/six_dof/share/six_dof/environment/ament_prefix_path.dsv
[27.751s] -- Up-to-date symlink: /home/adi/hum_rob_ws/install/six_dof/share/six_dof/environment/path.sh
[27.751s] -- Up-to-date symlink: /home/adi/hum_rob_ws/install/six_dof/share/six_dof/environment/path.dsv
[27.751s] -- Up-to-date symlink: /home/adi/hum_rob_ws/install/six_dof/share/six_dof/local_setup.bash
[27.752s] -- Up-to-date symlink: /home/adi/hum_rob_ws/install/six_dof/share/six_dof/local_setup.sh
[27.752s] -- Up-to-date symlink: /home/adi/hum_rob_ws/install/six_dof/share/six_dof/local_setup.zsh
[27.752s] -- Up-to-date symlink: /home/adi/hum_rob_ws/install/six_dof/share/six_dof/local_setup.dsv
[27.753s] -- Symlinking: /home/adi/hum_rob_ws/install/six_dof/share/six_dof/package.dsv
[27.775s] -- Up-to-date symlink: /home/adi/hum_rob_ws/install/six_dof/share/ament_index/resource_index/packages/six_dof
[27.776s] -- Up-to-date symlink: /home/adi/hum_rob_ws/install/six_dof/share/six_dof/cmake/six_dofConfig.cmake
[27.776s] -- Up-to-date symlink: /home/adi/hum_rob_ws/install/six_dof/share/six_dof/cmake/six_dofConfig-version.cmake
[27.777s] -- Up-to-date symlink: /home/adi/hum_rob_ws/install/six_dof/share/six_dof/package.xml
[27.782s] Invoked command in '/home/adi/hum_rob_ws/build/six_dof' returned '0': CMAKE_PREFIX_PATH=${CMAKE_PREFIX_PATH}:/opt/ros/humble /usr/bin/cmake --install /home/adi/hum_rob_ws/build/six_dof
