[0.220s] Invoking command in '/home/adi/hum_rob_ws/build/four_dof_bringup': CMAKE_PREFIX_PATH=${CMAKE_PREFIX_PATH}:/opt/ros/humble /usr/bin/cmake /home/adi/hum_rob_ws/src/four_dof_bringup -DCMAKE_INSTALL_PREFIX=/home/adi/hum_rob_ws/install/four_dof_bringup
[0.291s] -- The C compiler identification is GNU 11.4.0
[0.352s] -- The CXX compiler identification is GNU 11.4.0
[0.362s] -- Detecting C compiler ABI info
[0.441s] -- Detecting C compiler ABI info - done
[0.447s] -- Check for working C compiler: /usr/bin/cc - skipped
[0.447s] -- Detecting C compile features
[0.448s] -- Detecting C compile features - done
[0.450s] -- Detecting CXX compiler ABI info
[0.538s] -- Detecting CXX compiler ABI info - done
[0.545s] -- Check for working CXX compiler: /usr/bin/c++ - skipped
[0.545s] -- Detecting CXX compile features
[0.546s] -- Detecting CXX compile features - done
[0.548s] -- Found ament_cmake: 1.3.5 (/opt/ros/humble/share/ament_cmake/cmake)
[1.126s] -- Found Python3: /usr/bin/python3.10 (found version "3.10.12") found components: Interpreter 
[1.273s] -- Found urdf: 2.6.0 (/opt/ros/humble/share/urdf/cmake)
[1.347s] -- Found xacro: 2.0.8 (/opt/ros/humble/share/xacro/cmake)
[1.348s] -- Found robot_state_publisher: 3.0.2 (/opt/ros/humble/share/robot_state_publisher/cmake)
[1.375s] -- Found rosidl_generator_c: 3.1.5 (/opt/ros/humble/share/rosidl_generator_c/cmake)
[1.380s] -- Found rosidl_adapter: 3.1.5 (/opt/ros/humble/share/rosidl_adapter/cmake)
[1.390s] -- Found rosidl_generator_cpp: 3.1.5 (/opt/ros/humble/share/rosidl_generator_cpp/cmake)
[1.403s] -- Using all available rosidl_typesupport_c: rosidl_typesupport_fastrtps_c;rosidl_typesupport_introspection_c
[1.419s] -- Using all available rosidl_typesupport_cpp: rosidl_typesupport_fastrtps_cpp;rosidl_typesupport_introspection_cpp
[1.557s] -- Found eigen3_cmake_module: 0.1.1 (/opt/ros/humble/share/eigen3_cmake_module/cmake)
[1.559s] -- Found Eigen3: TRUE (found version "3.4.0") 
[1.559s] -- Ensuring Eigen3 include directory is part of orocos-kdl CMake target
[1.650s] -- Found rmw_implementation_cmake: 6.1.1 (/opt/ros/humble/share/rmw_implementation_cmake/cmake)
[1.654s] -- Found rmw_fastrtps_cpp: 6.2.4 (/opt/ros/humble/share/rmw_fastrtps_cpp/cmake)
[1.816s] -- Found OpenSSL: /usr/lib/x86_64-linux-gnu/libcrypto.so (found version "3.0.2")  
[1.861s] -- Found FastRTPS: /opt/ros/humble/include  
[1.924s] -- Using RMW implementation 'rmw_fastrtps_cpp' as default
[1.935s] -- Looking for pthread.h
[2.036s] -- Looking for pthread.h - found
[2.036s] -- Performing Test CMAKE_HAVE_LIBC_PTHREAD
[2.142s] -- Performing Test CMAKE_HAVE_LIBC_PTHREAD - Success
[2.143s] -- Found Threads: TRUE  
[2.689s] -- Found ament_lint_auto: 0.12.8 (/opt/ros/humble/share/ament_lint_auto/cmake)
[2.804s] -- Added test 'lint_cmake' to check CMake code style
[2.805s] -- Added test 'xmllint' to check XML markup files
[2.806s] -- Configuring done
[2.813s] -- Generating done
[2.815s] -- Build files have been written to: /home/adi/hum_rob_ws/build/four_dof_bringup
[2.829s] Invoked command in '/home/adi/hum_rob_ws/build/four_dof_bringup' returned '0': CMAKE_PREFIX_PATH=${CMAKE_PREFIX_PATH}:/opt/ros/humble /usr/bin/cmake /home/adi/hum_rob_ws/src/four_dof_bringup -DCMAKE_INSTALL_PREFIX=/home/adi/hum_rob_ws/install/four_dof_bringup
[2.831s] Invoking command in '/home/adi/hum_rob_ws/build/four_dof_bringup': CMAKE_PREFIX_PATH=${CMAKE_PREFIX_PATH}:/opt/ros/humble /usr/bin/cmake --build /home/adi/hum_rob_ws/build/four_dof_bringup -- -j16 -l16
[2.883s] Invoked command in '/home/adi/hum_rob_ws/build/four_dof_bringup' returned '0': CMAKE_PREFIX_PATH=${CMAKE_PREFIX_PATH}:/opt/ros/humble /usr/bin/cmake --build /home/adi/hum_rob_ws/build/four_dof_bringup -- -j16 -l16
[2.922s] Invoking command in '/home/adi/hum_rob_ws/build/four_dof_bringup': CMAKE_PREFIX_PATH=${CMAKE_PREFIX_PATH}:/opt/ros/humble /usr/bin/cmake --install /home/adi/hum_rob_ws/build/four_dof_bringup
[2.930s] -- Install configuration: ""
[2.930s] -- Installing: /home/adi/hum_rob_ws/install/four_dof_bringup/share/ament_index/resource_index/package_run_dependencies/four_dof_bringup
[2.931s] -- Installing: /home/adi/hum_rob_ws/install/four_dof_bringup/share/ament_index/resource_index/parent_prefix_path/four_dof_bringup
[2.931s] -- Installing: /home/adi/hum_rob_ws/install/four_dof_bringup/share/four_dof_bringup/environment/ament_prefix_path.sh
[2.931s] -- Installing: /home/adi/hum_rob_ws/install/four_dof_bringup/share/four_dof_bringup/environment/ament_prefix_path.dsv
[2.931s] -- Installing: /home/adi/hum_rob_ws/install/four_dof_bringup/share/four_dof_bringup/environment/path.sh
[2.931s] -- Installing: /home/adi/hum_rob_ws/install/four_dof_bringup/share/four_dof_bringup/environment/path.dsv
[2.932s] -- Installing: /home/adi/hum_rob_ws/install/four_dof_bringup/share/four_dof_bringup/local_setup.bash
[2.932s] -- Installing: /home/adi/hum_rob_ws/install/four_dof_bringup/share/four_dof_bringup/local_setup.sh
[2.932s] -- Installing: /home/adi/hum_rob_ws/install/four_dof_bringup/share/four_dof_bringup/local_setup.zsh
[2.932s] -- Installing: /home/adi/hum_rob_ws/install/four_dof_bringup/share/four_dof_bringup/local_setup.dsv
[2.932s] -- Installing: /home/adi/hum_rob_ws/install/four_dof_bringup/share/four_dof_bringup/package.dsv
[2.932s] -- Installing: /home/adi/hum_rob_ws/install/four_dof_bringup/share/ament_index/resource_index/packages/four_dof_bringup
[2.933s] -- Installing: /home/adi/hum_rob_ws/install/four_dof_bringup/share/four_dof_bringup/cmake/four_dof_bringupConfig.cmake
[2.933s] -- Installing: /home/adi/hum_rob_ws/install/four_dof_bringup/share/four_dof_bringup/cmake/four_dof_bringupConfig-version.cmake
[2.933s] -- Installing: /home/adi/hum_rob_ws/install/four_dof_bringup/share/four_dof_bringup/package.xml
[2.935s] Invoked command in '/home/adi/hum_rob_ws/build/four_dof_bringup' returned '0': CMAKE_PREFIX_PATH=${CMAKE_PREFIX_PATH}:/opt/ros/humble /usr/bin/cmake --install /home/adi/hum_rob_ws/build/four_dof_bringup
