[0.083s] Invoking command in '/home/adi/hum_rob_ws/build/four_dof': CMAKE_PREFIX_PATH=${CMAKE_PREFIX_PATH}:/opt/ros/humble /usr/bin/cmake --build /home/adi/hum_rob_ws/build/four_dof -- -j16 -l16
[0.147s] -- Found ament_cmake: 1.3.5 (/opt/ros/humble/share/ament_cmake/cmake)
[0.526s] -- Found geometry_msgs: 4.2.3 (/opt/ros/humble/share/geometry_msgs/cmake)
[0.552s] -- Found rosidl_generator_c: 3.1.5 (/opt/ros/humble/share/rosidl_generator_c/cmake)
[0.554s] -- Found rosidl_adapter: 3.1.5 (/opt/ros/humble/share/rosidl_adapter/cmake)
[0.559s] -- Found rosidl_generator_cpp: 3.1.5 (/opt/ros/humble/share/rosidl_generator_cpp/cmake)
[0.569s] -- Using all available rosidl_typesupport_c: rosidl_typesupport_fastrtps_c;rosidl_typesupport_introspection_c
[0.581s] -- Using all available rosidl_typesupport_cpp: rosidl_typesupport_fastrtps_cpp;rosidl_typesupport_introspection_cpp
[0.681s] -- Found rclcpp: 16.0.6 (/opt/ros/humble/share/rclcpp/cmake)
[0.721s] -- Found rmw_implementation_cmake: 6.1.1 (/opt/ros/humble/share/rmw_implementation_cmake/cmake)
[0.722s] -- Found rmw_fastrtps_cpp: 6.2.4 (/opt/ros/humble/share/rmw_fastrtps_cpp/cmake)
[0.864s] -- Using RMW implementation 'rmw_fastrtps_cpp' as default
[0.978s] -- Found xacro: 2.0.8 (/opt/ros/humble/share/xacro/cmake)
[0.978s] -- Found gazebo_ros: 3.7.0 (/opt/ros/humble/share/gazebo_ros/cmake)
[1.019s] -- Found DART: /usr/include (Required is at least version "6.6") found components: dart 
[1.054s] -- Found Protobuf: /usr/lib/x86_64-linux-gnu/libprotobuf.so (found version "3.12.4") 
[1.055s] -- Looking for ignition-math6 -- found version 6.15.0
[1.059s] -- Searching for dependencies of ignition-math6
[1.060s] -- Looking for OGRE...
[1.066s] -- Found Ogre Ghadamon (1.9.0)
[1.066s] -- Found OGRE: optimized;/usr/lib/x86_64-linux-gnu/libOgreMain.so;debug;/usr/lib/x86_64-linux-gnu/libOgreMain.so
[1.074s] -- Looking for OGRE_Paging...
[1.074s] -- Found OGRE_Paging: optimized;/usr/lib/x86_64-linux-gnu/libOgrePaging.so;debug;/usr/lib/x86_64-linux-gnu/libOgrePaging.so
[1.074s] -- Looking for OGRE_Terrain...
[1.074s] -- Found OGRE_Terrain: optimized;/usr/lib/x86_64-linux-gnu/libOgreTerrain.so;debug;/usr/lib/x86_64-linux-gnu/libOgreTerrain.so
[1.074s] -- Looking for OGRE_Property...
[1.074s] -- Found OGRE_Property: optimized;/usr/lib/x86_64-linux-gnu/libOgreProperty.so;debug;/usr/lib/x86_64-linux-gnu/libOgreProperty.so
[1.075s] -- Looking for OGRE_RTShaderSystem...
[1.075s] -- Found OGRE_RTShaderSystem: optimized;/usr/lib/x86_64-linux-gnu/libOgreRTShaderSystem.so;debug;/usr/lib/x86_64-linux-gnu/libOgreRTShaderSystem.so
[1.075s] -- Looking for OGRE_Volume...
[1.075s] -- Found OGRE_Volume: optimized;/usr/lib/x86_64-linux-gnu/libOgreVolume.so;debug;/usr/lib/x86_64-linux-gnu/libOgreVolume.so
[1.075s] -- Looking for OGRE_Overlay...
[1.075s] -- Found OGRE_Overlay: optimized;/usr/lib/x86_64-linux-gnu/libOgreOverlay.so;debug;/usr/lib/x86_64-linux-gnu/libOgreOverlay.so
[1.179s] -- Looking for ignition-math6 -- found version 6.15.0
[1.179s] -- Looking for ignition-transport8 -- found version 8.2.1
[1.180s] -- Searching for dependencies of ignition-transport8
[1.203s] -- Found Protobuf: /usr/lib/x86_64-linux-gnu/libprotobuf.so (found suitable version "3.12.4", minimum required is "3") 
[1.218s] -- Config-file not installed for ZeroMQ -- checking for pkg-config
[1.226s] -- Checking for module 'libzmq >= 4'
[1.256s] --   Found libzmq , version 4.3.4
[1.347s] -- Checking for module 'uuid'
[1.380s] --   Found uuid, version 2.37.2
[1.473s] -- Looking for ignition-msgs5 -- found version 5.8.1
[1.473s] -- Searching for dependencies of ignition-msgs5
[1.527s] -- Looking for ignition-math6 -- found version 6.15.0
[1.535s] -- Checking for module 'tinyxml2'
[1.569s] --   Found tinyxml2, version 9.0.0
[1.668s] -- Looking for ignition-msgs5 -- found version 5.8.1
[1.668s] -- Looking for ignition-common3 -- found version 3.14.0
[1.670s] -- Searching for dependencies of ignition-common3
[1.670s] -- Looking for dlfcn.h - found
[1.670s] -- Looking for libdl - found
[1.699s] -- Searching for <ignition-common3> component [graphics]
[1.699s] -- Looking for ignition-common3-graphics -- found version 3.14.0
[1.701s] -- Searching for dependencies of ignition-common3-graphics
[1.701s] -- Looking for ignition-math6 -- found version 6.15.0
[1.703s] -- Looking for ignition-fuel_tools4 -- found version 4.4.0
[1.704s] -- Searching for dependencies of ignition-fuel_tools4
[1.790s] -- Checking for module 'jsoncpp'
[1.816s] --   Found jsoncpp, version 1.9.5
[1.901s] -- Checking for module 'libzip'
[1.928s] --   Found libzip, version 1.7.3
[2.002s] -- Looking for ignition-common3 -- found version 3.14.0
[2.002s] -- Looking for ignition-math6 -- found version 6.15.0
[2.003s] -- Looking for ignition-msgs5 -- found version 5.8.1
[2.003s] -- Gazebo version: 11.10
[2.008s] -- Found sensor_msgs: 4.2.3 (/opt/ros/humble/share/sensor_msgs/cmake)
[2.077s] -- Found ament_lint_auto: 0.12.8 (/opt/ros/humble/share/ament_lint_auto/cmake)
[2.200s] -- Added test 'cppcheck' to perform static code analysis on C / C++ code
[2.200s] -- Configured cppcheck include dirs: 
[2.200s] -- Configured cppcheck exclude dirs and/or files: 
[2.200s] -- Added test 'flake8' to check Python code syntax and style conventions
[2.201s] -- Added test 'lint_cmake' to check CMake code style
[2.201s] -- Added test 'pep257' to check Python code against some of the docstring style conventions in PEP 257
[2.203s] -- Added test 'uncrustify' to check C / C++ code style
[2.203s] -- Configured uncrustify additional arguments: 
[2.203s] -- Added test 'xmllint' to check XML markup files
[2.204s] -- Configuring done
[2.217s] -- Generating done
[2.219s] -- Build files have been written to: /home/adi/hum_rob_ws/build/four_dof
[2.261s] [ 50%] [32mBuilding CXX object CMakeFiles/joint_state_pub_node.dir/src/joint_publisher.cpp.o[0m
[5.795s] [100%] [32m[1mLinking CXX executable joint_state_pub_node[0m
[6.041s] [100%] Built target joint_state_pub_node
[6.069s] Invoked command in '/home/adi/hum_rob_ws/build/four_dof' returned '0': CMAKE_PREFIX_PATH=${CMAKE_PREFIX_PATH}:/opt/ros/humble /usr/bin/cmake --build /home/adi/hum_rob_ws/build/four_dof -- -j16 -l16
[6.118s] Invoking command in '/home/adi/hum_rob_ws/build/four_dof': CMAKE_PREFIX_PATH=${CMAKE_PREFIX_PATH}:/opt/ros/humble /usr/bin/cmake --install /home/adi/hum_rob_ws/build/four_dof
[6.134s] -- Install configuration: ""
[6.134s] -- Up-to-date: /home/adi/hum_rob_ws/install/four_dof/share/four_dof/urdf
[6.134s] -- Up-to-date: /home/adi/hum_rob_ws/install/four_dof/share/four_dof/urdf/draft2.urdf
[6.134s] -- Up-to-date: /home/adi/hum_rob_ws/install/four_dof/share/four_dof/urdf/draft.urdf
[6.134s] -- Up-to-date: /home/adi/hum_rob_ws/install/four_dof/share/four_dof/rviz
[6.135s] -- Up-to-date: /home/adi/hum_rob_ws/install/four_dof/share/four_dof/rviz/placeholder.txt
[6.135s] -- Up-to-date: /home/adi/hum_rob_ws/install/four_dof/share/four_dof/rviz/modified_4_dof.rviz
[6.135s] -- Up-to-date: /home/adi/hum_rob_ws/install/four_dof/share/four_dof/launch
[6.135s] -- Up-to-date: /home/adi/hum_rob_ws/install/four_dof/share/four_dof/launch/urdf_viz.launch.py
[6.136s] -- Up-to-date: /home/adi/hum_rob_ws/install/four_dof/share/four_dof/launch/spawn.launch.py
[6.136s] -- Up-to-date: /home/adi/hum_rob_ws/install/four_dof/share/four_dof/launch/empty_world.launch.py
[6.136s] -- Up-to-date: /home/adi/hum_rob_ws/install/four_dof/share/four_dof/meshes
[6.136s] -- Up-to-date: /home/adi/hum_rob_ws/install/four_dof/share/four_dof/meshes/draft1
[6.136s] -- Up-to-date: /home/adi/hum_rob_ws/install/four_dof/share/four_dof/meshes/draft1/right_front_knee_link.stl
[6.136s] -- Up-to-date: /home/adi/hum_rob_ws/install/four_dof/share/four_dof/meshes/draft1/right_front_thigh_link.stl
[6.137s] -- Up-to-date: /home/adi/hum_rob_ws/install/four_dof/share/four_dof/meshes/draft1/left_foot.stl
[6.137s] -- Up-to-date: /home/adi/hum_rob_ws/install/four_dof/share/four_dof/meshes/draft1/left_front_knee_link.stl
[6.137s] -- Up-to-date: /home/adi/hum_rob_ws/install/four_dof/share/four_dof/meshes/draft1/body_for_Sym.stl
[6.137s] -- Up-to-date: /home/adi/hum_rob_ws/install/four_dof/share/four_dof/meshes/draft1/right_foot.stl
[6.137s] -- Up-to-date: /home/adi/hum_rob_ws/install/four_dof/share/four_dof/meshes/draft2
[6.137s] -- Up-to-date: /home/adi/hum_rob_ws/install/four_dof/share/four_dof/meshes/draft2/right_front_knee_link.stl
[6.138s] -- Up-to-date: /home/adi/hum_rob_ws/install/four_dof/share/four_dof/meshes/draft2/left_front_thigh_link.stl
[6.138s] -- Up-to-date: /home/adi/hum_rob_ws/install/four_dof/share/four_dof/meshes/draft2/right_front_thigh_link.stl
[6.138s] -- Up-to-date: /home/adi/hum_rob_ws/install/four_dof/share/four_dof/meshes/draft2/left_foot.stl
[6.138s] -- Up-to-date: /home/adi/hum_rob_ws/install/four_dof/share/four_dof/meshes/draft2/left_front_knee_link.stl
[6.138s] -- Up-to-date: /home/adi/hum_rob_ws/install/four_dof/share/four_dof/meshes/draft2/body_for_Sym.stl
[6.138s] -- Up-to-date: /home/adi/hum_rob_ws/install/four_dof/share/four_dof/meshes/draft2/right_foot.stl
[6.139s] -- Installing: /home/adi/hum_rob_ws/install/four_dof/lib/four_dof/joint_state_pub_node
[6.140s] -- Set runtime path of "/home/adi/hum_rob_ws/install/four_dof/lib/four_dof/joint_state_pub_node" to ""
[6.140s] -- Up-to-date: /home/adi/hum_rob_ws/install/four_dof/share/ament_index/resource_index/package_run_dependencies/four_dof
[6.140s] -- Up-to-date: /home/adi/hum_rob_ws/install/four_dof/share/ament_index/resource_index/parent_prefix_path/four_dof
[6.141s] -- Up-to-date: /home/adi/hum_rob_ws/install/four_dof/share/four_dof/environment/ament_prefix_path.sh
[6.141s] -- Installing: /home/adi/hum_rob_ws/install/four_dof/share/four_dof/environment/ament_prefix_path.dsv
[6.141s] -- Up-to-date: /home/adi/hum_rob_ws/install/four_dof/share/four_dof/environment/path.sh
[6.141s] -- Installing: /home/adi/hum_rob_ws/install/four_dof/share/four_dof/environment/path.dsv
[6.142s] -- Up-to-date: /home/adi/hum_rob_ws/install/four_dof/share/four_dof/local_setup.bash
[6.142s] -- Up-to-date: /home/adi/hum_rob_ws/install/four_dof/share/four_dof/local_setup.sh
[6.142s] -- Up-to-date: /home/adi/hum_rob_ws/install/four_dof/share/four_dof/local_setup.zsh
[6.142s] -- Installing: /home/adi/hum_rob_ws/install/four_dof/share/four_dof/local_setup.dsv
[6.142s] -- Installing: /home/adi/hum_rob_ws/install/four_dof/share/four_dof/package.dsv
[6.143s] -- Up-to-date: /home/adi/hum_rob_ws/install/four_dof/share/ament_index/resource_index/packages/four_dof
[6.143s] -- Up-to-date: /home/adi/hum_rob_ws/install/four_dof/share/four_dof/cmake/four_dofConfig.cmake
[6.143s] -- Up-to-date: /home/adi/hum_rob_ws/install/four_dof/share/four_dof/cmake/four_dofConfig-version.cmake
[6.143s] -- Up-to-date: /home/adi/hum_rob_ws/install/four_dof/share/four_dof/package.xml
[6.148s] Invoked command in '/home/adi/hum_rob_ws/build/four_dof' returned '0': CMAKE_PREFIX_PATH=${CMAKE_PREFIX_PATH}:/opt/ros/humble /usr/bin/cmake --install /home/adi/hum_rob_ws/build/four_dof
