[0.091s] Invoking command in '/home/adi/hum_rob_ws/src/build/six_dof': CMAKE_PREFIX_PATH=${CMAKE_PREFIX_PATH}:/opt/ros/humble /usr/bin/cmake /home/adi/hum_rob_ws/src/six_dof -DCMAKE_INSTALL_PREFIX=/home/adi/hum_rob_ws/src/install/six_dof
[0.212s] -- The C compiler identification is GNU 11.4.0
[0.299s] -- The CXX compiler identification is GNU 11.4.0
[0.313s] -- Detecting C compiler ABI info
[0.391s] -- Detecting C compiler ABI info - done
[0.397s] -- Check for working C compiler: /usr/bin/cc - skipped
[0.397s] -- Detecting C compile features
[0.398s] -- Detecting C compile features - done
[0.401s] -- Detecting CXX compiler ABI info
[0.552s] -- Detecting CXX compiler ABI info - done
[0.570s] -- Check for working CXX compiler: /usr/bin/c++ - skipped
[0.571s] -- Detecting CXX compile features
[0.572s] -- Detecting CXX compile features - done
[0.583s] -- Found ament_cmake: 1.3.7 (/opt/ros/humble/share/ament_cmake/cmake)
[1.307s] -- Found Python3: /usr/bin/python3.10 (found version "3.10.12") found components: Interpreter 
[1.457s] -- Found rclcpp: 16.0.8 (/opt/ros/humble/share/rclcpp/cmake)
[1.522s] -- Found rosidl_generator_c: 3.1.5 (/opt/ros/humble/share/rosidl_generator_c/cmake)
[1.528s] -- Found rosidl_adapter: 3.1.5 (/opt/ros/humble/share/rosidl_adapter/cmake)
[1.539s] -- Found rosidl_generator_cpp: 3.1.5 (/opt/ros/humble/share/rosidl_generator_cpp/cmake)
[1.556s] -- Using all available rosidl_typesupport_c: rosidl_typesupport_fastrtps_c;rosidl_typesupport_introspection_c
[1.578s] -- Using all available rosidl_typesupport_cpp: rosidl_typesupport_fastrtps_cpp;rosidl_typesupport_introspection_cpp
[1.653s] -- Found rmw_implementation_cmake: 6.1.1 (/opt/ros/humble/share/rmw_implementation_cmake/cmake)
[1.657s] -- Found rmw_fastrtps_cpp: 6.2.6 (/opt/ros/humble/share/rmw_fastrtps_cpp/cmake)
[1.835s] -- Found OpenSSL: /usr/lib/x86_64-linux-gnu/libcrypto.so (found version "3.0.2")  
[1.867s] -- Found FastRTPS: /opt/ros/humble/include  
[1.923s] -- Using RMW implementation 'rmw_fastrtps_cpp' as default
[1.937s] -- Looking for pthread.h
[2.029s] -- Looking for pthread.h - found
[2.029s] -- Performing Test CMAKE_HAVE_LIBC_PTHREAD
[2.133s] -- Performing Test CMAKE_HAVE_LIBC_PTHREAD - Success
[2.133s] -- Found Threads: TRUE  
[2.280s] -- Found rclpy: 3.3.11 (/opt/ros/humble/share/rclpy/cmake)
[2.282s] -- Found ament_lint_auto: 0.12.10 (/opt/ros/humble/share/ament_lint_auto/cmake)
[2.428s] -- Added test 'flake8' to check Python code syntax and style conventions
[2.428s] -- Added test 'lint_cmake' to check CMake code style
[2.429s] -- Added test 'pep257' to check Python code against some of the docstring style conventions in PEP 257
[2.431s] -- Added test 'xmllint' to check XML markup files
[2.432s] -- Configuring done
[2.437s] -- Generating done
[2.438s] -- Build files have been written to: /home/adi/hum_rob_ws/src/build/six_dof
[2.446s] Invoked command in '/home/adi/hum_rob_ws/src/build/six_dof' returned '0': CMAKE_PREFIX_PATH=${CMAKE_PREFIX_PATH}:/opt/ros/humble /usr/bin/cmake /home/adi/hum_rob_ws/src/six_dof -DCMAKE_INSTALL_PREFIX=/home/adi/hum_rob_ws/src/install/six_dof
[2.448s] Invoking command in '/home/adi/hum_rob_ws/src/build/six_dof': CMAKE_PREFIX_PATH=${CMAKE_PREFIX_PATH}:/opt/ros/humble /usr/bin/cmake --build /home/adi/hum_rob_ws/src/build/six_dof -- -j16 -l16
[2.535s] Invoked command in '/home/adi/hum_rob_ws/src/build/six_dof' returned '0': CMAKE_PREFIX_PATH=${CMAKE_PREFIX_PATH}:/opt/ros/humble /usr/bin/cmake --build /home/adi/hum_rob_ws/src/build/six_dof -- -j16 -l16
[2.604s] Invoking command in '/home/adi/hum_rob_ws/src/build/six_dof': CMAKE_PREFIX_PATH=${CMAKE_PREFIX_PATH}:/opt/ros/humble /usr/bin/cmake --install /home/adi/hum_rob_ws/src/build/six_dof
[2.611s] -- Install configuration: ""
[2.611s] -- Installing: /home/adi/hum_rob_ws/src/install/six_dof/share/six_dof//urdf
[2.611s] -- Installing: /home/adi/hum_rob_ws/src/install/six_dof/share/six_dof//urdf/6dof.urdf
[2.611s] -- Installing: /home/adi/hum_rob_ws/src/install/six_dof/share/six_dof//launch
[2.612s] -- Installing: /home/adi/hum_rob_ws/src/install/six_dof/share/six_dof//launch/urdf_vis.launch.py
[2.612s] -- Installing: /home/adi/hum_rob_ws/src/install/six_dof/share/six_dof//meshes
[2.612s] -- Installing: /home/adi/hum_rob_ws/src/install/six_dof/share/six_dof//meshes/leftfoot.stl
[2.614s] -- Installing: /home/adi/hum_rob_ws/src/install/six_dof/share/six_dof//meshes/RightThighURDF.stl
[2.641s] -- Installing: /home/adi/hum_rob_ws/src/install/six_dof/share/six_dof//meshes/leftknee.stl
[2.647s] -- Installing: /home/adi/hum_rob_ws/src/install/six_dof/share/six_dof//meshes/rightfoot.stl
[2.650s] -- Installing: /home/adi/hum_rob_ws/src/install/six_dof/share/six_dof//meshes/rightknee.stl
[2.656s] -- Installing: /home/adi/hum_rob_ws/src/install/six_dof/share/six_dof//meshes/LeftThighForURDF.stl
[2.667s] -- Installing: /home/adi/hum_rob_ws/src/install/six_dof/share/six_dof//meshes/Chassis.stl
[2.668s] -- Installing: /home/adi/hum_rob_ws/src/install/six_dof/share/ament_index/resource_index/package_run_dependencies/six_dof
[2.668s] -- Installing: /home/adi/hum_rob_ws/src/install/six_dof/share/ament_index/resource_index/parent_prefix_path/six_dof
[2.668s] -- Installing: /home/adi/hum_rob_ws/src/install/six_dof/share/six_dof/environment/ament_prefix_path.sh
[2.668s] -- Installing: /home/adi/hum_rob_ws/src/install/six_dof/share/six_dof/environment/ament_prefix_path.dsv
[2.668s] -- Installing: /home/adi/hum_rob_ws/src/install/six_dof/share/six_dof/environment/path.sh
[2.668s] -- Installing: /home/adi/hum_rob_ws/src/install/six_dof/share/six_dof/environment/path.dsv
[2.668s] -- Installing: /home/adi/hum_rob_ws/src/install/six_dof/share/six_dof/local_setup.bash
[2.669s] -- Installing: /home/adi/hum_rob_ws/src/install/six_dof/share/six_dof/local_setup.sh
[2.669s] -- Installing: /home/adi/hum_rob_ws/src/install/six_dof/share/six_dof/local_setup.zsh
[2.669s] -- Installing: /home/adi/hum_rob_ws/src/install/six_dof/share/six_dof/local_setup.dsv
[2.669s] -- Installing: /home/adi/hum_rob_ws/src/install/six_dof/share/six_dof/package.dsv
[2.669s] -- Installing: /home/adi/hum_rob_ws/src/install/six_dof/share/ament_index/resource_index/packages/six_dof
[2.669s] -- Installing: /home/adi/hum_rob_ws/src/install/six_dof/share/six_dof/cmake/six_dofConfig.cmake
[2.669s] -- Installing: /home/adi/hum_rob_ws/src/install/six_dof/share/six_dof/cmake/six_dofConfig-version.cmake
[2.669s] -- Installing: /home/adi/hum_rob_ws/src/install/six_dof/share/six_dof/package.xml
[2.672s] Invoked command in '/home/adi/hum_rob_ws/src/build/six_dof' returned '0': CMAKE_PREFIX_PATH=${CMAKE_PREFIX_PATH}:/opt/ros/humble /usr/bin/cmake --install /home/adi/hum_rob_ws/src/build/six_dof
