[0.088s] Invoking command in '/home/adi/hum_rob_ws/build/four_dof': CMAKE_PREFIX_PATH=${CMAKE_PREFIX_PATH}:/opt/ros/humble /usr/bin/cmake --build /home/adi/hum_rob_ws/build/four_dof -- -j16 -l16
[0.171s] [35m[1mConsolidate compiler generated dependencies of target joint_state_pub_node[0m
[0.218s] [ 50%] [32mBuilding CXX object CMakeFiles/joint_state_pub_node.dir/src/joint_publisher.cpp.o[0m
[3.665s] [100%] [32m[1mLinking CXX executable joint_state_pub_node[0m
[3.899s] [100%] Built target joint_state_pub_node
[3.917s] Invoked command in '/home/adi/hum_rob_ws/build/four_dof' returned '0': CMAKE_PREFIX_PATH=${CMAKE_PREFIX_PATH}:/opt/ros/humble /usr/bin/cmake --build /home/adi/hum_rob_ws/build/four_dof -- -j16 -l16
[3.960s] Invoking command in '/home/adi/hum_rob_ws/build/four_dof': CMAKE_PREFIX_PATH=${CMAKE_PREFIX_PATH}:/opt/ros/humble /usr/bin/cmake --install /home/adi/hum_rob_ws/build/four_dof
[3.975s] -- Install configuration: ""
[3.975s] -- Up-to-date: /home/adi/hum_rob_ws/install/four_dof/share/four_dof/urdf
[3.976s] -- Up-to-date: /home/adi/hum_rob_ws/install/four_dof/share/four_dof/urdf/draft2.urdf
[3.976s] -- Up-to-date: /home/adi/hum_rob_ws/install/four_dof/share/four_dof/urdf/draft.urdf
[3.976s] -- Up-to-date: /home/adi/hum_rob_ws/install/four_dof/share/four_dof/rviz
[3.976s] -- Up-to-date: /home/adi/hum_rob_ws/install/four_dof/share/four_dof/rviz/placeholder.txt
[3.976s] -- Up-to-date: /home/adi/hum_rob_ws/install/four_dof/share/four_dof/rviz/modified_4_dof.rviz
[3.976s] -- Up-to-date: /home/adi/hum_rob_ws/install/four_dof/share/four_dof/launch
[3.976s] -- Up-to-date: /home/adi/hum_rob_ws/install/four_dof/share/four_dof/launch/urdf_viz.launch.py
[3.976s] -- Up-to-date: /home/adi/hum_rob_ws/install/four_dof/share/four_dof/launch/spawn.launch.py
[3.976s] -- Up-to-date: /home/adi/hum_rob_ws/install/four_dof/share/four_dof/launch/empty_world.launch.py
[3.976s] -- Up-to-date: /home/adi/hum_rob_ws/install/four_dof/share/four_dof/meshes
[3.976s] -- Up-to-date: /home/adi/hum_rob_ws/install/four_dof/share/four_dof/meshes/draft1
[3.976s] -- Up-to-date: /home/adi/hum_rob_ws/install/four_dof/share/four_dof/meshes/draft1/right_front_knee_link.stl
[3.977s] -- Up-to-date: /home/adi/hum_rob_ws/install/four_dof/share/four_dof/meshes/draft1/right_front_thigh_link.stl
[3.977s] -- Up-to-date: /home/adi/hum_rob_ws/install/four_dof/share/four_dof/meshes/draft1/left_foot.stl
[3.977s] -- Up-to-date: /home/adi/hum_rob_ws/install/four_dof/share/four_dof/meshes/draft1/left_front_knee_link.stl
[3.977s] -- Up-to-date: /home/adi/hum_rob_ws/install/four_dof/share/four_dof/meshes/draft1/body_for_Sym.stl
[3.977s] -- Up-to-date: /home/adi/hum_rob_ws/install/four_dof/share/four_dof/meshes/draft1/right_foot.stl
[3.977s] -- Up-to-date: /home/adi/hum_rob_ws/install/four_dof/share/four_dof/meshes/draft2
[3.977s] -- Up-to-date: /home/adi/hum_rob_ws/install/four_dof/share/four_dof/meshes/draft2/right_front_knee_link.stl
[3.977s] -- Up-to-date: /home/adi/hum_rob_ws/install/four_dof/share/four_dof/meshes/draft2/left_front_thigh_link.stl
[3.977s] -- Up-to-date: /home/adi/hum_rob_ws/install/four_dof/share/four_dof/meshes/draft2/right_front_thigh_link.stl
[3.977s] -- Up-to-date: /home/adi/hum_rob_ws/install/four_dof/share/four_dof/meshes/draft2/left_foot.stl
[3.977s] -- Up-to-date: /home/adi/hum_rob_ws/install/four_dof/share/four_dof/meshes/draft2/left_front_knee_link.stl
[3.977s] -- Up-to-date: /home/adi/hum_rob_ws/install/four_dof/share/four_dof/meshes/draft2/body_for_Sym.stl
[3.977s] -- Up-to-date: /home/adi/hum_rob_ws/install/four_dof/share/four_dof/meshes/draft2/right_foot.stl
[3.977s] -- Installing: /home/adi/hum_rob_ws/install/four_dof/lib/four_dof/joint_state_pub_node
[3.981s] -- Set runtime path of "/home/adi/hum_rob_ws/install/four_dof/lib/four_dof/joint_state_pub_node" to ""
[3.981s] -- Up-to-date: /home/adi/hum_rob_ws/install/four_dof/share/ament_index/resource_index/package_run_dependencies/four_dof
[3.982s] -- Up-to-date: /home/adi/hum_rob_ws/install/four_dof/share/ament_index/resource_index/parent_prefix_path/four_dof
[3.982s] -- Up-to-date: /home/adi/hum_rob_ws/install/four_dof/share/four_dof/environment/ament_prefix_path.sh
[3.982s] -- Up-to-date: /home/adi/hum_rob_ws/install/four_dof/share/four_dof/environment/ament_prefix_path.dsv
[3.982s] -- Up-to-date: /home/adi/hum_rob_ws/install/four_dof/share/four_dof/environment/path.sh
[3.982s] -- Up-to-date: /home/adi/hum_rob_ws/install/four_dof/share/four_dof/environment/path.dsv
[3.983s] -- Up-to-date: /home/adi/hum_rob_ws/install/four_dof/share/four_dof/local_setup.bash
[3.983s] -- Up-to-date: /home/adi/hum_rob_ws/install/four_dof/share/four_dof/local_setup.sh
[3.983s] -- Up-to-date: /home/adi/hum_rob_ws/install/four_dof/share/four_dof/local_setup.zsh
[3.983s] -- Up-to-date: /home/adi/hum_rob_ws/install/four_dof/share/four_dof/local_setup.dsv
[3.983s] -- Installing: /home/adi/hum_rob_ws/install/four_dof/share/four_dof/package.dsv
[3.983s] -- Up-to-date: /home/adi/hum_rob_ws/install/four_dof/share/ament_index/resource_index/packages/four_dof
[3.983s] -- Up-to-date: /home/adi/hum_rob_ws/install/four_dof/share/four_dof/cmake/four_dofConfig.cmake
[3.983s] -- Up-to-date: /home/adi/hum_rob_ws/install/four_dof/share/four_dof/cmake/four_dofConfig-version.cmake
[3.983s] -- Up-to-date: /home/adi/hum_rob_ws/install/four_dof/share/four_dof/package.xml
[3.988s] Invoked command in '/home/adi/hum_rob_ws/build/four_dof' returned '0': CMAKE_PREFIX_PATH=${CMAKE_PREFIX_PATH}:/opt/ros/humble /usr/bin/cmake --install /home/adi/hum_rob_ws/build/four_dof
