[0.112s] Invoking command in '/home/adi/hum_rob_ws/build/four_dof_bringup': CMAKE_PREFIX_PATH=${CMAKE_PREFIX_PATH}:/home/adi/hum_rob_ws/install/pin_tut:/opt/ros/humble /usr/bin/cmake --build /home/adi/hum_rob_ws/build/four_dof_bringup -- -j16 -l16
[0.158s] -- Found ament_cmake: 1.3.6 (/opt/ros/humble/share/ament_cmake/cmake)
[0.498s] -- Found urdf: 2.6.0 (/opt/ros/humble/share/urdf/cmake)
[0.578s] -- Found xacro: 2.0.8 (/opt/ros/humble/share/xacro/cmake)
[0.578s] -- Found robot_state_publisher: 3.0.2 (/opt/ros/humble/share/robot_state_publisher/cmake)
[0.592s] -- Found rosidl_generator_c: 3.1.5 (/opt/ros/humble/share/rosidl_generator_c/cmake)
[0.594s] -- Found rosidl_adapter: 3.1.5 (/opt/ros/humble/share/rosidl_adapter/cmake)
[0.599s] -- Found rosidl_generator_cpp: 3.1.5 (/opt/ros/humble/share/rosidl_generator_cpp/cmake)
[0.609s] -- Using all available rosidl_typesupport_c: rosidl_typesupport_fastrtps_c;rosidl_typesupport_introspection_c
[0.621s] -- Using all available rosidl_typesupport_cpp: rosidl_typesupport_fastrtps_cpp;rosidl_typesupport_introspection_cpp
[0.733s] -- Found eigen3_cmake_module: 0.1.1 (/opt/ros/humble/share/eigen3_cmake_module/cmake)
[0.735s] -- Ensuring Eigen3 include directory is part of orocos-kdl CMake target
[0.783s] -- Found rmw_implementation_cmake: 6.1.1 (/opt/ros/humble/share/rmw_implementation_cmake/cmake)
[0.784s] -- Found rmw_fastrtps_cpp: 6.2.5 (/opt/ros/humble/share/rmw_fastrtps_cpp/cmake)
[0.812s] -- Found TinyXML2 via Config file: TinyXML2_DIR-NOTFOUND
[0.824s] -- Found TinyXML2 via Config file: TinyXML2_DIR-NOTFOUND
[0.849s] -- Found TinyXML2 via Config file: TinyXML2_DIR-NOTFOUND
[0.858s] -- Found TinyXML2 via Config file: TinyXML2_DIR-NOTFOUND
[0.872s] -- Using RMW implementation 'rmw_fastrtps_cpp' as default
[1.411s] -- Found gazebo_ros: 3.7.0 (/opt/ros/humble/share/gazebo_ros/cmake)
[1.447s] -- Found DART: /usr/include (Required is at least version "6.6") found components: dart 
[1.474s] -- Found Protobuf: /usr/lib/x86_64-linux-gnu/libprotobuf.so (found version "3.12.4") 
[1.475s] -- Looking for ignition-math6 -- found version 6.15.0
[1.479s] -- Searching for dependencies of ignition-math6
[1.480s] -- Looking for OGRE...
[1.487s] -- Found Ogre Ghadamon (1.9.0)
[1.488s] -- Found OGRE: optimized;/usr/lib/x86_64-linux-gnu/libOgreMain.so;debug;/usr/lib/x86_64-linux-gnu/libOgreMain.so
[1.496s] -- Looking for OGRE_Paging...
[1.496s] -- Found OGRE_Paging: optimized;/usr/lib/x86_64-linux-gnu/libOgrePaging.so;debug;/usr/lib/x86_64-linux-gnu/libOgrePaging.so
[1.497s] -- Looking for OGRE_Terrain...
[1.497s] -- Found OGRE_Terrain: optimized;/usr/lib/x86_64-linux-gnu/libOgreTerrain.so;debug;/usr/lib/x86_64-linux-gnu/libOgreTerrain.so
[1.497s] -- Looking for OGRE_Property...
[1.497s] -- Found OGRE_Property: optimized;/usr/lib/x86_64-linux-gnu/libOgreProperty.so;debug;/usr/lib/x86_64-linux-gnu/libOgreProperty.so
[1.497s] -- Looking for OGRE_RTShaderSystem...
[1.497s] -- Found OGRE_RTShaderSystem: optimized;/usr/lib/x86_64-linux-gnu/libOgreRTShaderSystem.so;debug;/usr/lib/x86_64-linux-gnu/libOgreRTShaderSystem.so
[1.497s] -- Looking for OGRE_Volume...
[1.498s] -- Found OGRE_Volume: optimized;/usr/lib/x86_64-linux-gnu/libOgreVolume.so;debug;/usr/lib/x86_64-linux-gnu/libOgreVolume.so
[1.498s] -- Looking for OGRE_Overlay...
[1.498s] -- Found OGRE_Overlay: optimized;/usr/lib/x86_64-linux-gnu/libOgreOverlay.so;debug;/usr/lib/x86_64-linux-gnu/libOgreOverlay.so
[1.680s] -- Looking for ignition-math6 -- found version 6.15.0
[1.680s] -- Looking for ignition-transport8 -- found version 8.2.1
[1.681s] -- Searching for dependencies of ignition-transport8
[1.707s] -- Found Protobuf: /usr/lib/x86_64-linux-gnu/libprotobuf.so (found suitable version "3.12.4", minimum required is "3") 
[1.722s] -- Config-file not installed for ZeroMQ -- checking for pkg-config
[1.728s] -- Checking for module 'libzmq >= 4'
[1.758s] --   Found libzmq , version 4.3.4
[1.839s] -- Checking for module 'uuid'
[1.869s] --   Found uuid, version 2.37.2
[1.938s] -- Looking for ignition-msgs5 -- found version 5.8.1
[1.939s] -- Searching for dependencies of ignition-msgs5
[1.994s] -- Looking for ignition-math6 -- found version 6.15.0
[2.004s] -- Looking for ignition-msgs5 -- found version 5.8.1
[2.004s] -- Looking for ignition-common3 -- found version 3.14.0
[2.005s] -- Searching for dependencies of ignition-common3
[2.005s] -- Looking for dlfcn.h - found
[2.005s] -- Looking for libdl - found
[2.018s] -- Searching for <ignition-common3> component [graphics]
[2.018s] -- Looking for ignition-common3-graphics -- found version 3.14.0
[2.019s] -- Searching for dependencies of ignition-common3-graphics
[2.019s] -- Looking for ignition-math6 -- found version 6.15.0
[2.020s] -- Looking for ignition-fuel_tools4 -- found version 4.4.0
[2.021s] -- Searching for dependencies of ignition-fuel_tools4
[2.092s] -- Checking for module 'jsoncpp'
[2.123s] --   Found jsoncpp, version 1.9.5
[2.202s] -- Checking for module 'libzip'
[2.228s] --   Found libzip, version 1.7.3
[2.284s] -- Looking for ignition-common3 -- found version 3.14.0
[2.284s] -- Looking for ignition-math6 -- found version 6.15.0
[2.285s] -- Looking for ignition-msgs5 -- found version 5.8.1
[2.286s] -- Gazebo version: 11.10
[2.290s] -- Found ament_lint_auto: 0.12.9 (/opt/ros/humble/share/ament_lint_auto/cmake)
[2.397s] -- Added test 'flake8' to check Python code syntax and style conventions
[2.398s] -- Added test 'lint_cmake' to check CMake code style
[2.398s] -- Added test 'pep257' to check Python code against some of the docstring style conventions in PEP 257
[2.399s] -- Added test 'xmllint' to check XML markup files
[2.400s] -- Configuring done
[2.408s] -- Generating done
[2.411s] -- Build files have been written to: /home/adi/hum_rob_ws/build/four_dof_bringup
[2.451s] Invoked command in '/home/adi/hum_rob_ws/build/four_dof_bringup' returned '0': CMAKE_PREFIX_PATH=${CMAKE_PREFIX_PATH}:/home/adi/hum_rob_ws/install/pin_tut:/opt/ros/humble /usr/bin/cmake --build /home/adi/hum_rob_ws/build/four_dof_bringup -- -j16 -l16
[2.485s] Invoking command in '/home/adi/hum_rob_ws/build/four_dof_bringup': CMAKE_PREFIX_PATH=${CMAKE_PREFIX_PATH}:/home/adi/hum_rob_ws/install/pin_tut:/opt/ros/humble /usr/bin/cmake --install /home/adi/hum_rob_ws/build/four_dof_bringup
[2.493s] -- Install configuration: ""
[2.493s] -- Up-to-date: /home/adi/hum_rob_ws/install/four_dof_bringup/share/four_dof_bringup//launch
[2.493s] -- Up-to-date: /home/adi/hum_rob_ws/install/four_dof_bringup/share/four_dof_bringup//launch/four_dof.launch.py
[2.493s] -- Up-to-date: /home/adi/hum_rob_ws/install/four_dof_bringup/share/four_dof_bringup//config
[2.493s] -- Up-to-date: /home/adi/hum_rob_ws/install/four_dof_bringup/share/four_dof_bringup//config/controller_configuration.yaml
[2.493s] -- Up-to-date: /home/adi/hum_rob_ws/install/four_dof_bringup/share/ament_index/resource_index/package_run_dependencies/four_dof_bringup
[2.494s] -- Up-to-date: /home/adi/hum_rob_ws/install/four_dof_bringup/share/ament_index/resource_index/parent_prefix_path/four_dof_bringup
[2.494s] -- Up-to-date: /home/adi/hum_rob_ws/install/four_dof_bringup/share/four_dof_bringup/environment/ament_prefix_path.sh
[2.494s] -- Installing: /home/adi/hum_rob_ws/install/four_dof_bringup/share/four_dof_bringup/environment/ament_prefix_path.dsv
[2.494s] -- Up-to-date: /home/adi/hum_rob_ws/install/four_dof_bringup/share/four_dof_bringup/environment/path.sh
[2.494s] -- Installing: /home/adi/hum_rob_ws/install/four_dof_bringup/share/four_dof_bringup/environment/path.dsv
[2.494s] -- Up-to-date: /home/adi/hum_rob_ws/install/four_dof_bringup/share/four_dof_bringup/local_setup.bash
[2.495s] -- Up-to-date: /home/adi/hum_rob_ws/install/four_dof_bringup/share/four_dof_bringup/local_setup.sh
[2.495s] -- Up-to-date: /home/adi/hum_rob_ws/install/four_dof_bringup/share/four_dof_bringup/local_setup.zsh
[2.495s] -- Installing: /home/adi/hum_rob_ws/install/four_dof_bringup/share/four_dof_bringup/local_setup.dsv
[2.495s] -- Installing: /home/adi/hum_rob_ws/install/four_dof_bringup/share/four_dof_bringup/package.dsv
[2.495s] -- Up-to-date: /home/adi/hum_rob_ws/install/four_dof_bringup/share/ament_index/resource_index/packages/four_dof_bringup
[2.495s] -- Up-to-date: /home/adi/hum_rob_ws/install/four_dof_bringup/share/four_dof_bringup/cmake/four_dof_bringupConfig.cmake
[2.495s] -- Up-to-date: /home/adi/hum_rob_ws/install/four_dof_bringup/share/four_dof_bringup/cmake/four_dof_bringupConfig-version.cmake
[2.495s] -- Up-to-date: /home/adi/hum_rob_ws/install/four_dof_bringup/share/four_dof_bringup/package.xml
[2.497s] Invoked command in '/home/adi/hum_rob_ws/build/four_dof_bringup' returned '0': CMAKE_PREFIX_PATH=${CMAKE_PREFIX_PATH}:/home/adi/hum_rob_ws/install/pin_tut:/opt/ros/humble /usr/bin/cmake --install /home/adi/hum_rob_ws/build/four_dof_bringup
