[0.113s] Invoking command in '/home/adi/hum_rob_ws/build/six_dof': CMAKE_PREFIX_PATH=/opt/ros/humble /usr/bin/cmake --build /home/adi/hum_rob_ws/build/six_dof -- -j16 -l16
[0.165s] -- Found ament_cmake: 1.3.7 (/opt/ros/humble/share/ament_cmake/cmake)
[0.500s] -- Found Python3: /usr/bin/python3.10 (found version "3.10.12") found components: Interpreter 
[0.621s] -- Found rclcpp: 16.0.8 (/opt/ros/humble/share/rclcpp/cmake)
[0.695s] -- Found rosidl_generator_c: 3.1.5 (/opt/ros/humble/share/rosidl_generator_c/cmake)
[0.699s] -- Found rosidl_adapter: 3.1.5 (/opt/ros/humble/share/rosidl_adapter/cmake)
[0.707s] -- Found rosidl_generator_cpp: 3.1.5 (/opt/ros/humble/share/rosidl_generator_cpp/cmake)
[0.723s] -- Using all available rosidl_typesupport_c: rosidl_typesupport_fastrtps_c;rosidl_typesupport_introspection_c
[0.746s] -- Using all available rosidl_typesupport_cpp: rosidl_typesupport_fastrtps_cpp;rosidl_typesupport_introspection_cpp
[0.827s] -- Found rmw_implementation_cmake: 6.1.1 (/opt/ros/humble/share/rmw_implementation_cmake/cmake)
[0.829s] -- Found rmw_fastrtps_cpp: 6.2.6 (/opt/ros/humble/share/rmw_fastrtps_cpp/cmake)
[1.043s] -- Using RMW implementation 'rmw_fastrtps_cpp' as default
[1.260s] -- Found rclpy: 3.3.11 (/opt/ros/humble/share/rclpy/cmake)
[1.261s] -- pinocchio FOUND. pinocchio at /opt/ros/humble/lib/x86_64-linux-gnu/libpinocchio.so
[1.262s] -- boost_filesystem FOUND. boost_filesystem at /lib/x86_64-linux-gnu/libboost_filesystem.so
[1.263s] -- boost_serialization FOUND. boost_serialization at /lib/x86_64-linux-gnu/libboost_serialization.so
[1.263s] -- boost_system FOUND. boost_system at /lib/x86_64-linux-gnu/libboost_system.so
[1.274s] -- Found Boost: /usr/include (found version "1.74.0") found components: filesystem serialization system 
[1.276s] -- eigenpy FOUND. eigenpy at /opt/ros/humble/lib/x86_64-linux-gnu/libeigenpy.so
[1.992s] -- Found Python3: /usr/bin/python3.10 (found version "3.10.12") found components: Interpreter Development.Module NumPy 
[1.993s] -- PythonLibraryDirs: 
[1.994s] -- PythonLibVersionString: 3.10.12
[2.108s] -- Python site lib: lib/python3.10/dist-packages
[2.109s] -- Python include dirs: /usr/include/python3.10
[2.342s] -- Checking for NumPy
[2.526s] --   NUMPY_INCLUDE_DIRS=/usr/lib/python3/dist-packages/numpy/core/include
[2.735s] --   NUMPY_VERSION=1.21.5
[2.735s] -- NumPy include dir: /usr/lib/python3/dist-packages/numpy/core/include
[2.746s] [33mCMake Warning at /usr/share/cmake-3.22/Modules/FindBoost.cmake:2201 (message):
[2.747s]   No header defined for python310; skipping header check (note: header-only
[2.747s]   libraries have no designated component)
[2.747s] Call Stack (most recent call first):
[2.747s]   /opt/ros/humble/lib/x86_64-linux-gnu/cmake/eigenpy/boost.cmake:144 (find_package)
[2.747s]   /opt/ros/humble/lib/x86_64-linux-gnu/cmake/eigenpy/eigenpyConfig.cmake:149 (SEARCH_FOR_BOOST_PYTHON)
[2.748s]   /usr/share/cmake-3.22/Modules/CMakeFindDependencyMacro.cmake:47 (find_package)
[2.748s]   /opt/ros/humble/lib/x86_64-linux-gnu/cmake/pinocchio/pinocchioConfig.cmake:160 (find_dependency)
[2.748s]   CMakeLists.txt:12 (find_package)
[2.748s] 
[2.748s] [0m
[2.749s] -- Found Boost: /usr/include (found version "1.74.0") found components: python310 
[2.749s] -- Boost_PYTHON_LIBRARY: /usr/lib/x86_64-linux-gnu/libboost_python310.so
[3.250s] -- Default C++ standard: 201703
[3.250s] -- C++ standard sufficient: Minimal required 11, currently defined: 17
[3.250s] -- CMAKE_CXX_STANDARD was not set: automatically set to currently defined standard 17
[3.252s] -- hpp-fcl FOUND. hpp-fcl at /opt/ros/humble/lib/x86_64-linux-gnu/libhpp-fcl.so
[3.268s] -- Found Boost: /usr/include (found version "1.74.0") found components: chrono serialization 
[3.271s] -- C++ standard sufficient: Minimal required 11, currently defined: 17
[3.273s] -- C++ standard sufficient: Minimal required 11, currently defined: 17
[3.273s] -- Pinocchio found at: /opt/ros/humble/include
[3.274s] -- Found ament_lint_auto: 0.12.10 (/opt/ros/humble/share/ament_lint_auto/cmake)
[3.428s] -- Added test 'cppcheck' to perform static code analysis on C / C++ code
[3.429s] -- Configured cppcheck include dirs: 
[3.429s] -- Configured cppcheck exclude dirs and/or files: 
[3.430s] -- Added test 'flake8' to check Python code syntax and style conventions
[3.432s] -- Added test 'lint_cmake' to check CMake code style
[3.434s] -- Added test 'pep257' to check Python code against some of the docstring style conventions in PEP 257
[3.440s] -- Added test 'uncrustify' to check C / C++ code style
[3.440s] -- Configured uncrustify additional arguments: 
[3.442s] -- Added test 'xmllint' to check XML markup files
[3.444s] -- Configuring done
[3.471s] -- Generating done
[3.475s] -- Build files have been written to: /home/adi/hum_rob_ws/build/six_dof
[3.537s] [35m[1mConsolidate compiler generated dependencies of target test_node[0m
[3.623s] [ 50%] [32mBuilding CXX object CMakeFiles/test_node.dir/src/IK_test.cpp.o[0m
[8.166s] [01m[K/home/adi/hum_rob_ws/src/six_dof/src/IK_test.cpp:17:5:[m[K [01;35m[Kwarning: [m[Ksecond argument of ‘[01m[Kint main(int, char)[m[K’ should be ‘[01m[Kchar **[m[K’ [[01;35m[K]8;;https://gcc.gnu.org/onlinedocs/gcc/Warning-Options.html#index-Wmain-Wmain]8;;[m[K]
[8.166s]    17 | int [01;35m[Kmain[m[K(int /*argc*/, char /* *argv[] */) {
[8.166s]       |     [01;35m[K^~~~[m[K
[29.422s] [100%] [32m[1mLinking CXX executable test_node[0m
[30.527s] [100%] Built target test_node
[30.559s] Invoked command in '/home/adi/hum_rob_ws/build/six_dof' returned '0': CMAKE_PREFIX_PATH=/opt/ros/humble /usr/bin/cmake --build /home/adi/hum_rob_ws/build/six_dof -- -j16 -l16
[30.637s] Invoking command in '/home/adi/hum_rob_ws/build/six_dof': CMAKE_PREFIX_PATH=/opt/ros/humble /usr/bin/cmake --install /home/adi/hum_rob_ws/build/six_dof
[30.645s] -- Install configuration: ""
[30.645s] -- Up-to-date: /home/adi/hum_rob_ws/install/six_dof/share/six_dof//urdf
[30.646s] -- Up-to-date: /home/adi/hum_rob_ws/install/six_dof/share/six_dof//rviz
[30.646s] -- Up-to-date: /home/adi/hum_rob_ws/install/six_dof/share/six_dof//launch
[30.646s] -- Up-to-date: /home/adi/hum_rob_ws/install/six_dof/share/six_dof//meshes
[30.646s] -- Up-to-date: /home/adi/hum_rob_ws/install/six_dof/share/six_dof//meshes/unused
[30.646s] -- Installing: /home/adi/hum_rob_ws/install/six_dof/share/six_dof/package.dsv
[30.649s] Invoked command in '/home/adi/hum_rob_ws/build/six_dof' returned '0': CMAKE_PREFIX_PATH=/opt/ros/humble /usr/bin/cmake --install /home/adi/hum_rob_ws/build/six_dof
