[0.084s] Invoking command in '/home/adi/hum_rob_ws/build/four_dof': CMAKE_PREFIX_PATH=${CMAKE_PREFIX_PATH}:/opt/ros/humble /usr/bin/cmake --build /home/adi/hum_rob_ws/build/four_dof -- -j16 -l16
[0.166s] [ 50%] [32mBuilding CXX object CMakeFiles/joint_state_pub_node.dir/src/joint_publisher.cpp.o[0m
[3.694s] [100%] [32m[1mLinking CXX executable joint_state_pub_node[0m
[3.911s] [100%] Built target joint_state_pub_node
[3.936s] Invoked command in '/home/adi/hum_rob_ws/build/four_dof' returned '0': CMAKE_PREFIX_PATH=${CMAKE_PREFIX_PATH}:/opt/ros/humble /usr/bin/cmake --build /home/adi/hum_rob_ws/build/four_dof -- -j16 -l16
[4.010s] Invoking command in '/home/adi/hum_rob_ws/build/four_dof': CMAKE_PREFIX_PATH=${CMAKE_PREFIX_PATH}:/opt/ros/humble /usr/bin/cmake --install /home/adi/hum_rob_ws/build/four_dof
[4.024s] -- Install configuration: ""
[4.025s] -- Up-to-date: /home/adi/hum_rob_ws/install/four_dof/share/four_dof/urdf
[4.025s] -- Up-to-date: /home/adi/hum_rob_ws/install/four_dof/share/four_dof/urdf/draft2.urdf
[4.025s] -- Up-to-date: /home/adi/hum_rob_ws/install/four_dof/share/four_dof/urdf/draft.urdf
[4.025s] -- Up-to-date: /home/adi/hum_rob_ws/install/four_dof/share/four_dof/rviz
[4.025s] -- Up-to-date: /home/adi/hum_rob_ws/install/four_dof/share/four_dof/rviz/placeholder.txt
[4.026s] -- Up-to-date: /home/adi/hum_rob_ws/install/four_dof/share/four_dof/rviz/modified_4_dof.rviz
[4.026s] -- Up-to-date: /home/adi/hum_rob_ws/install/four_dof/share/four_dof/launch
[4.026s] -- Up-to-date: /home/adi/hum_rob_ws/install/four_dof/share/four_dof/launch/urdf_viz.launch.py
[4.026s] -- Up-to-date: /home/adi/hum_rob_ws/install/four_dof/share/four_dof/launch/spawn.launch.py
[4.026s] -- Up-to-date: /home/adi/hum_rob_ws/install/four_dof/share/four_dof/launch/empty_world.launch.py
[4.026s] -- Up-to-date: /home/adi/hum_rob_ws/install/four_dof/share/four_dof/meshes
[4.026s] -- Up-to-date: /home/adi/hum_rob_ws/install/four_dof/share/four_dof/meshes/draft1
[4.026s] -- Up-to-date: /home/adi/hum_rob_ws/install/four_dof/share/four_dof/meshes/draft1/right_front_knee_link.stl
[4.026s] -- Up-to-date: /home/adi/hum_rob_ws/install/four_dof/share/four_dof/meshes/draft1/right_front_thigh_link.stl
[4.026s] -- Up-to-date: /home/adi/hum_rob_ws/install/four_dof/share/four_dof/meshes/draft1/left_foot.stl
[4.026s] -- Up-to-date: /home/adi/hum_rob_ws/install/four_dof/share/four_dof/meshes/draft1/left_front_knee_link.stl
[4.026s] -- Up-to-date: /home/adi/hum_rob_ws/install/four_dof/share/four_dof/meshes/draft1/body_for_Sym.stl
[4.027s] -- Up-to-date: /home/adi/hum_rob_ws/install/four_dof/share/four_dof/meshes/draft1/right_foot.stl
[4.027s] -- Up-to-date: /home/adi/hum_rob_ws/install/four_dof/share/four_dof/meshes/draft2
[4.027s] -- Up-to-date: /home/adi/hum_rob_ws/install/four_dof/share/four_dof/meshes/draft2/right_front_knee_link.stl
[4.027s] -- Up-to-date: /home/adi/hum_rob_ws/install/four_dof/share/four_dof/meshes/draft2/left_front_thigh_link.stl
[4.027s] -- Up-to-date: /home/adi/hum_rob_ws/install/four_dof/share/four_dof/meshes/draft2/right_front_thigh_link.stl
[4.027s] -- Up-to-date: /home/adi/hum_rob_ws/install/four_dof/share/four_dof/meshes/draft2/left_foot.stl
[4.027s] -- Up-to-date: /home/adi/hum_rob_ws/install/four_dof/share/four_dof/meshes/draft2/left_front_knee_link.stl
[4.027s] -- Up-to-date: /home/adi/hum_rob_ws/install/four_dof/share/four_dof/meshes/draft2/body_for_Sym.stl
[4.027s] -- Up-to-date: /home/adi/hum_rob_ws/install/four_dof/share/four_dof/meshes/draft2/right_foot.stl
[4.027s] -- Installing: /home/adi/hum_rob_ws/install/four_dof/lib/four_dof/joint_state_pub_node
[4.031s] -- Set runtime path of "/home/adi/hum_rob_ws/install/four_dof/lib/four_dof/joint_state_pub_node" to ""
[4.031s] -- Up-to-date: /home/adi/hum_rob_ws/install/four_dof/share/ament_index/resource_index/package_run_dependencies/four_dof
[4.031s] -- Up-to-date: /home/adi/hum_rob_ws/install/four_dof/share/ament_index/resource_index/parent_prefix_path/four_dof
[4.031s] -- Up-to-date: /home/adi/hum_rob_ws/install/four_dof/share/four_dof/environment/ament_prefix_path.sh
[4.031s] -- Up-to-date: /home/adi/hum_rob_ws/install/four_dof/share/four_dof/environment/ament_prefix_path.dsv
[4.031s] -- Up-to-date: /home/adi/hum_rob_ws/install/four_dof/share/four_dof/environment/path.sh
[4.031s] -- Up-to-date: /home/adi/hum_rob_ws/install/four_dof/share/four_dof/environment/path.dsv
[4.031s] -- Up-to-date: /home/adi/hum_rob_ws/install/four_dof/share/four_dof/local_setup.bash
[4.031s] -- Up-to-date: /home/adi/hum_rob_ws/install/four_dof/share/four_dof/local_setup.sh
[4.032s] -- Up-to-date: /home/adi/hum_rob_ws/install/four_dof/share/four_dof/local_setup.zsh
[4.032s] -- Up-to-date: /home/adi/hum_rob_ws/install/four_dof/share/four_dof/local_setup.dsv
[4.032s] -- Installing: /home/adi/hum_rob_ws/install/four_dof/share/four_dof/package.dsv
[4.032s] -- Up-to-date: /home/adi/hum_rob_ws/install/four_dof/share/ament_index/resource_index/packages/four_dof
[4.032s] -- Up-to-date: /home/adi/hum_rob_ws/install/four_dof/share/four_dof/cmake/four_dofConfig.cmake
[4.032s] -- Up-to-date: /home/adi/hum_rob_ws/install/four_dof/share/four_dof/cmake/four_dofConfig-version.cmake
[4.032s] -- Up-to-date: /home/adi/hum_rob_ws/install/four_dof/share/four_dof/package.xml
[4.037s] Invoked command in '/home/adi/hum_rob_ws/build/four_dof' returned '0': CMAKE_PREFIX_PATH=${CMAKE_PREFIX_PATH}:/opt/ros/humble /usr/bin/cmake --install /home/adi/hum_rob_ws/build/four_dof
